#! /c/Source/iverilog-install/bin/vvp
:ivl_version "12.0 (devel)" "(s20150603-1539-g2693dd32b)";
:ivl_delay_selection "TYPICAL";
:vpi_time_precision - 10;
:vpi_module "F:\iverilog\lib\ivl\system.vpi";
:vpi_module "F:\iverilog\lib\ivl\vhdl_sys.vpi";
:vpi_module "F:\iverilog\lib\ivl\vhdl_textio.vpi";
:vpi_module "F:\iverilog\lib\ivl\v2005_math.vpi";
:vpi_module "F:\iverilog\lib\ivl\va_math.vpi";
S_000001894f684c90 .scope module, "control_unit" "control_unit" 2 5;
 .timescale -9 -10;
    .port_info 0 /INPUT 7 "opcode";
    .port_info 1 /INPUT 3 "funct3";
    .port_info 2 /INPUT 7 "funct7";
    .port_info 3 /OUTPUT 5 "alu_op";
    .port_info 4 /OUTPUT 1 "reg_write_en";
    .port_info 5 /OUTPUT 3 "mem_write";
    .port_info 6 /OUTPUT 4 "mem_read";
    .port_info 7 /OUTPUT 3 "branch_jump";
    .port_info 8 /OUTPUT 4 "imm_sel";
    .port_info 9 /OUTPUT 1 "data1_alu_sel";
    .port_info 10 /OUTPUT 1 "data2_alu_sel";
    .port_info 11 /OUTPUT 2 "wb_sel";
    .port_info 12 /INPUT 1 "reset";
L_000001894f6b1c90 .functor OR 1, L_000001894f719530, L_000001894f7195d0, C4<0>, C4<0>;
L_000001894f6b2390 .functor OR 1, L_000001894f6b1c90, L_000001894f71a250, C4<0>, C4<0>;
L_000001894f6b2400 .functor OR 1, L_000001894f6b2390, L_000001894f718c70, C4<0>, C4<0>;
L_000001894f6b2080/d .functor OR 1, L_000001894f6b2400, L_000001894f719d50, C4<0>, C4<0>;
L_000001894f6b2080 .delay 1 (30,30,30) L_000001894f6b2080/d;
L_000001894f6b1ec0 .functor OR 1, L_000001894f719670, L_000001894f718ef0, C4<0>, C4<0>;
L_000001894f6b19f0 .functor OR 1, L_000001894f6b1ec0, L_000001894f71a390, C4<0>, C4<0>;
L_000001894f6b2550/d .functor OR 1, L_000001894f6b19f0, L_000001894f7198f0, C4<0>, C4<0>;
L_000001894f6b2550 .delay 1 (30,30,30) L_000001894f6b2550/d;
L_000001894f6b21d0/d .functor OR 1, L_000001894f719ad0, L_000001894f719b70, C4<0>, C4<0>;
L_000001894f6b21d0 .delay 1 (30,30,30) L_000001894f6b21d0/d;
L_000001894f6b1bb0 .functor OR 1, L_000001894f71a110, L_000001894f7190d0, C4<0>, C4<0>;
L_000001894f6b2240 .functor OR 1, L_000001894f6b1bb0, L_000001894f718f90, C4<0>, C4<0>;
L_000001894f6b25c0/d .functor NOT 1, L_000001894f6b2240, C4<0>, C4<0>, C4<0>;
L_000001894f6b25c0 .delay 1 (30,30,30) L_000001894f6b25c0/d;
o000001894f6b8178 .functor BUFZ 3, C4<zzz>; HiZ drive
L_000001894f6b2630/d .functor BUFZ 3, o000001894f6b8178, C4<000>, C4<000>, C4<000>;
L_000001894f6b2630 .delay 3 (30,30,30) L_000001894f6b2630/d;
L_000001894f6b1d70 .functor OR 1, L_000001894f7184f0, L_000001894f7186d0, C4<0>, C4<0>;
L_000001894f6b2010 .functor OR 1, L_000001894f7193f0, L_000001894f718810, C4<0>, C4<0>;
L_000001894f6b1de0 .functor OR 1, L_000001894f6b2010, L_000001894f718950, C4<0>, C4<0>;
L_000001894f6b1e50 .functor OR 1, L_000001894f6b1de0, L_000001894f719710, C4<0>, C4<0>;
L_000001894f6b1f30 .functor OR 1, L_000001894f6b1e50, L_000001894f719c10, C4<0>, C4<0>;
L_000001894f6b1b40 .functor OR 1, L_000001894f6b1f30, L_000001894f719f30, C4<0>, C4<0>;
L_000001894f6b1a60/d .functor OR 1, L_000001894f6b1b40, L_000001894f7189f0, C4<0>, C4<0>;
L_000001894f6b1a60 .delay 1 (30,30,30) L_000001894f6b1a60/d;
L_000001894f6b2470 .functor OR 1, L_000001894f72c560, L_000001894f72be80, C4<0>, C4<0>;
L_000001894f6b24e0 .functor OR 1, L_000001894f6b2470, L_000001894f72bac0, C4<0>, C4<0>;
L_000001894f6b20f0/d .functor OR 1, L_000001894f6b24e0, L_000001894f72bb60, C4<0>, C4<0>;
L_000001894f6b20f0 .delay 1 (30,30,30) L_000001894f6b20f0/d;
L_000001894f6b22b0 .functor OR 1, L_000001894f72ce20, L_000001894f72c880, C4<0>, C4<0>;
L_000001894f6b2160 .functor OR 1, L_000001894f6b22b0, L_000001894f72ca60, C4<0>, C4<0>;
L_000001894f6b2320 .functor OR 1, L_000001894f6b2160, L_000001894f72d280, C4<0>, C4<0>;
L_000001894f6b26a0 .functor OR 1, L_000001894f6b2320, L_000001894f72c060, C4<0>, C4<0>;
L_000001894f6b2710 .functor OR 1, L_000001894f6b26a0, L_000001894f72cec0, C4<0>, C4<0>;
L_000001894f6b1ad0 .functor OR 1, L_000001894f6b2710, L_000001894f72c380, C4<0>, C4<0>;
L_000001894f72f8f0/d .functor OR 1, L_000001894f6b1ad0, L_000001894f72c9c0, C4<0>, C4<0>;
L_000001894f72f8f0 .delay 1 (30,30,30) L_000001894f72f8f0/d;
L_000001894f72f650 .functor NOT 1, L_000001894f72c2e0, C4<0>, C4<0>, C4<0>;
L_000001894f72efc0 .functor NOT 1, L_000001894f72cf60, C4<0>, C4<0>, C4<0>;
L_000001894f72f6c0/d .functor AND 1, L_000001894f72f650, L_000001894f72efc0, C4<1>, C4<1>;
L_000001894f72f6c0 .delay 1 (30,30,30) L_000001894f72f6c0/d;
L_000001894f72f500 .functor OR 1, L_000001894f72bc00, L_000001894f72bca0, C4<0>, C4<0>;
L_000001894f72f110/d .functor OR 1, L_000001894f72f500, L_000001894f72bd40, C4<0>, C4<0>;
L_000001894f72f110 .delay 1 (30,30,30) L_000001894f72f110/d;
L_000001894f740088 .functor BUFT 1, C4<0010111>, C4<0>, C4<0>, C4<0>;
v000001894f6acec0_0 .net/2u *"_ivl_0", 6 0, L_000001894f740088;  1 drivers
L_000001894f740118 .functor BUFT 1, C4<0100011>, C4<0>, C4<0>, C4<0>;
v000001894f6ac9c0_0 .net/2u *"_ivl_10", 6 0, L_000001894f740118;  1 drivers
v000001894f6ad280_0 .net *"_ivl_105", 1 0, L_000001894f719210;  1 drivers
L_000001894f740550 .functor BUFT 1, C4<0000011>, C4<0>, C4<0>, C4<0>;
v000001894f6ac6a0_0 .net/2u *"_ivl_108", 6 0, L_000001894f740550;  1 drivers
v000001894f6ad320_0 .net *"_ivl_110", 0 0, L_000001894f719e90;  1 drivers
v000001894f6ad3c0_0 .net *"_ivl_116", 2 0, L_000001894f6b2630;  1 drivers
L_000001894f740598 .functor BUFT 1, C4<1100111>, C4<0>, C4<0>, C4<0>;
v000001894f6ad500_0 .net/2u *"_ivl_117", 6 0, L_000001894f740598;  1 drivers
v000001894f6ac740_0 .net *"_ivl_119", 0 0, L_000001894f7184f0;  1 drivers
v000001894f6ac4c0_0 .net *"_ivl_12", 0 0, L_000001894f71a250;  1 drivers
L_000001894f7405e0 .functor BUFT 1, C4<1101111>, C4<0>, C4<0>, C4<0>;
v000001894f6abd40_0 .net/2u *"_ivl_121", 6 0, L_000001894f7405e0;  1 drivers
v000001894f6ad5a0_0 .net *"_ivl_123", 0 0, L_000001894f7186d0;  1 drivers
v000001894f6ab8e0_0 .net *"_ivl_126", 0 0, L_000001894f6b1d70;  1 drivers
L_000001894f740628 .functor BUFT 1, C4<010>, C4<0>, C4<0>, C4<0>;
v000001894f6ac560_0 .net/2u *"_ivl_127", 2 0, L_000001894f740628;  1 drivers
v000001894f6ac920_0 .net *"_ivl_133", 9 0, L_000001894f719fd0;  1 drivers
L_000001894f740670 .functor BUFT 1, C4<0000011100>, C4<0>, C4<0>, C4<0>;
v000001894f6ab980_0 .net/2u *"_ivl_135", 9 0, L_000001894f740670;  1 drivers
v000001894f6acc40_0 .net *"_ivl_137", 0 0, L_000001894f7193f0;  1 drivers
v000001894f6ac060_0 .net *"_ivl_139", 9 0, L_000001894f719350;  1 drivers
v000001894f6abde0_0 .net *"_ivl_14", 0 0, L_000001894f6b2390;  1 drivers
L_000001894f7406b8 .functor BUFT 1, C4<0000011101>, C4<0>, C4<0>, C4<0>;
v000001894f6ac100_0 .net/2u *"_ivl_141", 9 0, L_000001894f7406b8;  1 drivers
v000001894f6abe80_0 .net *"_ivl_143", 0 0, L_000001894f718810;  1 drivers
v000001894f6ac1a0_0 .net *"_ivl_145", 0 0, L_000001894f6b2010;  1 drivers
v000001894f6ac240_0 .net *"_ivl_147", 9 0, L_000001894f719490;  1 drivers
L_000001894f740700 .functor BUFT 1, C4<0010011011>, C4<0>, C4<0>, C4<0>;
v000001894f6ac2e0_0 .net/2u *"_ivl_149", 9 0, L_000001894f740700;  1 drivers
v000001894f7125d0_0 .net *"_ivl_151", 0 0, L_000001894f718950;  1 drivers
v000001894f712490_0 .net *"_ivl_153", 0 0, L_000001894f6b1de0;  1 drivers
v000001894f711d10_0 .net *"_ivl_155", 16 0, L_000001894f718d10;  1 drivers
L_000001894f740748 .functor BUFT 1, C4<01100110110000000>, C4<0>, C4<0>, C4<0>;
v000001894f7128f0_0 .net/2u *"_ivl_157", 16 0, L_000001894f740748;  1 drivers
v000001894f711bd0_0 .net *"_ivl_159", 0 0, L_000001894f719710;  1 drivers
L_000001894f740160 .functor BUFT 1, C4<0000011>, C4<0>, C4<0>, C4<0>;
v000001894f712670_0 .net/2u *"_ivl_16", 6 0, L_000001894f740160;  1 drivers
v000001894f712990_0 .net *"_ivl_161", 0 0, L_000001894f6b1e50;  1 drivers
v000001894f711a90_0 .net *"_ivl_163", 16 0, L_000001894f718db0;  1 drivers
L_000001894f740790 .functor BUFT 1, C4<01100110100000001>, C4<0>, C4<0>, C4<0>;
v000001894f712030_0 .net/2u *"_ivl_165", 16 0, L_000001894f740790;  1 drivers
v000001894f712e90_0 .net *"_ivl_167", 0 0, L_000001894f719c10;  1 drivers
v000001894f711c70_0 .net *"_ivl_169", 0 0, L_000001894f6b1f30;  1 drivers
v000001894f712850_0 .net *"_ivl_171", 16 0, L_000001894f719df0;  1 drivers
L_000001894f7407d8 .functor BUFT 1, C4<01100110110000001>, C4<0>, C4<0>, C4<0>;
v000001894f711770_0 .net/2u *"_ivl_173", 16 0, L_000001894f7407d8;  1 drivers
v000001894f712f30_0 .net *"_ivl_175", 0 0, L_000001894f719f30;  1 drivers
v000001894f711310_0 .net *"_ivl_177", 0 0, L_000001894f6b1b40;  1 drivers
v000001894f711090_0 .net *"_ivl_179", 16 0, L_000001894f71a070;  1 drivers
v000001894f712df0_0 .net *"_ivl_18", 0 0, L_000001894f718c70;  1 drivers
L_000001894f740820 .functor BUFT 1, C4<01100111110000001>, C4<0>, C4<0>, C4<0>;
v000001894f7113b0_0 .net/2u *"_ivl_181", 16 0, L_000001894f740820;  1 drivers
v000001894f711ef0_0 .net *"_ivl_183", 0 0, L_000001894f7189f0;  1 drivers
v000001894f711450_0 .net *"_ivl_185", 0 0, L_000001894f6b1a60;  1 drivers
L_000001894f740868 .functor BUFT 1, C4<0000011>, C4<0>, C4<0>, C4<0>;
v000001894f712a30_0 .net/2u *"_ivl_190", 6 0, L_000001894f740868;  1 drivers
v000001894f711810_0 .net *"_ivl_192", 0 0, L_000001894f718e50;  1 drivers
L_000001894f7408b0 .functor BUFT 1, C4<010>, C4<0>, C4<0>, C4<0>;
v000001894f711db0_0 .net/2u *"_ivl_194", 2 0, L_000001894f7408b0;  1 drivers
L_000001894f7408f8 .functor BUFT 1, C4<0010111>, C4<0>, C4<0>, C4<0>;
v000001894f711b30_0 .net/2u *"_ivl_196", 6 0, L_000001894f7408f8;  1 drivers
v000001894f712710_0 .net *"_ivl_198", 0 0, L_000001894f72b660;  1 drivers
v000001894f712ad0_0 .net *"_ivl_2", 0 0, L_000001894f719530;  1 drivers
v000001894f7127b0_0 .net *"_ivl_20", 0 0, L_000001894f6b2400;  1 drivers
L_000001894f740940 .functor BUFT 1, C4<000>, C4<0>, C4<0>, C4<0>;
v000001894f711130_0 .net/2u *"_ivl_200", 2 0, L_000001894f740940;  1 drivers
L_000001894f740988 .functor BUFT 1, C4<0100011>, C4<0>, C4<0>, C4<0>;
v000001894f711e50_0 .net/2u *"_ivl_202", 6 0, L_000001894f740988;  1 drivers
v000001894f7111d0_0 .net *"_ivl_204", 0 0, L_000001894f72cc40;  1 drivers
L_000001894f7409d0 .functor BUFT 1, C4<100>, C4<0>, C4<0>, C4<0>;
v000001894f711270_0 .net/2u *"_ivl_206", 2 0, L_000001894f7409d0;  1 drivers
L_000001894f740a18 .functor BUFT 1, C4<0110111>, C4<0>, C4<0>, C4<0>;
v000001894f712b70_0 .net/2u *"_ivl_208", 6 0, L_000001894f740a18;  1 drivers
v000001894f712210_0 .net *"_ivl_210", 0 0, L_000001894f72c4c0;  1 drivers
L_000001894f740a60 .functor BUFT 1, C4<000>, C4<0>, C4<0>, C4<0>;
v000001894f7114f0_0 .net/2u *"_ivl_212", 2 0, L_000001894f740a60;  1 drivers
L_000001894f740aa8 .functor BUFT 1, C4<1101111>, C4<0>, C4<0>, C4<0>;
v000001894f7120d0_0 .net/2u *"_ivl_214", 6 0, L_000001894f740aa8;  1 drivers
v000001894f7118b0_0 .net *"_ivl_216", 0 0, L_000001894f72d1e0;  1 drivers
L_000001894f740af0 .functor BUFT 1, C4<001>, C4<0>, C4<0>, C4<0>;
v000001894f712d50_0 .net/2u *"_ivl_218", 2 0, L_000001894f740af0;  1 drivers
L_000001894f7401a8 .functor BUFT 1, C4<1100011>, C4<0>, C4<0>, C4<0>;
v000001894f711590_0 .net/2u *"_ivl_22", 6 0, L_000001894f7401a8;  1 drivers
L_000001894f740b38 .functor BUFT 1, C4<1100111>, C4<0>, C4<0>, C4<0>;
v000001894f712c10_0 .net/2u *"_ivl_220", 6 0, L_000001894f740b38;  1 drivers
v000001894f711f90_0 .net *"_ivl_222", 0 0, L_000001894f72bfc0;  1 drivers
L_000001894f740b80 .functor BUFT 1, C4<010>, C4<0>, C4<0>, C4<0>;
v000001894f712cb0_0 .net/2u *"_ivl_224", 2 0, L_000001894f740b80;  1 drivers
L_000001894f740bc8 .functor BUFT 1, C4<1100011>, C4<0>, C4<0>, C4<0>;
v000001894f711630_0 .net/2u *"_ivl_226", 6 0, L_000001894f740bc8;  1 drivers
v000001894f7116d0_0 .net *"_ivl_228", 0 0, L_000001894f72b7a0;  1 drivers
L_000001894f740c10 .functor BUFT 1, C4<011>, C4<0>, C4<0>, C4<0>;
v000001894f711950_0 .net/2u *"_ivl_230", 2 0, L_000001894f740c10;  1 drivers
v000001894f7119f0_0 .net *"_ivl_232", 9 0, L_000001894f72ba20;  1 drivers
L_000001894f740c58 .functor BUFT 1, C4<0010011x01>, C4<0>, C4<0>, C4<0>;
v000001894f712170_0 .net *"_ivl_234", 9 0, L_000001894f740c58;  1 drivers
v000001894f7122b0_0 .net *"_ivl_236", 0 0, L_000001894f72b840;  1 drivers
L_000001894f740ca0 .functor BUFT 1, C4<101>, C4<0>, C4<0>, C4<0>;
v000001894f712350_0 .net/2u *"_ivl_238", 2 0, L_000001894f740ca0;  1 drivers
v000001894f7123f0_0 .net *"_ivl_24", 0 0, L_000001894f719d50;  1 drivers
L_000001894f740ce8 .functor BUFT 1, C4<0010011>, C4<0>, C4<0>, C4<0>;
v000001894f712530_0 .net/2u *"_ivl_240", 6 0, L_000001894f740ce8;  1 drivers
v000001894f713c30_0 .net *"_ivl_242", 0 0, L_000001894f72cce0;  1 drivers
L_000001894f740d30 .functor BUFT 1, C4<010>, C4<0>, C4<0>, C4<0>;
v000001894f714e50_0 .net/2u *"_ivl_244", 2 0, L_000001894f740d30;  1 drivers
L_000001894f740d78 .functor BUFT 1, C4<xxx>, C4<0>, C4<0>, C4<0>;
v000001894f714810_0 .net *"_ivl_246", 2 0, L_000001894f740d78;  1 drivers
v000001894f714090_0 .net *"_ivl_248", 2 0, L_000001894f72b980;  1 drivers
v000001894f714450_0 .net *"_ivl_250", 2 0, L_000001894f72b700;  1 drivers
v000001894f714bd0_0 .net *"_ivl_252", 2 0, L_000001894f72c6a0;  1 drivers
v000001894f7141d0_0 .net *"_ivl_254", 2 0, L_000001894f72d320;  1 drivers
v000001894f713e10_0 .net *"_ivl_256", 2 0, L_000001894f72bf20;  1 drivers
v000001894f7146d0_0 .net *"_ivl_258", 2 0, L_000001894f72d3c0;  1 drivers
v000001894f7135f0_0 .net *"_ivl_260", 2 0, L_000001894f72cd80;  1 drivers
v000001894f715170_0 .net *"_ivl_262", 2 0, L_000001894f72b520;  1 drivers
v000001894f714770_0 .net *"_ivl_264", 2 0, L_000001894f72b8e0;  1 drivers
L_000001894f740dc0 .functor BUFT 1, C4<0010111>, C4<0>, C4<0>, C4<0>;
v000001894f714f90_0 .net/2u *"_ivl_266", 6 0, L_000001894f740dc0;  1 drivers
v000001894f713cd0_0 .net *"_ivl_268", 0 0, L_000001894f72c560;  1 drivers
L_000001894f740e08 .functor BUFT 1, C4<1101111>, C4<0>, C4<0>, C4<0>;
v000001894f7152b0_0 .net/2u *"_ivl_270", 6 0, L_000001894f740e08;  1 drivers
v000001894f7148b0_0 .net *"_ivl_272", 0 0, L_000001894f72be80;  1 drivers
v000001894f715210_0 .net *"_ivl_274", 0 0, L_000001894f6b2470;  1 drivers
L_000001894f740e50 .functor BUFT 1, C4<1100111>, C4<0>, C4<0>, C4<0>;
v000001894f714130_0 .net/2u *"_ivl_276", 6 0, L_000001894f740e50;  1 drivers
v000001894f714ef0_0 .net *"_ivl_278", 0 0, L_000001894f72bac0;  1 drivers
v000001894f7137d0_0 .net *"_ivl_280", 0 0, L_000001894f6b24e0;  1 drivers
L_000001894f740e98 .functor BUFT 1, C4<1100011>, C4<0>, C4<0>, C4<0>;
v000001894f715030_0 .net/2u *"_ivl_282", 6 0, L_000001894f740e98;  1 drivers
v000001894f713d70_0 .net *"_ivl_284", 0 0, L_000001894f72bb60;  1 drivers
L_000001894f740ee0 .functor BUFT 1, C4<0000011>, C4<0>, C4<0>, C4<0>;
v000001894f714950_0 .net/2u *"_ivl_288", 6 0, L_000001894f740ee0;  1 drivers
v000001894f714270_0 .net *"_ivl_290", 0 0, L_000001894f72ce20;  1 drivers
L_000001894f740f28 .functor BUFT 1, C4<0010011>, C4<0>, C4<0>, C4<0>;
v000001894f715350_0 .net/2u *"_ivl_292", 6 0, L_000001894f740f28;  1 drivers
v000001894f714d10_0 .net *"_ivl_294", 0 0, L_000001894f72c880;  1 drivers
v000001894f714c70_0 .net *"_ivl_296", 0 0, L_000001894f6b22b0;  1 drivers
L_000001894f740f70 .functor BUFT 1, C4<0010111>, C4<0>, C4<0>, C4<0>;
v000001894f713b90_0 .net/2u *"_ivl_298", 6 0, L_000001894f740f70;  1 drivers
v000001894f7134b0_0 .net *"_ivl_300", 0 0, L_000001894f72ca60;  1 drivers
v000001894f713870_0 .net *"_ivl_302", 0 0, L_000001894f6b2160;  1 drivers
L_000001894f740fb8 .functor BUFT 1, C4<0100011>, C4<0>, C4<0>, C4<0>;
v000001894f713550_0 .net/2u *"_ivl_304", 6 0, L_000001894f740fb8;  1 drivers
v000001894f713690_0 .net *"_ivl_306", 0 0, L_000001894f72d280;  1 drivers
v000001894f7139b0_0 .net *"_ivl_308", 0 0, L_000001894f6b2320;  1 drivers
L_000001894f741000 .functor BUFT 1, C4<0110111>, C4<0>, C4<0>, C4<0>;
v000001894f7144f0_0 .net/2u *"_ivl_310", 6 0, L_000001894f741000;  1 drivers
v000001894f7150d0_0 .net *"_ivl_312", 0 0, L_000001894f72c060;  1 drivers
v000001894f7149f0_0 .net *"_ivl_314", 0 0, L_000001894f6b26a0;  1 drivers
L_000001894f741048 .functor BUFT 1, C4<1100111>, C4<0>, C4<0>, C4<0>;
v000001894f713eb0_0 .net/2u *"_ivl_316", 6 0, L_000001894f741048;  1 drivers
v000001894f714590_0 .net *"_ivl_318", 0 0, L_000001894f72cec0;  1 drivers
v000001894f713730_0 .net *"_ivl_320", 0 0, L_000001894f6b2710;  1 drivers
L_000001894f741090 .functor BUFT 1, C4<1101111>, C4<0>, C4<0>, C4<0>;
v000001894f714310_0 .net/2u *"_ivl_322", 6 0, L_000001894f741090;  1 drivers
v000001894f7143b0_0 .net *"_ivl_324", 0 0, L_000001894f72c380;  1 drivers
v000001894f714630_0 .net *"_ivl_326", 0 0, L_000001894f6b1ad0;  1 drivers
L_000001894f7410d8 .functor BUFT 1, C4<1100011>, C4<0>, C4<0>, C4<0>;
v000001894f714a90_0 .net/2u *"_ivl_328", 6 0, L_000001894f7410d8;  1 drivers
v000001894f713910_0 .net *"_ivl_330", 0 0, L_000001894f72c9c0;  1 drivers
L_000001894f741120 .functor BUFT 1, C4<0000011>, C4<0>, C4<0>, C4<0>;
v000001894f714db0_0 .net/2u *"_ivl_336", 6 0, L_000001894f741120;  1 drivers
v000001894f714b30_0 .net *"_ivl_338", 0 0, L_000001894f72c2e0;  1 drivers
v000001894f713a50_0 .net *"_ivl_34", 16 0, L_000001894f71a2f0;  1 drivers
v000001894f713af0_0 .net *"_ivl_340", 0 0, L_000001894f72f650;  1 drivers
L_000001894f741168 .functor BUFT 1, C4<0110111>, C4<0>, C4<0>, C4<0>;
v000001894f713f50_0 .net/2u *"_ivl_342", 6 0, L_000001894f741168;  1 drivers
v000001894f713ff0_0 .net *"_ivl_344", 0 0, L_000001894f72cf60;  1 drivers
v000001894f7172c0_0 .net *"_ivl_346", 0 0, L_000001894f72efc0;  1 drivers
v000001894f715ec0_0 .net *"_ivl_348", 0 0, L_000001894f72f6c0;  1 drivers
L_000001894f7411b0 .functor BUFT 1, C4<0110111>, C4<0>, C4<0>, C4<0>;
v000001894f717360_0 .net/2u *"_ivl_353", 6 0, L_000001894f7411b0;  1 drivers
v000001894f716b40_0 .net *"_ivl_355", 0 0, L_000001894f72bc00;  1 drivers
L_000001894f7411f8 .functor BUFT 1, C4<1101111>, C4<0>, C4<0>, C4<0>;
v000001894f715ba0_0 .net/2u *"_ivl_357", 6 0, L_000001894f7411f8;  1 drivers
v000001894f715f60_0 .net *"_ivl_359", 0 0, L_000001894f72bca0;  1 drivers
L_000001894f740280 .functor BUFT 1, C4<00100111010100000>, C4<0>, C4<0>, C4<0>;
v000001894f716be0_0 .net/2u *"_ivl_36", 16 0, L_000001894f740280;  1 drivers
v000001894f716000_0 .net *"_ivl_361", 0 0, L_000001894f72f500;  1 drivers
L_000001894f741240 .functor BUFT 1, C4<1100111>, C4<0>, C4<0>, C4<0>;
v000001894f7160a0_0 .net/2u *"_ivl_363", 6 0, L_000001894f741240;  1 drivers
v000001894f715d80_0 .net *"_ivl_365", 0 0, L_000001894f72bd40;  1 drivers
v000001894f716c80_0 .net *"_ivl_367", 0 0, L_000001894f72f110;  1 drivers
v000001894f716780_0 .net *"_ivl_38", 0 0, L_000001894f719670;  1 drivers
L_000001894f7400d0 .functor BUFT 1, C4<1101111>, C4<0>, C4<0>, C4<0>;
v000001894f716140_0 .net/2u *"_ivl_4", 6 0, L_000001894f7400d0;  1 drivers
v000001894f715880_0 .net *"_ivl_40", 16 0, L_000001894f719030;  1 drivers
L_000001894f7402c8 .functor BUFT 1, C4<01100110000100000>, C4<0>, C4<0>, C4<0>;
v000001894f7156a0_0 .net/2u *"_ivl_42", 16 0, L_000001894f7402c8;  1 drivers
v000001894f715e20_0 .net *"_ivl_44", 0 0, L_000001894f718ef0;  1 drivers
v000001894f7161e0_0 .net *"_ivl_46", 0 0, L_000001894f6b1ec0;  1 drivers
v000001894f715600_0 .net *"_ivl_48", 16 0, L_000001894f719cb0;  1 drivers
L_000001894f740310 .functor BUFT 1, C4<01100111010100000>, C4<0>, C4<0>, C4<0>;
v000001894f716280_0 .net/2u *"_ivl_50", 16 0, L_000001894f740310;  1 drivers
v000001894f716640_0 .net *"_ivl_52", 0 0, L_000001894f71a390;  1 drivers
v000001894f7154c0_0 .net *"_ivl_54", 0 0, L_000001894f6b19f0;  1 drivers
L_000001894f740358 .functor BUFT 1, C4<0110111>, C4<0>, C4<0>, C4<0>;
v000001894f716320_0 .net/2u *"_ivl_56", 6 0, L_000001894f740358;  1 drivers
v000001894f7163c0_0 .net *"_ivl_58", 0 0, L_000001894f7198f0;  1 drivers
v000001894f716e60_0 .net *"_ivl_6", 0 0, L_000001894f7195d0;  1 drivers
v000001894f716460_0 .net *"_ivl_60", 0 0, L_000001894f6b2550;  1 drivers
v000001894f7166e0_0 .net *"_ivl_65", 13 0, L_000001894f719170;  1 drivers
L_000001894f7403a0 .functor BUFT 1, C4<01100110000001>, C4<0>, C4<0>, C4<0>;
v000001894f715560_0 .net/2u *"_ivl_67", 13 0, L_000001894f7403a0;  1 drivers
v000001894f716a00_0 .net *"_ivl_69", 0 0, L_000001894f719ad0;  1 drivers
L_000001894f7403e8 .functor BUFT 1, C4<0110111>, C4<0>, C4<0>, C4<0>;
v000001894f715c40_0 .net/2u *"_ivl_71", 6 0, L_000001894f7403e8;  1 drivers
v000001894f715740_0 .net *"_ivl_73", 0 0, L_000001894f719b70;  1 drivers
v000001894f716d20_0 .net *"_ivl_75", 0 0, L_000001894f6b21d0;  1 drivers
L_000001894f740430 .functor BUFT 1, C4<0100011>, C4<0>, C4<0>, C4<0>;
v000001894f7157e0_0 .net/2u *"_ivl_77", 6 0, L_000001894f740430;  1 drivers
v000001894f717040_0 .net *"_ivl_79", 0 0, L_000001894f71a110;  1 drivers
v000001894f716dc0_0 .net *"_ivl_8", 0 0, L_000001894f6b1c90;  1 drivers
L_000001894f740478 .functor BUFT 1, C4<1100011>, C4<0>, C4<0>, C4<0>;
v000001894f716820_0 .net/2u *"_ivl_81", 6 0, L_000001894f740478;  1 drivers
v000001894f716500_0 .net *"_ivl_83", 0 0, L_000001894f7190d0;  1 drivers
v000001894f7165a0_0 .net *"_ivl_85", 0 0, L_000001894f6b1bb0;  1 drivers
L_000001894f7404c0 .functor BUFT 1, C4<0000000>, C4<0>, C4<0>, C4<0>;
v000001894f7168c0_0 .net/2u *"_ivl_87", 6 0, L_000001894f7404c0;  1 drivers
v000001894f716960_0 .net *"_ivl_89", 0 0, L_000001894f718f90;  1 drivers
v000001894f7170e0_0 .net *"_ivl_91", 0 0, L_000001894f6b2240;  1 drivers
L_000001894f740508 .functor BUFT 1, C4<0100011>, C4<0>, C4<0>, C4<0>;
v000001894f716f00_0 .net/2u *"_ivl_97", 6 0, L_000001894f740508;  1 drivers
v000001894f715920_0 .net *"_ivl_99", 0 0, L_000001894f718630;  1 drivers
v000001894f716aa0_0 .net "alu_op", 4 0, L_000001894f718b30;  1 drivers
v000001894f715ce0_0 .net "branch_jump", 2 0, L_000001894f718770;  1 drivers
v000001894f716fa0_0 .net "data1_alu_sel", 0 0, L_000001894f6b20f0;  1 drivers
v000001894f717180_0 .net "data2_alu_sel", 0 0, L_000001894f72f8f0;  1 drivers
v000001894f717220_0 .net "funct3", 2 0, o000001894f6b8178;  0 drivers
v000001894f7159c0_0 .net "funct3_mux_select", 0 0, L_000001894f6b2080;  1 drivers
o000001894f6ba2a8 .functor BUFZ 7, C4<zzzzzzz>; HiZ drive
v000001894f715a60_0 .net "funct7", 6 0, o000001894f6ba2a8;  0 drivers
v000001894f715b00_0 .net "imm_sel", 3 0, L_000001894f718a90;  1 drivers
v000001894f718590_0 .net "mem_read", 3 0, L_000001894f7192b0;  1 drivers
v000001894f7197b0_0 .net "mem_write", 2 0, L_000001894f7188b0;  1 drivers
o000001894f6ba368 .functor BUFZ 7, C4<zzzzzzz>; HiZ drive
v000001894f71a1b0_0 .net "opcode", 6 0, o000001894f6ba368;  0 drivers
v000001894f718bd0_0 .net "reg_write_en", 0 0, L_000001894f6b25c0;  1 drivers
o000001894f6ba3c8 .functor BUFZ 1, C4<z>; HiZ drive
v000001894f719990_0 .net "reset", 0 0, o000001894f6ba3c8;  0 drivers
v000001894f719a30_0 .net "wb_sel", 1 0, L_000001894f72b5c0;  1 drivers
L_000001894f719530 .cmp/eq 7, o000001894f6ba368, L_000001894f740088;
L_000001894f7195d0 .cmp/eq 7, o000001894f6ba368, L_000001894f7400d0;
L_000001894f71a250 .cmp/eq 7, o000001894f6ba368, L_000001894f740118;
L_000001894f718c70 .cmp/eq 7, o000001894f6ba368, L_000001894f740160;
L_000001894f719d50 .cmp/eq 7, o000001894f6ba368, L_000001894f7401a8;
L_000001894f71a2f0 .concat [ 7 3 7 0], o000001894f6ba2a8, o000001894f6b8178, o000001894f6ba368;
L_000001894f719670 .cmp/eq 17, L_000001894f71a2f0, L_000001894f740280;
L_000001894f719030 .concat [ 7 3 7 0], o000001894f6ba2a8, o000001894f6b8178, o000001894f6ba368;
L_000001894f718ef0 .cmp/eq 17, L_000001894f719030, L_000001894f7402c8;
L_000001894f719cb0 .concat [ 7 3 7 0], o000001894f6ba2a8, o000001894f6b8178, o000001894f6ba368;
L_000001894f71a390 .cmp/eq 17, L_000001894f719cb0, L_000001894f740310;
L_000001894f7198f0 .cmp/eq 7, o000001894f6ba368, L_000001894f740358;
L_000001894f718b30 .concat8 [ 3 1 1 0], L_000001894f719850, L_000001894f6b21d0, L_000001894f6b2550;
L_000001894f719170 .concat [ 7 7 0 0], o000001894f6ba2a8, o000001894f6ba368;
L_000001894f719ad0 .cmp/eq 14, L_000001894f719170, L_000001894f7403a0;
L_000001894f719b70 .cmp/eq 7, o000001894f6ba368, L_000001894f7403e8;
L_000001894f71a110 .cmp/eq 7, o000001894f6ba368, L_000001894f740430;
L_000001894f7190d0 .cmp/eq 7, o000001894f6ba368, L_000001894f740478;
L_000001894f718f90 .cmp/eq 7, o000001894f6ba368, L_000001894f7404c0;
L_000001894f718630 .delay 1 (30,30,30) L_000001894f718630/d;
L_000001894f718630/d .cmp/eq 7, o000001894f6ba368, L_000001894f740508;
L_000001894f7188b0 .concat8 [ 2 1 0 0], L_000001894f719210, L_000001894f718630;
L_000001894f719210 .delay 2 (30,30,30) L_000001894f719210/d;
L_000001894f719210/d .part o000001894f6b8178, 0, 2;
L_000001894f719e90 .delay 1 (30,30,30) L_000001894f719e90/d;
L_000001894f719e90/d .cmp/eq 7, o000001894f6ba368, L_000001894f740550;
L_000001894f7192b0 .concat8 [ 3 1 0 0], L_000001894f6b2630, L_000001894f719e90;
L_000001894f7184f0 .cmp/eq 7, o000001894f6ba368, L_000001894f740598;
L_000001894f7186d0 .cmp/eq 7, o000001894f6ba368, L_000001894f7405e0;
L_000001894f718770 .delay 3 (30,30,30) L_000001894f718770/d;
L_000001894f718770/d .functor MUXZ 3, o000001894f6b8178, L_000001894f740628, L_000001894f6b1d70, C4<>;
L_000001894f719fd0 .concat [ 3 7 0 0], o000001894f6b8178, o000001894f6ba368;
L_000001894f7193f0 .cmp/eq 10, L_000001894f719fd0, L_000001894f740670;
L_000001894f719350 .concat [ 3 7 0 0], o000001894f6b8178, o000001894f6ba368;
L_000001894f718810 .cmp/eq 10, L_000001894f719350, L_000001894f7406b8;
L_000001894f719490 .concat [ 3 7 0 0], o000001894f6b8178, o000001894f6ba368;
L_000001894f718950 .cmp/eq 10, L_000001894f719490, L_000001894f740700;
L_000001894f718d10 .concat [ 7 3 7 0], o000001894f6ba2a8, o000001894f6b8178, o000001894f6ba368;
L_000001894f719710 .cmp/eq 17, L_000001894f718d10, L_000001894f740748;
L_000001894f718db0 .concat [ 7 3 7 0], o000001894f6ba2a8, o000001894f6b8178, o000001894f6ba368;
L_000001894f719c10 .cmp/eq 17, L_000001894f718db0, L_000001894f740790;
L_000001894f719df0 .concat [ 7 3 7 0], o000001894f6ba2a8, o000001894f6b8178, o000001894f6ba368;
L_000001894f719f30 .cmp/eq 17, L_000001894f719df0, L_000001894f7407d8;
L_000001894f71a070 .concat [ 7 3 7 0], o000001894f6ba2a8, o000001894f6b8178, o000001894f6ba368;
L_000001894f7189f0 .cmp/eq 17, L_000001894f71a070, L_000001894f740820;
L_000001894f718a90 .concat8 [ 3 1 0 0], L_000001894f72b8e0, L_000001894f6b1a60;
L_000001894f718e50 .cmp/eq 7, o000001894f6ba368, L_000001894f740868;
L_000001894f72b660 .cmp/eq 7, o000001894f6ba368, L_000001894f7408f8;
L_000001894f72cc40 .cmp/eq 7, o000001894f6ba368, L_000001894f740988;
L_000001894f72c4c0 .cmp/eq 7, o000001894f6ba368, L_000001894f740a18;
L_000001894f72d1e0 .cmp/eq 7, o000001894f6ba368, L_000001894f740aa8;
L_000001894f72bfc0 .cmp/eq 7, o000001894f6ba368, L_000001894f740b38;
L_000001894f72b7a0 .cmp/eq 7, o000001894f6ba368, L_000001894f740bc8;
L_000001894f72ba20 .concat [ 3 7 0 0], o000001894f6b8178, o000001894f6ba368;
L_000001894f72b840 .cmp/eq 10, L_000001894f72ba20, L_000001894f740c58;
L_000001894f72cce0 .cmp/eq 7, o000001894f6ba368, L_000001894f740ce8;
L_000001894f72b980 .functor MUXZ 3, L_000001894f740d78, L_000001894f740d30, L_000001894f72cce0, C4<>;
L_000001894f72b700 .functor MUXZ 3, L_000001894f72b980, L_000001894f740ca0, L_000001894f72b840, C4<>;
L_000001894f72c6a0 .functor MUXZ 3, L_000001894f72b700, L_000001894f740c10, L_000001894f72b7a0, C4<>;
L_000001894f72d320 .functor MUXZ 3, L_000001894f72c6a0, L_000001894f740b80, L_000001894f72bfc0, C4<>;
L_000001894f72bf20 .functor MUXZ 3, L_000001894f72d320, L_000001894f740af0, L_000001894f72d1e0, C4<>;
L_000001894f72d3c0 .functor MUXZ 3, L_000001894f72bf20, L_000001894f740a60, L_000001894f72c4c0, C4<>;
L_000001894f72cd80 .functor MUXZ 3, L_000001894f72d3c0, L_000001894f7409d0, L_000001894f72cc40, C4<>;
L_000001894f72b520 .functor MUXZ 3, L_000001894f72cd80, L_000001894f740940, L_000001894f72b660, C4<>;
L_000001894f72b8e0 .delay 3 (30,30,30) L_000001894f72b8e0/d;
L_000001894f72b8e0/d .functor MUXZ 3, L_000001894f72b520, L_000001894f7408b0, L_000001894f718e50, C4<>;
L_000001894f72c560 .cmp/eq 7, o000001894f6ba368, L_000001894f740dc0;
L_000001894f72be80 .cmp/eq 7, o000001894f6ba368, L_000001894f740e08;
L_000001894f72bac0 .cmp/eq 7, o000001894f6ba368, L_000001894f740e50;
L_000001894f72bb60 .cmp/eq 7, o000001894f6ba368, L_000001894f740e98;
L_000001894f72ce20 .cmp/eq 7, o000001894f6ba368, L_000001894f740ee0;
L_000001894f72c880 .cmp/eq 7, o000001894f6ba368, L_000001894f740f28;
L_000001894f72ca60 .cmp/eq 7, o000001894f6ba368, L_000001894f740f70;
L_000001894f72d280 .cmp/eq 7, o000001894f6ba368, L_000001894f740fb8;
L_000001894f72c060 .cmp/eq 7, o000001894f6ba368, L_000001894f741000;
L_000001894f72cec0 .cmp/eq 7, o000001894f6ba368, L_000001894f741048;
L_000001894f72c380 .cmp/eq 7, o000001894f6ba368, L_000001894f741090;
L_000001894f72c9c0 .cmp/eq 7, o000001894f6ba368, L_000001894f7410d8;
L_000001894f72c2e0 .cmp/eq 7, o000001894f6ba368, L_000001894f741120;
L_000001894f72cf60 .cmp/eq 7, o000001894f6ba368, L_000001894f741168;
L_000001894f72b5c0 .concat8 [ 1 1 0 0], L_000001894f72f6c0, L_000001894f72f110;
L_000001894f72bc00 .cmp/eq 7, o000001894f6ba368, L_000001894f7411b0;
L_000001894f72bca0 .cmp/eq 7, o000001894f6ba368, L_000001894f7411f8;
L_000001894f72bd40 .cmp/eq 7, o000001894f6ba368, L_000001894f741240;
S_000001894f684e20 .scope module, "funct3_mux" "mux_3b_2to1" 2 26, 3 3 0, S_000001894f684c90;
 .timescale -9 -10;
    .port_info 0 /INPUT 3 "a";
    .port_info 1 /INPUT 3 "b";
    .port_info 2 /OUTPUT 3 "out";
    .port_info 3 /INPUT 1 "sel";
L_000001894f7401f0 .functor BUFT 1, C4<1>, C4<0>, C4<0>, C4<0>;
L_000001894f6b1c20 .functor XNOR 1, L_000001894f6b2080, L_000001894f7401f0, C4<0>, C4<0>;
v000001894f6ad1e0_0 .net/2u *"_ivl_0", 0 0, L_000001894f7401f0;  1 drivers
v000001894f6ac600_0 .net *"_ivl_2", 0 0, L_000001894f6b1c20;  1 drivers
v000001894f6ad780_0 .net "a", 2 0, o000001894f6b8178;  alias, 0 drivers
L_000001894f740238 .functor BUFT 1, C4<000>, C4<0>, C4<0>, C4<0>;
v000001894f6ad460_0 .net "b", 2 0, L_000001894f740238;  1 drivers
v000001894f6ad0a0_0 .net "out", 2 0, L_000001894f719850;  1 drivers
v000001894f6abfc0_0 .net "sel", 0 0, L_000001894f6b2080;  alias, 1 drivers
L_000001894f719850 .functor MUXZ 3, o000001894f6b8178, L_000001894f740238, L_000001894f6b1c20, C4<>;
# The file index is used to find the file name in the following table.
:file_names 4;
    "N/A";
    "<interactive>";
    ".\ID_stage\Control_unit\control_unit.v";
    "././utils/muxes/mux_3b_2to1.v";
