#! /c/Source/iverilog-install/bin/vvp
:ivl_version "12.0 (devel)" "(s20150603-1539-g2693dd32b)";
:ivl_delay_selection "TYPICAL";
:vpi_time_precision - 10;
:vpi_module "F:\iverilog\lib\ivl\system.vpi";
:vpi_module "F:\iverilog\lib\ivl\vhdl_sys.vpi";
:vpi_module "F:\iverilog\lib\ivl\vhdl_textio.vpi";
:vpi_module "F:\iverilog\lib\ivl\v2005_math.vpi";
:vpi_module "F:\iverilog\lib\ivl\va_math.vpi";
S_0000028c73744dd0 .scope module, "control_unit_tb" "control_unit_tb" 2 7;
 .timescale -9 -10;
v0000028c737e3200_0 .net "alu_op", 4 0, L_0000028c737e33e0;  1 drivers
v0000028c737e4420_0 .net "branch_jump", 2 0, L_0000028c737f7b90;  1 drivers
v0000028c737e42e0_0 .net "data1_alu_sel", 0 0, L_0000028c737817f0;  1 drivers
v0000028c737e3b60_0 .net "data2_alu_sel", 0 0, L_0000028c7384b100;  1 drivers
v0000028c737e4ec0_0 .var "funct3", 2 0;
v0000028c737e3160_0 .var "funct7", 6 0;
v0000028c737e3c00_0 .net "imm_sel", 3 0, L_0000028c737f7550;  1 drivers
v0000028c737e4a60_0 .net "mem_read", 3 0, L_0000028c737f77d0;  1 drivers
v0000028c737e3ca0_0 .net "mem_write", 2 0, L_0000028c737f8ef0;  1 drivers
v0000028c737e47e0_0 .var "opcode", 6 0;
v0000028c737e35c0_0 .net "reg_write_en", 0 0, L_0000028c73781400;  1 drivers
v0000028c737e37a0_0 .var "reset", 0 0;
v0000028c737e4880_0 .net "wb_sel", 1 0, L_0000028c73849e10;  1 drivers
S_0000028c73781940 .scope module, "uut" "control_unit" 2 25, 3 11 0, S_0000028c73744dd0;
 .timescale -9 -10;
    .port_info 0 /INPUT 7 "opcode";
    .port_info 1 /INPUT 3 "funct3";
    .port_info 2 /INPUT 7 "funct7";
    .port_info 3 /OUTPUT 5 "alu_op";
    .port_info 4 /OUTPUT 1 "reg_write_en";
    .port_info 5 /OUTPUT 3 "mem_write";
    .port_info 6 /OUTPUT 4 "mem_read";
    .port_info 7 /OUTPUT 3 "branch_jump";
    .port_info 8 /OUTPUT 4 "imm_sel";
    .port_info 9 /OUTPUT 1 "data1_alu_sel";
    .port_info 10 /OUTPUT 1 "data2_alu_sel";
    .port_info 11 /OUTPUT 2 "wb_sel";
    .port_info 12 /INPUT 1 "reset";
L_0000028c73780b40 .functor OR 1, L_0000028c737e44c0, L_0000028c737e3660, C4<0>, C4<0>;
L_0000028c73780a60 .functor OR 1, L_0000028c73780b40, L_0000028c737e4920, C4<0>, C4<0>;
L_0000028c73780e50 .functor OR 1, L_0000028c73780a60, L_0000028c737e46a0, C4<0>, C4<0>;
L_0000028c73781550/d .functor OR 1, L_0000028c73780e50, L_0000028c737e4740, C4<0>, C4<0>;
L_0000028c73781550 .delay 1 (30,30,30) L_0000028c73781550/d;
L_0000028c73780ec0 .functor OR 1, L_0000028c737e4ba0, L_0000028c737e3a20, C4<0>, C4<0>;
L_0000028c73781710 .functor OR 1, L_0000028c73780ec0, L_0000028c737e3d40, C4<0>, C4<0>;
L_0000028c73780f30/d .functor OR 1, L_0000028c73781710, L_0000028c737e3340, C4<0>, C4<0>;
L_0000028c73780f30 .delay 1 (30,30,30) L_0000028c73780f30/d;
L_0000028c73780bb0/d .functor OR 1, L_0000028c737e3480, L_0000028c737e3520, C4<0>, C4<0>;
L_0000028c73780bb0 .delay 1 (30,30,30) L_0000028c73780bb0/d;
L_0000028c73780d00 .functor OR 1, L_0000028c737e3700, L_0000028c737e3840, C4<0>, C4<0>;
L_0000028c73781470 .functor OR 1, L_0000028c73780d00, L_0000028c737f7730, C4<0>, C4<0>;
L_0000028c73781630 .functor OR 1, L_0000028c73781470, v0000028c737e37a0_0, C4<0>, C4<0>;
L_0000028c73781400/d .functor NOT 1, L_0000028c73781630, C4<0>, C4<0>, C4<0>;
L_0000028c73781400 .delay 1 (30,30,30) L_0000028c73781400/d;
L_0000028c73781780/d .functor BUFZ 3, v0000028c737e4ec0_0, C4<000>, C4<000>, C4<000>;
L_0000028c73781780 .delay 3 (30,30,30) L_0000028c73781780/d;
L_0000028c73780980 .functor OR 1, L_0000028c737f88b0, L_0000028c737f8130, C4<0>, C4<0>;
L_0000028c737809f0 .functor OR 1, L_0000028c737f70f0, L_0000028c737f7230, C4<0>, C4<0>;
L_0000028c73781320 .functor OR 1, L_0000028c737809f0, L_0000028c737f74b0, C4<0>, C4<0>;
L_0000028c73780ad0 .functor OR 1, L_0000028c73781320, L_0000028c737f72d0, C4<0>, C4<0>;
L_0000028c73780fa0 .functor OR 1, L_0000028c73780ad0, L_0000028c737f7a50, C4<0>, C4<0>;
L_0000028c73780c20 .functor OR 1, L_0000028c73780fa0, L_0000028c737f7c30, C4<0>, C4<0>;
L_0000028c737816a0/d .functor OR 1, L_0000028c73780c20, L_0000028c737f7cd0, C4<0>, C4<0>;
L_0000028c737816a0 .delay 1 (30,30,30) L_0000028c737816a0/d;
L_0000028c73781010 .functor OR 1, L_0000028c737f8e50, L_0000028c737f86d0, C4<0>, C4<0>;
L_0000028c73780d70 .functor OR 1, L_0000028c73781010, L_0000028c737f8950, C4<0>, C4<0>;
L_0000028c737817f0/d .functor OR 1, L_0000028c73780d70, L_0000028c737f89f0, C4<0>, C4<0>;
L_0000028c737817f0 .delay 1 (30,30,30) L_0000028c737817f0/d;
L_0000028c73781080 .functor OR 1, L_0000028c737f8bd0, L_0000028c737f8c70, C4<0>, C4<0>;
L_0000028c737810f0 .functor OR 1, L_0000028c73781080, L_0000028c737f8db0, C4<0>, C4<0>;
L_0000028c73781160 .functor OR 1, L_0000028c737810f0, L_0000028c7384a630, C4<0>, C4<0>;
L_0000028c73781860 .functor OR 1, L_0000028c73781160, L_0000028c7384a950, C4<0>, C4<0>;
L_0000028c73752230 .functor OR 1, L_0000028c73781860, L_0000028c7384a4f0, C4<0>, C4<0>;
L_0000028c7384be20 .functor OR 1, L_0000028c73752230, L_0000028c738492d0, C4<0>, C4<0>;
L_0000028c7384b100/d .functor OR 1, L_0000028c7384be20, L_0000028c73849ff0, C4<0>, C4<0>;
L_0000028c7384b100 .delay 1 (30,30,30) L_0000028c7384b100/d;
L_0000028c7384b3a0 .functor OR 1, L_0000028c7384a450, L_0000028c738495f0, C4<0>, C4<0>;
L_0000028c7384b4f0/d .functor NOT 1, L_0000028c7384b3a0, C4<0>, C4<0>, C4<0>;
L_0000028c7384b4f0 .delay 1 (30,30,30) L_0000028c7384b4f0/d;
L_0000028c7384b9c0 .functor OR 1, L_0000028c73849690, L_0000028c7384a9f0, C4<0>, C4<0>;
L_0000028c7384bfe0/d .functor OR 1, L_0000028c7384b9c0, L_0000028c73849910, C4<0>, C4<0>;
L_0000028c7384bfe0 .delay 1 (30,30,30) L_0000028c7384bfe0/d;
L_0000028c73800088 .functor BUFT 1, C4<0010111>, C4<0>, C4<0>, C4<0>;
v0000028c73774ef0_0 .net/2u *"_ivl_0", 6 0, L_0000028c73800088;  1 drivers
L_0000028c73800118 .functor BUFT 1, C4<0100011>, C4<0>, C4<0>, C4<0>;
v0000028c73775e90_0 .net/2u *"_ivl_10", 6 0, L_0000028c73800118;  1 drivers
v0000028c73775fd0_0 .net *"_ivl_101", 0 0, L_0000028c737f75f0;  1 drivers
v0000028c73776070_0 .net *"_ivl_107", 1 0, L_0000028c737f7e10;  1 drivers
L_0000028c73800550 .functor BUFT 1, C4<0000011>, C4<0>, C4<0>, C4<0>;
v0000028c73774f90_0 .net/2u *"_ivl_110", 6 0, L_0000028c73800550;  1 drivers
v0000028c73776110_0 .net *"_ivl_112", 0 0, L_0000028c737f8f90;  1 drivers
v0000028c737761b0_0 .net *"_ivl_118", 2 0, L_0000028c73781780;  1 drivers
L_0000028c73800598 .functor BUFT 1, C4<1100111>, C4<0>, C4<0>, C4<0>;
v0000028c73775170_0 .net/2u *"_ivl_119", 6 0, L_0000028c73800598;  1 drivers
v0000028c73775030_0 .net *"_ivl_12", 0 0, L_0000028c737e4920;  1 drivers
v0000028c73775210_0 .net *"_ivl_121", 0 0, L_0000028c737f88b0;  1 drivers
L_0000028c738005e0 .functor BUFT 1, C4<1101111>, C4<0>, C4<0>, C4<0>;
v0000028c73775350_0 .net/2u *"_ivl_123", 6 0, L_0000028c738005e0;  1 drivers
v0000028c737ddb50_0 .net *"_ivl_125", 0 0, L_0000028c737f8130;  1 drivers
v0000028c737dce30_0 .net *"_ivl_128", 0 0, L_0000028c73780980;  1 drivers
L_0000028c73800628 .functor BUFT 1, C4<010>, C4<0>, C4<0>, C4<0>;
v0000028c737dc1b0_0 .net/2u *"_ivl_129", 2 0, L_0000028c73800628;  1 drivers
v0000028c737ddf10_0 .net *"_ivl_135", 9 0, L_0000028c737f8770;  1 drivers
L_0000028c73800670 .functor BUFT 1, C4<0000011100>, C4<0>, C4<0>, C4<0>;
v0000028c737dd830_0 .net/2u *"_ivl_137", 9 0, L_0000028c73800670;  1 drivers
v0000028c737dcc50_0 .net *"_ivl_139", 0 0, L_0000028c737f70f0;  1 drivers
v0000028c737dced0_0 .net *"_ivl_14", 0 0, L_0000028c73780a60;  1 drivers
v0000028c737dc750_0 .net *"_ivl_141", 9 0, L_0000028c737f8810;  1 drivers
L_0000028c738006b8 .functor BUFT 1, C4<0000011101>, C4<0>, C4<0>, C4<0>;
v0000028c737dca70_0 .net/2u *"_ivl_143", 9 0, L_0000028c738006b8;  1 drivers
v0000028c737dd510_0 .net *"_ivl_145", 0 0, L_0000028c737f7230;  1 drivers
v0000028c737dd010_0 .net *"_ivl_147", 0 0, L_0000028c737809f0;  1 drivers
v0000028c737dccf0_0 .net *"_ivl_149", 9 0, L_0000028c737f8a90;  1 drivers
L_0000028c73800700 .functor BUFT 1, C4<0010011011>, C4<0>, C4<0>, C4<0>;
v0000028c737dd0b0_0 .net/2u *"_ivl_151", 9 0, L_0000028c73800700;  1 drivers
v0000028c737dd8d0_0 .net *"_ivl_153", 0 0, L_0000028c737f74b0;  1 drivers
v0000028c737dcf70_0 .net *"_ivl_155", 0 0, L_0000028c73781320;  1 drivers
v0000028c737dc250_0 .net *"_ivl_157", 16 0, L_0000028c737f7190;  1 drivers
L_0000028c73800748 .functor BUFT 1, C4<01100110110000000>, C4<0>, C4<0>, C4<0>;
v0000028c737dd150_0 .net/2u *"_ivl_159", 16 0, L_0000028c73800748;  1 drivers
L_0000028c73800160 .functor BUFT 1, C4<0000011>, C4<0>, C4<0>, C4<0>;
v0000028c737ddab0_0 .net/2u *"_ivl_16", 6 0, L_0000028c73800160;  1 drivers
v0000028c737ddbf0_0 .net *"_ivl_161", 0 0, L_0000028c737f72d0;  1 drivers
v0000028c737dd790_0 .net *"_ivl_163", 0 0, L_0000028c73780ad0;  1 drivers
v0000028c737dc6b0_0 .net *"_ivl_165", 16 0, L_0000028c737f7af0;  1 drivers
L_0000028c73800790 .functor BUFT 1, C4<01100110100000001>, C4<0>, C4<0>, C4<0>;
v0000028c737dc890_0 .net/2u *"_ivl_167", 16 0, L_0000028c73800790;  1 drivers
v0000028c737dc110_0 .net *"_ivl_169", 0 0, L_0000028c737f7a50;  1 drivers
v0000028c737dcd90_0 .net *"_ivl_171", 0 0, L_0000028c73780fa0;  1 drivers
v0000028c737dc930_0 .net *"_ivl_173", 16 0, L_0000028c737f7370;  1 drivers
L_0000028c738007d8 .functor BUFT 1, C4<01100110110000001>, C4<0>, C4<0>, C4<0>;
v0000028c737dcbb0_0 .net/2u *"_ivl_175", 16 0, L_0000028c738007d8;  1 drivers
v0000028c737dd290_0 .net *"_ivl_177", 0 0, L_0000028c737f7c30;  1 drivers
v0000028c737dc7f0_0 .net *"_ivl_179", 0 0, L_0000028c73780c20;  1 drivers
v0000028c737dc2f0_0 .net *"_ivl_18", 0 0, L_0000028c737e46a0;  1 drivers
v0000028c737dd970_0 .net *"_ivl_181", 16 0, L_0000028c737f7410;  1 drivers
L_0000028c73800820 .functor BUFT 1, C4<01100111110000001>, C4<0>, C4<0>, C4<0>;
v0000028c737dda10_0 .net/2u *"_ivl_183", 16 0, L_0000028c73800820;  1 drivers
v0000028c737dc390_0 .net *"_ivl_185", 0 0, L_0000028c737f7cd0;  1 drivers
v0000028c737dc9d0_0 .net *"_ivl_187", 0 0, L_0000028c737816a0;  1 drivers
L_0000028c73800868 .functor BUFT 1, C4<0000011>, C4<0>, C4<0>, C4<0>;
v0000028c737ddc90_0 .net/2u *"_ivl_192", 6 0, L_0000028c73800868;  1 drivers
v0000028c737dc430_0 .net *"_ivl_194", 0 0, L_0000028c737f8310;  1 drivers
L_0000028c738008b0 .functor BUFT 1, C4<010>, C4<0>, C4<0>, C4<0>;
v0000028c737dc4d0_0 .net/2u *"_ivl_196", 2 0, L_0000028c738008b0;  1 drivers
L_0000028c738008f8 .functor BUFT 1, C4<0010111>, C4<0>, C4<0>, C4<0>;
v0000028c737ddd30_0 .net/2u *"_ivl_198", 6 0, L_0000028c738008f8;  1 drivers
v0000028c737dcb10_0 .net *"_ivl_2", 0 0, L_0000028c737e44c0;  1 drivers
v0000028c737dd1f0_0 .net *"_ivl_20", 0 0, L_0000028c73780e50;  1 drivers
v0000028c737dddd0_0 .net *"_ivl_200", 0 0, L_0000028c737f83b0;  1 drivers
L_0000028c73800940 .functor BUFT 1, C4<000>, C4<0>, C4<0>, C4<0>;
v0000028c737dd330_0 .net/2u *"_ivl_202", 2 0, L_0000028c73800940;  1 drivers
L_0000028c73800988 .functor BUFT 1, C4<0100011>, C4<0>, C4<0>, C4<0>;
v0000028c737dd3d0_0 .net/2u *"_ivl_204", 6 0, L_0000028c73800988;  1 drivers
v0000028c737dd470_0 .net *"_ivl_206", 0 0, L_0000028c737f8b30;  1 drivers
L_0000028c738009d0 .functor BUFT 1, C4<100>, C4<0>, C4<0>, C4<0>;
v0000028c737dd650_0 .net/2u *"_ivl_208", 2 0, L_0000028c738009d0;  1 drivers
L_0000028c73800a18 .functor BUFT 1, C4<0110111>, C4<0>, C4<0>, C4<0>;
v0000028c737dd5b0_0 .net/2u *"_ivl_210", 6 0, L_0000028c73800a18;  1 drivers
v0000028c737dd6f0_0 .net *"_ivl_212", 0 0, L_0000028c737f7690;  1 drivers
L_0000028c73800a60 .functor BUFT 1, C4<000>, C4<0>, C4<0>, C4<0>;
v0000028c737dde70_0 .net/2u *"_ivl_214", 2 0, L_0000028c73800a60;  1 drivers
L_0000028c73800aa8 .functor BUFT 1, C4<1101111>, C4<0>, C4<0>, C4<0>;
v0000028c737dc070_0 .net/2u *"_ivl_216", 6 0, L_0000028c73800aa8;  1 drivers
v0000028c737dc570_0 .net *"_ivl_218", 0 0, L_0000028c737f79b0;  1 drivers
L_0000028c738001a8 .functor BUFT 1, C4<1100011>, C4<0>, C4<0>, C4<0>;
v0000028c737dc610_0 .net/2u *"_ivl_22", 6 0, L_0000028c738001a8;  1 drivers
L_0000028c73800af0 .functor BUFT 1, C4<001>, C4<0>, C4<0>, C4<0>;
v0000028c737df700_0 .net/2u *"_ivl_220", 2 0, L_0000028c73800af0;  1 drivers
L_0000028c73800b38 .functor BUFT 1, C4<1100111>, C4<0>, C4<0>, C4<0>;
v0000028c737de940_0 .net/2u *"_ivl_222", 6 0, L_0000028c73800b38;  1 drivers
v0000028c737df7a0_0 .net *"_ivl_224", 0 0, L_0000028c737f8450;  1 drivers
L_0000028c73800b80 .functor BUFT 1, C4<010>, C4<0>, C4<0>, C4<0>;
v0000028c737de080_0 .net/2u *"_ivl_226", 2 0, L_0000028c73800b80;  1 drivers
L_0000028c73800bc8 .functor BUFT 1, C4<1100011>, C4<0>, C4<0>, C4<0>;
v0000028c737dfde0_0 .net/2u *"_ivl_228", 6 0, L_0000028c73800bc8;  1 drivers
v0000028c737df980_0 .net *"_ivl_230", 0 0, L_0000028c737f7870;  1 drivers
L_0000028c73800c10 .functor BUFT 1, C4<011>, C4<0>, C4<0>, C4<0>;
v0000028c737dfa20_0 .net/2u *"_ivl_232", 2 0, L_0000028c73800c10;  1 drivers
v0000028c737de1c0_0 .net *"_ivl_234", 9 0, L_0000028c737f7f50;  1 drivers
L_0000028c73800c58 .functor BUFT 1, C4<0010011x01>, C4<0>, C4<0>, C4<0>;
v0000028c737dfe80_0 .net *"_ivl_236", 9 0, L_0000028c73800c58;  1 drivers
v0000028c737debc0_0 .net *"_ivl_238", 0 0, L_0000028c737f7d70;  1 drivers
v0000028c737deb20_0 .net *"_ivl_24", 0 0, L_0000028c737e4740;  1 drivers
L_0000028c73800ca0 .functor BUFT 1, C4<101>, C4<0>, C4<0>, C4<0>;
v0000028c737dfc00_0 .net/2u *"_ivl_240", 2 0, L_0000028c73800ca0;  1 drivers
L_0000028c73800ce8 .functor BUFT 1, C4<0010011>, C4<0>, C4<0>, C4<0>;
v0000028c737dff20_0 .net/2u *"_ivl_242", 6 0, L_0000028c73800ce8;  1 drivers
v0000028c737dfca0_0 .net *"_ivl_244", 0 0, L_0000028c737f7eb0;  1 drivers
L_0000028c73800d30 .functor BUFT 1, C4<010>, C4<0>, C4<0>, C4<0>;
v0000028c737deda0_0 .net/2u *"_ivl_246", 2 0, L_0000028c73800d30;  1 drivers
L_0000028c73800d78 .functor BUFT 1, C4<xxx>, C4<0>, C4<0>, C4<0>;
v0000028c737df340_0 .net *"_ivl_248", 2 0, L_0000028c73800d78;  1 drivers
v0000028c737de300_0 .net *"_ivl_250", 2 0, L_0000028c737f84f0;  1 drivers
v0000028c737de120_0 .net *"_ivl_252", 2 0, L_0000028c737f7910;  1 drivers
v0000028c737de580_0 .net *"_ivl_254", 2 0, L_0000028c737f7ff0;  1 drivers
v0000028c737de9e0_0 .net *"_ivl_256", 2 0, L_0000028c737f8090;  1 drivers
v0000028c737de4e0_0 .net *"_ivl_258", 2 0, L_0000028c737f8630;  1 drivers
v0000028c737dfd40_0 .net *"_ivl_260", 2 0, L_0000028c737f81d0;  1 drivers
v0000028c737def80_0 .net *"_ivl_262", 2 0, L_0000028c737f8d10;  1 drivers
v0000028c737deee0_0 .net *"_ivl_264", 2 0, L_0000028c737f8590;  1 drivers
v0000028c737dea80_0 .net *"_ivl_266", 2 0, L_0000028c737f8270;  1 drivers
L_0000028c73800dc0 .functor BUFT 1, C4<0010111>, C4<0>, C4<0>, C4<0>;
v0000028c737de260_0 .net/2u *"_ivl_268", 6 0, L_0000028c73800dc0;  1 drivers
v0000028c737dfac0_0 .net *"_ivl_270", 0 0, L_0000028c737f8e50;  1 drivers
L_0000028c73800e08 .functor BUFT 1, C4<1101111>, C4<0>, C4<0>, C4<0>;
v0000028c737dec60_0 .net/2u *"_ivl_272", 6 0, L_0000028c73800e08;  1 drivers
v0000028c737df160_0 .net *"_ivl_274", 0 0, L_0000028c737f86d0;  1 drivers
v0000028c737dfb60_0 .net *"_ivl_276", 0 0, L_0000028c73781010;  1 drivers
L_0000028c73800e50 .functor BUFT 1, C4<1100111>, C4<0>, C4<0>, C4<0>;
v0000028c737df200_0 .net/2u *"_ivl_278", 6 0, L_0000028c73800e50;  1 drivers
v0000028c737df020_0 .net *"_ivl_280", 0 0, L_0000028c737f8950;  1 drivers
v0000028c737ded00_0 .net *"_ivl_282", 0 0, L_0000028c73780d70;  1 drivers
L_0000028c73800e98 .functor BUFT 1, C4<1100011>, C4<0>, C4<0>, C4<0>;
v0000028c737df8e0_0 .net/2u *"_ivl_284", 6 0, L_0000028c73800e98;  1 drivers
v0000028c737de3a0_0 .net *"_ivl_286", 0 0, L_0000028c737f89f0;  1 drivers
L_0000028c73800ee0 .functor BUFT 1, C4<0000011>, C4<0>, C4<0>, C4<0>;
v0000028c737de440_0 .net/2u *"_ivl_290", 6 0, L_0000028c73800ee0;  1 drivers
v0000028c737de620_0 .net *"_ivl_292", 0 0, L_0000028c737f8bd0;  1 drivers
L_0000028c73800f28 .functor BUFT 1, C4<0010011>, C4<0>, C4<0>, C4<0>;
v0000028c737dee40_0 .net/2u *"_ivl_294", 6 0, L_0000028c73800f28;  1 drivers
v0000028c737df0c0_0 .net *"_ivl_296", 0 0, L_0000028c737f8c70;  1 drivers
v0000028c737de6c0_0 .net *"_ivl_298", 0 0, L_0000028c73781080;  1 drivers
L_0000028c73800f70 .functor BUFT 1, C4<0010111>, C4<0>, C4<0>, C4<0>;
v0000028c737df2a0_0 .net/2u *"_ivl_300", 6 0, L_0000028c73800f70;  1 drivers
v0000028c737de800_0 .net *"_ivl_302", 0 0, L_0000028c737f8db0;  1 drivers
v0000028c737de760_0 .net *"_ivl_304", 0 0, L_0000028c737810f0;  1 drivers
L_0000028c73800fb8 .functor BUFT 1, C4<0100011>, C4<0>, C4<0>, C4<0>;
v0000028c737df840_0 .net/2u *"_ivl_306", 6 0, L_0000028c73800fb8;  1 drivers
v0000028c737df3e0_0 .net *"_ivl_308", 0 0, L_0000028c7384a630;  1 drivers
v0000028c737de8a0_0 .net *"_ivl_310", 0 0, L_0000028c73781160;  1 drivers
L_0000028c73801000 .functor BUFT 1, C4<0110111>, C4<0>, C4<0>, C4<0>;
v0000028c737df480_0 .net/2u *"_ivl_312", 6 0, L_0000028c73801000;  1 drivers
v0000028c737df520_0 .net *"_ivl_314", 0 0, L_0000028c7384a950;  1 drivers
v0000028c737df5c0_0 .net *"_ivl_316", 0 0, L_0000028c73781860;  1 drivers
L_0000028c73801048 .functor BUFT 1, C4<1100111>, C4<0>, C4<0>, C4<0>;
v0000028c737df660_0 .net/2u *"_ivl_318", 6 0, L_0000028c73801048;  1 drivers
v0000028c737e0ee0_0 .net *"_ivl_320", 0 0, L_0000028c7384a4f0;  1 drivers
v0000028c737e1de0_0 .net *"_ivl_322", 0 0, L_0000028c73752230;  1 drivers
L_0000028c73801090 .functor BUFT 1, C4<1101111>, C4<0>, C4<0>, C4<0>;
v0000028c737e2740_0 .net/2u *"_ivl_324", 6 0, L_0000028c73801090;  1 drivers
v0000028c737e1200_0 .net *"_ivl_326", 0 0, L_0000028c738492d0;  1 drivers
v0000028c737e08a0_0 .net *"_ivl_328", 0 0, L_0000028c7384be20;  1 drivers
L_0000028c738010d8 .functor BUFT 1, C4<1100011>, C4<0>, C4<0>, C4<0>;
v0000028c737e0c60_0 .net/2u *"_ivl_330", 6 0, L_0000028c738010d8;  1 drivers
v0000028c737e1020_0 .net *"_ivl_332", 0 0, L_0000028c73849ff0;  1 drivers
L_0000028c73801120 .functor BUFT 1, C4<0000011>, C4<0>, C4<0>, C4<0>;
v0000028c737e1520_0 .net/2u *"_ivl_338", 6 0, L_0000028c73801120;  1 drivers
v0000028c737e12a0_0 .net *"_ivl_34", 16 0, L_0000028c737e4e20;  1 drivers
v0000028c737e2380_0 .net *"_ivl_340", 0 0, L_0000028c7384a450;  1 drivers
L_0000028c73801168 .functor BUFT 1, C4<0110111>, C4<0>, C4<0>, C4<0>;
v0000028c737e1700_0 .net/2u *"_ivl_342", 6 0, L_0000028c73801168;  1 drivers
v0000028c737e09e0_0 .net *"_ivl_344", 0 0, L_0000028c738495f0;  1 drivers
v0000028c737e10c0_0 .net *"_ivl_346", 0 0, L_0000028c7384b3a0;  1 drivers
v0000028c737e2600_0 .net *"_ivl_348", 0 0, L_0000028c7384b4f0;  1 drivers
L_0000028c738011b0 .functor BUFT 1, C4<0110111>, C4<0>, C4<0>, C4<0>;
v0000028c737e1340_0 .net/2u *"_ivl_353", 6 0, L_0000028c738011b0;  1 drivers
v0000028c737e15c0_0 .net *"_ivl_355", 0 0, L_0000028c73849690;  1 drivers
L_0000028c738011f8 .functor BUFT 1, C4<1101111>, C4<0>, C4<0>, C4<0>;
v0000028c737e0940_0 .net/2u *"_ivl_357", 6 0, L_0000028c738011f8;  1 drivers
v0000028c737e1fc0_0 .net *"_ivl_359", 0 0, L_0000028c7384a9f0;  1 drivers
L_0000028c73800280 .functor BUFT 1, C4<00100111010100000>, C4<0>, C4<0>, C4<0>;
v0000028c737e0a80_0 .net/2u *"_ivl_36", 16 0, L_0000028c73800280;  1 drivers
v0000028c737e1a20_0 .net *"_ivl_361", 0 0, L_0000028c7384b9c0;  1 drivers
L_0000028c73801240 .functor BUFT 1, C4<1100111>, C4<0>, C4<0>, C4<0>;
v0000028c737e0d00_0 .net/2u *"_ivl_363", 6 0, L_0000028c73801240;  1 drivers
v0000028c737e13e0_0 .net *"_ivl_365", 0 0, L_0000028c73849910;  1 drivers
v0000028c737e1660_0 .net *"_ivl_367", 0 0, L_0000028c7384bfe0;  1 drivers
v0000028c737e17a0_0 .net *"_ivl_38", 0 0, L_0000028c737e4ba0;  1 drivers
L_0000028c738000d0 .functor BUFT 1, C4<1101111>, C4<0>, C4<0>, C4<0>;
v0000028c737e26a0_0 .net/2u *"_ivl_4", 6 0, L_0000028c738000d0;  1 drivers
v0000028c737e1840_0 .net *"_ivl_40", 16 0, L_0000028c737e4c40;  1 drivers
L_0000028c738002c8 .functor BUFT 1, C4<01100110000100000>, C4<0>, C4<0>, C4<0>;
v0000028c737e0b20_0 .net/2u *"_ivl_42", 16 0, L_0000028c738002c8;  1 drivers
v0000028c737e1480_0 .net *"_ivl_44", 0 0, L_0000028c737e3a20;  1 drivers
v0000028c737e1160_0 .net *"_ivl_46", 0 0, L_0000028c73780ec0;  1 drivers
v0000028c737e0f80_0 .net *"_ivl_48", 16 0, L_0000028c737e4ce0;  1 drivers
L_0000028c73800310 .functor BUFT 1, C4<01100111010100000>, C4<0>, C4<0>, C4<0>;
v0000028c737e2240_0 .net/2u *"_ivl_50", 16 0, L_0000028c73800310;  1 drivers
v0000028c737e0bc0_0 .net *"_ivl_52", 0 0, L_0000028c737e3d40;  1 drivers
v0000028c737e1b60_0 .net *"_ivl_54", 0 0, L_0000028c73781710;  1 drivers
L_0000028c73800358 .functor BUFT 1, C4<0110111>, C4<0>, C4<0>, C4<0>;
v0000028c737e0da0_0 .net/2u *"_ivl_56", 6 0, L_0000028c73800358;  1 drivers
v0000028c737e18e0_0 .net *"_ivl_58", 0 0, L_0000028c737e3340;  1 drivers
v0000028c737e0e40_0 .net *"_ivl_6", 0 0, L_0000028c737e3660;  1 drivers
v0000028c737e1980_0 .net *"_ivl_60", 0 0, L_0000028c73780f30;  1 drivers
v0000028c737e1e80_0 .net *"_ivl_65", 13 0, L_0000028c737e3ac0;  1 drivers
L_0000028c738003a0 .functor BUFT 1, C4<01100110000001>, C4<0>, C4<0>, C4<0>;
v0000028c737e1ac0_0 .net/2u *"_ivl_67", 13 0, L_0000028c738003a0;  1 drivers
v0000028c737e1f20_0 .net *"_ivl_69", 0 0, L_0000028c737e3480;  1 drivers
L_0000028c738003e8 .functor BUFT 1, C4<0110111>, C4<0>, C4<0>, C4<0>;
v0000028c737e2060_0 .net/2u *"_ivl_71", 6 0, L_0000028c738003e8;  1 drivers
v0000028c737e1c00_0 .net *"_ivl_73", 0 0, L_0000028c737e3520;  1 drivers
v0000028c737e1ca0_0 .net *"_ivl_75", 0 0, L_0000028c73780bb0;  1 drivers
L_0000028c73800430 .functor BUFT 1, C4<0100011>, C4<0>, C4<0>, C4<0>;
v0000028c737e1d40_0 .net/2u *"_ivl_77", 6 0, L_0000028c73800430;  1 drivers
v0000028c737e2100_0 .net *"_ivl_79", 0 0, L_0000028c737e3700;  1 drivers
v0000028c737e21a0_0 .net *"_ivl_8", 0 0, L_0000028c73780b40;  1 drivers
L_0000028c73800478 .functor BUFT 1, C4<1100011>, C4<0>, C4<0>, C4<0>;
v0000028c737e22e0_0 .net/2u *"_ivl_81", 6 0, L_0000028c73800478;  1 drivers
v0000028c737e2420_0 .net *"_ivl_83", 0 0, L_0000028c737e3840;  1 drivers
v0000028c737e24c0_0 .net *"_ivl_85", 0 0, L_0000028c73780d00;  1 drivers
L_0000028c738004c0 .functor BUFT 1, C4<0000000>, C4<0>, C4<0>, C4<0>;
v0000028c737e2560_0 .net/2u *"_ivl_87", 6 0, L_0000028c738004c0;  1 drivers
v0000028c737e49c0_0 .net *"_ivl_89", 0 0, L_0000028c737f7730;  1 drivers
v0000028c737e4d80_0 .net *"_ivl_91", 0 0, L_0000028c73781470;  1 drivers
v0000028c737e3de0_0 .net *"_ivl_93", 0 0, L_0000028c73781630;  1 drivers
L_0000028c73800508 .functor BUFT 1, C4<0100011>, C4<0>, C4<0>, C4<0>;
v0000028c737e30c0_0 .net/2u *"_ivl_99", 6 0, L_0000028c73800508;  1 drivers
v0000028c737e3e80_0 .net "alu_op", 4 0, L_0000028c737e33e0;  alias, 1 drivers
v0000028c737e3fc0_0 .net "branch_jump", 2 0, L_0000028c737f7b90;  alias, 1 drivers
v0000028c737e3f20_0 .net "data1_alu_sel", 0 0, L_0000028c737817f0;  alias, 1 drivers
v0000028c737e38e0_0 .net "data2_alu_sel", 0 0, L_0000028c7384b100;  alias, 1 drivers
v0000028c737e4380_0 .net "funct3", 2 0, v0000028c737e4ec0_0;  1 drivers
v0000028c737e4060_0 .net "funct3_mux_select", 0 0, L_0000028c73781550;  1 drivers
v0000028c737e32a0_0 .net "funct7", 6 0, v0000028c737e3160_0;  1 drivers
v0000028c737e4560_0 .net "imm_sel", 3 0, L_0000028c737f7550;  alias, 1 drivers
v0000028c737e4100_0 .net "mem_read", 3 0, L_0000028c737f77d0;  alias, 1 drivers
v0000028c737e3980_0 .net "mem_write", 2 0, L_0000028c737f8ef0;  alias, 1 drivers
v0000028c737e4600_0 .net "opcode", 6 0, v0000028c737e47e0_0;  1 drivers
v0000028c737e41a0_0 .net "reg_write_en", 0 0, L_0000028c73781400;  alias, 1 drivers
v0000028c737e4240_0 .net "reset", 0 0, v0000028c737e37a0_0;  1 drivers
v0000028c737e4f60_0 .net "wb_sel", 1 0, L_0000028c73849e10;  alias, 1 drivers
L_0000028c737e44c0 .cmp/eq 7, v0000028c737e47e0_0, L_0000028c73800088;
L_0000028c737e3660 .cmp/eq 7, v0000028c737e47e0_0, L_0000028c738000d0;
L_0000028c737e4920 .cmp/eq 7, v0000028c737e47e0_0, L_0000028c73800118;
L_0000028c737e46a0 .cmp/eq 7, v0000028c737e47e0_0, L_0000028c73800160;
L_0000028c737e4740 .cmp/eq 7, v0000028c737e47e0_0, L_0000028c738001a8;
L_0000028c737e4e20 .concat [ 7 3 7 0], v0000028c737e3160_0, v0000028c737e4ec0_0, v0000028c737e47e0_0;
L_0000028c737e4ba0 .cmp/eq 17, L_0000028c737e4e20, L_0000028c73800280;
L_0000028c737e4c40 .concat [ 7 3 7 0], v0000028c737e3160_0, v0000028c737e4ec0_0, v0000028c737e47e0_0;
L_0000028c737e3a20 .cmp/eq 17, L_0000028c737e4c40, L_0000028c738002c8;
L_0000028c737e4ce0 .concat [ 7 3 7 0], v0000028c737e3160_0, v0000028c737e4ec0_0, v0000028c737e47e0_0;
L_0000028c737e3d40 .cmp/eq 17, L_0000028c737e4ce0, L_0000028c73800310;
L_0000028c737e3340 .cmp/eq 7, v0000028c737e47e0_0, L_0000028c73800358;
L_0000028c737e33e0 .concat8 [ 3 1 1 0], L_0000028c737e4b00, L_0000028c73780bb0, L_0000028c73780f30;
L_0000028c737e3ac0 .concat [ 7 7 0 0], v0000028c737e3160_0, v0000028c737e47e0_0;
L_0000028c737e3480 .cmp/eq 14, L_0000028c737e3ac0, L_0000028c738003a0;
L_0000028c737e3520 .cmp/eq 7, v0000028c737e47e0_0, L_0000028c738003e8;
L_0000028c737e3700 .cmp/eq 7, v0000028c737e47e0_0, L_0000028c73800430;
L_0000028c737e3840 .cmp/eq 7, v0000028c737e47e0_0, L_0000028c73800478;
L_0000028c737f7730 .cmp/eq 7, v0000028c737e47e0_0, L_0000028c738004c0;
L_0000028c737f75f0 .delay 1 (30,30,30) L_0000028c737f75f0/d;
L_0000028c737f75f0/d .cmp/eq 7, v0000028c737e47e0_0, L_0000028c73800508;
L_0000028c737f8ef0 .concat8 [ 2 1 0 0], L_0000028c737f7e10, L_0000028c737f75f0;
L_0000028c737f7e10 .delay 2 (30,30,30) L_0000028c737f7e10/d;
L_0000028c737f7e10/d .part v0000028c737e4ec0_0, 0, 2;
L_0000028c737f8f90 .delay 1 (30,30,30) L_0000028c737f8f90/d;
L_0000028c737f8f90/d .cmp/eq 7, v0000028c737e47e0_0, L_0000028c73800550;
L_0000028c737f77d0 .concat8 [ 3 1 0 0], L_0000028c73781780, L_0000028c737f8f90;
L_0000028c737f88b0 .cmp/eq 7, v0000028c737e47e0_0, L_0000028c73800598;
L_0000028c737f8130 .cmp/eq 7, v0000028c737e47e0_0, L_0000028c738005e0;
L_0000028c737f7b90 .delay 3 (30,30,30) L_0000028c737f7b90/d;
L_0000028c737f7b90/d .functor MUXZ 3, v0000028c737e4ec0_0, L_0000028c73800628, L_0000028c73780980, C4<>;
L_0000028c737f8770 .concat [ 3 7 0 0], v0000028c737e4ec0_0, v0000028c737e47e0_0;
L_0000028c737f70f0 .cmp/eq 10, L_0000028c737f8770, L_0000028c73800670;
L_0000028c737f8810 .concat [ 3 7 0 0], v0000028c737e4ec0_0, v0000028c737e47e0_0;
L_0000028c737f7230 .cmp/eq 10, L_0000028c737f8810, L_0000028c738006b8;
L_0000028c737f8a90 .concat [ 3 7 0 0], v0000028c737e4ec0_0, v0000028c737e47e0_0;
L_0000028c737f74b0 .cmp/eq 10, L_0000028c737f8a90, L_0000028c73800700;
L_0000028c737f7190 .concat [ 7 3 7 0], v0000028c737e3160_0, v0000028c737e4ec0_0, v0000028c737e47e0_0;
L_0000028c737f72d0 .cmp/eq 17, L_0000028c737f7190, L_0000028c73800748;
L_0000028c737f7af0 .concat [ 7 3 7 0], v0000028c737e3160_0, v0000028c737e4ec0_0, v0000028c737e47e0_0;
L_0000028c737f7a50 .cmp/eq 17, L_0000028c737f7af0, L_0000028c73800790;
L_0000028c737f7370 .concat [ 7 3 7 0], v0000028c737e3160_0, v0000028c737e4ec0_0, v0000028c737e47e0_0;
L_0000028c737f7c30 .cmp/eq 17, L_0000028c737f7370, L_0000028c738007d8;
L_0000028c737f7410 .concat [ 7 3 7 0], v0000028c737e3160_0, v0000028c737e4ec0_0, v0000028c737e47e0_0;
L_0000028c737f7cd0 .cmp/eq 17, L_0000028c737f7410, L_0000028c73800820;
L_0000028c737f7550 .concat8 [ 3 1 0 0], L_0000028c737f8270, L_0000028c737816a0;
L_0000028c737f8310 .cmp/eq 7, v0000028c737e47e0_0, L_0000028c73800868;
L_0000028c737f83b0 .cmp/eq 7, v0000028c737e47e0_0, L_0000028c738008f8;
L_0000028c737f8b30 .cmp/eq 7, v0000028c737e47e0_0, L_0000028c73800988;
L_0000028c737f7690 .cmp/eq 7, v0000028c737e47e0_0, L_0000028c73800a18;
L_0000028c737f79b0 .cmp/eq 7, v0000028c737e47e0_0, L_0000028c73800aa8;
L_0000028c737f8450 .cmp/eq 7, v0000028c737e47e0_0, L_0000028c73800b38;
L_0000028c737f7870 .cmp/eq 7, v0000028c737e47e0_0, L_0000028c73800bc8;
L_0000028c737f7f50 .concat [ 3 7 0 0], v0000028c737e4ec0_0, v0000028c737e47e0_0;
L_0000028c737f7d70 .cmp/eq 10, L_0000028c737f7f50, L_0000028c73800c58;
L_0000028c737f7eb0 .cmp/eq 7, v0000028c737e47e0_0, L_0000028c73800ce8;
L_0000028c737f84f0 .functor MUXZ 3, L_0000028c73800d78, L_0000028c73800d30, L_0000028c737f7eb0, C4<>;
L_0000028c737f7910 .functor MUXZ 3, L_0000028c737f84f0, L_0000028c73800ca0, L_0000028c737f7d70, C4<>;
L_0000028c737f7ff0 .functor MUXZ 3, L_0000028c737f7910, L_0000028c73800c10, L_0000028c737f7870, C4<>;
L_0000028c737f8090 .functor MUXZ 3, L_0000028c737f7ff0, L_0000028c73800b80, L_0000028c737f8450, C4<>;
L_0000028c737f8630 .functor MUXZ 3, L_0000028c737f8090, L_0000028c73800af0, L_0000028c737f79b0, C4<>;
L_0000028c737f81d0 .functor MUXZ 3, L_0000028c737f8630, L_0000028c73800a60, L_0000028c737f7690, C4<>;
L_0000028c737f8d10 .functor MUXZ 3, L_0000028c737f81d0, L_0000028c738009d0, L_0000028c737f8b30, C4<>;
L_0000028c737f8590 .functor MUXZ 3, L_0000028c737f8d10, L_0000028c73800940, L_0000028c737f83b0, C4<>;
L_0000028c737f8270 .delay 3 (30,30,30) L_0000028c737f8270/d;
L_0000028c737f8270/d .functor MUXZ 3, L_0000028c737f8590, L_0000028c738008b0, L_0000028c737f8310, C4<>;
L_0000028c737f8e50 .cmp/eq 7, v0000028c737e47e0_0, L_0000028c73800dc0;
L_0000028c737f86d0 .cmp/eq 7, v0000028c737e47e0_0, L_0000028c73800e08;
L_0000028c737f8950 .cmp/eq 7, v0000028c737e47e0_0, L_0000028c73800e50;
L_0000028c737f89f0 .cmp/eq 7, v0000028c737e47e0_0, L_0000028c73800e98;
L_0000028c737f8bd0 .cmp/eq 7, v0000028c737e47e0_0, L_0000028c73800ee0;
L_0000028c737f8c70 .cmp/eq 7, v0000028c737e47e0_0, L_0000028c73800f28;
L_0000028c737f8db0 .cmp/eq 7, v0000028c737e47e0_0, L_0000028c73800f70;
L_0000028c7384a630 .cmp/eq 7, v0000028c737e47e0_0, L_0000028c73800fb8;
L_0000028c7384a950 .cmp/eq 7, v0000028c737e47e0_0, L_0000028c73801000;
L_0000028c7384a4f0 .cmp/eq 7, v0000028c737e47e0_0, L_0000028c73801048;
L_0000028c738492d0 .cmp/eq 7, v0000028c737e47e0_0, L_0000028c73801090;
L_0000028c73849ff0 .cmp/eq 7, v0000028c737e47e0_0, L_0000028c738010d8;
L_0000028c7384a450 .cmp/eq 7, v0000028c737e47e0_0, L_0000028c73801120;
L_0000028c738495f0 .cmp/eq 7, v0000028c737e47e0_0, L_0000028c73801168;
L_0000028c73849e10 .concat8 [ 1 1 0 0], L_0000028c7384b4f0, L_0000028c7384bfe0;
L_0000028c73849690 .cmp/eq 7, v0000028c737e47e0_0, L_0000028c738011b0;
L_0000028c7384a9f0 .cmp/eq 7, v0000028c737e47e0_0, L_0000028c738011f8;
L_0000028c73849910 .cmp/eq 7, v0000028c737e47e0_0, L_0000028c73801240;
S_0000028c73756330 .scope module, "funct3_mux" "mux_3b_2to1" 3 32, 4 3 0, S_0000028c73781940;
 .timescale -9 -10;
    .port_info 0 /INPUT 3 "data1";
    .port_info 1 /INPUT 3 "data2";
    .port_info 2 /OUTPUT 3 "out";
    .port_info 3 /INPUT 1 "sel";
L_0000028c738001f0 .functor BUFT 1, C4<1>, C4<0>, C4<0>, C4<0>;
L_0000028c73781390 .functor XNOR 1, L_0000028c73781550, L_0000028c738001f0, C4<0>, C4<0>;
v0000028c73776bb0_0 .net/2u *"_ivl_0", 0 0, L_0000028c738001f0;  1 drivers
v0000028c737758f0_0 .net *"_ivl_2", 0 0, L_0000028c73781390;  1 drivers
v0000028c73775cb0_0 .net "data1", 2 0, v0000028c737e4ec0_0;  alias, 1 drivers
L_0000028c73800238 .functor BUFT 1, C4<000>, C4<0>, C4<0>, C4<0>;
v0000028c73774e50_0 .net "data2", 2 0, L_0000028c73800238;  1 drivers
v0000028c73775df0_0 .net "out", 2 0, L_0000028c737e4b00;  1 drivers
v0000028c73775490_0 .net "sel", 0 0, L_0000028c73781550;  alias, 1 drivers
L_0000028c737e4b00 .delay 3 (10,10,10) L_0000028c737e4b00/d;
L_0000028c737e4b00/d .functor MUXZ 3, v0000028c737e4ec0_0, L_0000028c73800238, L_0000028c73781390, C4<>;
    .scope S_0000028c73744dd0;
T_0 ;
    %vpi_call 2 43 "$dumpfile", "tb_control_unit.vcd" {0 0 0};
    %vpi_call 2 44 "$dumpvars", 32'sb00000000000000000000000000000000, S_0000028c73744dd0 {0 0 0};
    %vpi_call 2 47 "$monitor", "Time: %d | Opcode: %b | Funct3: %b | Funct7: %b | Reset: %b | ALU_OP: %b | RegWrite: %b | MemWrite: %b | MemRead: %b | BranchJump: %b | ImmSel: %b | Data1Sel: %b | Data2Sel: %b | WBSel: %b", $time, v0000028c737e47e0_0, v0000028c737e4ec0_0, v0000028c737e3160_0, v0000028c737e37a0_0, v0000028c737e3200_0, v0000028c737e35c0_0, v0000028c737e3ca0_0, v0000028c737e4a60_0, v0000028c737e4420_0, v0000028c737e3c00_0, v0000028c737e42e0_0, v0000028c737e3b60_0, v0000028c737e4880_0 {0 0 0};
    %end;
    .thread T_0;
    .scope S_0000028c73744dd0;
T_1 ;
    %delay 100, 0;
    %pushi/vec4 0, 0, 7;
    %store/vec4 v0000028c737e47e0_0, 0, 7;
    %pushi/vec4 0, 0, 3;
    %store/vec4 v0000028c737e4ec0_0, 0, 3;
    %pushi/vec4 0, 0, 7;
    %store/vec4 v0000028c737e3160_0, 0, 7;
    %pushi/vec4 0, 0, 1;
    %store/vec4 v0000028c737e37a0_0, 0, 1;
    %delay 100, 0;
    %pushi/vec4 51, 0, 7;
    %store/vec4 v0000028c737e47e0_0, 0, 7;
    %pushi/vec4 0, 0, 3;
    %store/vec4 v0000028c737e4ec0_0, 0, 3;
    %pushi/vec4 0, 0, 7;
    %store/vec4 v0000028c737e3160_0, 0, 7;
    %delay 100, 0;
    %delay 100, 0;
    %pushi/vec4 19, 0, 7;
    %store/vec4 v0000028c737e47e0_0, 0, 7;
    %pushi/vec4 0, 0, 3;
    %store/vec4 v0000028c737e4ec0_0, 0, 3;
    %pushi/vec4 0, 0, 7;
    %store/vec4 v0000028c737e3160_0, 0, 7;
    %delay 100, 0;
    %delay 100, 0;
    %pushi/vec4 3, 0, 7;
    %store/vec4 v0000028c737e47e0_0, 0, 7;
    %pushi/vec4 2, 0, 3;
    %store/vec4 v0000028c737e4ec0_0, 0, 3;
    %pushi/vec4 0, 0, 7;
    %store/vec4 v0000028c737e3160_0, 0, 7;
    %delay 100, 0;
    %delay 100, 0;
    %pushi/vec4 35, 0, 7;
    %store/vec4 v0000028c737e47e0_0, 0, 7;
    %pushi/vec4 2, 0, 3;
    %store/vec4 v0000028c737e4ec0_0, 0, 3;
    %pushi/vec4 0, 0, 7;
    %store/vec4 v0000028c737e3160_0, 0, 7;
    %delay 100, 0;
    %delay 100, 0;
    %pushi/vec4 99, 0, 7;
    %store/vec4 v0000028c737e47e0_0, 0, 7;
    %pushi/vec4 0, 0, 3;
    %store/vec4 v0000028c737e4ec0_0, 0, 3;
    %pushi/vec4 0, 0, 7;
    %store/vec4 v0000028c737e3160_0, 0, 7;
    %delay 100, 0;
    %delay 100, 0;
    %pushi/vec4 111, 0, 7;
    %store/vec4 v0000028c737e47e0_0, 0, 7;
    %pushi/vec4 0, 0, 3;
    %store/vec4 v0000028c737e4ec0_0, 0, 3;
    %pushi/vec4 0, 0, 7;
    %store/vec4 v0000028c737e3160_0, 0, 7;
    %delay 100, 0;
    %delay 100, 0;
    %pushi/vec4 55, 0, 7;
    %store/vec4 v0000028c737e47e0_0, 0, 7;
    %pushi/vec4 0, 0, 3;
    %store/vec4 v0000028c737e4ec0_0, 0, 3;
    %pushi/vec4 0, 0, 7;
    %store/vec4 v0000028c737e3160_0, 0, 7;
    %delay 100, 0;
    %delay 100, 0;
    %pushi/vec4 23, 0, 7;
    %store/vec4 v0000028c737e47e0_0, 0, 7;
    %pushi/vec4 0, 0, 3;
    %store/vec4 v0000028c737e4ec0_0, 0, 3;
    %pushi/vec4 0, 0, 7;
    %store/vec4 v0000028c737e3160_0, 0, 7;
    %delay 100, 0;
    %delay 100, 0;
    %pushi/vec4 1, 0, 1;
    %store/vec4 v0000028c737e37a0_0, 0, 1;
    %delay 100, 0;
    %pushi/vec4 0, 0, 1;
    %store/vec4 v0000028c737e37a0_0, 0, 1;
    %delay 100, 0;
    %vpi_call 2 125 "$finish" {0 0 0};
    %end;
    .thread T_1;
# The file index is used to find the file name in the following table.
:file_names 5;
    "N/A";
    "<interactive>";
    "control_unit_tb.v";
    "./../../ID_stage/control_unit/control_unit.v";
    "./../../utils/muxs/mux_3b_2to1.v";
