


                               RTL Architect (TM)

               Version V-2023.12-SP5-3 for linux64 - Dec 17, 2024
                           Base build date 11/18/2024

                    Copyright (c) 1988 - 2024 Synopsys, Inc.
   This software and the associated documentation are proprietary to Synopsys,
 Inc. This software may only be used in accordance with the terms and conditions
 of a written license agreement with Synopsys, Inc. All other use, reproduction,
   or distribution of this software is strictly prohibited.  Licensed Products
     communicate with Synopsys servers for the purpose of providing software
    updates, detecting software piracy and verifying that customers are using
    Licensed Products in conformity with the applicable License Key for such
  Licensed Products. Synopsys will use information gathered in connection with
    this process to deliver software updates and pursue software pirates and
                                   infringers.

 Inclusivity & Diversity - Visit SolvNetPlus to read the "Synopsys Statement on
            Inclusivity and Diversity" (Refer to article 000036315 at
                        https://solvnetplus.synopsys.com)
 
set_current_mismatch_config auto_fix 
1
set_attribute [get_mismatch_types missing_logical_reference] current_repair(auto_fix) create_blackbox
Warning: Changing current repair(handler) for a mismatch type in between a flow is not recommended. (DMM-011)
{missing_logical_reference}
set_app_options -list { plan.macro.allow_unmapped_design true}
plan.macro.allow_unmapped_design true
set search_path "* ./ ./INPUT//ndm ../../cpu"
* ./ ./INPUT//ndm ../../cpu
create_lib cpu_LIB -ref_libs "ts16ncfllogl16hdh090f.ndm  ts16ncfllogl16hdl090f.ndm  ts16ncfslogl16hdh090f.ndm  ts16ncfslogl16hdl090f.ndm " -technology ./INPUT/ts16ncfslogl16hdl090f_m11f2f1f3f2f0f2_UTRDL.tf
Information: The command 'create_lib' cleared the undo history. (UNDO-016)
Error: Library directory '/home/e19129/projects/e19-co502-RV32IM-Pipeline-Implementation-Group1/synopsys/cpu_with_hazard/cpu_LIB' already exists (LIB-009)
Error: problem in create_lib
      	Use error_info for more info. (CMD-013)
Information: script '/home/e19129/projects/e19-co502-RV32IM-Pipeline-Implementation-Group1/synopsys/cpu_with_hazard/rtla.tcl'
            	stopped at line 7 due to error. (CMD-081)
Extended error info:
problem in create_lib
    while executing
"create_lib cpu_LIB -ref_libs "ts16ncfllogl16hdh090f.ndm  ts16ncfllogl16hdl090f.ndm  ts16ncfslogl16hdh090f.ndm  ts16ncfslogl16hdl090f.ndm " -technology..."
    (file "/home/e19129/projects/e19-co502-RV32IM-Pipeline-Implementation-Group1/synopsys/cpu_with_hazard/rtla.tcl" line 7)
 -- End Extended Error Info
rtl_shell> exit
Maximum memory usage for this session: 345.80 MB
CPU usage for this session:      7 seconds (  0.00 hours)
Elapsed time for this session:     52 seconds (  0.01 hours)
Thank you for using RTL Architect.
