Info: [VCS_SAVE_RESTORE_INFO] ASLR (Address Space Layout Randomization) is detected on the machine. To enable $save functionality, ASLR will be switched off and simv re-executed.
Please use '-no_save' simv switch to avoid re-execution or '-suppress=ASLR_DETECTED_INFO' to suppress this message.
Chronologic VCS simulator copyright 1991-2024
Contains Synopsys proprietary information.
Compiler version W-2024.09-SP1_Full64; Runtime version W-2024.09-SP1_Full64;  Oct 28 22:21 2025
*Verdi* Loading libsscore_vcs202409.so
*Verdi* : FSDB_GATE & FSDB_RTL is disabled because delta cycle dumping is set.
FSDB Dumper for VCS, Release Verdi_W-2024.09-SP1, Linux x86_64/64bit, 11/30/2024
(C) 1996 - 2024 by Synopsys, Inc.
*Verdi* FSDB WARNING: The FSDB file already exists. Overwriting the FSDB file may crash the programs that are using this file.
*Verdi* : Create FSDB file 'novas.fsdb'
*Verdi* : Enable dumping region information.
*Verdi* : Enable dumping glitch values.
*Verdi* : Enable dumping value change sequence.
*Verdi* : Begin traversing the scopes, layer (0).
*Verdi* : Enable +all dumping.
*Verdi* : End of traversing.
reg[0] =          x, reg[1] =          x, reg[2] =          x, reg[3] =          x, reg[4] =          x, reg[5] =          x, reg[6] =          x
reg[0] =          0, reg[1] =          0, reg[2] =          0, reg[3] =          0, reg[4] =          0, reg[5] =          0, reg[6] =          0
reg[0] =          0, reg[1] =          0, reg[2] =          0, reg[3] =          0, reg[4] =          0, reg[5] =          0, reg[6] =          0
reg[0] =          0, reg[1] =          0, reg[2] =          0, reg[3] =          0, reg[4] =          0, reg[5] =          0, reg[6] =          0
reg[0] =          0, reg[1] =          0, reg[2] =          0, reg[3] =          0, reg[4] =          0, reg[5] =          0, reg[6] =          0
reg[0] =          0, reg[1] =          0, reg[2] =          0, reg[3] =          0, reg[4] =          0, reg[5] =          0, reg[6] =          0
reg[0] =          0, reg[1] =          0, reg[2] =          0, reg[3] =          0, reg[4] =          0, reg[5] =          0, reg[6] =          0
reg[0] =          0, reg[1] =          1, reg[2] =          0, reg[3] =          0, reg[4] =          0, reg[5] =          0, reg[6] =          0
reg[0] =          0, reg[1] =          1, reg[2] =          0, reg[3] =          0, reg[4] =          0, reg[5] =          0, reg[6] =          0
reg[0] =          0, reg[1] =          1, reg[2] =          0, reg[3] =          0, reg[4] =          0, reg[5] =          0, reg[6] =          0
reg[0] =          0, reg[1] =          1, reg[2] =          0, reg[3] =          0, reg[4] =          0, reg[5] =          0, reg[6] =          0
reg[0] =          0, reg[1] =          1, reg[2] =          0, reg[3] =          1, reg[4] =          0, reg[5] =          0, reg[6] =          0
reg[0] =          0, reg[1] =          1, reg[2] =          1, reg[3] =          1, reg[4] =          0, reg[5] =          0, reg[6] =          0
reg[0] =          0, reg[1] =          1, reg[2] =          1, reg[3] =          1, reg[4] =          0, reg[5] =          0, reg[6] =          0
reg[0] =          0, reg[1] =          1, reg[2] =          1, reg[3] =          1, reg[4] =          0, reg[5] =          0, reg[6] =          0
reg[0] =          0, reg[1] =          1, reg[2] =          1, reg[3] =          1, reg[4] =          0, reg[5] =          4, reg[6] =          0
reg[0] =          0, reg[1] =          1, reg[2] =          1, reg[3] =          1, reg[4] =          0, reg[5] =          4, reg[6] =          0
reg[0] =          0, reg[1] =          1, reg[2] =          1, reg[3] =          1, reg[4] =          0, reg[5] =          4, reg[6] =          0
reg[0] =          0, reg[1] =          1, reg[2] =          1, reg[3] =          1, reg[4] =          0, reg[5] =          4, reg[6] =          0
reg[0] =          0, reg[1] =          1, reg[2] =          1, reg[3] =          1, reg[4] =          0, reg[5] =          4, reg[6] =          0
reg[0] =          0, reg[1] =          1, reg[2] =          1, reg[3] =          1, reg[4] =          0, reg[5] =          4, reg[6] =          0
reg[0] =          0, reg[1] =          1, reg[2] =          1, reg[3] =          2, reg[4] =          0, reg[5] =          4, reg[6] =          0
reg[0] =          0, reg[1] =          1, reg[2] =          1, reg[3] =          2, reg[4] =          0, reg[5] =          4, reg[6] =          0
reg[0] =          0, reg[1] =          2, reg[2] =          1, reg[3] =          2, reg[4] =          0, reg[5] =          4, reg[6] =          0
reg[0] =          0, reg[1] =          2, reg[2] =          1, reg[3] =          2, reg[4] =          0, reg[5] =          4, reg[6] =          0
reg[0] =          0, reg[1] =          2, reg[2] =          1, reg[3] =          2, reg[4] =          0, reg[5] =          8, reg[6] =          0
reg[0] =          0, reg[1] =          2, reg[2] =          1, reg[3] =          2, reg[4] =          0, reg[5] =          8, reg[6] =          0
reg[0] =          0, reg[1] =          2, reg[2] =          1, reg[3] =          2, reg[4] =          0, reg[5] =          8, reg[6] =          0
reg[0] =          0, reg[1] =          2, reg[2] =          1, reg[3] =          2, reg[4] =          0, reg[5] =          8, reg[6] =          0
reg[0] =          0, reg[1] =          2, reg[2] =          1, reg[3] =          2, reg[4] =          0, reg[5] =          8, reg[6] =          0
reg[0] =          0, reg[1] =          2, reg[2] =          1, reg[3] =          2, reg[4] =          0, reg[5] =          8, reg[6] =          0
reg[0] =          0, reg[1] =          2, reg[2] =          1, reg[3] =          3, reg[4] =          0, reg[5] =          8, reg[6] =          0
reg[0] =          0, reg[1] =          2, reg[2] =          2, reg[3] =          3, reg[4] =          0, reg[5] =          8, reg[6] =          0
reg[0] =          0, reg[1] =          3, reg[2] =          2, reg[3] =          3, reg[4] =          0, reg[5] =          8, reg[6] =          0
reg[0] =          0, reg[1] =          3, reg[2] =          2, reg[3] =          3, reg[4] =          0, reg[5] =          8, reg[6] =          0
reg[0] =          0, reg[1] =          3, reg[2] =          2, reg[3] =          3, reg[4] =          0, reg[5] =         12, reg[6] =          0
reg[0] =          0, reg[1] =          3, reg[2] =          2, reg[3] =          3, reg[4] =          0, reg[5] =         12, reg[6] =          0
reg[0] =          0, reg[1] =          3, reg[2] =          2, reg[3] =          3, reg[4] =          0, reg[5] =         12, reg[6] =          0
reg[0] =          0, reg[1] =          3, reg[2] =          2, reg[3] =          3, reg[4] =          0, reg[5] =         12, reg[6] =          0
reg[0] =          0, reg[1] =          3, reg[2] =          2, reg[3] =          3, reg[4] =          0, reg[5] =         12, reg[6] =          0
reg[0] =          0, reg[1] =          3, reg[2] =          2, reg[3] =          3, reg[4] =          0, reg[5] =         12, reg[6] =          0
reg[0] =          0, reg[1] =          3, reg[2] =          2, reg[3] =          5, reg[4] =          0, reg[5] =         12, reg[6] =          0
reg[0] =          0, reg[1] =          3, reg[2] =          3, reg[3] =          5, reg[4] =          0, reg[5] =         12, reg[6] =          0
reg[0] =          0, reg[1] =          5, reg[2] =          3, reg[3] =          5, reg[4] =          0, reg[5] =         12, reg[6] =          0
reg[0] =          0, reg[1] =          5, reg[2] =          3, reg[3] =          5, reg[4] =          0, reg[5] =         12, reg[6] =          0
reg[0] =          0, reg[1] =          5, reg[2] =          3, reg[3] =          5, reg[4] =          0, reg[5] =         16, reg[6] =          0
reg[0] =          0, reg[1] =          5, reg[2] =          3, reg[3] =          5, reg[4] =          0, reg[5] =         16, reg[6] =          0
reg[0] =          0, reg[1] =          5, reg[2] =          3, reg[3] =          5, reg[4] =          0, reg[5] =         16, reg[6] =          0
reg[0] =          0, reg[1] =          5, reg[2] =          3, reg[3] =          5, reg[4] =          0, reg[5] =         16, reg[6] =          0
reg[0] =          0, reg[1] =          5, reg[2] =          3, reg[3] =          5, reg[4] =          0, reg[5] =         16, reg[6] =          0
reg[0] =          0, reg[1] =          5, reg[2] =          3, reg[3] =          5, reg[4] =          0, reg[5] =         16, reg[6] =          0
reg[0] =          0, reg[1] =          5, reg[2] =          3, reg[3] =          8, reg[4] =          0, reg[5] =         16, reg[6] =          0
reg[0] =          0, reg[1] =          5, reg[2] =          5, reg[3] =          8, reg[4] =          0, reg[5] =         16, reg[6] =          0
reg[0] =          0, reg[1] =          8, reg[2] =          5, reg[3] =          8, reg[4] =          0, reg[5] =         16, reg[6] =          0
reg[0] =          0, reg[1] =          8, reg[2] =          5, reg[3] =          8, reg[4] =          0, reg[5] =         16, reg[6] =          0
reg[0] =          0, reg[1] =          8, reg[2] =          5, reg[3] =          8, reg[4] =          0, reg[5] =         20, reg[6] =          0
reg[0] =          0, reg[1] =          8, reg[2] =          5, reg[3] =          8, reg[4] =          0, reg[5] =         20, reg[6] =          0
reg[0] =          0, reg[1] =          8, reg[2] =          5, reg[3] =          8, reg[4] =          0, reg[5] =         20, reg[6] =          0
reg[0] =          0, reg[1] =          8, reg[2] =          5, reg[3] =          8, reg[4] =          0, reg[5] =         20, reg[6] =          0
reg[0] =          0, reg[1] =          8, reg[2] =          5, reg[3] =          8, reg[4] =          0, reg[5] =         20, reg[6] =          0
reg[0] =          0, reg[1] =          8, reg[2] =          5, reg[3] =          8, reg[4] =          0, reg[5] =         20, reg[6] =          0
reg[0] =          0, reg[1] =          8, reg[2] =          5, reg[3] =         13, reg[4] =          0, reg[5] =         20, reg[6] =          0
reg[0] =          0, reg[1] =          8, reg[2] =          8, reg[3] =         13, reg[4] =          0, reg[5] =         20, reg[6] =          0
reg[0] =          0, reg[1] =         13, reg[2] =          8, reg[3] =         13, reg[4] =          0, reg[5] =         20, reg[6] =          0
reg[0] =          0, reg[1] =         13, reg[2] =          8, reg[3] =         13, reg[4] =          0, reg[5] =         20, reg[6] =          0
reg[0] =          0, reg[1] =         13, reg[2] =          8, reg[3] =         13, reg[4] =          0, reg[5] =         24, reg[6] =          0
reg[0] =          0, reg[1] =         13, reg[2] =          8, reg[3] =         13, reg[4] =          0, reg[5] =         24, reg[6] =          0
reg[0] =          0, reg[1] =         13, reg[2] =          8, reg[3] =         13, reg[4] =          0, reg[5] =         24, reg[6] =          0
reg[0] =          0, reg[1] =         13, reg[2] =          8, reg[3] =         13, reg[4] =          0, reg[5] =         24, reg[6] =          0
reg[0] =          0, reg[1] =         13, reg[2] =          8, reg[3] =         13, reg[4] =          0, reg[5] =         24, reg[6] =          0
reg[0] =          0, reg[1] =         13, reg[2] =          8, reg[3] =         13, reg[4] =          0, reg[5] =         24, reg[6] =         13
reg[0] =          0, reg[1] =         13, reg[2] =          8, reg[3] =         13, reg[4] =          0, reg[5] =         24, reg[6] =         13
reg[0] =          0, reg[1] =         26, reg[2] =          8, reg[3] =         13, reg[4] =          0, reg[5] =         24, reg[6] =         13
reg[0] =          0, reg[1] =         26, reg[2] =          8, reg[3] =         13, reg[4] =          0, reg[5] =         24, reg[6] =         13
reg[0] =          0, reg[1] =         26, reg[2] =          8, reg[3] =         13, reg[4] =          0, reg[5] =         24, reg[6] =         13
reg[0] =          0, reg[1] =         26, reg[2] =          8, reg[3] =         13, reg[4] =          0, reg[5] =         24, reg[6] =         13
reg[0] =          0, reg[1] =         26, reg[2] =          8, reg[3] =         13, reg[4] =          0, reg[5] =         24, reg[6] =         13
reg[0] =          0, reg[1] =         26, reg[2] =          8, reg[3] =         13, reg[4] =          0, reg[5] =         24, reg[6] =         13
reg[0] =          0, reg[1] =         26, reg[2] =          8, reg[3] =         13, reg[4] =          0, reg[5] =         24, reg[6] =         13
reg[0] =          0, reg[1] =         26, reg[2] =          8, reg[3] =         13, reg[4] =          0, reg[5] =         24, reg[6] =         13
reg[0] =          0, reg[1] =         26, reg[2] =          8, reg[3] =         13, reg[4] =          0, reg[5] =         24, reg[6] =         13
reg[0] =          0, reg[1] =         26, reg[2] =          8, reg[3] =         13, reg[4] =          0, reg[5] =         24, reg[6] =         13
reg[0] =          0, reg[1] =         26, reg[2] =          8, reg[3] =         13, reg[4] =          0, reg[5] =         24, reg[6] =         13
reg[0] =          0, reg[1] =         26, reg[2] =          8, reg[3] =         13, reg[4] =          0, reg[5] =         24, reg[6] =         13
reg[0] =          0, reg[1] =         26, reg[2] =          8, reg[3] =         13, reg[4] =          0, reg[5] =         24, reg[6] =         13
reg[0] =          0, reg[1] =         26, reg[2] =          8, reg[3] =         13, reg[4] =          0, reg[5] =         24, reg[6] =         13
reg[0] =          0, reg[1] =         26, reg[2] =          8, reg[3] =         13, reg[4] =          0, reg[5] =         24, reg[6] =         13
reg[0] =          0, reg[1] =         26, reg[2] =          8, reg[3] =         13, reg[4] =          0, reg[5] =         24, reg[6] =         13
reg[0] =          0, reg[1] =         26, reg[2] =          8, reg[3] =         13, reg[4] =          0, reg[5] =         24, reg[6] =         13
reg[0] =          0, reg[1] =         26, reg[2] =          8, reg[3] =         13, reg[4] =          0, reg[5] =         24, reg[6] =         13
reg[0] =          0, reg[1] =         26, reg[2] =          8, reg[3] =         13, reg[4] =          0, reg[5] =         24, reg[6] =         13
reg[0] =          0, reg[1] =         26, reg[2] =          8, reg[3] =         13, reg[4] =          0, reg[5] =         24, reg[6] =         13
reg[0] =          0, reg[1] =         26, reg[2] =          8, reg[3] =         13, reg[4] =          0, reg[5] =         24, reg[6] =         13
reg[0] =          0, reg[1] =         26, reg[2] =          8, reg[3] =         13, reg[4] =          0, reg[5] =         24, reg[6] =         13
reg[0] =          0, reg[1] =         26, reg[2] =          8, reg[3] =         13, reg[4] =          0, reg[5] =         24, reg[6] =         13
reg[0] =          0, reg[1] =         26, reg[2] =          8, reg[3] =         13, reg[4] =          0, reg[5] =         24, reg[6] =         13
reg[0] =          0, reg[1] =         26, reg[2] =          8, reg[3] =         13, reg[4] =          0, reg[5] =         24, reg[6] =         13
reg[0] =          0, reg[1] =         26, reg[2] =          8, reg[3] =         13, reg[4] =          0, reg[5] =         24, reg[6] =         13
reg[0] =          0, reg[1] =         26, reg[2] =          8, reg[3] =         13, reg[4] =          0, reg[5] =         24, reg[6] =         13
reg[0] =          0, reg[1] =         26, reg[2] =          8, reg[3] =         13, reg[4] =          0, reg[5] =         24, reg[6] =         13
reg[0] =          0, reg[1] =         26, reg[2] =          8, reg[3] =         13, reg[4] =          0, reg[5] =         24, reg[6] =         13
reg[0] =          0, reg[1] =         26, reg[2] =          8, reg[3] =         13, reg[4] =          0, reg[5] =         24, reg[6] =         13
reg[0] =          0, reg[1] =         26, reg[2] =          8, reg[3] =         13, reg[4] =          0, reg[5] =         24, reg[6] =         13
reg[0] =          0, reg[1] =         26, reg[2] =          8, reg[3] =         13, reg[4] =          0, reg[5] =         24, reg[6] =         13
reg[0] =          0, reg[1] =         26, reg[2] =          8, reg[3] =         13, reg[4] =          0, reg[5] =         24, reg[6] =         13
reg[0] =          0, reg[1] =         26, reg[2] =          8, reg[3] =         13, reg[4] =          0, reg[5] =         24, reg[6] =         13
reg[0] =          0, reg[1] =         26, reg[2] =          8, reg[3] =         13, reg[4] =          0, reg[5] =         24, reg[6] =         13
reg[0] =          0, reg[1] =         26, reg[2] =          8, reg[3] =         13, reg[4] =          0, reg[5] =         24, reg[6] =         13
reg[0] =          0, reg[1] =         26, reg[2] =          8, reg[3] =         13, reg[4] =          0, reg[5] =         24, reg[6] =         13
reg[0] =          0, reg[1] =         26, reg[2] =          8, reg[3] =         13, reg[4] =          0, reg[5] =         24, reg[6] =         13
reg[0] =          0, reg[1] =         26, reg[2] =          8, reg[3] =         13, reg[4] =          0, reg[5] =         24, reg[6] =         13
reg[0] =          0, reg[1] =         26, reg[2] =          8, reg[3] =         13, reg[4] =          0, reg[5] =         24, reg[6] =         13
reg[0] =          0, reg[1] =         26, reg[2] =          8, reg[3] =         13, reg[4] =          0, reg[5] =         24, reg[6] =         13
reg[0] =          0, reg[1] =         26, reg[2] =          8, reg[3] =         13, reg[4] =          0, reg[5] =         24, reg[6] =         13
reg[0] =          0, reg[1] =         26, reg[2] =          8, reg[3] =         13, reg[4] =          0, reg[5] =         24, reg[6] =         13
reg[0] =          0, reg[1] =         26, reg[2] =          8, reg[3] =         13, reg[4] =          0, reg[5] =         24, reg[6] =         13
reg[0] =          0, reg[1] =         26, reg[2] =          8, reg[3] =         13, reg[4] =          0, reg[5] =         24, reg[6] =         13
reg[0] =          0, reg[1] =         26, reg[2] =          8, reg[3] =         13, reg[4] =          0, reg[5] =         24, reg[6] =         13
reg[0] =          0, reg[1] =         26, reg[2] =          8, reg[3] =         13, reg[4] =          0, reg[5] =         24, reg[6] =         13
reg[0] =          0, reg[1] =         26, reg[2] =          8, reg[3] =         13, reg[4] =          0, reg[5] =         24, reg[6] =         13
reg[0] =          0, reg[1] =         26, reg[2] =          8, reg[3] =         13, reg[4] =          0, reg[5] =         24, reg[6] =         13
reg[0] =          0, reg[1] =         26, reg[2] =          8, reg[3] =         13, reg[4] =          0, reg[5] =         24, reg[6] =         13
reg[0] =          0, reg[1] =         26, reg[2] =          8, reg[3] =         13, reg[4] =          0, reg[5] =         24, reg[6] =         13
reg[0] =          0, reg[1] =         26, reg[2] =          8, reg[3] =         13, reg[4] =          0, reg[5] =         24, reg[6] =         13
reg[0] =          0, reg[1] =         26, reg[2] =          8, reg[3] =         13, reg[4] =          0, reg[5] =         24, reg[6] =         13
reg[0] =          0, reg[1] =         26, reg[2] =          8, reg[3] =         13, reg[4] =          0, reg[5] =         24, reg[6] =         13
reg[0] =          0, reg[1] =         26, reg[2] =          8, reg[3] =         13, reg[4] =          0, reg[5] =         24, reg[6] =         13
reg[0] =          0, reg[1] =         26, reg[2] =          8, reg[3] =         13, reg[4] =          0, reg[5] =         24, reg[6] =         13
reg[0] =          0, reg[1] =         26, reg[2] =          8, reg[3] =         13, reg[4] =          0, reg[5] =         24, reg[6] =         13
reg[0] =          0, reg[1] =         26, reg[2] =          8, reg[3] =         13, reg[4] =          0, reg[5] =         24, reg[6] =         13
reg[0] =          0, reg[1] =         26, reg[2] =          8, reg[3] =         13, reg[4] =          0, reg[5] =         24, reg[6] =         13
reg[0] =          0, reg[1] =         26, reg[2] =          8, reg[3] =         13, reg[4] =          0, reg[5] =         24, reg[6] =         13
reg[0] =          0, reg[1] =         26, reg[2] =          8, reg[3] =         13, reg[4] =          0, reg[5] =         24, reg[6] =         13
reg[0] =          0, reg[1] =         26, reg[2] =          8, reg[3] =         13, reg[4] =          0, reg[5] =         24, reg[6] =         13
reg[0] =          0, reg[1] =         26, reg[2] =          8, reg[3] =         13, reg[4] =          0, reg[5] =         24, reg[6] =         13
reg[0] =          0, reg[1] =         26, reg[2] =          8, reg[3] =         13, reg[4] =          0, reg[5] =         24, reg[6] =         13
reg[0] =          0, reg[1] =         26, reg[2] =          8, reg[3] =         13, reg[4] =          0, reg[5] =         24, reg[6] =         13
reg[0] =          0, reg[1] =         26, reg[2] =          8, reg[3] =         13, reg[4] =          0, reg[5] =         24, reg[6] =         13
reg[0] =          0, reg[1] =         26, reg[2] =          8, reg[3] =         13, reg[4] =          0, reg[5] =         24, reg[6] =         13
reg[0] =          0, reg[1] =         26, reg[2] =          8, reg[3] =         13, reg[4] =          0, reg[5] =         24, reg[6] =         13
reg[0] =          0, reg[1] =         26, reg[2] =          8, reg[3] =         13, reg[4] =          0, reg[5] =         24, reg[6] =         13
reg[0] =          0, reg[1] =         26, reg[2] =          8, reg[3] =         13, reg[4] =          0, reg[5] =         24, reg[6] =         13
reg[0] =          0, reg[1] =         26, reg[2] =          8, reg[3] =         13, reg[4] =          0, reg[5] =         24, reg[6] =         13
reg[0] =          0, reg[1] =         26, reg[2] =          8, reg[3] =         13, reg[4] =          0, reg[5] =         24, reg[6] =         13
reg[0] =          0, reg[1] =         26, reg[2] =          8, reg[3] =         13, reg[4] =          0, reg[5] =         24, reg[6] =         13
reg[0] =          0, reg[1] =         26, reg[2] =          8, reg[3] =         13, reg[4] =          0, reg[5] =         24, reg[6] =         13
reg[0] =          0, reg[1] =         26, reg[2] =          8, reg[3] =         13, reg[4] =          0, reg[5] =         24, reg[6] =         13
reg[0] =          0, reg[1] =         26, reg[2] =          8, reg[3] =         13, reg[4] =          0, reg[5] =         24, reg[6] =         13
reg[0] =          0, reg[1] =         26, reg[2] =          8, reg[3] =         13, reg[4] =          0, reg[5] =         24, reg[6] =         13
reg[0] =          0, reg[1] =         26, reg[2] =          8, reg[3] =         13, reg[4] =          0, reg[5] =         24, reg[6] =         13
reg[0] =          0, reg[1] =         26, reg[2] =          8, reg[3] =         13, reg[4] =          0, reg[5] =         24, reg[6] =         13
reg[0] =          0, reg[1] =         26, reg[2] =          8, reg[3] =         13, reg[4] =          0, reg[5] =         24, reg[6] =         13
reg[0] =          0, reg[1] =         26, reg[2] =          8, reg[3] =         13, reg[4] =          0, reg[5] =         24, reg[6] =         13
reg[0] =          0, reg[1] =         26, reg[2] =          8, reg[3] =         13, reg[4] =          0, reg[5] =         24, reg[6] =         13
reg[0] =          0, reg[1] =         26, reg[2] =          8, reg[3] =         13, reg[4] =          0, reg[5] =         24, reg[6] =         13
reg[0] =          0, reg[1] =         26, reg[2] =          8, reg[3] =         13, reg[4] =          0, reg[5] =         24, reg[6] =         13
reg[0] =          0, reg[1] =         26, reg[2] =          8, reg[3] =         13, reg[4] =          0, reg[5] =         24, reg[6] =         13
reg[0] =          0, reg[1] =         26, reg[2] =          8, reg[3] =         13, reg[4] =          0, reg[5] =         24, reg[6] =         13
reg[0] =          0, reg[1] =         26, reg[2] =          8, reg[3] =         13, reg[4] =          0, reg[5] =         24, reg[6] =         13
reg[0] =          0, reg[1] =         26, reg[2] =          8, reg[3] =         13, reg[4] =          0, reg[5] =         24, reg[6] =         13
reg[0] =          0, reg[1] =         26, reg[2] =          8, reg[3] =         13, reg[4] =          0, reg[5] =         24, reg[6] =         13
reg[0] =          0, reg[1] =         26, reg[2] =          8, reg[3] =         13, reg[4] =          0, reg[5] =         24, reg[6] =         13
reg[0] =          0, reg[1] =         26, reg[2] =          8, reg[3] =         13, reg[4] =          0, reg[5] =         24, reg[6] =         13
reg[0] =          0, reg[1] =         26, reg[2] =          8, reg[3] =         13, reg[4] =          0, reg[5] =         24, reg[6] =         13
reg[0] =          0, reg[1] =         26, reg[2] =          8, reg[3] =         13, reg[4] =          0, reg[5] =         24, reg[6] =         13
reg[0] =          0, reg[1] =         26, reg[2] =          8, reg[3] =         13, reg[4] =          0, reg[5] =         24, reg[6] =         13
reg[0] =          0, reg[1] =         26, reg[2] =          8, reg[3] =         13, reg[4] =          0, reg[5] =         24, reg[6] =         13
reg[0] =          0, reg[1] =         26, reg[2] =          8, reg[3] =         13, reg[4] =          0, reg[5] =         24, reg[6] =         13
reg[0] =          0, reg[1] =         26, reg[2] =          8, reg[3] =         13, reg[4] =          0, reg[5] =         24, reg[6] =         13
reg[0] =          0, reg[1] =         26, reg[2] =          8, reg[3] =         13, reg[4] =          0, reg[5] =         24, reg[6] =         13
reg[0] =          0, reg[1] =         26, reg[2] =          8, reg[3] =         13, reg[4] =          0, reg[5] =         24, reg[6] =         13
reg[0] =          0, reg[1] =         26, reg[2] =          8, reg[3] =         13, reg[4] =          0, reg[5] =         24, reg[6] =         13
reg[0] =          0, reg[1] =         26, reg[2] =          8, reg[3] =         13, reg[4] =          0, reg[5] =         24, reg[6] =         13
reg[0] =          0, reg[1] =         26, reg[2] =          8, reg[3] =         13, reg[4] =          0, reg[5] =         24, reg[6] =         13
reg[0] =          0, reg[1] =         26, reg[2] =          8, reg[3] =         13, reg[4] =          0, reg[5] =         24, reg[6] =         13
reg[0] =          0, reg[1] =         26, reg[2] =          8, reg[3] =         13, reg[4] =          0, reg[5] =         24, reg[6] =         13
reg[0] =          0, reg[1] =         26, reg[2] =          8, reg[3] =         13, reg[4] =          0, reg[5] =         24, reg[6] =         13
reg[0] =          0, reg[1] =         26, reg[2] =          8, reg[3] =         13, reg[4] =          0, reg[5] =         24, reg[6] =         13
reg[0] =          0, reg[1] =         26, reg[2] =          8, reg[3] =         13, reg[4] =          0, reg[5] =         24, reg[6] =         13
reg[0] =          0, reg[1] =         26, reg[2] =          8, reg[3] =         13, reg[4] =          0, reg[5] =         24, reg[6] =         13
reg[0] =          0, reg[1] =         26, reg[2] =          8, reg[3] =         13, reg[4] =          0, reg[5] =         24, reg[6] =         13
reg[0] =          0, reg[1] =         26, reg[2] =          8, reg[3] =         13, reg[4] =          0, reg[5] =         24, reg[6] =         13
reg[0] =          0, reg[1] =         26, reg[2] =          8, reg[3] =         13, reg[4] =          0, reg[5] =         24, reg[6] =         13
reg[0] =          0, reg[1] =         26, reg[2] =          8, reg[3] =         13, reg[4] =          0, reg[5] =         24, reg[6] =         13
reg[0] =          0, reg[1] =         26, reg[2] =          8, reg[3] =         13, reg[4] =          0, reg[5] =         24, reg[6] =         13
reg[0] =          0, reg[1] =         26, reg[2] =          8, reg[3] =         13, reg[4] =          0, reg[5] =         24, reg[6] =         13
reg[0] =          0, reg[1] =         26, reg[2] =          8, reg[3] =         13, reg[4] =          0, reg[5] =         24, reg[6] =         13
reg[0] =          0, reg[1] =         26, reg[2] =          8, reg[3] =         13, reg[4] =          0, reg[5] =         24, reg[6] =         13
reg[0] =          0, reg[1] =         26, reg[2] =          8, reg[3] =         13, reg[4] =          0, reg[5] =         24, reg[6] =         13
reg[0] =          0, reg[1] =         26, reg[2] =          8, reg[3] =         13, reg[4] =          0, reg[5] =         24, reg[6] =         13
reg[0] =          0, reg[1] =         26, reg[2] =          8, reg[3] =         13, reg[4] =          0, reg[5] =         24, reg[6] =         13
reg[0] =          0, reg[1] =         26, reg[2] =          8, reg[3] =         13, reg[4] =          0, reg[5] =         24, reg[6] =         13
reg[0] =          0, reg[1] =         26, reg[2] =          8, reg[3] =         13, reg[4] =          0, reg[5] =         24, reg[6] =         13
reg[0] =          0, reg[1] =         26, reg[2] =          8, reg[3] =         13, reg[4] =          0, reg[5] =         24, reg[6] =         13
reg[0] =          0, reg[1] =         26, reg[2] =          8, reg[3] =         13, reg[4] =          0, reg[5] =         24, reg[6] =         13
reg[0] =          0, reg[1] =         26, reg[2] =          8, reg[3] =         13, reg[4] =          0, reg[5] =         24, reg[6] =         13
reg[0] =          0, reg[1] =         26, reg[2] =          8, reg[3] =         13, reg[4] =          0, reg[5] =         24, reg[6] =         13
reg[0] =          0, reg[1] =         26, reg[2] =          8, reg[3] =         13, reg[4] =          0, reg[5] =         24, reg[6] =         13
reg[0] =          0, reg[1] =         26, reg[2] =          8, reg[3] =         13, reg[4] =          0, reg[5] =         24, reg[6] =         13
reg[0] =          0, reg[1] =         26, reg[2] =          8, reg[3] =         13, reg[4] =          0, reg[5] =         24, reg[6] =         13
reg[0] =          0, reg[1] =         26, reg[2] =          8, reg[3] =         13, reg[4] =          0, reg[5] =         24, reg[6] =         13
reg[0] =          0, reg[1] =         26, reg[2] =          8, reg[3] =         13, reg[4] =          0, reg[5] =         24, reg[6] =         13
reg[0] =          0, reg[1] =         26, reg[2] =          8, reg[3] =         13, reg[4] =          0, reg[5] =         24, reg[6] =         13
reg[0] =          0, reg[1] =         26, reg[2] =          8, reg[3] =         13, reg[4] =          0, reg[5] =         24, reg[6] =         13
reg[0] =          0, reg[1] =         26, reg[2] =          8, reg[3] =         13, reg[4] =          0, reg[5] =         24, reg[6] =         13
reg[0] =          0, reg[1] =         26, reg[2] =          8, reg[3] =         13, reg[4] =          0, reg[5] =         24, reg[6] =         13
reg[0] =          0, reg[1] =         26, reg[2] =          8, reg[3] =         13, reg[4] =          0, reg[5] =         24, reg[6] =         13
reg[0] =          0, reg[1] =         26, reg[2] =          8, reg[3] =         13, reg[4] =          0, reg[5] =         24, reg[6] =         13
reg[0] =          0, reg[1] =         26, reg[2] =          8, reg[3] =         13, reg[4] =          0, reg[5] =         24, reg[6] =         13
reg[0] =          0, reg[1] =         26, reg[2] =          8, reg[3] =         13, reg[4] =          0, reg[5] =         24, reg[6] =         13
reg[0] =          0, reg[1] =         26, reg[2] =          8, reg[3] =         13, reg[4] =          0, reg[5] =         24, reg[6] =         13
reg[0] =          0, reg[1] =         26, reg[2] =          8, reg[3] =         13, reg[4] =          0, reg[5] =         24, reg[6] =         13
reg[0] =          0, reg[1] =         26, reg[2] =          8, reg[3] =         13, reg[4] =          0, reg[5] =         24, reg[6] =         13
reg[0] =          0, reg[1] =         26, reg[2] =          8, reg[3] =         13, reg[4] =          0, reg[5] =         24, reg[6] =         13
reg[0] =          0, reg[1] =         26, reg[2] =          8, reg[3] =         13, reg[4] =          0, reg[5] =         24, reg[6] =         13
reg[0] =          0, reg[1] =         26, reg[2] =          8, reg[3] =         13, reg[4] =          0, reg[5] =         24, reg[6] =         13
reg[0] =          0, reg[1] =         26, reg[2] =          8, reg[3] =         13, reg[4] =          0, reg[5] =         24, reg[6] =         13
reg[0] =          0, reg[1] =         26, reg[2] =          8, reg[3] =         13, reg[4] =          0, reg[5] =         24, reg[6] =         13
reg[0] =          0, reg[1] =         26, reg[2] =          8, reg[3] =         13, reg[4] =          0, reg[5] =         24, reg[6] =         13
reg[0] =          0, reg[1] =         26, reg[2] =          8, reg[3] =         13, reg[4] =          0, reg[5] =         24, reg[6] =         13
reg[0] =          0, reg[1] =         26, reg[2] =          8, reg[3] =         13, reg[4] =          0, reg[5] =         24, reg[6] =         13
reg[0] =          0, reg[1] =         26, reg[2] =          8, reg[3] =         13, reg[4] =          0, reg[5] =         24, reg[6] =         13
reg[0] =          0, reg[1] =         26, reg[2] =          8, reg[3] =         13, reg[4] =          0, reg[5] =         24, reg[6] =         13
reg[0] =          0, reg[1] =         26, reg[2] =          8, reg[3] =         13, reg[4] =          0, reg[5] =         24, reg[6] =         13
reg[0] =          0, reg[1] =         26, reg[2] =          8, reg[3] =         13, reg[4] =          0, reg[5] =         24, reg[6] =         13
reg[0] =          0, reg[1] =         26, reg[2] =          8, reg[3] =         13, reg[4] =          0, reg[5] =         24, reg[6] =         13
reg[0] =          0, reg[1] =         26, reg[2] =          8, reg[3] =         13, reg[4] =          0, reg[5] =         24, reg[6] =         13
reg[0] =          0, reg[1] =         26, reg[2] =          8, reg[3] =         13, reg[4] =          0, reg[5] =         24, reg[6] =         13
reg[0] =          0, reg[1] =         26, reg[2] =          8, reg[3] =         13, reg[4] =          0, reg[5] =         24, reg[6] =         13
reg[0] =          0, reg[1] =         26, reg[2] =          8, reg[3] =         13, reg[4] =          0, reg[5] =         24, reg[6] =         13
reg[0] =          0, reg[1] =         26, reg[2] =          8, reg[3] =         13, reg[4] =          0, reg[5] =         24, reg[6] =         13
reg[0] =          0, reg[1] =         26, reg[2] =          8, reg[3] =         13, reg[4] =          0, reg[5] =         24, reg[6] =         13
reg[0] =          0, reg[1] =         26, reg[2] =          8, reg[3] =         13, reg[4] =          0, reg[5] =         24, reg[6] =         13
reg[0] =          0, reg[1] =         26, reg[2] =          8, reg[3] =         13, reg[4] =          0, reg[5] =         24, reg[6] =         13
reg[0] =          0, reg[1] =         26, reg[2] =          8, reg[3] =         13, reg[4] =          0, reg[5] =         24, reg[6] =         13
reg[0] =          0, reg[1] =         26, reg[2] =          8, reg[3] =         13, reg[4] =          0, reg[5] =         24, reg[6] =         13
reg[0] =          0, reg[1] =         26, reg[2] =          8, reg[3] =         13, reg[4] =          0, reg[5] =         24, reg[6] =         13
reg[0] =          0, reg[1] =         26, reg[2] =          8, reg[3] =         13, reg[4] =          0, reg[5] =         24, reg[6] =         13
reg[0] =          0, reg[1] =         26, reg[2] =          8, reg[3] =         13, reg[4] =          0, reg[5] =         24, reg[6] =         13
reg[0] =          0, reg[1] =         26, reg[2] =          8, reg[3] =         13, reg[4] =          0, reg[5] =         24, reg[6] =         13
reg[0] =          0, reg[1] =         26, reg[2] =          8, reg[3] =         13, reg[4] =          0, reg[5] =         24, reg[6] =         13
reg[0] =          0, reg[1] =         26, reg[2] =          8, reg[3] =         13, reg[4] =          0, reg[5] =         24, reg[6] =         13
reg[0] =          0, reg[1] =         26, reg[2] =          8, reg[3] =         13, reg[4] =          0, reg[5] =         24, reg[6] =         13
reg[0] =          0, reg[1] =         26, reg[2] =          8, reg[3] =         13, reg[4] =          0, reg[5] =         24, reg[6] =         13
reg[0] =          0, reg[1] =         26, reg[2] =          8, reg[3] =         13, reg[4] =          0, reg[5] =         24, reg[6] =         13
reg[0] =          0, reg[1] =         26, reg[2] =          8, reg[3] =         13, reg[4] =          0, reg[5] =         24, reg[6] =         13
reg[0] =          0, reg[1] =         26, reg[2] =          8, reg[3] =         13, reg[4] =          0, reg[5] =         24, reg[6] =         13
reg[0] =          0, reg[1] =         26, reg[2] =          8, reg[3] =         13, reg[4] =          0, reg[5] =         24, reg[6] =         13
reg[0] =          0, reg[1] =         26, reg[2] =          8, reg[3] =         13, reg[4] =          0, reg[5] =         24, reg[6] =         13
reg[0] =          0, reg[1] =         26, reg[2] =          8, reg[3] =         13, reg[4] =          0, reg[5] =         24, reg[6] =         13
reg[0] =          0, reg[1] =         26, reg[2] =          8, reg[3] =         13, reg[4] =          0, reg[5] =         24, reg[6] =         13
reg[0] =          0, reg[1] =         26, reg[2] =          8, reg[3] =         13, reg[4] =          0, reg[5] =         24, reg[6] =         13
reg[0] =          0, reg[1] =         26, reg[2] =          8, reg[3] =         13, reg[4] =          0, reg[5] =         24, reg[6] =         13
reg[0] =          0, reg[1] =         26, reg[2] =          8, reg[3] =         13, reg[4] =          0, reg[5] =         24, reg[6] =         13
reg[0] =          0, reg[1] =         26, reg[2] =          8, reg[3] =         13, reg[4] =          0, reg[5] =         24, reg[6] =         13
reg[0] =          0, reg[1] =         26, reg[2] =          8, reg[3] =         13, reg[4] =          0, reg[5] =         24, reg[6] =         13
reg[0] =          0, reg[1] =         26, reg[2] =          8, reg[3] =         13, reg[4] =          0, reg[5] =         24, reg[6] =         13
reg[0] =          0, reg[1] =         26, reg[2] =          8, reg[3] =         13, reg[4] =          0, reg[5] =         24, reg[6] =         13
reg[0] =          0, reg[1] =         26, reg[2] =          8, reg[3] =         13, reg[4] =          0, reg[5] =         24, reg[6] =         13
reg[0] =          0, reg[1] =         26, reg[2] =          8, reg[3] =         13, reg[4] =          0, reg[5] =         24, reg[6] =         13
reg[0] =          0, reg[1] =         26, reg[2] =          8, reg[3] =         13, reg[4] =          0, reg[5] =         24, reg[6] =         13
reg[0] =          0, reg[1] =         26, reg[2] =          8, reg[3] =         13, reg[4] =          0, reg[5] =         24, reg[6] =         13
reg[0] =          0, reg[1] =         26, reg[2] =          8, reg[3] =         13, reg[4] =          0, reg[5] =         24, reg[6] =         13
reg[0] =          0, reg[1] =         26, reg[2] =          8, reg[3] =         13, reg[4] =          0, reg[5] =         24, reg[6] =         13
reg[0] =          0, reg[1] =         26, reg[2] =          8, reg[3] =         13, reg[4] =          0, reg[5] =         24, reg[6] =         13
reg[0] =          0, reg[1] =         26, reg[2] =          8, reg[3] =         13, reg[4] =          0, reg[5] =         24, reg[6] =         13
reg[0] =          0, reg[1] =         26, reg[2] =          8, reg[3] =         13, reg[4] =          0, reg[5] =         24, reg[6] =         13
reg[0] =          0, reg[1] =         26, reg[2] =          8, reg[3] =         13, reg[4] =          0, reg[5] =         24, reg[6] =         13
reg[0] =          0, reg[1] =         26, reg[2] =          8, reg[3] =         13, reg[4] =          0, reg[5] =         24, reg[6] =         13
reg[0] =          0, reg[1] =         26, reg[2] =          8, reg[3] =         13, reg[4] =          0, reg[5] =         24, reg[6] =         13
reg[0] =          0, reg[1] =         26, reg[2] =          8, reg[3] =         13, reg[4] =          0, reg[5] =         24, reg[6] =         13
reg[0] =          0, reg[1] =         26, reg[2] =          8, reg[3] =         13, reg[4] =          0, reg[5] =         24, reg[6] =         13
reg[0] =          0, reg[1] =         26, reg[2] =          8, reg[3] =         13, reg[4] =          0, reg[5] =         24, reg[6] =         13
reg[0] =          0, reg[1] =         26, reg[2] =          8, reg[3] =         13, reg[4] =          0, reg[5] =         24, reg[6] =         13
reg[0] =          0, reg[1] =         26, reg[2] =          8, reg[3] =         13, reg[4] =          0, reg[5] =         24, reg[6] =         13
reg[0] =          0, reg[1] =         26, reg[2] =          8, reg[3] =         13, reg[4] =          0, reg[5] =         24, reg[6] =         13
reg[0] =          0, reg[1] =         26, reg[2] =          8, reg[3] =         13, reg[4] =          0, reg[5] =         24, reg[6] =         13
reg[0] =          0, reg[1] =         26, reg[2] =          8, reg[3] =         13, reg[4] =          0, reg[5] =         24, reg[6] =         13
reg[0] =          0, reg[1] =         26, reg[2] =          8, reg[3] =         13, reg[4] =          0, reg[5] =         24, reg[6] =         13
reg[0] =          0, reg[1] =         26, reg[2] =          8, reg[3] =         13, reg[4] =          0, reg[5] =         24, reg[6] =         13
reg[0] =          0, reg[1] =         26, reg[2] =          8, reg[3] =         13, reg[4] =          0, reg[5] =         24, reg[6] =         13
reg[0] =          0, reg[1] =         26, reg[2] =          8, reg[3] =         13, reg[4] =          0, reg[5] =         24, reg[6] =         13
reg[0] =          0, reg[1] =         26, reg[2] =          8, reg[3] =         13, reg[4] =          0, reg[5] =         24, reg[6] =         13
reg[0] =          0, reg[1] =         26, reg[2] =          8, reg[3] =         13, reg[4] =          0, reg[5] =         24, reg[6] =         13
reg[0] =          0, reg[1] =         26, reg[2] =          8, reg[3] =         13, reg[4] =          0, reg[5] =         24, reg[6] =         13
reg[0] =          0, reg[1] =         26, reg[2] =          8, reg[3] =         13, reg[4] =          0, reg[5] =         24, reg[6] =         13
reg[0] =          0, reg[1] =         26, reg[2] =          8, reg[3] =         13, reg[4] =          0, reg[5] =         24, reg[6] =         13
reg[0] =          0, reg[1] =         26, reg[2] =          8, reg[3] =         13, reg[4] =          0, reg[5] =         24, reg[6] =         13
reg[0] =          0, reg[1] =         26, reg[2] =          8, reg[3] =         13, reg[4] =          0, reg[5] =         24, reg[6] =         13
reg[0] =          0, reg[1] =         26, reg[2] =          8, reg[3] =         13, reg[4] =          0, reg[5] =         24, reg[6] =         13
reg[0] =          0, reg[1] =         26, reg[2] =          8, reg[3] =         13, reg[4] =          0, reg[5] =         24, reg[6] =         13
reg[0] =          0, reg[1] =         26, reg[2] =          8, reg[3] =         13, reg[4] =          0, reg[5] =         24, reg[6] =         13
reg[0] =          0, reg[1] =         26, reg[2] =          8, reg[3] =         13, reg[4] =          0, reg[5] =         24, reg[6] =         13
reg[0] =          0, reg[1] =         26, reg[2] =          8, reg[3] =         13, reg[4] =          0, reg[5] =         24, reg[6] =         13
reg[0] =          0, reg[1] =         26, reg[2] =          8, reg[3] =         13, reg[4] =          0, reg[5] =         24, reg[6] =         13
reg[0] =          0, reg[1] =         26, reg[2] =          8, reg[3] =         13, reg[4] =          0, reg[5] =         24, reg[6] =         13
reg[0] =          0, reg[1] =         26, reg[2] =          8, reg[3] =         13, reg[4] =          0, reg[5] =         24, reg[6] =         13
reg[0] =          0, reg[1] =         26, reg[2] =          8, reg[3] =         13, reg[4] =          0, reg[5] =         24, reg[6] =         13
reg[0] =          0, reg[1] =         26, reg[2] =          8, reg[3] =         13, reg[4] =          0, reg[5] =         24, reg[6] =         13
reg[0] =          0, reg[1] =         26, reg[2] =          8, reg[3] =         13, reg[4] =          0, reg[5] =         24, reg[6] =         13
reg[0] =          0, reg[1] =         26, reg[2] =          8, reg[3] =         13, reg[4] =          0, reg[5] =         24, reg[6] =         13
reg[0] =          0, reg[1] =         26, reg[2] =          8, reg[3] =         13, reg[4] =          0, reg[5] =         24, reg[6] =         13
$finish called from file "cpu_tb.v", line 75.
$finish at simulation time                30150
           V C S   S i m u l a t i o n   R e p o r t 
Time: 3015000 ps
CPU Time:      0.200 seconds;       Data structure size:   0.0Mb
Tue Oct 28 22:21:15 2025
