                         Chronologic VCS (TM)
       Version W-2024.09-SP1_Full64 -- Sat Oct 11 08:49:30 2025

                    Copyright (c) 1991 - 2024 Synopsys, Inc.
   This software and the associated documentation are proprietary to Synopsys,
 Inc. This software may only be used in accordance with the terms and conditions
 of a written license agreement with Synopsys, Inc. All other use, reproduction,
   or distribution of this software is strictly prohibited.  Licensed Products
     communicate with Synopsys servers for the purpose of providing software
    updates, detecting software piracy and verifying that customers are using
    Licensed Products in conformity with the applicable License Key for such
  Licensed Products. Synopsys will use information gathered in connection with
    this process to deliver software updates and pursue software pirates and
                                   infringers.

 Inclusivity & Diversity - Visit SolvNetPlus to read the "Synopsys Statement on
            Inclusivity and Diversity" (Refer to article 000036315 at
                        https://solvnetplus.synopsys.com)

Parsing design file 'blackbox_tb.v'
Parsing included file 'blackbox.v'.
Parsing included file '../neuron_integer/neuron_int_lif/utils/encording.v'.
Back to file 'blackbox.v'.
Parsing included file '../neuron_integer/neuron_int_lif/decay/potential_decay.v'.
Back to file 'blackbox.v'.
Parsing included file '../neuron_integer/neuron_int_lif/adder/potential_adder.v'.
Back to file 'blackbox.v'.
Parsing included file '../neuron_integer/neuron_int_lif/accumulator/accumulator.v'.
Back to file 'blackbox.v'.
Parsing included file '../neuron_integer/neuron_int_lif/neuron/controller.v'.
Back to file 'blackbox.v'.
Parsing included file '../neuron_integer/neuron_int_lif/neuron/neuron.v'.
Back to file 'blackbox.v'.
Parsing included file '../neuron_cluster/neuron_layer/neuron_layer.v'.
Back to file 'blackbox.v'.
Parsing included file '../neuron_cluster/incoming_forwarder/incoming_forwarder.v'.
Back to file 'blackbox.v'.
Parsing included file '../neuron_cluster/cluster_controller/cluster_controller.v'.
Back to file 'blackbox.v'.
Parsing included file '../neuron_cluster/outgoing_enc/outgoing_enc.v'.
Back to file 'blackbox.v'.
Parsing included file '../FIFO/fifo.v'.
Back to file 'blackbox.v'.
Parsing included file '../neuron_cluster/neuron_cluster.v'.
Back to file 'blackbox.v'.
Parsing included file '../spike_network/spike_forwarder/spike_forwarder.v'.
Back to file 'blackbox.v'.
Parsing included file '../spike_network/spike_forwarder_controller/spike_forwarder_controller_4.v'.
Back to file 'blackbox.v'.
Parsing included file '../spike_network/spike_forwarder_controller/spike_forwarder_controller_8.v'.
Back to file 'blackbox.v'.
Parsing included file '../spike_network/spike_forwarder_4.v'.
Back to file 'blackbox.v'.
Parsing included file '../spike_network/spike_forwarder_8.v'.
Back to file 'blackbox.v'.
Parsing included file '../initialization_router/init_router.v'.
Back to file 'blackbox.v'.
Parsing included file '../initialization_router/self_data_mng.v'.
Back to file 'blackbox.v'.
Parsing included file '../weight_resolver/weight_resolver.v'.
Back to file 'blackbox.v'.
Parsing included file '../weight_resolver/weight_memory.v'.
Back to file 'blackbox.v'.
Parsing included file '../neuron_accelerator/neuron_accelerator.v'.
Back to file 'blackbox.v'.
Parsing included file '../accelerator_controller/accelerator_controller.v'.
Back to file 'blackbox.v'.
Back to file 'blackbox_tb.v'.
Top Level Modules:
       blackbox_tb
TimeScale is 1 ns / 100 ps

Warning-[TFIPC] Too few instance port connections
../neuron_accelerator/neuron_accelerator.v, 287
gen_spike_forwarder_4[0], "init_router #(.PORTS(4), .FLIT_SIZE(flit_size), .ROUTER_ID(((0 * 4) + 8'b10000000)), .ROUTER_TYPE(0), .LOWER_LEVEL_ROUTERS(4)) init_router_lower( .clk (clk),  .rst (rst),  .load_data_top_in (load_data_lower_out[0]),  .ready_data_top_in (ready_data_lower_out[0]),  .data_top_in (data_lower_out[(0 * flit_size)+:flit_size]),  .load_data_top_out (load_data_lower_in[0]),  .ready_data_top_out (ready_data_lower_in[0]),  .data_top_out (data_lower_in[(0 * flit_size)+:flit_size]),  .load_data_lower_in (load_data_cluster_out),  .ready_data_lower_in (ready_data_cluster_out),  .data_lower_in (data_cluster_out),  .load_data_lower_out (load_data_cluster_in),  .ready_data_lower_out ((ready_data_cluster_in | 4'b1111)),  .data_lower_out (data_cluster_in),  .load_data (loa ... "
  The above instance has fewer port connections than the module definition.
  Please use '+lint=TFIPC-L' to print out detailed information of unconnected 
  ports.


Warning-[TFIPC] Too few instance port connections
../neuron_accelerator/neuron_accelerator.v, 287
gen_spike_forwarder_4[1], "init_router #(.PORTS(4), .FLIT_SIZE(flit_size), .ROUTER_ID(((1 * 4) + 8'b10000000)), .ROUTER_TYPE(0), .LOWER_LEVEL_ROUTERS(4)) init_router_lower( .clk (clk),  .rst (rst),  .load_data_top_in (load_data_lower_out[1]),  .ready_data_top_in (ready_data_lower_out[1]),  .data_top_in (data_lower_out[(1 * flit_size)+:flit_size]),  .load_data_top_out (load_data_lower_in[1]),  .ready_data_top_out (ready_data_lower_in[1]),  .data_top_out (data_lower_in[(1 * flit_size)+:flit_size]),  .load_data_lower_in (load_data_cluster_out),  .ready_data_lower_in (ready_data_cluster_out),  .data_lower_in (data_cluster_out),  .load_data_lower_out (load_data_cluster_in),  .ready_data_lower_out ((ready_data_cluster_in | 4'b1111)),  .data_lower_out (data_cluster_in),  .load_data (loa ... "
  The above instance has fewer port connections than the module definition.
  Please use '+lint=TFIPC-L' to print out detailed information of unconnected 
  ports.


Warning-[TFIPC] Too few instance port connections
blackbox_tb.v, 169
blackbox_tb, "blackbox uut( .clock (clock),  .reset (reset),  .rocc_cmd_valid (rocc_cmd_valid),  .rocc_cmd_ready (rocc_cmd_ready),  .rocc_cmd_bits_inst_funct (rocc_cmd_bits_inst_funct),  .rocc_cmd_bits_rs1 (rocc_cmd_bits_rs1),  .rocc_cmd_bits_rs2 (rocc_cmd_bits_rs2),  .rocc_resp_bits_data (rocc_resp_bits_data));"
  The above instance has fewer port connections than the module definition.
  Please use '+lint=TFIPC-L' to print out detailed information of unconnected 
  ports.

Notice: Ports coerced to inout, use -notice for details
Starting vcs inline pass...
8 modules and 0 UDP read.
	However, due to incremental compilation, no re-compilation is necessary.
rm -f _cuarc*.so _csrc*.so pre_vcsobj_*.so share_vcsobj_*.so
if [ -x ../simv ]; then chmod a-x ../simv; fi
g++  -o ../simv      -rdynamic  -Wl,-rpath='$ORIGIN'/simv.daidir -Wl,-rpath=./simv.daidir -Wl,-rpath=/storage/synopsys/vcs/W-2024.09-SP1/linux64/lib -L/storage/synopsys/vcs/W-2024.09-SP1/linux64/lib  -Wl,-rpath-link=./  /usr/lib64/libnuma.so.1   objs/amcQw_d.o   _888698_archive_1.so _prev_archive_1.so   SIM_l.o      rmapats_mop.o rmapats.o rmar.o rmar_nd.o  rmar_llvm_0_1.o rmar_llvm_0_0.o            -lvirsim -lerrorinf -lsnpsmalloc -lvfs    -lvcsnew -lsimprofile -luclinative /storage/synopsys/vcs/W-2024.09-SP1/linux64/lib/vcs_tls.o   -Wl,-whole-archive  -lvcsucli    -Wl,-no-whole-archive        _vcs_pli_stub_.o   /storage/synopsys/vcs/W-2024.09-SP1/linux64/lib/vcs_save_restore_new.o /storage/synopsys/verdi/W-2024.09-SP1/share/PLI/VCS/LINUX64/pli.a -ldl  -lc -lm -lpthread -ldl 
../simv up to date
CPU time: .632 seconds to compile + .299 seconds to elab + .212 seconds to link
Verdi KDB elaboration done and the database successfully generated
