#! /c/Source/iverilog-install/bin/vvp
:ivl_version "12.0 (devel)" "(s20150603-1539-g2693dd32b)";
:ivl_delay_selection "TYPICAL";
:vpi_time_precision - 10;
:vpi_module "F:\iverilog\lib\ivl\system.vpi";
:vpi_module "F:\iverilog\lib\ivl\vhdl_sys.vpi";
:vpi_module "F:\iverilog\lib\ivl\vhdl_textio.vpi";
:vpi_module "F:\iverilog\lib\ivl\v2005_math.vpi";
:vpi_module "F:\iverilog\lib\ivl\va_math.vpi";
S_00000211fd6cb480 .scope module, "cpu_tb" "cpu_tb" 2 7;
 .timescale -9 -10;
v00000211fd8c5040_0 .net "BUSYWAIT", 0 0, v00000211fd8c5cc0_0;  1 drivers
v00000211fd8c5e00_0 .var "CLK", 0 0;
v00000211fd8c5fe0_0 .net "DMEM_ADDR", 31 0, L_00000211fd929ca0;  1 drivers
v00000211fd8c6080_0 .net "DMEM_DATA_READ", 31 0, v00000211fd8c5180_0;  1 drivers
v00000211fd8c5360_0 .net "DMEM_DATA_WRITE", 31 0, L_00000211fd9297d0;  1 drivers
v00000211fd8c50e0_0 .net "DMEM_READ", 3 0, L_00000211fd929450;  1 drivers
v00000211fd8c55e0_0 .net "DMEM_WRITE", 2 0, L_00000211fd929530;  1 drivers
v00000211fd8c4e60_0 .net "INST", 31 0, v00000211fd8c61c0_0;  1 drivers
v00000211fd8c4960_0 .net "PC", 31 0, v00000211fd8bc6f0_0;  1 drivers
v00000211fd8c2ca0_0 .var "RST", 0 0;
S_00000211fd6cb610 .scope module, "cpu_inst" "cpu" 2 20, 3 17 0, S_00000211fd6cb480;
 .timescale -9 -10;
    .port_info 0 /INPUT 32 "INST_IF";
    .port_info 1 /INPUT 1 "CLK";
    .port_info 2 /INPUT 1 "RST";
    .port_info 3 /INPUT 32 "DMEM_DATA_READ_MA";
    .port_info 4 /INPUT 1 "BUSYWAIT_IN";
    .port_info 5 /OUTPUT 32 "PC_IF";
    .port_info 6 /OUTPUT 32 "DMEM_ADDR_MA";
    .port_info 7 /OUTPUT 32 "DMEM_DATA_WRITE_MA";
    .port_info 8 /OUTPUT 4 "DMEM_READ_MA";
    .port_info 9 /OUTPUT 3 "DMEM_WRITE_MA";
    .port_info 10 /OUTPUT 1 "BUSYWAIT_OUT";
L_00000211fd832570 .functor BUFZ 1, v00000211fd8c5cc0_0, C4<0>, C4<0>, C4<0>;
L_00000211fd929ca0 .functor BUFZ 32, v00000211fd8baad0_0, C4<00000000000000000000000000000000>, C4<00000000000000000000000000000000>, C4<00000000000000000000000000000000>;
L_00000211fd9297d0 .functor BUFZ 32, v00000211fd8b9e50_0, C4<00000000000000000000000000000000>, C4<00000000000000000000000000000000>, C4<00000000000000000000000000000000>;
L_00000211fd929450 .functor BUFZ 4, v00000211fd8b9db0_0, C4<0000>, C4<0000>, C4<0000>;
L_00000211fd929530 .functor BUFZ 3, v00000211fd8bb390_0, C4<000>, C4<000>, C4<000>;
v00000211fd8bd960_0 .net "ALU_DATA1_EX", 31 0, L_00000211fd92ed70;  1 drivers
v00000211fd8bf760_0 .net "ALU_DATA2_EX", 31 0, L_00000211fd92dfb0;  1 drivers
v00000211fd8be720_0 .net "ALU_OP_EX", 4 0, v00000211fd8ba710_0;  1 drivers
v00000211fd8bf940_0 .net "ALU_OP_ID", 4 0, L_00000211fd8c4c80;  1 drivers
v00000211fd8bdc80_0 .net "ALU_OUT_EX", 31 0, v00000211fd85acf0_0;  1 drivers
v00000211fd8bfb20_0 .net "ALU_OUT_MA", 31 0, v00000211fd8baad0_0;  1 drivers
v00000211fd8bd820_0 .net "ALU_OUT_WB", 31 0, v00000211fd8bc970_0;  1 drivers
v00000211fd8bd8c0_0 .net "BRANCH_JUMP_EX", 3 0, v00000211fd8ba030_0;  1 drivers
v00000211fd8bf9e0_0 .net "BRANCH_JUMP_ID", 3 0, L_00000211fd8c34c0;  1 drivers
v00000211fd8bf440_0 .net "BUSYWAIT", 0 0, L_00000211fd832570;  1 drivers
v00000211fd8bf800_0 .net "BUSYWAIT_IN", 0 0, v00000211fd8c5cc0_0;  alias, 1 drivers
o00000211fd867c98 .functor BUFZ 1, C4<z>; HiZ drive
v00000211fd8be9a0_0 .net "BUSYWAIT_OUT", 0 0, o00000211fd867c98;  0 drivers
v00000211fd8bea40_0 .net "CLK", 0 0, v00000211fd8c5e00_0;  1 drivers
v00000211fd8bf8a0_0 .net "DATA1_ALU_SEL_EX", 0 0, v00000211fd8bb430_0;  1 drivers
v00000211fd8be4a0_0 .net "DATA1_ALU_SEL_ID", 0 0, L_00000211fd929df0;  1 drivers
v00000211fd8bd780_0 .net "DATA1_EX", 31 0, v00000211fd8ba5d0_0;  1 drivers
v00000211fd8bfbc0_0 .net "DATA1_ID", 31 0, L_00000211fd832960;  1 drivers
v00000211fd8bdfa0_0 .net "DATA2_ALU_SEL_EX", 0 0, v00000211fd8bbd90_0;  1 drivers
v00000211fd8bee00_0 .net "DATA2_ALU_SEL_ID", 0 0, L_00000211fd92a6b0;  1 drivers
v00000211fd8bfa80_0 .net "DATA2_EX", 31 0, v00000211fd8ba850_0;  1 drivers
v00000211fd8bfc60_0 .net "DATA2_ID", 31 0, L_00000211fd832ab0;  1 drivers
v00000211fd8bfe40_0 .net "DATA2_MA", 31 0, v00000211fd8b9e50_0;  1 drivers
v00000211fd8bfee0_0 .net "DMEM_ADDR_MA", 31 0, L_00000211fd929ca0;  alias, 1 drivers
v00000211fd8bda00_0 .net "DMEM_DATA_READ_MA", 31 0, v00000211fd8c5180_0;  alias, 1 drivers
v00000211fd8bdaa0_0 .net "DMEM_DATA_READ_WB", 31 0, v00000211fd8bc3d0_0;  1 drivers
v00000211fd8bdb40_0 .net "DMEM_DATA_WRITE_MA", 31 0, L_00000211fd9297d0;  alias, 1 drivers
v00000211fd8bdbe0_0 .net "DMEM_READ_MA", 3 0, L_00000211fd929450;  alias, 1 drivers
v00000211fd8bdd20_0 .net "DMEM_WRITE_MA", 2 0, L_00000211fd929530;  alias, 1 drivers
v00000211fd8bf580_0 .net "IMM_EX", 31 0, v00000211fd8ba170_0;  1 drivers
v00000211fd8becc0_0 .net "IMM_ID", 31 0, v00000211fd8c12e0_0;  1 drivers
v00000211fd8beb80_0 .net "IMM_MA", 31 0, v00000211fd8bbc50_0;  1 drivers
v00000211fd8bddc0_0 .net "IMM_SEL_ID", 3 0, L_00000211fd8c32e0;  1 drivers
v00000211fd8bde60_0 .net "IMM_WB", 31 0, v00000211fd8bc830_0;  1 drivers
v00000211fd8be540_0 .net "INST_ID", 31 0, v00000211fd8bd190_0;  1 drivers
v00000211fd8be5e0_0 .net "INST_IF", 31 0, v00000211fd8c61c0_0;  alias, 1 drivers
v00000211fd8bdf00_0 .net "MEM_READ_EX", 3 0, v00000211fd8bbed0_0;  1 drivers
v00000211fd8be0e0_0 .net "MEM_READ_ID", 3 0, L_00000211fd8c28e0;  1 drivers
v00000211fd8be180_0 .net "MEM_READ_MA", 3 0, v00000211fd8b9db0_0;  1 drivers
v00000211fd8beae0_0 .net "MEM_WRITE_EX", 2 0, v00000211fd8b9770_0;  1 drivers
v00000211fd8be360_0 .net "MEM_WRITE_ID", 2 0, L_00000211fd8c2840;  1 drivers
v00000211fd8be2c0_0 .net "MEM_WRITE_MA", 2 0, v00000211fd8bb390_0;  1 drivers
o00000211fd867248 .functor BUFZ 32, C4<zzzzzzzzzzzzzzzzzzzzzzzzzzzzzzzz>; HiZ drive
v00000211fd8be220_0 .net "NEXT_PC_EX", 31 0, o00000211fd867248;  0 drivers
v00000211fd8be400_0 .net "PC_EX", 31 0, v00000211fd8ba2b0_0;  1 drivers
v00000211fd8bef40_0 .net "PC_ID", 31 0, v00000211fd8bc0b0_0;  1 drivers
v00000211fd8bf080_0 .net "PC_IF", 31 0, v00000211fd8bc6f0_0;  alias, 1 drivers
v00000211fd8be7c0_0 .net "PC_INT_IF", 31 0, L_00000211fd8c3380;  1 drivers
v00000211fd8be680_0 .net "PC_MA", 31 0, v00000211fd8bb750_0;  1 drivers
v00000211fd8be860_0 .net "PC_MUX_SEL_EX", 0 0, v00000211fd8b19d0_0;  1 drivers
v00000211fd8be900_0 .net "PC_PLUS_4_IF", 31 0, L_00000211fd8c3a60;  1 drivers
v00000211fd8bf120_0 .net "PC_PLUS_4_MA", 31 0, L_00000211fd9373a0;  1 drivers
v00000211fd8bec20_0 .net "PC_WB", 31 0, v00000211fd8bcbf0_0;  1 drivers
v00000211fd8bf3a0_0 .net "RST", 0 0, v00000211fd8c2ca0_0;  1 drivers
v00000211fd8bf1c0_0 .net "WADDR_EX", 4 0, v00000211fd8bad50_0;  1 drivers
v00000211fd8bf260_0 .net "WADDR_MA", 4 0, v00000211fd8bbbb0_0;  1 drivers
v00000211fd8bf4e0_0 .net "WADDR_WB", 4 0, v00000211fd8bc010_0;  1 drivers
v00000211fd8c5f40_0 .net "WB_SEL_EX", 1 0, v00000211fd8bca10_0;  1 drivers
v00000211fd8c6260_0 .net "WB_SEL_ID", 1 0, L_00000211fd92eeb0;  1 drivers
v00000211fd8c57c0_0 .net "WB_SEL_MA", 1 0, v00000211fd8bb250_0;  1 drivers
v00000211fd8c63a0_0 .net "WB_SEL_WB", 1 0, v00000211fd8bd230_0;  1 drivers
v00000211fd8c6120_0 .net "WRITE_DATA_WB", 31 0, L_00000211fd936cc0;  1 drivers
v00000211fd8c59a0_0 .net "WRITE_EN_EX", 0 0, v00000211fd8bae90_0;  1 drivers
v00000211fd8c5ea0_0 .net "WRITE_EN_ID", 0 0, L_00000211fd929f40;  1 drivers
v00000211fd8c54a0_0 .net "WRITE_EN_MA", 0 0, v00000211fd8ba490_0;  1 drivers
v00000211fd8c5400_0 .net "WRITE_EN_WB", 0 0, v00000211fd8bc1f0_0;  1 drivers
L_00000211fd8c4dc0 .part v00000211fd8bd190_0, 15, 5;
L_00000211fd8c2e80 .part v00000211fd8bd190_0, 20, 5;
L_00000211fd92d790 .part v00000211fd8bd190_0, 0, 7;
L_00000211fd92ddd0 .part v00000211fd8bd190_0, 12, 3;
L_00000211fd92e2d0 .part v00000211fd8bd190_0, 25, 7;
L_00000211fd92de70 .part v00000211fd8bd190_0, 7, 5;
S_00000211fd6c8600 .scope module, "alu_inst" "alu" 3 214, 4 9 0, S_00000211fd6cb610;
 .timescale -9 -10;
    .port_info 0 /INPUT 32 "DATA1";
    .port_info 1 /INPUT 32 "DATA2";
    .port_info 2 /INPUT 5 "SELECT";
    .port_info 3 /OUTPUT 32 "RESULT";
L_00000211fd929fb0/d .functor XOR 32, L_00000211fd92ed70, L_00000211fd92dfb0, C4<00000000000000000000000000000000>, C4<00000000000000000000000000000000>;
L_00000211fd929fb0 .delay 32 (10,10,10) L_00000211fd929fb0/d;
L_00000211fd9291b0/d .functor OR 32, L_00000211fd92ed70, L_00000211fd92dfb0, C4<00000000000000000000000000000000>, C4<00000000000000000000000000000000>;
L_00000211fd9291b0 .delay 32 (10,10,10) L_00000211fd9291b0/d;
L_00000211fd929220/d .functor AND 32, L_00000211fd92ed70, L_00000211fd92dfb0, C4<11111111111111111111111111111111>, C4<11111111111111111111111111111111>;
L_00000211fd929220 .delay 32 (10,10,10) L_00000211fd929220/d;
v00000211fd85a250_0 .net "DATA1", 31 0, L_00000211fd92ed70;  alias, 1 drivers
v00000211fd85b010_0 .net "DATA2", 31 0, L_00000211fd92dfb0;  alias, 1 drivers
v00000211fd85acf0_0 .var "RESULT", 31 0;
v00000211fd85be70_0 .net "SELECT", 4 0, v00000211fd8ba710_0;  alias, 1 drivers
v00000211fd85a2f0_0 .net *"_ivl_12", 0 0, L_00000211fd92e550;  1 drivers
L_00000211fd8d0490 .functor BUFT 1, C4<00000000000000000000000000000001>, C4<0>, C4<0>, C4<0>;
v00000211fd85b510_0 .net/2u *"_ivl_14", 31 0, L_00000211fd8d0490;  1 drivers
L_00000211fd8d04d8 .functor BUFT 1, C4<00000000000000000000000000000000>, C4<0>, C4<0>, C4<0>;
v00000211fd85b3d0_0 .net/2u *"_ivl_16", 31 0, L_00000211fd8d04d8;  1 drivers
v00000211fd85bbf0_0 .net *"_ivl_21", 4 0, L_00000211fd92e870;  1 drivers
v00000211fd85a570_0 .net *"_ivl_25", 4 0, L_00000211fd935b40;  1 drivers
v00000211fd85ac50_0 .net *"_ivl_29", 4 0, L_00000211fd936400;  1 drivers
v00000211fd85b5b0_0 .net *"_ivl_4", 0 0, L_00000211fd92e370;  1 drivers
L_00000211fd8d05f8 .functor BUFT 1, C4<00000000000000000000000000000000>, C4<0>, C4<0>, C4<0>;
v00000211fd85a390_0 .net/2u *"_ivl_46", 31 0, L_00000211fd8d05f8;  1 drivers
v00000211fd85b8d0_0 .net *"_ivl_48", 0 0, L_00000211fd935fa0;  1 drivers
L_00000211fd8d0640 .functor BUFT 1, C4<00000000000000000000000000000000>, C4<0>, C4<0>, C4<0>;
v00000211fd85bdd0_0 .net/2u *"_ivl_50", 31 0, L_00000211fd8d0640;  1 drivers
v00000211fd85bf10_0 .net *"_ivl_52", 31 0, L_00000211fd9360e0;  1 drivers
L_00000211fd8d0688 .functor BUFT 1, C4<00000000000000000000000000000000>, C4<0>, C4<0>, C4<0>;
v00000211fd85bb50_0 .net/2u *"_ivl_56", 31 0, L_00000211fd8d0688;  1 drivers
v00000211fd85a430_0 .net *"_ivl_58", 0 0, L_00000211fd936b80;  1 drivers
L_00000211fd8d0400 .functor BUFT 1, C4<00000000000000000000000000000001>, C4<0>, C4<0>, C4<0>;
v00000211fd85aa70_0 .net/2u *"_ivl_6", 31 0, L_00000211fd8d0400;  1 drivers
L_00000211fd8d06d0 .functor BUFT 1, C4<00000000000000000000000000000000>, C4<0>, C4<0>, C4<0>;
v00000211fd85b1f0_0 .net/2u *"_ivl_60", 31 0, L_00000211fd8d06d0;  1 drivers
v00000211fd85b0b0_0 .net *"_ivl_62", 31 0, L_00000211fd9356e0;  1 drivers
L_00000211fd8d0718 .functor BUFT 1, C4<00000000000000000000000000000000>, C4<0>, C4<0>, C4<0>;
v00000211fd85a7f0_0 .net/2u *"_ivl_66", 31 0, L_00000211fd8d0718;  1 drivers
v00000211fd85bc90_0 .net *"_ivl_68", 0 0, L_00000211fd937080;  1 drivers
L_00000211fd8d0760 .functor BUFT 1, C4<00000000000000000000000000000000>, C4<0>, C4<0>, C4<0>;
v00000211fd85abb0_0 .net/2u *"_ivl_70", 31 0, L_00000211fd8d0760;  1 drivers
v00000211fd85a4d0_0 .net *"_ivl_72", 31 0, L_00000211fd936d60;  1 drivers
L_00000211fd8d07a8 .functor BUFT 1, C4<00000000000000000000000000000000>, C4<0>, C4<0>, C4<0>;
v00000211fd85a610_0 .net/2u *"_ivl_76", 31 0, L_00000211fd8d07a8;  1 drivers
v00000211fd85a890_0 .net *"_ivl_78", 0 0, L_00000211fd9364a0;  1 drivers
L_00000211fd8d0448 .functor BUFT 1, C4<00000000000000000000000000000000>, C4<0>, C4<0>, C4<0>;
v00000211fd85bfb0_0 .net/2u *"_ivl_8", 31 0, L_00000211fd8d0448;  1 drivers
L_00000211fd8d07f0 .functor BUFT 1, C4<00000000000000000000000000000000>, C4<0>, C4<0>, C4<0>;
v00000211fd85ab10_0 .net/2u *"_ivl_80", 31 0, L_00000211fd8d07f0;  1 drivers
v00000211fd85ad90_0 .net *"_ivl_82", 31 0, L_00000211fd9369a0;  1 drivers
v00000211fd85c0f0_0 .net "addData", 31 0, L_00000211fd92d1f0;  1 drivers
v00000211fd85ae30_0 .net "andData", 31 0, L_00000211fd929220;  1 drivers
v00000211fd85a930_0 .net "divData", 31 0, L_00000211fd935640;  1 drivers
v00000211fd85aed0_0 .net "divuData", 31 0, L_00000211fd936a40;  1 drivers
v00000211fd85af70_0 .net "mulData", 31 0, L_00000211fd936040;  1 drivers
L_00000211fd8d0520 .delay 32 (30,30,30) L_00000211fd8d0520/d;
L_00000211fd8d0520/d .functor BUFT 1, C4<00000000000000000000000000000000>, C4<0>, C4<0>, C4<0>;
v00000211fd85b150_0 .net "mulhData", 31 0, L_00000211fd8d0520;  1 drivers
L_00000211fd8d0568 .delay 32 (30,30,30) L_00000211fd8d0568/d;
L_00000211fd8d0568/d .functor BUFT 1, C4<00000000000000000000000000000000>, C4<0>, C4<0>, C4<0>;
v00000211fd85b330_0 .net "mulhsuData", 31 0, L_00000211fd8d0568;  1 drivers
L_00000211fd8d05b0 .delay 32 (30,30,30) L_00000211fd8d05b0/d;
L_00000211fd8d05b0/d .functor BUFT 1, C4<00000000000000000000000000000000>, C4<0>, C4<0>, C4<0>;
v00000211fd85b470_0 .net "mulhuData", 31 0, L_00000211fd8d05b0;  1 drivers
v00000211fd85b290_0 .net "orData", 31 0, L_00000211fd9291b0;  1 drivers
v00000211fd85b650_0 .net "remData", 31 0, L_00000211fd936180;  1 drivers
v00000211fd85b6f0_0 .net "remuData", 31 0, L_00000211fd936ae0;  1 drivers
v00000211fd85b790_0 .net "sllData", 31 0, L_00000211fd936fe0;  1 drivers
v00000211fd85b970_0 .net "sltData", 31 0, L_00000211fd92e5f0;  1 drivers
v00000211fd85bab0_0 .net "sltuData", 31 0, L_00000211fd92e690;  1 drivers
v00000211fd85bd30_0 .net "sraData", 31 0, L_00000211fd937800;  1 drivers
v00000211fd824d10_0 .net "srlData", 31 0, L_00000211fd935e60;  1 drivers
v00000211fd824db0_0 .net "subData", 31 0, L_00000211fd92e050;  1 drivers
v00000211fd838be0_0 .net "xorData", 31 0, L_00000211fd929fb0;  1 drivers
E_00000211fd850ff0/0 .event anyedge, v00000211fd85be70_0, v00000211fd85c0f0_0, v00000211fd824db0_0, v00000211fd85b790_0;
E_00000211fd850ff0/1 .event anyedge, v00000211fd85b970_0, v00000211fd85bab0_0, v00000211fd838be0_0, v00000211fd824d10_0;
E_00000211fd850ff0/2 .event anyedge, v00000211fd85bd30_0, v00000211fd85b290_0, v00000211fd85ae30_0, v00000211fd85af70_0;
E_00000211fd850ff0/3 .event anyedge, v00000211fd85b150_0, v00000211fd85b330_0, v00000211fd85b470_0, v00000211fd85a930_0;
E_00000211fd850ff0/4 .event anyedge, v00000211fd85aed0_0, v00000211fd85b650_0, v00000211fd85b6f0_0;
E_00000211fd850ff0 .event/or E_00000211fd850ff0/0, E_00000211fd850ff0/1, E_00000211fd850ff0/2, E_00000211fd850ff0/3, E_00000211fd850ff0/4;
L_00000211fd92d1f0 .delay 32 (20,20,20) L_00000211fd92d1f0/d;
L_00000211fd92d1f0/d .arith/sum 32, L_00000211fd92ed70, L_00000211fd92dfb0;
L_00000211fd92e050 .delay 32 (20,20,20) L_00000211fd92e050/d;
L_00000211fd92e050/d .arith/sub 32, L_00000211fd92ed70, L_00000211fd92dfb0;
L_00000211fd92e370 .cmp/gt.s 32, L_00000211fd92dfb0, L_00000211fd92ed70;
L_00000211fd92e5f0 .delay 32 (10,10,10) L_00000211fd92e5f0/d;
L_00000211fd92e5f0/d .functor MUXZ 32, L_00000211fd8d0448, L_00000211fd8d0400, L_00000211fd92e370, C4<>;
L_00000211fd92e550 .cmp/gt 32, L_00000211fd92dfb0, L_00000211fd92ed70;
L_00000211fd92e690 .delay 32 (10,10,10) L_00000211fd92e690/d;
L_00000211fd92e690/d .functor MUXZ 32, L_00000211fd8d04d8, L_00000211fd8d0490, L_00000211fd92e550, C4<>;
L_00000211fd92e870 .part L_00000211fd92dfb0, 0, 5;
L_00000211fd936fe0 .delay 32 (10,10,10) L_00000211fd936fe0/d;
L_00000211fd936fe0/d .shift/l 32, L_00000211fd92ed70, L_00000211fd92e870;
L_00000211fd935b40 .part L_00000211fd92dfb0, 0, 5;
L_00000211fd935e60 .delay 32 (10,10,10) L_00000211fd935e60/d;
L_00000211fd935e60/d .shift/r 32, L_00000211fd92ed70, L_00000211fd935b40;
L_00000211fd936400 .part L_00000211fd92dfb0, 0, 5;
L_00000211fd937800 .delay 32 (10,10,10) L_00000211fd937800/d;
L_00000211fd937800/d .shift/rs 32, L_00000211fd92ed70, L_00000211fd936400;
L_00000211fd936040 .delay 32 (30,30,30) L_00000211fd936040/d;
L_00000211fd936040/d .arith/mult 32, L_00000211fd92ed70, L_00000211fd92dfb0;
L_00000211fd935fa0 .cmp/eq 32, L_00000211fd92dfb0, L_00000211fd8d05f8;
L_00000211fd9360e0 .arith/div 32, L_00000211fd92ed70, L_00000211fd92dfb0;
L_00000211fd935640 .delay 32 (30,30,30) L_00000211fd935640/d;
L_00000211fd935640/d .functor MUXZ 32, L_00000211fd9360e0, L_00000211fd8d0640, L_00000211fd935fa0, C4<>;
L_00000211fd936b80 .cmp/eq 32, L_00000211fd92dfb0, L_00000211fd8d0688;
L_00000211fd9356e0 .arith/div 32, L_00000211fd92ed70, L_00000211fd92dfb0;
L_00000211fd936a40 .delay 32 (30,30,30) L_00000211fd936a40/d;
L_00000211fd936a40/d .functor MUXZ 32, L_00000211fd9356e0, L_00000211fd8d06d0, L_00000211fd936b80, C4<>;
L_00000211fd937080 .cmp/eq 32, L_00000211fd92dfb0, L_00000211fd8d0718;
L_00000211fd936d60 .arith/mod 32, L_00000211fd92ed70, L_00000211fd92dfb0;
L_00000211fd936180 .delay 32 (30,30,30) L_00000211fd936180/d;
L_00000211fd936180/d .functor MUXZ 32, L_00000211fd936d60, L_00000211fd8d0760, L_00000211fd937080, C4<>;
L_00000211fd9364a0 .cmp/eq 32, L_00000211fd92dfb0, L_00000211fd8d07a8;
L_00000211fd9369a0 .arith/mod 32, L_00000211fd92ed70, L_00000211fd92dfb0;
L_00000211fd936ae0 .delay 32 (30,30,30) L_00000211fd936ae0/d;
L_00000211fd936ae0/d .functor MUXZ 32, L_00000211fd9369a0, L_00000211fd8d07f0, L_00000211fd9364a0, C4<>;
S_00000211fd6c1520 .scope module, "alu_mux_1" "mux_32b_2to1" 3 198, 5 3 0, S_00000211fd6cb610;
 .timescale -9 -10;
    .port_info 0 /INPUT 32 "data1";
    .port_info 1 /INPUT 32 "data2";
    .port_info 2 /INPUT 1 "sel";
    .port_info 3 /OUTPUT 32 "out";
L_00000211fd8d0370 .functor BUFT 1, C4<1>, C4<0>, C4<0>, C4<0>;
L_00000211fd92a170 .functor XNOR 1, v00000211fd8bb430_0, L_00000211fd8d0370, C4<0>, C4<0>;
v00000211fd838e60_0 .net/2u *"_ivl_0", 0 0, L_00000211fd8d0370;  1 drivers
v00000211fd8b08f0_0 .net *"_ivl_2", 0 0, L_00000211fd92a170;  1 drivers
v00000211fd8b1430_0 .net "data1", 31 0, v00000211fd8ba5d0_0;  alias, 1 drivers
v00000211fd8b1e30_0 .net "data2", 31 0, v00000211fd8ba2b0_0;  alias, 1 drivers
v00000211fd8b2470_0 .net "out", 31 0, L_00000211fd92ed70;  alias, 1 drivers
v00000211fd8b2290_0 .net "sel", 0 0, v00000211fd8bb430_0;  alias, 1 drivers
L_00000211fd92ed70 .delay 32 (10,10,10) L_00000211fd92ed70/d;
L_00000211fd92ed70/d .functor MUXZ 32, v00000211fd8ba5d0_0, v00000211fd8ba2b0_0, L_00000211fd92a170, C4<>;
S_00000211fd6c16b0 .scope module, "alu_mux_2" "mux_32b_2to1" 3 206, 5 3 0, S_00000211fd6cb610;
 .timescale -9 -10;
    .port_info 0 /INPUT 32 "data1";
    .port_info 1 /INPUT 32 "data2";
    .port_info 2 /INPUT 1 "sel";
    .port_info 3 /OUTPUT 32 "out";
L_00000211fd8d03b8 .functor BUFT 1, C4<1>, C4<0>, C4<0>, C4<0>;
L_00000211fd929e60 .functor XNOR 1, v00000211fd8bbd90_0, L_00000211fd8d03b8, C4<0>, C4<0>;
v00000211fd8b1110_0 .net/2u *"_ivl_0", 0 0, L_00000211fd8d03b8;  1 drivers
v00000211fd8b2150_0 .net *"_ivl_2", 0 0, L_00000211fd929e60;  1 drivers
v00000211fd8b16b0_0 .net "data1", 31 0, v00000211fd8ba850_0;  alias, 1 drivers
v00000211fd8b1c50_0 .net "data2", 31 0, v00000211fd8ba170_0;  alias, 1 drivers
v00000211fd8b0fd0_0 .net "out", 31 0, L_00000211fd92dfb0;  alias, 1 drivers
v00000211fd8b1610_0 .net "sel", 0 0, v00000211fd8bbd90_0;  alias, 1 drivers
L_00000211fd92dfb0 .delay 32 (10,10,10) L_00000211fd92dfb0/d;
L_00000211fd92dfb0/d .functor MUXZ 32, v00000211fd8ba850_0, v00000211fd8ba170_0, L_00000211fd929e60, C4<>;
S_00000211fd71cfe0 .scope module, "branch_logic_inst" "branch_logic" 3 222, 6 9 0, S_00000211fd6cb610;
 .timescale -9 -10;
    .port_info 0 /INPUT 32 "data1";
    .port_info 1 /INPUT 32 "data2";
    .port_info 2 /INPUT 4 "op";
    .port_info 3 /OUTPUT 1 "out";
v00000211fd8b2330_0 .net "BEQ", 0 0, L_00000211fd936900;  1 drivers
v00000211fd8b1890_0 .net "BGE", 0 0, L_00000211fd936c20;  1 drivers
v00000211fd8b0d50_0 .net "BGEU", 0 0, L_00000211fd937940;  1 drivers
v00000211fd8b1930_0 .net "BLT", 0 0, L_00000211fd9367c0;  1 drivers
v00000211fd8b0710_0 .net "BLTU", 0 0, L_00000211fd936540;  1 drivers
v00000211fd8b14d0_0 .net "BNE", 0 0, L_00000211fd9378a0;  1 drivers
v00000211fd8b1750_0 .net "data1", 31 0, v00000211fd8ba5d0_0;  alias, 1 drivers
v00000211fd8b23d0_0 .net "data2", 31 0, v00000211fd8ba850_0;  alias, 1 drivers
v00000211fd8b2510_0 .net "op", 3 0, v00000211fd8ba030_0;  alias, 1 drivers
v00000211fd8b19d0_0 .var "out", 0 0;
E_00000211fd851070/0 .event anyedge, v00000211fd8b2510_0, v00000211fd8b2330_0, v00000211fd8b14d0_0, v00000211fd8b1930_0;
E_00000211fd851070/1 .event anyedge, v00000211fd8b1890_0, v00000211fd8b0710_0, v00000211fd8b0d50_0;
E_00000211fd851070 .event/or E_00000211fd851070/0, E_00000211fd851070/1;
L_00000211fd936900 .cmp/eq 32, v00000211fd8ba5d0_0, v00000211fd8ba850_0;
L_00000211fd9378a0 .cmp/ne 32, v00000211fd8ba5d0_0, v00000211fd8ba850_0;
L_00000211fd9367c0 .cmp/gt.s 32, v00000211fd8ba850_0, v00000211fd8ba5d0_0;
L_00000211fd936c20 .cmp/ge.s 32, v00000211fd8ba5d0_0, v00000211fd8ba850_0;
L_00000211fd936540 .cmp/gt 32, v00000211fd8ba850_0, v00000211fd8ba5d0_0;
L_00000211fd937940 .cmp/ge 32, v00000211fd8ba5d0_0, v00000211fd8ba850_0;
S_00000211fd71d170 .scope module, "control_unit_inst" "control_unit" 3 140, 7 11 0, S_00000211fd6cb610;
 .timescale -9 -10;
    .port_info 0 /INPUT 7 "opcode";
    .port_info 1 /INPUT 3 "funct3";
    .port_info 2 /INPUT 7 "funct7";
    .port_info 3 /OUTPUT 5 "alu_op";
    .port_info 4 /OUTPUT 1 "reg_write_en";
    .port_info 5 /OUTPUT 3 "mem_write";
    .port_info 6 /OUTPUT 4 "mem_read";
    .port_info 7 /OUTPUT 4 "branch_jump";
    .port_info 8 /OUTPUT 4 "imm_sel";
    .port_info 9 /OUTPUT 1 "data1_alu_sel";
    .port_info 10 /OUTPUT 1 "data2_alu_sel";
    .port_info 11 /OUTPUT 2 "wb_sel";
    .port_info 12 /INPUT 1 "reset";
L_00000211fd832b20 .functor OR 1, L_00000211fd8c3740, L_00000211fd8c2a20, C4<0>, C4<0>;
L_00000211fd832c70 .functor OR 1, L_00000211fd832b20, L_00000211fd8c3e20, C4<0>, C4<0>;
L_00000211fd7228d0 .functor OR 1, L_00000211fd832c70, L_00000211fd8c3880, C4<0>, C4<0>;
L_00000211fd722a90/d .functor OR 1, L_00000211fd7228d0, L_00000211fd8c39c0, C4<0>, C4<0>;
L_00000211fd722a90 .delay 1 (30,30,30) L_00000211fd722a90/d;
L_00000211fd929bc0 .functor OR 1, L_00000211fd8c4be0, L_00000211fd8c3060, C4<0>, C4<0>;
L_00000211fd929c30 .functor OR 1, L_00000211fd929bc0, L_00000211fd8c41e0, C4<0>, C4<0>;
L_00000211fd9294c0/d .functor OR 1, L_00000211fd929c30, L_00000211fd8c3100, C4<0>, C4<0>;
L_00000211fd9294c0 .delay 1 (30,30,30) L_00000211fd9294c0/d;
L_00000211fd92a8e0/d .functor OR 1, L_00000211fd8c3ec0, L_00000211fd8c4d20, C4<0>, C4<0>;
L_00000211fd92a8e0 .delay 1 (30,30,30) L_00000211fd92a8e0/d;
L_00000211fd92a870 .functor OR 1, L_00000211fd8c4f00, L_00000211fd8c40a0, C4<0>, C4<0>;
L_00000211fd929990 .functor OR 1, L_00000211fd92a870, L_00000211fd8c4640, C4<0>, C4<0>;
L_00000211fd92a720 .functor OR 1, L_00000211fd929990, v00000211fd8c2ca0_0, C4<0>, C4<0>;
L_00000211fd929f40/d .functor NOT 1, L_00000211fd92a720, C4<0>, C4<0>, C4<0>;
L_00000211fd929f40 .delay 1 (30,30,30) L_00000211fd929f40/d;
L_00000211fd929760/d .functor BUFZ 3, L_00000211fd92ddd0, C4<000>, C4<000>, C4<000>;
L_00000211fd929760 .delay 3 (30,30,30) L_00000211fd929760/d;
L_00000211fd92a5d0 .functor OR 1, L_00000211fd8c3d80, L_00000211fd8c3c40, C4<0>, C4<0>;
L_00000211fd9295a0/d .functor OR 1, L_00000211fd92a5d0, L_00000211fd8c3f60, C4<0>, C4<0>;
L_00000211fd9295a0 .delay 1 (30,30,30) L_00000211fd9295a0/d;
L_00000211fd92a3a0 .functor OR 1, L_00000211fd8c4460, L_00000211fd8c4000, C4<0>, C4<0>;
L_00000211fd92a1e0 .functor OR 1, L_00000211fd8c2ac0, L_00000211fd8c3920, C4<0>, C4<0>;
L_00000211fd929d80 .functor OR 1, L_00000211fd92a1e0, L_00000211fd8c4280, C4<0>, C4<0>;
L_00000211fd9290d0 .functor OR 1, L_00000211fd929d80, L_00000211fd8c4500, C4<0>, C4<0>;
L_00000211fd92a640 .functor OR 1, L_00000211fd9290d0, L_00000211fd8c4780, C4<0>, C4<0>;
L_00000211fd92a950 .functor OR 1, L_00000211fd92a640, L_00000211fd8c46e0, C4<0>, C4<0>;
L_00000211fd92a9c0/d .functor OR 1, L_00000211fd92a950, L_00000211fd8c3240, C4<0>, C4<0>;
L_00000211fd92a9c0 .delay 1 (30,30,30) L_00000211fd92a9c0/d;
L_00000211fd92a020 .functor OR 1, L_00000211fd92d330, L_00000211fd92d970, C4<0>, C4<0>;
L_00000211fd92aaa0 .functor OR 1, L_00000211fd92a020, L_00000211fd92d3d0, C4<0>, C4<0>;
L_00000211fd929df0/d .functor OR 1, L_00000211fd92aaa0, L_00000211fd92e190, C4<0>, C4<0>;
L_00000211fd929df0 .delay 1 (30,30,30) L_00000211fd929df0/d;
L_00000211fd92a790 .functor OR 1, L_00000211fd92dc90, L_00000211fd92dd30, C4<0>, C4<0>;
L_00000211fd929d10 .functor OR 1, L_00000211fd92a790, L_00000211fd92ecd0, C4<0>, C4<0>;
L_00000211fd929ed0 .functor OR 1, L_00000211fd929d10, L_00000211fd92da10, C4<0>, C4<0>;
L_00000211fd92aa30 .functor OR 1, L_00000211fd929ed0, L_00000211fd92d8d0, C4<0>, C4<0>;
L_00000211fd92ab10 .functor OR 1, L_00000211fd92aa30, L_00000211fd92d650, C4<0>, C4<0>;
L_00000211fd929060 .functor OR 1, L_00000211fd92ab10, L_00000211fd92dab0, C4<0>, C4<0>;
L_00000211fd92a6b0/d .functor OR 1, L_00000211fd929060, L_00000211fd92e230, C4<0>, C4<0>;
L_00000211fd92a6b0 .delay 1 (30,30,30) L_00000211fd92a6b0/d;
L_00000211fd929a00 .functor OR 1, L_00000211fd92d0b0, L_00000211fd92d6f0, C4<0>, C4<0>;
L_00000211fd92a560/d .functor NOT 1, L_00000211fd929a00, C4<0>, C4<0>, C4<0>;
L_00000211fd92a560 .delay 1 (30,30,30) L_00000211fd92a560/d;
L_00000211fd92ab80 .functor OR 1, L_00000211fd92e4b0, L_00000211fd92e9b0, C4<0>, C4<0>;
L_00000211fd928ff0/d .functor OR 1, L_00000211fd92ab80, L_00000211fd92eb90, C4<0>, C4<0>;
L_00000211fd928ff0 .delay 1 (30,30,30) L_00000211fd928ff0/d;
L_00000211fd8cf098 .functor BUFT 1, C4<0010111>, C4<0>, C4<0>, C4<0>;
v00000211fd8b07b0_0 .net/2u *"_ivl_0", 6 0, L_00000211fd8cf098;  1 drivers
L_00000211fd8cf128 .functor BUFT 1, C4<0100011>, C4<0>, C4<0>, C4<0>;
v00000211fd8b1bb0_0 .net/2u *"_ivl_10", 6 0, L_00000211fd8cf128;  1 drivers
v00000211fd8b20b0_0 .net *"_ivl_101", 0 0, L_00000211fd8c43c0;  1 drivers
v00000211fd8b1070_0 .net *"_ivl_107", 1 0, L_00000211fd8c2d40;  1 drivers
L_00000211fd8cf560 .functor BUFT 1, C4<0000011>, C4<0>, C4<0>, C4<0>;
v00000211fd8b1250_0 .net/2u *"_ivl_110", 6 0, L_00000211fd8cf560;  1 drivers
v00000211fd8b25b0_0 .net *"_ivl_112", 0 0, L_00000211fd8c45a0;  1 drivers
v00000211fd8b0e90_0 .net *"_ivl_118", 2 0, L_00000211fd929760;  1 drivers
v00000211fd8b0990_0 .net *"_ivl_12", 0 0, L_00000211fd8c3e20;  1 drivers
L_00000211fd8cf5a8 .functor BUFT 1, C4<1100111>, C4<0>, C4<0>, C4<0>;
v00000211fd8b0a30_0 .net/2u *"_ivl_121", 6 0, L_00000211fd8cf5a8;  1 drivers
v00000211fd8b0c10_0 .net *"_ivl_123", 0 0, L_00000211fd8c3d80;  1 drivers
L_00000211fd8cf5f0 .functor BUFT 1, C4<1101111>, C4<0>, C4<0>, C4<0>;
v00000211fd8b1cf0_0 .net/2u *"_ivl_125", 6 0, L_00000211fd8cf5f0;  1 drivers
v00000211fd8b21f0_0 .net *"_ivl_127", 0 0, L_00000211fd8c3c40;  1 drivers
v00000211fd8b0f30_0 .net *"_ivl_129", 0 0, L_00000211fd92a5d0;  1 drivers
L_00000211fd8cf638 .functor BUFT 1, C4<1100011>, C4<0>, C4<0>, C4<0>;
v00000211fd8b1d90_0 .net/2u *"_ivl_131", 6 0, L_00000211fd8cf638;  1 drivers
v00000211fd8b0ad0_0 .net *"_ivl_133", 0 0, L_00000211fd8c3f60;  1 drivers
v00000211fd8b1ed0_0 .net *"_ivl_135", 0 0, L_00000211fd9295a0;  1 drivers
v00000211fd8b1f70_0 .net *"_ivl_14", 0 0, L_00000211fd832c70;  1 drivers
L_00000211fd8cf680 .functor BUFT 1, C4<1100111>, C4<0>, C4<0>, C4<0>;
v00000211fd8b11b0_0 .net/2u *"_ivl_140", 6 0, L_00000211fd8cf680;  1 drivers
v00000211fd8b2010_0 .net *"_ivl_142", 0 0, L_00000211fd8c4460;  1 drivers
L_00000211fd8cf6c8 .functor BUFT 1, C4<1101111>, C4<0>, C4<0>, C4<0>;
v00000211fd8b0850_0 .net/2u *"_ivl_144", 6 0, L_00000211fd8cf6c8;  1 drivers
v00000211fd8b0b70_0 .net *"_ivl_146", 0 0, L_00000211fd8c4000;  1 drivers
v00000211fd8b12f0_0 .net *"_ivl_149", 0 0, L_00000211fd92a3a0;  1 drivers
L_00000211fd8cf710 .functor BUFT 1, C4<010>, C4<0>, C4<0>, C4<0>;
v00000211fd8b1390_0 .net/2u *"_ivl_150", 2 0, L_00000211fd8cf710;  1 drivers
v00000211fd8b38a0_0 .net *"_ivl_152", 2 0, L_00000211fd8c2980;  1 drivers
v00000211fd8b42a0_0 .net *"_ivl_156", 9 0, L_00000211fd8c31a0;  1 drivers
L_00000211fd8cf758 .functor BUFT 1, C4<0000011100>, C4<0>, C4<0>, C4<0>;
v00000211fd8b3b20_0 .net/2u *"_ivl_158", 9 0, L_00000211fd8cf758;  1 drivers
L_00000211fd8cf170 .functor BUFT 1, C4<0000011>, C4<0>, C4<0>, C4<0>;
v00000211fd8b39e0_0 .net/2u *"_ivl_16", 6 0, L_00000211fd8cf170;  1 drivers
v00000211fd8b3f80_0 .net *"_ivl_160", 0 0, L_00000211fd8c2ac0;  1 drivers
v00000211fd8b3940_0 .net *"_ivl_162", 9 0, L_00000211fd8c36a0;  1 drivers
L_00000211fd8cf7a0 .functor BUFT 1, C4<0000011101>, C4<0>, C4<0>, C4<0>;
v00000211fd8b4160_0 .net/2u *"_ivl_164", 9 0, L_00000211fd8cf7a0;  1 drivers
v00000211fd8b3760_0 .net *"_ivl_166", 0 0, L_00000211fd8c3920;  1 drivers
v00000211fd8b4340_0 .net *"_ivl_168", 0 0, L_00000211fd92a1e0;  1 drivers
v00000211fd8b3300_0 .net *"_ivl_170", 9 0, L_00000211fd8c4140;  1 drivers
L_00000211fd8cf7e8 .functor BUFT 1, C4<0010011011>, C4<0>, C4<0>, C4<0>;
v00000211fd8b3080_0 .net/2u *"_ivl_172", 9 0, L_00000211fd8cf7e8;  1 drivers
v00000211fd8b3800_0 .net *"_ivl_174", 0 0, L_00000211fd8c4280;  1 drivers
v00000211fd8b2ae0_0 .net *"_ivl_176", 0 0, L_00000211fd929d80;  1 drivers
v00000211fd8b34e0_0 .net *"_ivl_178", 16 0, L_00000211fd8c2b60;  1 drivers
v00000211fd8b3120_0 .net *"_ivl_18", 0 0, L_00000211fd8c3880;  1 drivers
L_00000211fd8cf830 .functor BUFT 1, C4<01100110110000000>, C4<0>, C4<0>, C4<0>;
v00000211fd8b3bc0_0 .net/2u *"_ivl_180", 16 0, L_00000211fd8cf830;  1 drivers
v00000211fd8b4020_0 .net *"_ivl_182", 0 0, L_00000211fd8c4500;  1 drivers
v00000211fd8b2860_0 .net *"_ivl_184", 0 0, L_00000211fd9290d0;  1 drivers
v00000211fd8b3ee0_0 .net *"_ivl_186", 16 0, L_00000211fd8c2c00;  1 drivers
L_00000211fd8cf878 .functor BUFT 1, C4<01100110100000001>, C4<0>, C4<0>, C4<0>;
v00000211fd8b3d00_0 .net/2u *"_ivl_188", 16 0, L_00000211fd8cf878;  1 drivers
v00000211fd8b2720_0 .net *"_ivl_190", 0 0, L_00000211fd8c4780;  1 drivers
v00000211fd8b40c0_0 .net *"_ivl_192", 0 0, L_00000211fd92a640;  1 drivers
v00000211fd8b31c0_0 .net *"_ivl_194", 16 0, L_00000211fd8c4820;  1 drivers
L_00000211fd8cf8c0 .functor BUFT 1, C4<01100110110000001>, C4<0>, C4<0>, C4<0>;
v00000211fd8b33a0_0 .net/2u *"_ivl_196", 16 0, L_00000211fd8cf8c0;  1 drivers
v00000211fd8b27c0_0 .net *"_ivl_198", 0 0, L_00000211fd8c46e0;  1 drivers
v00000211fd8b3a80_0 .net *"_ivl_2", 0 0, L_00000211fd8c3740;  1 drivers
v00000211fd8b4200_0 .net *"_ivl_20", 0 0, L_00000211fd7228d0;  1 drivers
v00000211fd8b2cc0_0 .net *"_ivl_200", 0 0, L_00000211fd92a950;  1 drivers
v00000211fd8b2900_0 .net *"_ivl_202", 16 0, L_00000211fd8c48c0;  1 drivers
L_00000211fd8cf908 .functor BUFT 1, C4<01100111110000001>, C4<0>, C4<0>, C4<0>;
v00000211fd8b43e0_0 .net/2u *"_ivl_204", 16 0, L_00000211fd8cf908;  1 drivers
v00000211fd8b4480_0 .net *"_ivl_206", 0 0, L_00000211fd8c3240;  1 drivers
v00000211fd8b2a40_0 .net *"_ivl_208", 0 0, L_00000211fd92a9c0;  1 drivers
L_00000211fd8cf950 .functor BUFT 1, C4<0000011>, C4<0>, C4<0>, C4<0>;
v00000211fd8b4520_0 .net/2u *"_ivl_213", 6 0, L_00000211fd8cf950;  1 drivers
v00000211fd8b2fe0_0 .net *"_ivl_215", 0 0, L_00000211fd92d010;  1 drivers
L_00000211fd8cf998 .functor BUFT 1, C4<010>, C4<0>, C4<0>, C4<0>;
v00000211fd8b3260_0 .net/2u *"_ivl_217", 2 0, L_00000211fd8cf998;  1 drivers
L_00000211fd8cf9e0 .functor BUFT 1, C4<0010111>, C4<0>, C4<0>, C4<0>;
v00000211fd8b2b80_0 .net/2u *"_ivl_219", 6 0, L_00000211fd8cf9e0;  1 drivers
L_00000211fd8cf1b8 .functor BUFT 1, C4<1100011>, C4<0>, C4<0>, C4<0>;
v00000211fd8b45c0_0 .net/2u *"_ivl_22", 6 0, L_00000211fd8cf1b8;  1 drivers
v00000211fd8b3c60_0 .net *"_ivl_221", 0 0, L_00000211fd92e910;  1 drivers
L_00000211fd8cfa28 .functor BUFT 1, C4<000>, C4<0>, C4<0>, C4<0>;
v00000211fd8b3da0_0 .net/2u *"_ivl_223", 2 0, L_00000211fd8cfa28;  1 drivers
L_00000211fd8cfa70 .functor BUFT 1, C4<0100011>, C4<0>, C4<0>, C4<0>;
v00000211fd8b3440_0 .net/2u *"_ivl_225", 6 0, L_00000211fd8cfa70;  1 drivers
v00000211fd8b2e00_0 .net *"_ivl_227", 0 0, L_00000211fd92e410;  1 drivers
L_00000211fd8cfab8 .functor BUFT 1, C4<100>, C4<0>, C4<0>, C4<0>;
v00000211fd8b3e40_0 .net/2u *"_ivl_229", 2 0, L_00000211fd8cfab8;  1 drivers
L_00000211fd8cfb00 .functor BUFT 1, C4<0110111>, C4<0>, C4<0>, C4<0>;
v00000211fd8b3580_0 .net/2u *"_ivl_231", 6 0, L_00000211fd8cfb00;  1 drivers
v00000211fd8b2c20_0 .net *"_ivl_233", 0 0, L_00000211fd92d290;  1 drivers
L_00000211fd8cfb48 .functor BUFT 1, C4<000>, C4<0>, C4<0>, C4<0>;
v00000211fd8b29a0_0 .net/2u *"_ivl_235", 2 0, L_00000211fd8cfb48;  1 drivers
L_00000211fd8cfb90 .functor BUFT 1, C4<1101111>, C4<0>, C4<0>, C4<0>;
v00000211fd8b2d60_0 .net/2u *"_ivl_237", 6 0, L_00000211fd8cfb90;  1 drivers
v00000211fd8b3620_0 .net *"_ivl_239", 0 0, L_00000211fd92ea50;  1 drivers
v00000211fd8b2ea0_0 .net *"_ivl_24", 0 0, L_00000211fd8c39c0;  1 drivers
L_00000211fd8cfbd8 .functor BUFT 1, C4<001>, C4<0>, C4<0>, C4<0>;
v00000211fd8b2f40_0 .net/2u *"_ivl_241", 2 0, L_00000211fd8cfbd8;  1 drivers
L_00000211fd8cfc20 .functor BUFT 1, C4<1100111>, C4<0>, C4<0>, C4<0>;
v00000211fd8b36c0_0 .net/2u *"_ivl_243", 6 0, L_00000211fd8cfc20;  1 drivers
v00000211fd8b5ef0_0 .net *"_ivl_245", 0 0, L_00000211fd92d510;  1 drivers
L_00000211fd8cfc68 .functor BUFT 1, C4<010>, C4<0>, C4<0>, C4<0>;
v00000211fd8b4a50_0 .net/2u *"_ivl_247", 2 0, L_00000211fd8cfc68;  1 drivers
L_00000211fd8cfcb0 .functor BUFT 1, C4<1100011>, C4<0>, C4<0>, C4<0>;
v00000211fd8b6490_0 .net/2u *"_ivl_249", 6 0, L_00000211fd8cfcb0;  1 drivers
v00000211fd8b6530_0 .net *"_ivl_251", 0 0, L_00000211fd92eaf0;  1 drivers
L_00000211fd8cfcf8 .functor BUFT 1, C4<011>, C4<0>, C4<0>, C4<0>;
v00000211fd8b65d0_0 .net/2u *"_ivl_253", 2 0, L_00000211fd8cfcf8;  1 drivers
v00000211fd8b6030_0 .net *"_ivl_255", 9 0, L_00000211fd92db50;  1 drivers
L_00000211fd8cfd40 .functor BUFT 1, C4<0010011x01>, C4<0>, C4<0>, C4<0>;
v00000211fd8b62b0_0 .net *"_ivl_257", 9 0, L_00000211fd8cfd40;  1 drivers
v00000211fd8b6350_0 .net *"_ivl_259", 0 0, L_00000211fd92ee10;  1 drivers
L_00000211fd8cfd88 .functor BUFT 1, C4<101>, C4<0>, C4<0>, C4<0>;
v00000211fd8b5270_0 .net/2u *"_ivl_261", 2 0, L_00000211fd8cfd88;  1 drivers
L_00000211fd8cfdd0 .functor BUFT 1, C4<0010011>, C4<0>, C4<0>, C4<0>;
v00000211fd8b5630_0 .net/2u *"_ivl_263", 6 0, L_00000211fd8cfdd0;  1 drivers
v00000211fd8b5130_0 .net *"_ivl_265", 0 0, L_00000211fd92e730;  1 drivers
L_00000211fd8cfe18 .functor BUFT 1, C4<010>, C4<0>, C4<0>, C4<0>;
v00000211fd8b60d0_0 .net/2u *"_ivl_267", 2 0, L_00000211fd8cfe18;  1 drivers
L_00000211fd8cfe60 .functor BUFT 1, C4<xxx>, C4<0>, C4<0>, C4<0>;
v00000211fd8b5090_0 .net *"_ivl_269", 2 0, L_00000211fd8cfe60;  1 drivers
v00000211fd8b54f0_0 .net *"_ivl_271", 2 0, L_00000211fd92d830;  1 drivers
v00000211fd8b5c70_0 .net *"_ivl_273", 2 0, L_00000211fd92d470;  1 drivers
v00000211fd8b4ff0_0 .net *"_ivl_275", 2 0, L_00000211fd92e7d0;  1 drivers
v00000211fd8b51d0_0 .net *"_ivl_277", 2 0, L_00000211fd92ec30;  1 drivers
v00000211fd8b4b90_0 .net *"_ivl_279", 2 0, L_00000211fd92d150;  1 drivers
v00000211fd8b6170_0 .net *"_ivl_281", 2 0, L_00000211fd92e0f0;  1 drivers
v00000211fd8b5310_0 .net *"_ivl_283", 2 0, L_00000211fd92df10;  1 drivers
v00000211fd8b63f0_0 .net *"_ivl_285", 2 0, L_00000211fd92d5b0;  1 drivers
v00000211fd8b5810_0 .net *"_ivl_287", 2 0, L_00000211fd92dbf0;  1 drivers
L_00000211fd8cfea8 .functor BUFT 1, C4<0010111>, C4<0>, C4<0>, C4<0>;
v00000211fd8b49b0_0 .net/2u *"_ivl_289", 6 0, L_00000211fd8cfea8;  1 drivers
v00000211fd8b5950_0 .net *"_ivl_291", 0 0, L_00000211fd92d330;  1 drivers
L_00000211fd8cfef0 .functor BUFT 1, C4<1101111>, C4<0>, C4<0>, C4<0>;
v00000211fd8b58b0_0 .net/2u *"_ivl_293", 6 0, L_00000211fd8cfef0;  1 drivers
v00000211fd8b56d0_0 .net *"_ivl_295", 0 0, L_00000211fd92d970;  1 drivers
v00000211fd8b5450_0 .net *"_ivl_297", 0 0, L_00000211fd92a020;  1 drivers
L_00000211fd8cff38 .functor BUFT 1, C4<1100111>, C4<0>, C4<0>, C4<0>;
v00000211fd8b4730_0 .net/2u *"_ivl_299", 6 0, L_00000211fd8cff38;  1 drivers
v00000211fd8b4af0_0 .net *"_ivl_301", 0 0, L_00000211fd92d3d0;  1 drivers
v00000211fd8b47d0_0 .net *"_ivl_303", 0 0, L_00000211fd92aaa0;  1 drivers
L_00000211fd8cff80 .functor BUFT 1, C4<1100011>, C4<0>, C4<0>, C4<0>;
v00000211fd8b4870_0 .net/2u *"_ivl_305", 6 0, L_00000211fd8cff80;  1 drivers
v00000211fd8b4cd0_0 .net *"_ivl_307", 0 0, L_00000211fd92e190;  1 drivers
L_00000211fd8cffc8 .functor BUFT 1, C4<0000011>, C4<0>, C4<0>, C4<0>;
v00000211fd8b5f90_0 .net/2u *"_ivl_311", 6 0, L_00000211fd8cffc8;  1 drivers
v00000211fd8b5d10_0 .net *"_ivl_313", 0 0, L_00000211fd92dc90;  1 drivers
L_00000211fd8d0010 .functor BUFT 1, C4<0010011>, C4<0>, C4<0>, C4<0>;
v00000211fd8b4910_0 .net/2u *"_ivl_315", 6 0, L_00000211fd8d0010;  1 drivers
v00000211fd8b5590_0 .net *"_ivl_317", 0 0, L_00000211fd92dd30;  1 drivers
v00000211fd8b5db0_0 .net *"_ivl_319", 0 0, L_00000211fd92a790;  1 drivers
L_00000211fd8d0058 .functor BUFT 1, C4<0010111>, C4<0>, C4<0>, C4<0>;
v00000211fd8b4c30_0 .net/2u *"_ivl_321", 6 0, L_00000211fd8d0058;  1 drivers
v00000211fd8b6210_0 .net *"_ivl_323", 0 0, L_00000211fd92ecd0;  1 drivers
v00000211fd8b4d70_0 .net *"_ivl_325", 0 0, L_00000211fd929d10;  1 drivers
L_00000211fd8d00a0 .functor BUFT 1, C4<0100011>, C4<0>, C4<0>, C4<0>;
v00000211fd8b4e10_0 .net/2u *"_ivl_327", 6 0, L_00000211fd8d00a0;  1 drivers
v00000211fd8b4eb0_0 .net *"_ivl_329", 0 0, L_00000211fd92da10;  1 drivers
v00000211fd8b4f50_0 .net *"_ivl_331", 0 0, L_00000211fd929ed0;  1 drivers
L_00000211fd8d00e8 .functor BUFT 1, C4<0110111>, C4<0>, C4<0>, C4<0>;
v00000211fd8b53b0_0 .net/2u *"_ivl_333", 6 0, L_00000211fd8d00e8;  1 drivers
v00000211fd8b5770_0 .net *"_ivl_335", 0 0, L_00000211fd92d8d0;  1 drivers
v00000211fd8b59f0_0 .net *"_ivl_337", 0 0, L_00000211fd92aa30;  1 drivers
L_00000211fd8d0130 .functor BUFT 1, C4<1100111>, C4<0>, C4<0>, C4<0>;
v00000211fd8b5a90_0 .net/2u *"_ivl_339", 6 0, L_00000211fd8d0130;  1 drivers
v00000211fd8b5b30_0 .net *"_ivl_34", 16 0, L_00000211fd8c2fc0;  1 drivers
v00000211fd8b5bd0_0 .net *"_ivl_341", 0 0, L_00000211fd92d650;  1 drivers
v00000211fd8b5e50_0 .net *"_ivl_343", 0 0, L_00000211fd92ab10;  1 drivers
L_00000211fd8d0178 .functor BUFT 1, C4<1101111>, C4<0>, C4<0>, C4<0>;
v00000211fd8b7cf0_0 .net/2u *"_ivl_345", 6 0, L_00000211fd8d0178;  1 drivers
v00000211fd8b80b0_0 .net *"_ivl_347", 0 0, L_00000211fd92dab0;  1 drivers
v00000211fd8b77f0_0 .net *"_ivl_349", 0 0, L_00000211fd929060;  1 drivers
L_00000211fd8d01c0 .functor BUFT 1, C4<1100011>, C4<0>, C4<0>, C4<0>;
v00000211fd8b95f0_0 .net/2u *"_ivl_351", 6 0, L_00000211fd8d01c0;  1 drivers
v00000211fd8b8650_0 .net *"_ivl_353", 0 0, L_00000211fd92e230;  1 drivers
L_00000211fd8d0208 .functor BUFT 1, C4<0000011>, C4<0>, C4<0>, C4<0>;
v00000211fd8b7bb0_0 .net/2u *"_ivl_359", 6 0, L_00000211fd8d0208;  1 drivers
L_00000211fd8cf290 .functor BUFT 1, C4<00100111010100000>, C4<0>, C4<0>, C4<0>;
v00000211fd8b9050_0 .net/2u *"_ivl_36", 16 0, L_00000211fd8cf290;  1 drivers
v00000211fd8b8150_0 .net *"_ivl_361", 0 0, L_00000211fd92d0b0;  1 drivers
L_00000211fd8d0250 .functor BUFT 1, C4<0110111>, C4<0>, C4<0>, C4<0>;
v00000211fd8b8830_0 .net/2u *"_ivl_363", 6 0, L_00000211fd8d0250;  1 drivers
v00000211fd8b92d0_0 .net *"_ivl_365", 0 0, L_00000211fd92d6f0;  1 drivers
v00000211fd8b9410_0 .net *"_ivl_367", 0 0, L_00000211fd929a00;  1 drivers
v00000211fd8b81f0_0 .net *"_ivl_369", 0 0, L_00000211fd92a560;  1 drivers
L_00000211fd8d0298 .functor BUFT 1, C4<0110111>, C4<0>, C4<0>, C4<0>;
v00000211fd8b8290_0 .net/2u *"_ivl_374", 6 0, L_00000211fd8d0298;  1 drivers
v00000211fd8b7750_0 .net *"_ivl_376", 0 0, L_00000211fd92e4b0;  1 drivers
L_00000211fd8d02e0 .functor BUFT 1, C4<1101111>, C4<0>, C4<0>, C4<0>;
v00000211fd8b8330_0 .net/2u *"_ivl_378", 6 0, L_00000211fd8d02e0;  1 drivers
v00000211fd8b86f0_0 .net *"_ivl_38", 0 0, L_00000211fd8c4be0;  1 drivers
v00000211fd8b83d0_0 .net *"_ivl_380", 0 0, L_00000211fd92e9b0;  1 drivers
v00000211fd8b7a70_0 .net *"_ivl_382", 0 0, L_00000211fd92ab80;  1 drivers
L_00000211fd8d0328 .functor BUFT 1, C4<1100111>, C4<0>, C4<0>, C4<0>;
v00000211fd8b8ab0_0 .net/2u *"_ivl_384", 6 0, L_00000211fd8d0328;  1 drivers
v00000211fd8b7d90_0 .net *"_ivl_386", 0 0, L_00000211fd92eb90;  1 drivers
v00000211fd8b8e70_0 .net *"_ivl_388", 0 0, L_00000211fd928ff0;  1 drivers
L_00000211fd8cf0e0 .functor BUFT 1, C4<1101111>, C4<0>, C4<0>, C4<0>;
v00000211fd8b8f10_0 .net/2u *"_ivl_4", 6 0, L_00000211fd8cf0e0;  1 drivers
v00000211fd8b8c90_0 .net *"_ivl_40", 16 0, L_00000211fd8c37e0;  1 drivers
L_00000211fd8cf2d8 .functor BUFT 1, C4<01100110000100000>, C4<0>, C4<0>, C4<0>;
v00000211fd8b7b10_0 .net/2u *"_ivl_42", 16 0, L_00000211fd8cf2d8;  1 drivers
v00000211fd8b8b50_0 .net *"_ivl_44", 0 0, L_00000211fd8c3060;  1 drivers
v00000211fd8b8dd0_0 .net *"_ivl_46", 0 0, L_00000211fd929bc0;  1 drivers
v00000211fd8b7ed0_0 .net *"_ivl_48", 16 0, L_00000211fd8c3420;  1 drivers
L_00000211fd8cf320 .functor BUFT 1, C4<01100111010100000>, C4<0>, C4<0>, C4<0>;
v00000211fd8b8790_0 .net/2u *"_ivl_50", 16 0, L_00000211fd8cf320;  1 drivers
v00000211fd8b90f0_0 .net *"_ivl_52", 0 0, L_00000211fd8c41e0;  1 drivers
v00000211fd8b8fb0_0 .net *"_ivl_54", 0 0, L_00000211fd929c30;  1 drivers
L_00000211fd8cf368 .functor BUFT 1, C4<0110111>, C4<0>, C4<0>, C4<0>;
v00000211fd8b88d0_0 .net/2u *"_ivl_56", 6 0, L_00000211fd8cf368;  1 drivers
v00000211fd8b7e30_0 .net *"_ivl_58", 0 0, L_00000211fd8c3100;  1 drivers
v00000211fd8b9190_0 .net *"_ivl_6", 0 0, L_00000211fd8c2a20;  1 drivers
v00000211fd8b8010_0 .net *"_ivl_60", 0 0, L_00000211fd9294c0;  1 drivers
v00000211fd8b8970_0 .net *"_ivl_65", 13 0, L_00000211fd8c3ce0;  1 drivers
L_00000211fd8cf3b0 .functor BUFT 1, C4<01100110000001>, C4<0>, C4<0>, C4<0>;
v00000211fd8b94b0_0 .net/2u *"_ivl_67", 13 0, L_00000211fd8cf3b0;  1 drivers
v00000211fd8b8a10_0 .net *"_ivl_69", 0 0, L_00000211fd8c3ec0;  1 drivers
L_00000211fd8cf3f8 .functor BUFT 1, C4<0110111>, C4<0>, C4<0>, C4<0>;
v00000211fd8b9230_0 .net/2u *"_ivl_71", 6 0, L_00000211fd8cf3f8;  1 drivers
v00000211fd8b8470_0 .net *"_ivl_73", 0 0, L_00000211fd8c4d20;  1 drivers
v00000211fd8b9370_0 .net *"_ivl_75", 0 0, L_00000211fd92a8e0;  1 drivers
L_00000211fd8cf440 .functor BUFT 1, C4<0100011>, C4<0>, C4<0>, C4<0>;
v00000211fd8b8bf0_0 .net/2u *"_ivl_77", 6 0, L_00000211fd8cf440;  1 drivers
v00000211fd8b7f70_0 .net *"_ivl_79", 0 0, L_00000211fd8c4f00;  1 drivers
v00000211fd8b8510_0 .net *"_ivl_8", 0 0, L_00000211fd832b20;  1 drivers
L_00000211fd8cf488 .functor BUFT 1, C4<1100011>, C4<0>, C4<0>, C4<0>;
v00000211fd8b85b0_0 .net/2u *"_ivl_81", 6 0, L_00000211fd8cf488;  1 drivers
v00000211fd8b8d30_0 .net *"_ivl_83", 0 0, L_00000211fd8c40a0;  1 drivers
v00000211fd8b7c50_0 .net *"_ivl_85", 0 0, L_00000211fd92a870;  1 drivers
L_00000211fd8cf4d0 .functor BUFT 1, C4<0000000>, C4<0>, C4<0>, C4<0>;
v00000211fd8b9550_0 .net/2u *"_ivl_87", 6 0, L_00000211fd8cf4d0;  1 drivers
v00000211fd8b7890_0 .net *"_ivl_89", 0 0, L_00000211fd8c4640;  1 drivers
v00000211fd8b7930_0 .net *"_ivl_91", 0 0, L_00000211fd929990;  1 drivers
v00000211fd8b79d0_0 .net *"_ivl_93", 0 0, L_00000211fd92a720;  1 drivers
L_00000211fd8cf518 .functor BUFT 1, C4<0100011>, C4<0>, C4<0>, C4<0>;
v00000211fd8bb890_0 .net/2u *"_ivl_99", 6 0, L_00000211fd8cf518;  1 drivers
v00000211fd8b9950_0 .net "alu_op", 4 0, L_00000211fd8c4c80;  alias, 1 drivers
v00000211fd8baf30_0 .net "branch_jump", 3 0, L_00000211fd8c34c0;  alias, 1 drivers
v00000211fd8bb610_0 .net "data1_alu_sel", 0 0, L_00000211fd929df0;  alias, 1 drivers
v00000211fd8b9810_0 .net "data2_alu_sel", 0 0, L_00000211fd92a6b0;  alias, 1 drivers
v00000211fd8bb2f0_0 .net "funct3", 2 0, L_00000211fd92ddd0;  1 drivers
v00000211fd8b9a90_0 .net "funct3_mux_select", 0 0, L_00000211fd722a90;  1 drivers
v00000211fd8b98b0_0 .net "funct7", 6 0, L_00000211fd92e2d0;  1 drivers
v00000211fd8baa30_0 .net "imm_sel", 3 0, L_00000211fd8c32e0;  alias, 1 drivers
v00000211fd8bb4d0_0 .net "mem_read", 3 0, L_00000211fd8c28e0;  alias, 1 drivers
v00000211fd8bb110_0 .net "mem_write", 2 0, L_00000211fd8c2840;  alias, 1 drivers
v00000211fd8bb930_0 .net "opcode", 6 0, L_00000211fd92d790;  1 drivers
v00000211fd8b9c70_0 .net "reg_write_en", 0 0, L_00000211fd929f40;  alias, 1 drivers
v00000211fd8b99f0_0 .net "reset", 0 0, v00000211fd8c2ca0_0;  alias, 1 drivers
v00000211fd8bbb10_0 .net "wb_sel", 1 0, L_00000211fd92eeb0;  alias, 1 drivers
L_00000211fd8c3740 .cmp/eq 7, L_00000211fd92d790, L_00000211fd8cf098;
L_00000211fd8c2a20 .cmp/eq 7, L_00000211fd92d790, L_00000211fd8cf0e0;
L_00000211fd8c3e20 .cmp/eq 7, L_00000211fd92d790, L_00000211fd8cf128;
L_00000211fd8c3880 .cmp/eq 7, L_00000211fd92d790, L_00000211fd8cf170;
L_00000211fd8c39c0 .cmp/eq 7, L_00000211fd92d790, L_00000211fd8cf1b8;
L_00000211fd8c2fc0 .concat [ 7 3 7 0], L_00000211fd92e2d0, L_00000211fd92ddd0, L_00000211fd92d790;
L_00000211fd8c4be0 .cmp/eq 17, L_00000211fd8c2fc0, L_00000211fd8cf290;
L_00000211fd8c37e0 .concat [ 7 3 7 0], L_00000211fd92e2d0, L_00000211fd92ddd0, L_00000211fd92d790;
L_00000211fd8c3060 .cmp/eq 17, L_00000211fd8c37e0, L_00000211fd8cf2d8;
L_00000211fd8c3420 .concat [ 7 3 7 0], L_00000211fd92e2d0, L_00000211fd92ddd0, L_00000211fd92d790;
L_00000211fd8c41e0 .cmp/eq 17, L_00000211fd8c3420, L_00000211fd8cf320;
L_00000211fd8c3100 .cmp/eq 7, L_00000211fd92d790, L_00000211fd8cf368;
L_00000211fd8c4c80 .concat8 [ 3 1 1 0], L_00000211fd8c2f20, L_00000211fd92a8e0, L_00000211fd9294c0;
L_00000211fd8c3ce0 .concat [ 7 7 0 0], L_00000211fd92e2d0, L_00000211fd92d790;
L_00000211fd8c3ec0 .cmp/eq 14, L_00000211fd8c3ce0, L_00000211fd8cf3b0;
L_00000211fd8c4d20 .cmp/eq 7, L_00000211fd92d790, L_00000211fd8cf3f8;
L_00000211fd8c4f00 .cmp/eq 7, L_00000211fd92d790, L_00000211fd8cf440;
L_00000211fd8c40a0 .cmp/eq 7, L_00000211fd92d790, L_00000211fd8cf488;
L_00000211fd8c4640 .cmp/eq 7, L_00000211fd92d790, L_00000211fd8cf4d0;
L_00000211fd8c43c0 .delay 1 (30,30,30) L_00000211fd8c43c0/d;
L_00000211fd8c43c0/d .cmp/eq 7, L_00000211fd92d790, L_00000211fd8cf518;
L_00000211fd8c2840 .concat8 [ 2 1 0 0], L_00000211fd8c2d40, L_00000211fd8c43c0;
L_00000211fd8c2d40 .delay 2 (30,30,30) L_00000211fd8c2d40/d;
L_00000211fd8c2d40/d .part L_00000211fd92ddd0, 0, 2;
L_00000211fd8c45a0 .delay 1 (30,30,30) L_00000211fd8c45a0/d;
L_00000211fd8c45a0/d .cmp/eq 7, L_00000211fd92d790, L_00000211fd8cf560;
L_00000211fd8c28e0 .concat8 [ 3 1 0 0], L_00000211fd929760, L_00000211fd8c45a0;
L_00000211fd8c3d80 .cmp/eq 7, L_00000211fd92d790, L_00000211fd8cf5a8;
L_00000211fd8c3c40 .cmp/eq 7, L_00000211fd92d790, L_00000211fd8cf5f0;
L_00000211fd8c3f60 .cmp/eq 7, L_00000211fd92d790, L_00000211fd8cf638;
L_00000211fd8c34c0 .concat8 [ 3 1 0 0], L_00000211fd8c2980, L_00000211fd9295a0;
L_00000211fd8c4460 .cmp/eq 7, L_00000211fd92d790, L_00000211fd8cf680;
L_00000211fd8c4000 .cmp/eq 7, L_00000211fd92d790, L_00000211fd8cf6c8;
L_00000211fd8c2980 .delay 3 (30,30,30) L_00000211fd8c2980/d;
L_00000211fd8c2980/d .functor MUXZ 3, L_00000211fd92ddd0, L_00000211fd8cf710, L_00000211fd92a3a0, C4<>;
L_00000211fd8c31a0 .concat [ 3 7 0 0], L_00000211fd92ddd0, L_00000211fd92d790;
L_00000211fd8c2ac0 .cmp/eq 10, L_00000211fd8c31a0, L_00000211fd8cf758;
L_00000211fd8c36a0 .concat [ 3 7 0 0], L_00000211fd92ddd0, L_00000211fd92d790;
L_00000211fd8c3920 .cmp/eq 10, L_00000211fd8c36a0, L_00000211fd8cf7a0;
L_00000211fd8c4140 .concat [ 3 7 0 0], L_00000211fd92ddd0, L_00000211fd92d790;
L_00000211fd8c4280 .cmp/eq 10, L_00000211fd8c4140, L_00000211fd8cf7e8;
L_00000211fd8c2b60 .concat [ 7 3 7 0], L_00000211fd92e2d0, L_00000211fd92ddd0, L_00000211fd92d790;
L_00000211fd8c4500 .cmp/eq 17, L_00000211fd8c2b60, L_00000211fd8cf830;
L_00000211fd8c2c00 .concat [ 7 3 7 0], L_00000211fd92e2d0, L_00000211fd92ddd0, L_00000211fd92d790;
L_00000211fd8c4780 .cmp/eq 17, L_00000211fd8c2c00, L_00000211fd8cf878;
L_00000211fd8c4820 .concat [ 7 3 7 0], L_00000211fd92e2d0, L_00000211fd92ddd0, L_00000211fd92d790;
L_00000211fd8c46e0 .cmp/eq 17, L_00000211fd8c4820, L_00000211fd8cf8c0;
L_00000211fd8c48c0 .concat [ 7 3 7 0], L_00000211fd92e2d0, L_00000211fd92ddd0, L_00000211fd92d790;
L_00000211fd8c3240 .cmp/eq 17, L_00000211fd8c48c0, L_00000211fd8cf908;
L_00000211fd8c32e0 .concat8 [ 3 1 0 0], L_00000211fd92dbf0, L_00000211fd92a9c0;
L_00000211fd92d010 .cmp/eq 7, L_00000211fd92d790, L_00000211fd8cf950;
L_00000211fd92e910 .cmp/eq 7, L_00000211fd92d790, L_00000211fd8cf9e0;
L_00000211fd92e410 .cmp/eq 7, L_00000211fd92d790, L_00000211fd8cfa70;
L_00000211fd92d290 .cmp/eq 7, L_00000211fd92d790, L_00000211fd8cfb00;
L_00000211fd92ea50 .cmp/eq 7, L_00000211fd92d790, L_00000211fd8cfb90;
L_00000211fd92d510 .cmp/eq 7, L_00000211fd92d790, L_00000211fd8cfc20;
L_00000211fd92eaf0 .cmp/eq 7, L_00000211fd92d790, L_00000211fd8cfcb0;
L_00000211fd92db50 .concat [ 3 7 0 0], L_00000211fd92ddd0, L_00000211fd92d790;
L_00000211fd92ee10 .cmp/eq 10, L_00000211fd92db50, L_00000211fd8cfd40;
L_00000211fd92e730 .cmp/eq 7, L_00000211fd92d790, L_00000211fd8cfdd0;
L_00000211fd92d830 .functor MUXZ 3, L_00000211fd8cfe60, L_00000211fd8cfe18, L_00000211fd92e730, C4<>;
L_00000211fd92d470 .functor MUXZ 3, L_00000211fd92d830, L_00000211fd8cfd88, L_00000211fd92ee10, C4<>;
L_00000211fd92e7d0 .functor MUXZ 3, L_00000211fd92d470, L_00000211fd8cfcf8, L_00000211fd92eaf0, C4<>;
L_00000211fd92ec30 .functor MUXZ 3, L_00000211fd92e7d0, L_00000211fd8cfc68, L_00000211fd92d510, C4<>;
L_00000211fd92d150 .functor MUXZ 3, L_00000211fd92ec30, L_00000211fd8cfbd8, L_00000211fd92ea50, C4<>;
L_00000211fd92e0f0 .functor MUXZ 3, L_00000211fd92d150, L_00000211fd8cfb48, L_00000211fd92d290, C4<>;
L_00000211fd92df10 .functor MUXZ 3, L_00000211fd92e0f0, L_00000211fd8cfab8, L_00000211fd92e410, C4<>;
L_00000211fd92d5b0 .functor MUXZ 3, L_00000211fd92df10, L_00000211fd8cfa28, L_00000211fd92e910, C4<>;
L_00000211fd92dbf0 .delay 3 (30,30,30) L_00000211fd92dbf0/d;
L_00000211fd92dbf0/d .functor MUXZ 3, L_00000211fd92d5b0, L_00000211fd8cf998, L_00000211fd92d010, C4<>;
L_00000211fd92d330 .cmp/eq 7, L_00000211fd92d790, L_00000211fd8cfea8;
L_00000211fd92d970 .cmp/eq 7, L_00000211fd92d790, L_00000211fd8cfef0;
L_00000211fd92d3d0 .cmp/eq 7, L_00000211fd92d790, L_00000211fd8cff38;
L_00000211fd92e190 .cmp/eq 7, L_00000211fd92d790, L_00000211fd8cff80;
L_00000211fd92dc90 .cmp/eq 7, L_00000211fd92d790, L_00000211fd8cffc8;
L_00000211fd92dd30 .cmp/eq 7, L_00000211fd92d790, L_00000211fd8d0010;
L_00000211fd92ecd0 .cmp/eq 7, L_00000211fd92d790, L_00000211fd8d0058;
L_00000211fd92da10 .cmp/eq 7, L_00000211fd92d790, L_00000211fd8d00a0;
L_00000211fd92d8d0 .cmp/eq 7, L_00000211fd92d790, L_00000211fd8d00e8;
L_00000211fd92d650 .cmp/eq 7, L_00000211fd92d790, L_00000211fd8d0130;
L_00000211fd92dab0 .cmp/eq 7, L_00000211fd92d790, L_00000211fd8d0178;
L_00000211fd92e230 .cmp/eq 7, L_00000211fd92d790, L_00000211fd8d01c0;
L_00000211fd92d0b0 .cmp/eq 7, L_00000211fd92d790, L_00000211fd8d0208;
L_00000211fd92d6f0 .cmp/eq 7, L_00000211fd92d790, L_00000211fd8d0250;
L_00000211fd92eeb0 .concat8 [ 1 1 0 0], L_00000211fd92a560, L_00000211fd928ff0;
L_00000211fd92e4b0 .cmp/eq 7, L_00000211fd92d790, L_00000211fd8d0298;
L_00000211fd92e9b0 .cmp/eq 7, L_00000211fd92d790, L_00000211fd8d02e0;
L_00000211fd92eb90 .cmp/eq 7, L_00000211fd92d790, L_00000211fd8d0328;
S_00000211fd6a77c0 .scope module, "funct3_mux" "mux_3b_2to1" 7 32, 8 3 0, S_00000211fd71d170;
 .timescale -9 -10;
    .port_info 0 /INPUT 3 "data1";
    .port_info 1 /INPUT 3 "data2";
    .port_info 2 /OUTPUT 3 "out";
    .port_info 3 /INPUT 1 "sel";
L_00000211fd8cf200 .functor BUFT 1, C4<1>, C4<0>, C4<0>, C4<0>;
L_00000211fd6d1210 .functor XNOR 1, L_00000211fd722a90, L_00000211fd8cf200, C4<0>, C4<0>;
v00000211fd8b1570_0 .net/2u *"_ivl_0", 0 0, L_00000211fd8cf200;  1 drivers
v00000211fd8b0df0_0 .net *"_ivl_2", 0 0, L_00000211fd6d1210;  1 drivers
v00000211fd8b17f0_0 .net "data1", 2 0, L_00000211fd92ddd0;  alias, 1 drivers
L_00000211fd8cf248 .functor BUFT 1, C4<000>, C4<0>, C4<0>, C4<0>;
v00000211fd8b1a70_0 .net "data2", 2 0, L_00000211fd8cf248;  1 drivers
v00000211fd8b1b10_0 .net "out", 2 0, L_00000211fd8c2f20;  1 drivers
v00000211fd8b0cb0_0 .net "sel", 0 0, L_00000211fd722a90;  alias, 1 drivers
L_00000211fd8c2f20 .delay 3 (10,10,10) L_00000211fd8c2f20/d;
L_00000211fd8c2f20/d .functor MUXZ 3, L_00000211fd92ddd0, L_00000211fd8cf248, L_00000211fd6d1210, C4<>;
S_00000211fd6a7950 .scope module, "ex_mem_pipeline_reg_inst" "ex_mem_pipeline_reg" 3 230, 9 3 0, S_00000211fd6cb610;
 .timescale -9 -10;
    .port_info 0 /INPUT 1 "clk";
    .port_info 1 /INPUT 1 "rst";
    .port_info 2 /INPUT 1 "reg_write_in";
    .port_info 3 /INPUT 32 "pc_in";
    .port_info 4 /INPUT 32 "alu_result_in";
    .port_info 5 /INPUT 32 "read_data2_in";
    .port_info 6 /INPUT 32 "imm_in";
    .port_info 7 /INPUT 5 "dest_addr_in";
    .port_info 8 /INPUT 3 "mem_write_in";
    .port_info 9 /INPUT 4 "mem_read_in";
    .port_info 10 /INPUT 2 "wb_sel_in";
    .port_info 11 /INPUT 1 "busywait";
    .port_info 12 /OUTPUT 1 "reg_write_out";
    .port_info 13 /OUTPUT 32 "pc_out";
    .port_info 14 /OUTPUT 32 "alu_result_out";
    .port_info 15 /OUTPUT 32 "read_data2_out";
    .port_info 16 /OUTPUT 32 "imm_out";
    .port_info 17 /OUTPUT 5 "dest_addr_out";
    .port_info 18 /OUTPUT 3 "mem_write_out";
    .port_info 19 /OUTPUT 4 "mem_read_out";
    .port_info 20 /OUTPUT 2 "wb_sel_out";
v00000211fd8bba70_0 .net "alu_result_in", 31 0, v00000211fd85acf0_0;  alias, 1 drivers
v00000211fd8baad0_0 .var "alu_result_out", 31 0;
v00000211fd8ba530_0 .net "busywait", 0 0, L_00000211fd832570;  alias, 1 drivers
v00000211fd8bb9d0_0 .net "clk", 0 0, v00000211fd8c5e00_0;  alias, 1 drivers
v00000211fd8bb6b0_0 .net "dest_addr_in", 4 0, v00000211fd8bad50_0;  alias, 1 drivers
v00000211fd8bbbb0_0 .var "dest_addr_out", 4 0;
v00000211fd8ba990_0 .net "imm_in", 31 0, v00000211fd8ba170_0;  alias, 1 drivers
v00000211fd8bbc50_0 .var "imm_out", 31 0;
v00000211fd8b9b30_0 .net "mem_read_in", 3 0, v00000211fd8bbed0_0;  alias, 1 drivers
v00000211fd8b9db0_0 .var "mem_read_out", 3 0;
v00000211fd8b9d10_0 .net "mem_write_in", 2 0, v00000211fd8b9770_0;  alias, 1 drivers
v00000211fd8bb390_0 .var "mem_write_out", 2 0;
v00000211fd8b9bd0_0 .net "pc_in", 31 0, v00000211fd8ba2b0_0;  alias, 1 drivers
v00000211fd8bb750_0 .var "pc_out", 31 0;
v00000211fd8bab70_0 .net "read_data2_in", 31 0, v00000211fd8ba850_0;  alias, 1 drivers
v00000211fd8b9e50_0 .var "read_data2_out", 31 0;
v00000211fd8b9ef0_0 .net "reg_write_in", 0 0, v00000211fd8bae90_0;  alias, 1 drivers
v00000211fd8ba490_0 .var "reg_write_out", 0 0;
v00000211fd8ba7b0_0 .net "rst", 0 0, v00000211fd8c2ca0_0;  alias, 1 drivers
v00000211fd8ba8f0_0 .net "wb_sel_in", 1 0, v00000211fd8bca10_0;  alias, 1 drivers
v00000211fd8bb250_0 .var "wb_sel_out", 1 0;
E_00000211fd850670 .event posedge, v00000211fd8b99f0_0, v00000211fd8bb9d0_0;
S_00000211fd6ac720 .scope module, "id_ex_pipeline_reg_inst" "id_ex_pipeline_reg" 3 161, 10 3 0, S_00000211fd6cb610;
 .timescale -9 -10;
    .port_info 0 /INPUT 1 "clk";
    .port_info 1 /INPUT 1 "rst";
    .port_info 2 /INPUT 1 "reg_write_en_in";
    .port_info 3 /INPUT 1 "data1_alu_sel_in";
    .port_info 4 /INPUT 1 "data2_alu_sel_in";
    .port_info 5 /INPUT 32 "pc_in";
    .port_info 6 /INPUT 32 "read_data1_in";
    .port_info 7 /INPUT 32 "read_data2_in";
    .port_info 8 /INPUT 32 "imm_in";
    .port_info 9 /INPUT 5 "dest_addr_in";
    .port_info 10 /INPUT 5 "aluop_in";
    .port_info 11 /INPUT 4 "branch_jump_in";
    .port_info 12 /INPUT 3 "mem_write_in";
    .port_info 13 /INPUT 4 "mem_read_in";
    .port_info 14 /INPUT 2 "wb_sel_in";
    .port_info 15 /INPUT 1 "busywait";
    .port_info 16 /OUTPUT 1 "reg_write_en_out";
    .port_info 17 /OUTPUT 1 "data1_alu_sel_out";
    .port_info 18 /OUTPUT 1 "data2_alu_sel_out";
    .port_info 19 /OUTPUT 32 "pc_out";
    .port_info 20 /OUTPUT 32 "read_data1_out";
    .port_info 21 /OUTPUT 32 "read_data2_out";
    .port_info 22 /OUTPUT 32 "imm_out";
    .port_info 23 /OUTPUT 5 "dest_addr_out";
    .port_info 24 /OUTPUT 5 "aluop_out";
    .port_info 25 /OUTPUT 4 "branch_jump_out";
    .port_info 26 /OUTPUT 3 "mem_write_out";
    .port_info 27 /OUTPUT 4 "mem_read_out";
    .port_info 28 /OUTPUT 2 "wb_sel_out";
v00000211fd8bbcf0_0 .net "aluop_in", 4 0, L_00000211fd8c4c80;  alias, 1 drivers
v00000211fd8ba710_0 .var "aluop_out", 4 0;
v00000211fd8b9f90_0 .net "branch_jump_in", 3 0, L_00000211fd8c34c0;  alias, 1 drivers
v00000211fd8ba030_0 .var "branch_jump_out", 3 0;
v00000211fd8bac10_0 .net "busywait", 0 0, L_00000211fd832570;  alias, 1 drivers
v00000211fd8ba3f0_0 .net "clk", 0 0, v00000211fd8c5e00_0;  alias, 1 drivers
v00000211fd8bb1b0_0 .net "data1_alu_sel_in", 0 0, L_00000211fd929df0;  alias, 1 drivers
v00000211fd8bb430_0 .var "data1_alu_sel_out", 0 0;
v00000211fd8ba0d0_0 .net "data2_alu_sel_in", 0 0, L_00000211fd92a6b0;  alias, 1 drivers
v00000211fd8bbd90_0 .var "data2_alu_sel_out", 0 0;
v00000211fd8bb570_0 .net "dest_addr_in", 4 0, L_00000211fd92de70;  1 drivers
v00000211fd8bad50_0 .var "dest_addr_out", 4 0;
v00000211fd8bbe30_0 .net "imm_in", 31 0, v00000211fd8c12e0_0;  alias, 1 drivers
v00000211fd8ba170_0 .var "imm_out", 31 0;
v00000211fd8bb7f0_0 .net "mem_read_in", 3 0, L_00000211fd8c28e0;  alias, 1 drivers
v00000211fd8bbed0_0 .var "mem_read_out", 3 0;
v00000211fd8bacb0_0 .net "mem_write_in", 2 0, L_00000211fd8c2840;  alias, 1 drivers
v00000211fd8b9770_0 .var "mem_write_out", 2 0;
v00000211fd8ba210_0 .net "pc_in", 31 0, v00000211fd8bc0b0_0;  alias, 1 drivers
v00000211fd8ba2b0_0 .var "pc_out", 31 0;
v00000211fd8ba350_0 .net "read_data1_in", 31 0, L_00000211fd832960;  alias, 1 drivers
v00000211fd8ba5d0_0 .var "read_data1_out", 31 0;
v00000211fd8ba670_0 .net "read_data2_in", 31 0, L_00000211fd832ab0;  alias, 1 drivers
v00000211fd8ba850_0 .var "read_data2_out", 31 0;
v00000211fd8badf0_0 .net "reg_write_en_in", 0 0, L_00000211fd929f40;  alias, 1 drivers
v00000211fd8bae90_0 .var "reg_write_en_out", 0 0;
v00000211fd8bafd0_0 .net "rst", 0 0, v00000211fd8c2ca0_0;  alias, 1 drivers
v00000211fd8bb070_0 .net "wb_sel_in", 1 0, L_00000211fd92eeb0;  alias, 1 drivers
v00000211fd8bca10_0 .var "wb_sel_out", 1 0;
S_00000211fd6b6f00 .scope module, "if_id_pipeline_reg_inst" "if_id_pipeline_reg" 3 101, 11 3 0, S_00000211fd6cb610;
 .timescale -9 -10;
    .port_info 0 /INPUT 1 "clk";
    .port_info 1 /INPUT 1 "rst";
    .port_info 2 /INPUT 32 "pc_in";
    .port_info 3 /OUTPUT 32 "pc_out";
    .port_info 4 /INPUT 32 "instr_in";
    .port_info 5 /OUTPUT 32 "instr_out";
    .port_info 6 /INPUT 1 "busywait";
v00000211fd8bd5f0_0 .net "busywait", 0 0, L_00000211fd832570;  alias, 1 drivers
v00000211fd8bd2d0_0 .net "clk", 0 0, v00000211fd8c5e00_0;  alias, 1 drivers
v00000211fd8bd050_0 .net "instr_in", 31 0, v00000211fd8c61c0_0;  alias, 1 drivers
v00000211fd8bd190_0 .var "instr_out", 31 0;
v00000211fd8bd370_0 .net "pc_in", 31 0, v00000211fd8bc6f0_0;  alias, 1 drivers
v00000211fd8bc0b0_0 .var "pc_out", 31 0;
v00000211fd8bc790_0 .net "rst", 0 0, v00000211fd8c2ca0_0;  alias, 1 drivers
E_00000211fd850870 .event posedge, v00000211fd8bb9d0_0;
S_00000211fd6b7090 .scope module, "mem_wb_pipeline_reg_inst" "mem_wb_pipeline_reg" 3 272, 12 3 0, S_00000211fd6cb610;
 .timescale -9 -10;
    .port_info 0 /INPUT 1 "clk";
    .port_info 1 /INPUT 1 "rst";
    .port_info 2 /INPUT 1 "reg_write_in";
    .port_info 3 /INPUT 32 "pc_in";
    .port_info 4 /INPUT 32 "mem_data_in";
    .port_info 5 /INPUT 32 "alu_result_in";
    .port_info 6 /INPUT 32 "imm_in";
    .port_info 7 /INPUT 5 "dest_addr_in";
    .port_info 8 /INPUT 2 "wb_sel_in";
    .port_info 9 /INPUT 1 "busywait";
    .port_info 10 /OUTPUT 1 "reg_write_out";
    .port_info 11 /OUTPUT 32 "pc_out";
    .port_info 12 /OUTPUT 32 "mem_data_out";
    .port_info 13 /OUTPUT 32 "alu_result_out";
    .port_info 14 /OUTPUT 32 "imm_out";
    .port_info 15 /OUTPUT 5 "dest_addr_out";
    .port_info 16 /OUTPUT 2 "wb_sel_out";
v00000211fd8bcb50_0 .net "alu_result_in", 31 0, v00000211fd8baad0_0;  alias, 1 drivers
v00000211fd8bc970_0 .var "alu_result_out", 31 0;
v00000211fd8bc5b0_0 .net "busywait", 0 0, L_00000211fd832570;  alias, 1 drivers
v00000211fd8bc150_0 .net "clk", 0 0, v00000211fd8c5e00_0;  alias, 1 drivers
v00000211fd8bc290_0 .net "dest_addr_in", 4 0, v00000211fd8bbbb0_0;  alias, 1 drivers
v00000211fd8bc010_0 .var "dest_addr_out", 4 0;
v00000211fd8bcf10_0 .net "imm_in", 31 0, v00000211fd8bbc50_0;  alias, 1 drivers
v00000211fd8bc830_0 .var "imm_out", 31 0;
v00000211fd8bd4b0_0 .net "mem_data_in", 31 0, v00000211fd8c5180_0;  alias, 1 drivers
v00000211fd8bc3d0_0 .var "mem_data_out", 31 0;
v00000211fd8bcc90_0 .net "pc_in", 31 0, v00000211fd8bb750_0;  alias, 1 drivers
v00000211fd8bcbf0_0 .var "pc_out", 31 0;
v00000211fd8bd0f0_0 .net "reg_write_in", 0 0, v00000211fd8ba490_0;  alias, 1 drivers
v00000211fd8bc1f0_0 .var "reg_write_out", 0 0;
v00000211fd8bcab0_0 .net "rst", 0 0, v00000211fd8c2ca0_0;  alias, 1 drivers
v00000211fd8bd410_0 .net "wb_sel_in", 1 0, v00000211fd8bb250_0;  alias, 1 drivers
v00000211fd8bd230_0 .var "wb_sel_out", 1 0;
S_00000211fd71f4f0 .scope module, "pc_inst" "pc" 3 86, 13 3 0, S_00000211fd6cb610;
 .timescale -9 -10;
    .port_info 0 /INPUT 1 "clk";
    .port_info 1 /INPUT 1 "rst";
    .port_info 2 /INPUT 32 "pc_in";
    .port_info 3 /OUTPUT 32 "pc_out";
    .port_info 4 /INPUT 1 "busywait";
v00000211fd8bc470_0 .net "busywait", 0 0, L_00000211fd832570;  alias, 1 drivers
v00000211fd8bc650_0 .net "clk", 0 0, v00000211fd8c5e00_0;  alias, 1 drivers
v00000211fd8bcd30_0 .net "pc_in", 31 0, L_00000211fd8c3380;  alias, 1 drivers
v00000211fd8bc6f0_0 .var "pc_out", 31 0;
v00000211fd8bc330_0 .net "rst", 0 0, v00000211fd8c2ca0_0;  alias, 1 drivers
S_00000211fd71f680 .scope module, "pc_mux" "mux_32b_2to1" 3 78, 5 3 0, S_00000211fd6cb610;
 .timescale -9 -10;
    .port_info 0 /INPUT 32 "data1";
    .port_info 1 /INPUT 32 "data2";
    .port_info 2 /INPUT 1 "sel";
    .port_info 3 /OUTPUT 32 "out";
L_00000211fd8cef78 .functor BUFT 1, C4<1>, C4<0>, C4<0>, C4<0>;
L_00000211fd8328f0 .functor XNOR 1, v00000211fd8b19d0_0, L_00000211fd8cef78, C4<0>, C4<0>;
v00000211fd8bd550_0 .net/2u *"_ivl_0", 0 0, L_00000211fd8cef78;  1 drivers
v00000211fd8bc510_0 .net *"_ivl_2", 0 0, L_00000211fd8328f0;  1 drivers
v00000211fd8bcdd0_0 .net "data1", 31 0, L_00000211fd8c3a60;  alias, 1 drivers
v00000211fd8bbf70_0 .net "data2", 31 0, o00000211fd867248;  alias, 0 drivers
v00000211fd8bc8d0_0 .net "out", 31 0, L_00000211fd8c3380;  alias, 1 drivers
v00000211fd8bce70_0 .net "sel", 0 0, v00000211fd8b19d0_0;  alias, 1 drivers
L_00000211fd8c3380 .delay 32 (10,10,10) L_00000211fd8c3380/d;
L_00000211fd8c3380/d .functor MUXZ 32, L_00000211fd8c3a60, o00000211fd867248, L_00000211fd8328f0, C4<>;
S_00000211fd6d6620 .scope module, "pc_plus_4" "adder_32b_4" 3 95, 14 3 0, S_00000211fd6cb610;
 .timescale -9 -10;
    .port_info 0 /INPUT 32 "data";
    .port_info 1 /OUTPUT 32 "out";
L_00000211fd8cefc0 .functor BUFT 1, C4<00000000000000000000000000000100>, C4<0>, C4<0>, C4<0>;
v00000211fd8bcfb0_0 .net/2u *"_ivl_0", 31 0, L_00000211fd8cefc0;  1 drivers
v00000211fd8c0520_0 .net "data", 31 0, v00000211fd8bc6f0_0;  alias, 1 drivers
v00000211fd8c0160_0 .net "out", 31 0, L_00000211fd8c3a60;  alias, 1 drivers
L_00000211fd8c3a60 .delay 32 (10,10,10) L_00000211fd8c3a60/d;
L_00000211fd8c3a60/d .arith/sum 32, v00000211fd8bc6f0_0, L_00000211fd8cefc0;
S_00000211fd6d67b0 .scope module, "pc_plus_4_ma" "adder_32b_4" 3 259, 14 3 0, S_00000211fd6cb610;
 .timescale -9 -10;
    .port_info 0 /INPUT 32 "data";
    .port_info 1 /OUTPUT 32 "out";
L_00000211fd8d0838 .functor BUFT 1, C4<00000000000000000000000000000100>, C4<0>, C4<0>, C4<0>;
v00000211fd8c03e0_0 .net/2u *"_ivl_0", 31 0, L_00000211fd8d0838;  1 drivers
v00000211fd8c1100_0 .net "data", 31 0, v00000211fd8bb750_0;  alias, 1 drivers
v00000211fd8c0c00_0 .net "out", 31 0, L_00000211fd9373a0;  alias, 1 drivers
L_00000211fd9373a0 .delay 32 (10,10,10) L_00000211fd9373a0/d;
L_00000211fd9373a0/d .arith/sum 32, v00000211fd8bb750_0, L_00000211fd8d0838;
S_00000211fd6fb6c0 .scope module, "reg_files_inst" "reg_files" 3 119, 15 3 0, S_00000211fd6cb610;
 .timescale -9 -10;
    .port_info 0 /INPUT 1 "clk";
    .port_info 1 /INPUT 1 "rst";
    .port_info 2 /INPUT 5 "addr1";
    .port_info 3 /INPUT 5 "addr2";
    .port_info 4 /OUTPUT 32 "data1";
    .port_info 5 /OUTPUT 32 "data2";
    .port_info 6 /INPUT 1 "we";
    .port_info 7 /INPUT 32 "wd";
    .port_info 8 /INPUT 5 "waddr";
L_00000211fd832960/d .functor BUFZ 32, L_00000211fd8c3b00, C4<00000000000000000000000000000000>, C4<00000000000000000000000000000000>, C4<00000000000000000000000000000000>;
L_00000211fd832960 .delay 32 (10,10,10) L_00000211fd832960/d;
L_00000211fd832ab0/d .functor BUFZ 32, L_00000211fd8c4a00, C4<00000000000000000000000000000000>, C4<00000000000000000000000000000000>, C4<00000000000000000000000000000000>;
L_00000211fd832ab0 .delay 32 (10,10,10) L_00000211fd832ab0/d;
v00000211fd8c0e80_0 .net *"_ivl_0", 31 0, L_00000211fd8c3b00;  1 drivers
v00000211fd8c0b60_0 .net *"_ivl_10", 6 0, L_00000211fd8c27a0;  1 drivers
L_00000211fd8cf050 .functor BUFT 1, C4<00>, C4<0>, C4<0>, C4<0>;
v00000211fd8c0ca0_0 .net *"_ivl_13", 1 0, L_00000211fd8cf050;  1 drivers
v00000211fd8c0700_0 .net *"_ivl_2", 6 0, L_00000211fd8c3560;  1 drivers
L_00000211fd8cf008 .functor BUFT 1, C4<00>, C4<0>, C4<0>, C4<0>;
v00000211fd8c1380_0 .net *"_ivl_5", 1 0, L_00000211fd8cf008;  1 drivers
v00000211fd8c0840_0 .net *"_ivl_8", 31 0, L_00000211fd8c4a00;  1 drivers
v00000211fd8c0660_0 .net "addr1", 4 0, L_00000211fd8c4dc0;  1 drivers
v00000211fd8c0d40_0 .net "addr2", 4 0, L_00000211fd8c2e80;  1 drivers
v00000211fd8c1420_0 .net "clk", 0 0, v00000211fd8c5e00_0;  alias, 1 drivers
v00000211fd8c0980_0 .net "data1", 31 0, L_00000211fd832960;  alias, 1 drivers
v00000211fd8c07a0_0 .net "data2", 31 0, L_00000211fd832ab0;  alias, 1 drivers
v00000211fd8c08e0_0 .var/i "i", 31 0;
v00000211fd8c0200 .array "mem", 0 31, 31 0;
v00000211fd8c11a0_0 .net "rst", 0 0, v00000211fd8c2ca0_0;  alias, 1 drivers
v00000211fd8c1240_0 .net "waddr", 4 0, v00000211fd8bc010_0;  alias, 1 drivers
v00000211fd8c00c0_0 .net "wd", 31 0, L_00000211fd936cc0;  alias, 1 drivers
v00000211fd8c0de0_0 .net "we", 0 0, v00000211fd8bc1f0_0;  alias, 1 drivers
E_00000211fd850770 .event negedge, v00000211fd8bb9d0_0;
L_00000211fd8c3b00 .array/port v00000211fd8c0200, L_00000211fd8c3560;
L_00000211fd8c3560 .concat [ 5 2 0 0], L_00000211fd8c4dc0, L_00000211fd8cf008;
L_00000211fd8c4a00 .array/port v00000211fd8c0200, L_00000211fd8c27a0;
L_00000211fd8c27a0 .concat [ 5 2 0 0], L_00000211fd8c2e80, L_00000211fd8cf050;
S_00000211fd8c2400 .scope module, "sign_extender_inst" "sign_extender" 3 132, 16 9 0, S_00000211fd6cb610;
 .timescale -9 -10;
    .port_info 0 /INPUT 32 "inst";
    .port_info 1 /INPUT 4 "imm_sel";
    .port_info 2 /OUTPUT 32 "imm_ext";
v00000211fd8c0f20_0 .net "TYPE1", 19 0, L_00000211fd8c4b40;  1 drivers
v00000211fd8c1060_0 .net "TYPE3", 11 0, L_00000211fd8c3600;  1 drivers
v00000211fd8c0020_0 .net "TYPE5", 11 0, L_00000211fd8c4aa0;  1 drivers
v00000211fd8c14c0_0 .net "TYPE6", 4 0, L_00000211fd8c3ba0;  1 drivers
v00000211fd8c0480_0 .net *"_ivl_5", 6 0, L_00000211fd8c4320;  1 drivers
v00000211fd8c1560_0 .net *"_ivl_7", 4 0, L_00000211fd8c2de0;  1 drivers
v00000211fd8c12e0_0 .var "imm_ext", 31 0;
v00000211fd8c1600_0 .net "imm_sel", 3 0, L_00000211fd8c32e0;  alias, 1 drivers
v00000211fd8c0a20_0 .net "inst", 31 0, v00000211fd8bd190_0;  alias, 1 drivers
E_00000211fd852130/0 .event anyedge, v00000211fd8baa30_0, v00000211fd8c0f20_0, v00000211fd8bd190_0, v00000211fd8c1060_0;
E_00000211fd852130/1 .event anyedge, v00000211fd8c0020_0, v00000211fd8c14c0_0;
E_00000211fd852130 .event/or E_00000211fd852130/0, E_00000211fd852130/1;
L_00000211fd8c4b40 .part v00000211fd8bd190_0, 12, 20;
L_00000211fd8c3600 .part v00000211fd8bd190_0, 20, 12;
L_00000211fd8c4320 .part v00000211fd8bd190_0, 25, 7;
L_00000211fd8c2de0 .part v00000211fd8bd190_0, 7, 5;
L_00000211fd8c4aa0 .concat [ 5 7 0 0], L_00000211fd8c2de0, L_00000211fd8c4320;
L_00000211fd8c3ba0 .part v00000211fd8bd190_0, 20, 5;
S_00000211fd8c1dc0 .scope module, "wb_mux" "mux_32b_4to1" 3 296, 17 3 0, S_00000211fd6cb610;
 .timescale -9 -10;
    .port_info 0 /INPUT 32 "data1";
    .port_info 1 /INPUT 32 "data2";
    .port_info 2 /INPUT 32 "data3";
    .port_info 3 /INPUT 32 "data4";
    .port_info 4 /OUTPUT 32 "out";
    .port_info 5 /INPUT 2 "sel";
L_00000211fd8d0880 .functor BUFT 1, C4<00>, C4<0>, C4<0>, C4<0>;
v00000211fd8c0ac0_0 .net/2u *"_ivl_0", 1 0, L_00000211fd8d0880;  1 drivers
v00000211fd8bff80_0 .net *"_ivl_10", 0 0, L_00000211fd936f40;  1 drivers
v00000211fd8c02a0_0 .net *"_ivl_12", 31 0, L_00000211fd9374e0;  1 drivers
v00000211fd8c0340_0 .net *"_ivl_14", 31 0, L_00000211fd936680;  1 drivers
v00000211fd8c05c0_0 .net *"_ivl_2", 0 0, L_00000211fd935be0;  1 drivers
L_00000211fd8d08c8 .functor BUFT 1, C4<01>, C4<0>, C4<0>, C4<0>;
v00000211fd8beea0_0 .net/2u *"_ivl_4", 1 0, L_00000211fd8d08c8;  1 drivers
v00000211fd8befe0_0 .net *"_ivl_6", 0 0, L_00000211fd937260;  1 drivers
L_00000211fd8d0910 .functor BUFT 1, C4<10>, C4<0>, C4<0>, C4<0>;
v00000211fd8bfd00_0 .net/2u *"_ivl_8", 1 0, L_00000211fd8d0910;  1 drivers
v00000211fd8be040_0 .net "data1", 31 0, v00000211fd8bc3d0_0;  alias, 1 drivers
v00000211fd8bf6c0_0 .net "data2", 31 0, v00000211fd8bc970_0;  alias, 1 drivers
v00000211fd8bf620_0 .net "data3", 31 0, v00000211fd8bc830_0;  alias, 1 drivers
v00000211fd8bf300_0 .net "data4", 31 0, v00000211fd8bcbf0_0;  alias, 1 drivers
v00000211fd8bed60_0 .net "out", 31 0, L_00000211fd936cc0;  alias, 1 drivers
v00000211fd8bfda0_0 .net "sel", 1 0, v00000211fd8bd230_0;  alias, 1 drivers
L_00000211fd935be0 .cmp/eq 2, v00000211fd8bd230_0, L_00000211fd8d0880;
L_00000211fd937260 .cmp/eq 2, v00000211fd8bd230_0, L_00000211fd8d08c8;
L_00000211fd936f40 .cmp/eq 2, v00000211fd8bd230_0, L_00000211fd8d0910;
L_00000211fd9374e0 .functor MUXZ 32, v00000211fd8bcbf0_0, v00000211fd8bc830_0, L_00000211fd936f40, C4<>;
L_00000211fd936680 .functor MUXZ 32, L_00000211fd9374e0, v00000211fd8bc970_0, L_00000211fd937260, C4<>;
L_00000211fd936cc0 .delay 32 (10,10,10) L_00000211fd936cc0/d;
L_00000211fd936cc0/d .functor MUXZ 32, L_00000211fd936680, v00000211fd8bc3d0_0, L_00000211fd935be0, C4<>;
S_00000211fd8c2590 .scope module, "dmem_inst" "dmem" 2 43, 18 3 0, S_00000211fd6cb480;
 .timescale -9 -10;
    .port_info 0 /INPUT 1 "clock";
    .port_info 1 /INPUT 1 "reset";
    .port_info 2 /INPUT 4 "read";
    .port_info 3 /INPUT 3 "write";
    .port_info 4 /INPUT 32 "address";
    .port_info 5 /INPUT 32 "writedata";
    .port_info 6 /OUTPUT 32 "readdata";
    .port_info 7 /OUTPUT 1 "busywait";
    .port_info 8 /OUTPUT 32 "DEBUG_DATA";
    .port_info 9 /OUTPUT 1 "DEBUG_READ_ACC";
    .port_info 10 /OUTPUT 1 "DEBUG_WRITE_ACC";
L_00000211fd929140 .functor BUFZ 1, v00000211fd8c4fa0_0, C4<0>, C4<0>, C4<0>;
L_00000211fd929290 .functor BUFZ 1, v00000211fd8c5720_0, C4<0>, C4<0>, C4<0>;
v00000211fd8c6440_0 .net "DEBUG_DATA", 31 0, L_00000211fd936860;  1 drivers
v00000211fd8c64e0_0 .net "DEBUG_READ_ACC", 0 0, L_00000211fd929140;  1 drivers
v00000211fd8c5b80_0 .net "DEBUG_WRITE_ACC", 0 0, L_00000211fd929290;  1 drivers
L_00000211fd8d0958 .functor BUFT 1, C4<000000000000000000000000>, C4<0>, C4<0>, C4<0>;
v00000211fd8c5680_0 .net *"_ivl_4", 23 0, L_00000211fd8d0958;  1 drivers
v00000211fd8c5c20_0 .net "address", 31 0, L_00000211fd929ca0;  alias, 1 drivers
v00000211fd8c5cc0_0 .var "busywait", 0 0;
v00000211fd8c6580_0 .net "clock", 0 0, v00000211fd8c5e00_0;  alias, 1 drivers
v00000211fd8c52c0_0 .var/i "i", 31 0;
v00000211fd8c6620 .array "memory_array", 0 255, 7 0;
v00000211fd8c5a40_0 .net "read", 3 0, L_00000211fd929450;  alias, 1 drivers
v00000211fd8c4fa0_0 .var "readaccess", 0 0;
v00000211fd8c5180_0 .var "readdata", 31 0;
v00000211fd8c5900_0 .net "reset", 0 0, v00000211fd8c2ca0_0;  alias, 1 drivers
v00000211fd8c5d60_0 .net "write", 2 0, L_00000211fd929530;  alias, 1 drivers
v00000211fd8c5720_0 .var "writeaccess", 0 0;
v00000211fd8c5540_0 .net "writedata", 31 0, L_00000211fd9297d0;  alias, 1 drivers
v00000211fd8c6620_0 .array/port v00000211fd8c6620, 0;
L_00000211fd936860 .concat [ 8 24 0 0], v00000211fd8c6620_0, L_00000211fd8d0958;
S_00000211fd8c2270 .scope module, "imem_inst" "imem" 2 35, 19 10 0, S_00000211fd6cb480;
 .timescale -9 -10;
    .port_info 0 /INPUT 1 "clk";
    .port_info 1 /INPUT 1 "rst";
    .port_info 2 /INPUT 32 "pc";
    .port_info 3 /OUTPUT 32 "instr";
v00000211fd8c5860_0 .net "clk", 0 0, v00000211fd8c5e00_0;  alias, 1 drivers
v00000211fd8c61c0_0 .var "instr", 31 0;
v00000211fd8c5ae0 .array "mem", 1023 0, 31 0;
v00000211fd8c5220_0 .net "pc", 31 0, v00000211fd8bc6f0_0;  alias, 1 drivers
v00000211fd8c6300_0 .net "rst", 0 0, v00000211fd8c2ca0_0;  alias, 1 drivers
    .scope S_00000211fd71f4f0;
T_0 ;
    %wait E_00000211fd850870;
    %delay 10, 0;
    %load/vec4 v00000211fd8bc330_0;
    %cmpi/e 1, 0, 1;
    %jmp/0xz  T_0.0, 4;
    %pushi/vec4 0, 0, 32;
    %assign/vec4 v00000211fd8bc6f0_0, 0;
    %jmp T_0.1;
T_0.0 ;
    %load/vec4 v00000211fd8bc470_0;
    %nor/r;
    %flag_set/vec4 8;
    %jmp/0xz  T_0.2, 8;
    %delay 10, 0;
    %load/vec4 v00000211fd8bcd30_0;
    %assign/vec4 v00000211fd8bc6f0_0, 0;
T_0.2 ;
T_0.1 ;
    %jmp T_0;
    .thread T_0;
    .scope S_00000211fd6b6f00;
T_1 ;
    %wait E_00000211fd850870;
    %load/vec4 v00000211fd8bc790_0;
    %cmpi/e 1, 0, 1;
    %jmp/0xz  T_1.0, 4;
    %pushi/vec4 4294967295, 4294967295, 32;
    %assign/vec4 v00000211fd8bc0b0_0, 0;
    %pushi/vec4 4294967295, 4294967295, 32;
    %assign/vec4 v00000211fd8bd190_0, 0;
    %jmp T_1.1;
T_1.0 ;
    %load/vec4 v00000211fd8bd5f0_0;
    %nor/r;
    %flag_set/vec4 8;
    %jmp/0xz  T_1.2, 8;
    %load/vec4 v00000211fd8bd370_0;
    %assign/vec4 v00000211fd8bc0b0_0, 0;
    %load/vec4 v00000211fd8bd050_0;
    %assign/vec4 v00000211fd8bd190_0, 0;
T_1.2 ;
T_1.1 ;
    %jmp T_1;
    .thread T_1;
    .scope S_00000211fd6fb6c0;
T_2 ;
    %wait E_00000211fd850770;
    %delay 10, 0;
    %load/vec4 v00000211fd8c11a0_0;
    %cmpi/e 1, 0, 1;
    %jmp/0xz  T_2.0, 4;
    %pushi/vec4 0, 0, 32;
    %store/vec4 v00000211fd8c08e0_0, 0, 32;
T_2.2 ;
    %load/vec4 v00000211fd8c08e0_0;
    %cmpi/s 32, 0, 32;
    %jmp/0xz T_2.3, 5;
    %pushi/vec4 0, 0, 32;
    %ix/getv/s 3, v00000211fd8c08e0_0;
    %ix/load 4, 0, 0; Constant delay
    %assign/vec4/a/d v00000211fd8c0200, 0, 4;
    %load/vec4 v00000211fd8c08e0_0;
    %addi 1, 0, 32;
    %store/vec4 v00000211fd8c08e0_0, 0, 32;
    %jmp T_2.2;
T_2.3 ;
    %jmp T_2.1;
T_2.0 ;
    %load/vec4 v00000211fd8c0de0_0;
    %cmpi/e 1, 0, 1;
    %jmp/0xz  T_2.4, 4;
    %delay 20, 0;
    %load/vec4 v00000211fd8c00c0_0;
    %load/vec4 v00000211fd8c1240_0;
    %pad/u 7;
    %ix/vec4 3;
    %ix/load 4, 0, 0; Constant delay
    %assign/vec4/a/d v00000211fd8c0200, 0, 4;
T_2.4 ;
T_2.1 ;
    %jmp T_2;
    .thread T_2;
    .scope S_00000211fd8c2400;
T_3 ;
    %wait E_00000211fd852130;
    %load/vec4 v00000211fd8c1600_0;
    %parti/s 3, 0, 2;
    %dup/vec4;
    %pushi/vec4 0, 0, 3;
    %cmp/u;
    %jmp/1 T_3.0, 6;
    %dup/vec4;
    %pushi/vec4 1, 0, 3;
    %cmp/u;
    %jmp/1 T_3.1, 6;
    %dup/vec4;
    %pushi/vec4 2, 0, 3;
    %cmp/u;
    %jmp/1 T_3.2, 6;
    %dup/vec4;
    %pushi/vec4 3, 0, 3;
    %cmp/u;
    %jmp/1 T_3.3, 6;
    %dup/vec4;
    %pushi/vec4 4, 0, 3;
    %cmp/u;
    %jmp/1 T_3.4, 6;
    %dup/vec4;
    %pushi/vec4 5, 0, 3;
    %cmp/u;
    %jmp/1 T_3.5, 6;
    %pushi/vec4 0, 0, 32;
    %store/vec4 v00000211fd8c12e0_0, 0, 32;
    %jmp T_3.7;
T_3.0 ;
    %load/vec4 v00000211fd8c0f20_0;
    %concati/vec4 0, 0, 12;
    %store/vec4 v00000211fd8c12e0_0, 0, 32;
    %jmp T_3.7;
T_3.1 ;
    %load/vec4 v00000211fd8c1600_0;
    %parti/s 1, 3, 3;
    %flag_set/vec4 8;
    %jmp/0xz  T_3.8, 8;
    %pushi/vec4 0, 0, 11;
    %load/vec4 v00000211fd8c0f20_0;
    %concat/vec4; draw_concat_vec4
    %concati/vec4 0, 0, 1;
    %store/vec4 v00000211fd8c12e0_0, 0, 32;
    %jmp T_3.9;
T_3.8 ;
    %load/vec4 v00000211fd8c0a20_0;
    %parti/s 1, 31, 6;
    %replicate 11;
    %load/vec4 v00000211fd8c0a20_0;
    %parti/s 1, 31, 6;
    %concat/vec4; draw_concat_vec4
    %load/vec4 v00000211fd8c0a20_0;
    %parti/s 8, 12, 5;
    %concat/vec4; draw_concat_vec4
    %load/vec4 v00000211fd8c0a20_0;
    %parti/s 1, 20, 6;
    %concat/vec4; draw_concat_vec4
    %load/vec4 v00000211fd8c0a20_0;
    %parti/s 10, 21, 6;
    %concat/vec4; draw_concat_vec4
    %concati/vec4 0, 0, 1;
    %store/vec4 v00000211fd8c12e0_0, 0, 32;
T_3.9 ;
    %jmp T_3.7;
T_3.2 ;
    %load/vec4 v00000211fd8c1600_0;
    %parti/s 1, 3, 3;
    %flag_set/vec4 8;
    %jmp/0xz  T_3.10, 8;
    %pushi/vec4 0, 0, 20;
    %load/vec4 v00000211fd8c1060_0;
    %concat/vec4; draw_concat_vec4
    %store/vec4 v00000211fd8c12e0_0, 0, 32;
    %jmp T_3.11;
T_3.10 ;
    %load/vec4 v00000211fd8c1060_0;
    %parti/s 1, 11, 5;
    %replicate 20;
    %load/vec4 v00000211fd8c1060_0;
    %concat/vec4; draw_concat_vec4
    %store/vec4 v00000211fd8c12e0_0, 0, 32;
T_3.11 ;
    %jmp T_3.7;
T_3.3 ;
    %load/vec4 v00000211fd8c0a20_0;
    %parti/s 1, 31, 6;
    %replicate 20;
    %load/vec4 v00000211fd8c0a20_0;
    %parti/s 1, 31, 6;
    %concat/vec4; draw_concat_vec4
    %load/vec4 v00000211fd8c0a20_0;
    %parti/s 1, 7, 4;
    %concat/vec4; draw_concat_vec4
    %load/vec4 v00000211fd8c0a20_0;
    %parti/s 6, 25, 6;
    %concat/vec4; draw_concat_vec4
    %load/vec4 v00000211fd8c0a20_0;
    %parti/s 4, 8, 5;
    %concat/vec4; draw_concat_vec4
    %store/vec4 v00000211fd8c12e0_0, 0, 32;
    %jmp T_3.7;
T_3.4 ;
    %load/vec4 v00000211fd8c1600_0;
    %parti/s 1, 3, 3;
    %flag_set/vec4 8;
    %jmp/0xz  T_3.12, 8;
    %pushi/vec4 0, 0, 20;
    %load/vec4 v00000211fd8c0020_0;
    %concat/vec4; draw_concat_vec4
    %store/vec4 v00000211fd8c12e0_0, 0, 32;
    %jmp T_3.13;
T_3.12 ;
    %load/vec4 v00000211fd8c0a20_0;
    %parti/s 1, 31, 6;
    %replicate 20;
    %load/vec4 v00000211fd8c0020_0;
    %concat/vec4; draw_concat_vec4
    %store/vec4 v00000211fd8c12e0_0, 0, 32;
T_3.13 ;
    %jmp T_3.7;
T_3.5 ;
    %pushi/vec4 0, 0, 27;
    %load/vec4 v00000211fd8c14c0_0;
    %concat/vec4; draw_concat_vec4
    %store/vec4 v00000211fd8c12e0_0, 0, 32;
    %jmp T_3.7;
T_3.7 ;
    %pop/vec4 1;
    %jmp T_3;
    .thread T_3, $push;
    .scope S_00000211fd6ac720;
T_4 ;
    %wait E_00000211fd850670;
    %load/vec4 v00000211fd8bafd0_0;
    %flag_set/vec4 8;
    %jmp/0xz  T_4.0, 8;
    %pushi/vec4 0, 0, 1;
    %assign/vec4 v00000211fd8bae90_0, 0;
    %pushi/vec4 0, 0, 1;
    %assign/vec4 v00000211fd8bb430_0, 0;
    %pushi/vec4 0, 0, 1;
    %assign/vec4 v00000211fd8bbd90_0, 0;
    %pushi/vec4 0, 0, 32;
    %assign/vec4 v00000211fd8ba2b0_0, 0;
    %pushi/vec4 0, 0, 32;
    %assign/vec4 v00000211fd8ba5d0_0, 0;
    %pushi/vec4 0, 0, 32;
    %assign/vec4 v00000211fd8ba850_0, 0;
    %pushi/vec4 0, 0, 32;
    %assign/vec4 v00000211fd8ba170_0, 0;
    %pushi/vec4 0, 0, 5;
    %assign/vec4 v00000211fd8bad50_0, 0;
    %pushi/vec4 0, 0, 5;
    %assign/vec4 v00000211fd8ba710_0, 0;
    %pushi/vec4 0, 0, 3;
    %assign/vec4 v00000211fd8b9770_0, 0;
    %pushi/vec4 0, 0, 4;
    %assign/vec4 v00000211fd8ba030_0, 0;
    %pushi/vec4 0, 0, 4;
    %assign/vec4 v00000211fd8bbed0_0, 0;
    %pushi/vec4 0, 0, 2;
    %assign/vec4 v00000211fd8bca10_0, 0;
    %jmp T_4.1;
T_4.0 ;
    %load/vec4 v00000211fd8bac10_0;
    %nor/r;
    %flag_set/vec4 8;
    %jmp/0xz  T_4.2, 8;
    %load/vec4 v00000211fd8badf0_0;
    %assign/vec4 v00000211fd8bae90_0, 0;
    %load/vec4 v00000211fd8bb1b0_0;
    %assign/vec4 v00000211fd8bb430_0, 0;
    %load/vec4 v00000211fd8ba0d0_0;
    %assign/vec4 v00000211fd8bbd90_0, 0;
    %load/vec4 v00000211fd8ba210_0;
    %assign/vec4 v00000211fd8ba2b0_0, 0;
    %load/vec4 v00000211fd8ba350_0;
    %assign/vec4 v00000211fd8ba5d0_0, 0;
    %load/vec4 v00000211fd8ba670_0;
    %assign/vec4 v00000211fd8ba850_0, 0;
    %load/vec4 v00000211fd8bbe30_0;
    %assign/vec4 v00000211fd8ba170_0, 0;
    %load/vec4 v00000211fd8bb570_0;
    %assign/vec4 v00000211fd8bad50_0, 0;
    %load/vec4 v00000211fd8bbcf0_0;
    %assign/vec4 v00000211fd8ba710_0, 0;
    %load/vec4 v00000211fd8bacb0_0;
    %assign/vec4 v00000211fd8b9770_0, 0;
    %load/vec4 v00000211fd8b9f90_0;
    %assign/vec4 v00000211fd8ba030_0, 0;
    %load/vec4 v00000211fd8bb7f0_0;
    %assign/vec4 v00000211fd8bbed0_0, 0;
    %load/vec4 v00000211fd8bb070_0;
    %assign/vec4 v00000211fd8bca10_0, 0;
T_4.2 ;
T_4.1 ;
    %jmp T_4;
    .thread T_4;
    .scope S_00000211fd6c8600;
T_5 ;
    %wait E_00000211fd850ff0;
    %load/vec4 v00000211fd85be70_0;
    %dup/vec4;
    %pushi/vec4 0, 0, 5;
    %cmp/u;
    %jmp/1 T_5.0, 6;
    %dup/vec4;
    %pushi/vec4 16, 0, 5;
    %cmp/u;
    %jmp/1 T_5.1, 6;
    %dup/vec4;
    %pushi/vec4 1, 0, 5;
    %cmp/u;
    %jmp/1 T_5.2, 6;
    %dup/vec4;
    %pushi/vec4 2, 0, 5;
    %cmp/u;
    %jmp/1 T_5.3, 6;
    %dup/vec4;
    %pushi/vec4 3, 0, 5;
    %cmp/u;
    %jmp/1 T_5.4, 6;
    %dup/vec4;
    %pushi/vec4 4, 0, 5;
    %cmp/u;
    %jmp/1 T_5.5, 6;
    %dup/vec4;
    %pushi/vec4 5, 0, 5;
    %cmp/u;
    %jmp/1 T_5.6, 6;
    %dup/vec4;
    %pushi/vec4 17, 0, 5;
    %cmp/u;
    %jmp/1 T_5.7, 6;
    %dup/vec4;
    %pushi/vec4 6, 0, 5;
    %cmp/u;
    %jmp/1 T_5.8, 6;
    %dup/vec4;
    %pushi/vec4 7, 0, 5;
    %cmp/u;
    %jmp/1 T_5.9, 6;
    %dup/vec4;
    %pushi/vec4 8, 0, 5;
    %cmp/u;
    %jmp/1 T_5.10, 6;
    %dup/vec4;
    %pushi/vec4 9, 0, 5;
    %cmp/u;
    %jmp/1 T_5.11, 6;
    %dup/vec4;
    %pushi/vec4 10, 0, 5;
    %cmp/u;
    %jmp/1 T_5.12, 6;
    %dup/vec4;
    %pushi/vec4 11, 0, 5;
    %cmp/u;
    %jmp/1 T_5.13, 6;
    %dup/vec4;
    %pushi/vec4 12, 0, 5;
    %cmp/u;
    %jmp/1 T_5.14, 6;
    %dup/vec4;
    %pushi/vec4 13, 0, 5;
    %cmp/u;
    %jmp/1 T_5.15, 6;
    %dup/vec4;
    %pushi/vec4 14, 0, 5;
    %cmp/u;
    %jmp/1 T_5.16, 6;
    %dup/vec4;
    %pushi/vec4 15, 0, 5;
    %cmp/u;
    %jmp/1 T_5.17, 6;
    %pushi/vec4 0, 0, 32;
    %store/vec4 v00000211fd85acf0_0, 0, 32;
    %jmp T_5.19;
T_5.0 ;
    %load/vec4 v00000211fd85c0f0_0;
    %store/vec4 v00000211fd85acf0_0, 0, 32;
    %jmp T_5.19;
T_5.1 ;
    %load/vec4 v00000211fd824db0_0;
    %store/vec4 v00000211fd85acf0_0, 0, 32;
    %jmp T_5.19;
T_5.2 ;
    %load/vec4 v00000211fd85b790_0;
    %store/vec4 v00000211fd85acf0_0, 0, 32;
    %jmp T_5.19;
T_5.3 ;
    %load/vec4 v00000211fd85b970_0;
    %store/vec4 v00000211fd85acf0_0, 0, 32;
    %jmp T_5.19;
T_5.4 ;
    %load/vec4 v00000211fd85bab0_0;
    %store/vec4 v00000211fd85acf0_0, 0, 32;
    %jmp T_5.19;
T_5.5 ;
    %load/vec4 v00000211fd838be0_0;
    %store/vec4 v00000211fd85acf0_0, 0, 32;
    %jmp T_5.19;
T_5.6 ;
    %load/vec4 v00000211fd824d10_0;
    %store/vec4 v00000211fd85acf0_0, 0, 32;
    %jmp T_5.19;
T_5.7 ;
    %load/vec4 v00000211fd85bd30_0;
    %store/vec4 v00000211fd85acf0_0, 0, 32;
    %jmp T_5.19;
T_5.8 ;
    %load/vec4 v00000211fd85b290_0;
    %store/vec4 v00000211fd85acf0_0, 0, 32;
    %jmp T_5.19;
T_5.9 ;
    %load/vec4 v00000211fd85ae30_0;
    %store/vec4 v00000211fd85acf0_0, 0, 32;
    %jmp T_5.19;
T_5.10 ;
    %load/vec4 v00000211fd85af70_0;
    %store/vec4 v00000211fd85acf0_0, 0, 32;
    %jmp T_5.19;
T_5.11 ;
    %load/vec4 v00000211fd85b150_0;
    %store/vec4 v00000211fd85acf0_0, 0, 32;
    %jmp T_5.19;
T_5.12 ;
    %load/vec4 v00000211fd85b330_0;
    %store/vec4 v00000211fd85acf0_0, 0, 32;
    %jmp T_5.19;
T_5.13 ;
    %load/vec4 v00000211fd85b470_0;
    %store/vec4 v00000211fd85acf0_0, 0, 32;
    %jmp T_5.19;
T_5.14 ;
    %load/vec4 v00000211fd85a930_0;
    %store/vec4 v00000211fd85acf0_0, 0, 32;
    %jmp T_5.19;
T_5.15 ;
    %load/vec4 v00000211fd85aed0_0;
    %store/vec4 v00000211fd85acf0_0, 0, 32;
    %jmp T_5.19;
T_5.16 ;
    %load/vec4 v00000211fd85b650_0;
    %store/vec4 v00000211fd85acf0_0, 0, 32;
    %jmp T_5.19;
T_5.17 ;
    %load/vec4 v00000211fd85b6f0_0;
    %store/vec4 v00000211fd85acf0_0, 0, 32;
    %jmp T_5.19;
T_5.19 ;
    %pop/vec4 1;
    %jmp T_5;
    .thread T_5, $push;
    .scope S_00000211fd71cfe0;
T_6 ;
    %wait E_00000211fd851070;
    %delay 20, 0;
    %load/vec4 v00000211fd8b2510_0;
    %parti/s 1, 3, 3;
    %flag_set/vec4 8;
    %jmp/0xz  T_6.0, 8;
    %load/vec4 v00000211fd8b2510_0;
    %parti/s 3, 0, 2;
    %dup/vec4;
    %pushi/vec4 2, 0, 3;
    %cmp/u;
    %jmp/1 T_6.2, 6;
    %dup/vec4;
    %pushi/vec4 0, 0, 3;
    %cmp/u;
    %jmp/1 T_6.3, 6;
    %dup/vec4;
    %pushi/vec4 1, 0, 3;
    %cmp/u;
    %jmp/1 T_6.4, 6;
    %dup/vec4;
    %pushi/vec4 4, 0, 3;
    %cmp/u;
    %jmp/1 T_6.5, 6;
    %dup/vec4;
    %pushi/vec4 5, 0, 3;
    %cmp/u;
    %jmp/1 T_6.6, 6;
    %dup/vec4;
    %pushi/vec4 6, 0, 3;
    %cmp/u;
    %jmp/1 T_6.7, 6;
    %dup/vec4;
    %pushi/vec4 7, 0, 3;
    %cmp/u;
    %jmp/1 T_6.8, 6;
    %pushi/vec4 0, 0, 1;
    %store/vec4 v00000211fd8b19d0_0, 0, 1;
    %jmp T_6.10;
T_6.2 ;
    %pushi/vec4 1, 0, 1;
    %store/vec4 v00000211fd8b19d0_0, 0, 1;
    %jmp T_6.10;
T_6.3 ;
    %load/vec4 v00000211fd8b2330_0;
    %store/vec4 v00000211fd8b19d0_0, 0, 1;
    %jmp T_6.10;
T_6.4 ;
    %load/vec4 v00000211fd8b14d0_0;
    %store/vec4 v00000211fd8b19d0_0, 0, 1;
    %jmp T_6.10;
T_6.5 ;
    %load/vec4 v00000211fd8b1930_0;
    %store/vec4 v00000211fd8b19d0_0, 0, 1;
    %jmp T_6.10;
T_6.6 ;
    %load/vec4 v00000211fd8b1890_0;
    %store/vec4 v00000211fd8b19d0_0, 0, 1;
    %jmp T_6.10;
T_6.7 ;
    %load/vec4 v00000211fd8b0710_0;
    %store/vec4 v00000211fd8b19d0_0, 0, 1;
    %jmp T_6.10;
T_6.8 ;
    %load/vec4 v00000211fd8b0d50_0;
    %store/vec4 v00000211fd8b19d0_0, 0, 1;
    %jmp T_6.10;
T_6.10 ;
    %pop/vec4 1;
    %jmp T_6.1;
T_6.0 ;
    %pushi/vec4 0, 0, 1;
    %store/vec4 v00000211fd8b19d0_0, 0, 1;
T_6.1 ;
    %jmp T_6;
    .thread T_6, $push;
    .scope S_00000211fd6a7950;
T_7 ;
    %wait E_00000211fd850670;
    %load/vec4 v00000211fd8ba7b0_0;
    %flag_set/vec4 8;
    %jmp/0xz  T_7.0, 8;
    %pushi/vec4 0, 0, 1;
    %assign/vec4 v00000211fd8ba490_0, 0;
    %pushi/vec4 0, 0, 5;
    %assign/vec4 v00000211fd8bbbb0_0, 0;
    %pushi/vec4 0, 0, 32;
    %assign/vec4 v00000211fd8bb750_0, 0;
    %pushi/vec4 0, 0, 32;
    %assign/vec4 v00000211fd8baad0_0, 0;
    %pushi/vec4 0, 0, 32;
    %assign/vec4 v00000211fd8b9e50_0, 0;
    %pushi/vec4 0, 0, 32;
    %assign/vec4 v00000211fd8bbc50_0, 0;
    %pushi/vec4 0, 0, 3;
    %assign/vec4 v00000211fd8bb390_0, 0;
    %pushi/vec4 0, 0, 4;
    %assign/vec4 v00000211fd8b9db0_0, 0;
    %pushi/vec4 0, 0, 2;
    %assign/vec4 v00000211fd8bb250_0, 0;
    %jmp T_7.1;
T_7.0 ;
    %load/vec4 v00000211fd8ba530_0;
    %nor/r;
    %flag_set/vec4 8;
    %jmp/0xz  T_7.2, 8;
    %load/vec4 v00000211fd8b9ef0_0;
    %assign/vec4 v00000211fd8ba490_0, 0;
    %load/vec4 v00000211fd8bb6b0_0;
    %assign/vec4 v00000211fd8bbbb0_0, 0;
    %load/vec4 v00000211fd8b9bd0_0;
    %assign/vec4 v00000211fd8bb750_0, 0;
    %load/vec4 v00000211fd8bba70_0;
    %assign/vec4 v00000211fd8baad0_0, 0;
    %load/vec4 v00000211fd8bab70_0;
    %assign/vec4 v00000211fd8b9e50_0, 0;
    %load/vec4 v00000211fd8ba990_0;
    %assign/vec4 v00000211fd8bbc50_0, 0;
    %load/vec4 v00000211fd8b9b30_0;
    %assign/vec4 v00000211fd8b9db0_0, 0;
    %load/vec4 v00000211fd8b9d10_0;
    %assign/vec4 v00000211fd8bb390_0, 0;
    %load/vec4 v00000211fd8ba8f0_0;
    %assign/vec4 v00000211fd8bb250_0, 0;
T_7.2 ;
T_7.1 ;
    %jmp T_7;
    .thread T_7;
    .scope S_00000211fd6b7090;
T_8 ;
    %wait E_00000211fd850670;
    %load/vec4 v00000211fd8bcab0_0;
    %flag_set/vec4 8;
    %jmp/0xz  T_8.0, 8;
    %pushi/vec4 0, 0, 1;
    %assign/vec4 v00000211fd8bc1f0_0, 0;
    %pushi/vec4 0, 0, 32;
    %assign/vec4 v00000211fd8bcbf0_0, 0;
    %pushi/vec4 0, 0, 32;
    %assign/vec4 v00000211fd8bc3d0_0, 0;
    %pushi/vec4 0, 0, 32;
    %assign/vec4 v00000211fd8bc970_0, 0;
    %pushi/vec4 0, 0, 32;
    %assign/vec4 v00000211fd8bc830_0, 0;
    %pushi/vec4 0, 0, 5;
    %assign/vec4 v00000211fd8bc010_0, 0;
    %pushi/vec4 0, 0, 2;
    %assign/vec4 v00000211fd8bd230_0, 0;
    %jmp T_8.1;
T_8.0 ;
    %load/vec4 v00000211fd8bc5b0_0;
    %nor/r;
    %flag_set/vec4 8;
    %jmp/0xz  T_8.2, 8;
    %load/vec4 v00000211fd8bd0f0_0;
    %assign/vec4 v00000211fd8bc1f0_0, 0;
    %load/vec4 v00000211fd8bcc90_0;
    %assign/vec4 v00000211fd8bcbf0_0, 0;
    %load/vec4 v00000211fd8bd4b0_0;
    %assign/vec4 v00000211fd8bc3d0_0, 0;
    %load/vec4 v00000211fd8bcb50_0;
    %assign/vec4 v00000211fd8bc970_0, 0;
    %load/vec4 v00000211fd8bcf10_0;
    %assign/vec4 v00000211fd8bc830_0, 0;
    %load/vec4 v00000211fd8bc290_0;
    %assign/vec4 v00000211fd8bc010_0, 0;
    %load/vec4 v00000211fd8bd410_0;
    %assign/vec4 v00000211fd8bd230_0, 0;
T_8.2 ;
T_8.1 ;
    %jmp T_8;
    .thread T_8;
    .scope S_00000211fd8c2270;
T_9 ;
    %wait E_00000211fd850870;
    %load/vec4 v00000211fd8c6300_0;
    %cmpi/e 1, 0, 1;
    %jmp/0xz  T_9.0, 4;
    %pushi/vec4 4294967295, 4294967295, 32;
    %assign/vec4 v00000211fd8c61c0_0, 0;
    %pushi/vec4 5243027, 0, 32;
    %ix/load 4, 0, 0;
    %flag_set/imm 4, 0;
    %store/vec4a v00000211fd8c5ae0, 4, 0;
    %pushi/vec4 10486035, 0, 32;
    %ix/load 4, 1, 0;
    %flag_set/imm 4, 0;
    %store/vec4a v00000211fd8c5ae0, 4, 0;
    %pushi/vec4 10486035, 0, 32;
    %ix/load 4, 2, 0;
    %flag_set/imm 4, 0;
    %store/vec4a v00000211fd8c5ae0, 4, 0;
    %pushi/vec4 10486035, 0, 32;
    %ix/load 4, 3, 0;
    %flag_set/imm 4, 0;
    %store/vec4a v00000211fd8c5ae0, 4, 0;
    %pushi/vec4 2130355, 0, 32;
    %ix/load 4, 4, 0;
    %flag_set/imm 4, 0;
    %store/vec4a v00000211fd8c5ae0, 4, 0;
    %pushi/vec4 2130355, 0, 32;
    %ix/load 4, 5, 0;
    %flag_set/imm 4, 0;
    %store/vec4a v00000211fd8c5ae0, 4, 0;
    %pushi/vec4 2130355, 0, 32;
    %ix/load 4, 6, 0;
    %flag_set/imm 4, 0;
    %store/vec4a v00000211fd8c5ae0, 4, 0;
    %pushi/vec4 3153955, 0, 32;
    %ix/load 4, 7, 0;
    %flag_set/imm 4, 0;
    %store/vec4a v00000211fd8c5ae0, 4, 0;
    %pushi/vec4 8707, 0, 32;
    %ix/load 4, 8, 0;
    %flag_set/imm 4, 0;
    %store/vec4a v00000211fd8c5ae0, 4, 0;
    %jmp T_9.1;
T_9.0 ;
    %delay 20, 0;
    %load/vec4 v00000211fd8c5220_0;
    %parti/s 30, 2, 3;
    %ix/vec4 4;
    %load/vec4a v00000211fd8c5ae0, 4;
    %assign/vec4 v00000211fd8c61c0_0, 0;
T_9.1 ;
    %jmp T_9;
    .thread T_9;
    .scope S_00000211fd8c2590;
T_10 ;
    %wait E_00000211fd850770;
    %load/vec4 v00000211fd8c5900_0;
    %flag_set/vec4 8;
    %jmp/0xz  T_10.0, 8;
    %pushi/vec4 0, 0, 32;
    %store/vec4 v00000211fd8c52c0_0, 0, 32;
T_10.2 ;
    %load/vec4 v00000211fd8c52c0_0;
    %cmpi/s 256, 0, 32;
    %jmp/0xz T_10.3, 5;
    %pushi/vec4 0, 0, 8;
    %ix/getv/s 4, v00000211fd8c52c0_0;
    %store/vec4a v00000211fd8c6620, 4, 0;
    %load/vec4 v00000211fd8c52c0_0;
    %addi 1, 0, 32;
    %store/vec4 v00000211fd8c52c0_0, 0, 32;
    %jmp T_10.2;
T_10.3 ;
    %pushi/vec4 0, 0, 1;
    %store/vec4 v00000211fd8c5cc0_0, 0, 1;
    %pushi/vec4 0, 0, 1;
    %store/vec4 v00000211fd8c4fa0_0, 0, 1;
    %pushi/vec4 0, 0, 1;
    %store/vec4 v00000211fd8c5720_0, 0, 1;
    %jmp T_10.1;
T_10.0 ;
    %load/vec4 v00000211fd8c5a40_0;
    %parti/s 1, 3, 3;
    %flag_set/vec4 9;
    %flag_get/vec4 9;
    %jmp/0 T_10.6, 9;
    %load/vec4 v00000211fd8c5d60_0;
    %parti/s 1, 2, 3;
    %nor/r;
    %and;
T_10.6;
    %flag_set/vec4 8;
    %jmp/0 T_10.4, 8;
    %pushi/vec4 1, 0, 1;
    %jmp/1 T_10.5, 8;
T_10.4 ; End of true expr.
    %pushi/vec4 0, 0, 1;
    %jmp/0 T_10.5, 8;
 ; End of false expr.
    %blend;
T_10.5;
    %store/vec4 v00000211fd8c4fa0_0, 0, 1;
    %load/vec4 v00000211fd8c5a40_0;
    %parti/s 1, 3, 3;
    %nor/r;
    %flag_set/vec4 9;
    %flag_get/vec4 9;
    %jmp/0 T_10.9, 9;
    %load/vec4 v00000211fd8c5d60_0;
    %parti/s 1, 2, 3;
    %and;
T_10.9;
    %flag_set/vec4 8;
    %jmp/0 T_10.7, 8;
    %pushi/vec4 1, 0, 1;
    %jmp/1 T_10.8, 8;
T_10.7 ; End of true expr.
    %pushi/vec4 0, 0, 1;
    %jmp/0 T_10.8, 8;
 ; End of false expr.
    %blend;
T_10.8;
    %store/vec4 v00000211fd8c5720_0, 0, 1;
    %load/vec4 v00000211fd8c4fa0_0;
    %flag_set/vec4 8;
    %jmp/0xz  T_10.10, 8;
    %load/vec4 v00000211fd8c5c20_0;
    %parti/s 30, 2, 3;
    %concati/vec4 0, 0, 2;
    %ix/vec4 4;
    %load/vec4a v00000211fd8c6620, 4;
    %ix/load 4, 0, 0;
    %flag_set/imm 4, 0;
    %store/vec4 v00000211fd8c5180_0, 4, 8;
    %load/vec4 v00000211fd8c5c20_0;
    %parti/s 30, 2, 3;
    %concati/vec4 1, 0, 2;
    %ix/vec4 4;
    %load/vec4a v00000211fd8c6620, 4;
    %ix/load 4, 8, 0;
    %flag_set/imm 4, 0;
    %store/vec4 v00000211fd8c5180_0, 4, 8;
    %load/vec4 v00000211fd8c5c20_0;
    %parti/s 30, 2, 3;
    %concati/vec4 2, 0, 2;
    %ix/vec4 4;
    %load/vec4a v00000211fd8c6620, 4;
    %ix/load 4, 16, 0;
    %flag_set/imm 4, 0;
    %store/vec4 v00000211fd8c5180_0, 4, 8;
    %load/vec4 v00000211fd8c5c20_0;
    %parti/s 30, 2, 3;
    %concati/vec4 3, 0, 2;
    %ix/vec4 4;
    %load/vec4a v00000211fd8c6620, 4;
    %ix/load 4, 24, 0;
    %flag_set/imm 4, 0;
    %store/vec4 v00000211fd8c5180_0, 4, 8;
T_10.10 ;
    %load/vec4 v00000211fd8c5720_0;
    %flag_set/vec4 8;
    %jmp/0xz  T_10.12, 8;
    %load/vec4 v00000211fd8c5540_0;
    %parti/s 8, 0, 2;
    %load/vec4 v00000211fd8c5c20_0;
    %parti/s 30, 2, 3;
    %concati/vec4 0, 0, 2;
    %ix/vec4 4;
    %store/vec4a v00000211fd8c6620, 4, 0;
    %load/vec4 v00000211fd8c5540_0;
    %parti/s 8, 8, 5;
    %load/vec4 v00000211fd8c5c20_0;
    %parti/s 30, 2, 3;
    %concati/vec4 1, 0, 2;
    %ix/vec4 4;
    %store/vec4a v00000211fd8c6620, 4, 0;
    %load/vec4 v00000211fd8c5540_0;
    %parti/s 8, 16, 6;
    %load/vec4 v00000211fd8c5c20_0;
    %parti/s 30, 2, 3;
    %concati/vec4 2, 0, 2;
    %ix/vec4 4;
    %store/vec4a v00000211fd8c6620, 4, 0;
    %load/vec4 v00000211fd8c5540_0;
    %parti/s 8, 24, 6;
    %load/vec4 v00000211fd8c5c20_0;
    %parti/s 30, 2, 3;
    %concati/vec4 3, 0, 2;
    %ix/vec4 4;
    %store/vec4a v00000211fd8c6620, 4, 0;
T_10.12 ;
T_10.1 ;
    %jmp T_10;
    .thread T_10;
    .scope S_00000211fd6cb480;
T_11 ;
    %delay 50, 0;
    %load/vec4 v00000211fd8c5e00_0;
    %inv;
    %store/vec4 v00000211fd8c5e00_0, 0, 1;
    %jmp T_11;
    .thread T_11;
    .scope S_00000211fd6cb480;
T_12 ;
    %vpi_call 2 60 "$dumpfile", "cpu_tb.vcd" {0 0 0};
    %vpi_call 2 61 "$dumpvars", 32'sb00000000000000000000000000000000, S_00000211fd6cb480 {0 0 0};
    %pushi/vec4 0, 0, 1;
    %store/vec4 v00000211fd8c5e00_0, 0, 1;
    %pushi/vec4 1, 0, 1;
    %store/vec4 v00000211fd8c2ca0_0, 0, 1;
    %delay 100, 0;
    %pushi/vec4 0, 0, 1;
    %store/vec4 v00000211fd8c2ca0_0, 0, 1;
    %delay 5000, 0;
    %vpi_call 2 75 "$finish" {0 0 0};
    %end;
    .thread T_12;
# The file index is used to find the file name in the following table.
:file_names 20;
    "N/A";
    "<interactive>";
    "cpu_tb.v";
    "./cpu.v";
    "./EX_stage/alu/alu.v";
    "./utils/muxes/mux_32b_2to1.v";
    "./EX_stage/branch/branch_logic.v";
    "./ID_stage/control_unit/control_unit.v";
    "././utils/muxes/mux_3b_2to1.v";
    "./pipeline_regs/ex_mem_pipeline_reg.v";
    "./pipeline_regs/id_ex_pipeline_reg.v";
    "./pipeline_regs/if_id_pipeline_reg.v";
    "./pipeline_regs/mem_wb_pipeline_reg.v";
    "./IF_stage/pc/pc.v";
    "./utils/adders/adder_32b_4.v";
    "./ID_stage/reg_files/reg_files.v";
    "./ID_stage/sign_extender/sign_extender.v";
    "./utils/muxes/mux_32b_4to1.v";
    "././MA_stage/dmem/dmem.v";
    "././IF_stage/imem/imem.v";
