


                               RTL Architect (TM)

               Version V-2023.12-SP5-3 for linux64 - Dec 17, 2024
                           Base build date 11/18/2024

                    Copyright (c) 1988 - 2024 Synopsys, Inc.
   This software and the associated documentation are proprietary to Synopsys,
 Inc. This software may only be used in accordance with the terms and conditions
 of a written license agreement with Synopsys, Inc. All other use, reproduction,
   or distribution of this software is strictly prohibited.  Licensed Products
     communicate with Synopsys servers for the purpose of providing software
    updates, detecting software piracy and verifying that customers are using
    Licensed Products in conformity with the applicable License Key for such
  Licensed Products. Synopsys will use information gathered in connection with
    this process to deliver software updates and pursue software pirates and
                                   infringers.

 Inclusivity & Diversity - Visit SolvNetPlus to read the "Synopsys Statement on
            Inclusivity and Diversity" (Refer to article 000036315 at
                        https://solvnetplus.synopsys.com)
 
set_current_mismatch_config auto_fix 
1
set_attribute [get_mismatch_types missing_logical_reference] current_repair(auto_fix) create_blackbox
Warning: Changing current repair(handler) for a mismatch type in between a flow is not recommended. (DMM-011)
{missing_logical_reference}
set_app_options -list { plan.macro.allow_unmapped_design true}
plan.macro.allow_unmapped_design true
set CORES 8
8
set_host_options -max_cores $CORES
1
set search_path "* ./ ../INPUT//ndm ../../../../rtl/blackbox"
* ./ ../INPUT//ndm ../../../../rtl/blackbox
create_lib neuron_LIB -ref_libs "sky130_fd_sc_hd.ndm" -technology ../libs/sky130_fd_sc_hd/sky130_fd_sc_hd.tf
Information: The command 'create_lib' cleared the undo history. (UNDO-016)
Error: File '../libs/sky130_fd_sc_hd/sky130_fd_sc_hd.tf' cannot be found using search_path of: '* ./ ../INPUT//ndm ../../../../rtl/blackbox .'. (FILE-002)
Error: Cannot load technology file '../libs/sky130_fd_sc_hd/sky130_fd_sc_hd.tf'. (LIB-007)
Error: problem in create_lib
      	Use error_info for more info. (CMD-013)
Information: script '/storage/e19129/projects/neuromorphic/neuromorphic-accelerator/synopsys/primepower/tech_sky130/blackbox_sky130_fd_sc_hd/rtla.tcl'
            	stopped at line 10 due to error. (CMD-081)
Extended error info:
problem in create_lib
    while executing
"create_lib neuron_LIB -ref_libs "sky130_fd_sc_hd.ndm" -technology ../libs/sky130_fd_sc_hd/sky130_fd_sc_hd.tf"
    (file "/storage/e19129/projects/neuromorphic/neuromorphic-accelerator/synopsys/primepower/tech_sky130/blackbox_sky130_fd_sc_hd/rtla.tcl" line 10)
 -- End Extended Error Info
rtl_shell> 