Info: [VCS_SAVE_RESTORE_INFO] ASLR (Address Space Layout Randomization) is detected on the machine. To enable $save functionality, ASLR will be switched off and simv re-executed.
Please use '-no_save' simv switch to avoid re-execution or '-suppress=ASLR_DETECTED_INFO' to suppress this message.
Chronologic VCS simulator copyright 1991-2024
Contains Synopsys proprietary information.
Compiler version W-2024.09-SP1_Full64; Runtime version W-2024.09-SP1_Full64;  May 14 16:27 2025
*Verdi* Loading libsscore_vcs202409.so
*Verdi* : FSDB_GATE & FSDB_RTL is disabled because delta cycle dumping is set.
FSDB Dumper for VCS, Release Verdi_W-2024.09-SP1, Linux x86_64/64bit, 11/30/2024
(C) 1996 - 2024 by Synopsys, Inc.
*Verdi* FSDB WARNING: The FSDB file already exists. Overwriting the FSDB file may crash the programs that are using this file.
*Verdi* : Create FSDB file 'novas.fsdb'
*Verdi* : Enable dumping region information.
*Verdi* : Enable dumping glitch values.
*Verdi* : Enable dumping value change sequence.
*Verdi* : Begin traversing the scopes, layer (0).
*Verdi* : Enable +all dumping.
*Verdi* : End of traversing.
$finish called from file "cpu_tb.v", line 75.
$finish at simulation time                 7150
           V C S   S i m u l a t i o n   R e p o r t 
Time: 715000 ps
CPU Time:      0.180 seconds;       Data structure size:   0.0Mb
Wed May 14 16:27:19 2025
