#! /c/Source/iverilog-install/bin/vvp
:ivl_version "12.0 (devel)" "(s20150603-1539-g2693dd32b)";
:ivl_delay_selection "TYPICAL";
:vpi_time_precision - 10;
:vpi_module "F:\iverilog\lib\ivl\system.vpi";
:vpi_module "F:\iverilog\lib\ivl\vhdl_sys.vpi";
:vpi_module "F:\iverilog\lib\ivl\vhdl_textio.vpi";
:vpi_module "F:\iverilog\lib\ivl\v2005_math.vpi";
:vpi_module "F:\iverilog\lib\ivl\va_math.vpi";
S_000001ae72a2b580 .scope module, "cpu_tb" "cpu_tb" 2 7;
 .timescale -9 -10;
v000001ae72b75010_0 .net "BUSYWAIT", 0 0, v000001ae72b74e30_0;  1 drivers
v000001ae72b753d0_0 .var "CLK", 0 0;
v000001ae72b74890_0 .net "DMEM_ADDR", 31 0, L_000001ae72bdbaf0;  1 drivers
v000001ae72b73530_0 .net "DMEM_DATA_READ", 31 0, v000001ae72b74070_0;  1 drivers
v000001ae72b746b0_0 .net "DMEM_DATA_WRITE", 31 0, L_000001ae72bdca40;  1 drivers
v000001ae72b751f0_0 .net "DMEM_READ", 3 0, L_000001ae72bdc490;  1 drivers
v000001ae72b73670_0 .net "DMEM_WRITE", 2 0, L_000001ae72bdc960;  1 drivers
v000001ae72b73710_0 .net "INST", 31 0, v000001ae72b73ad0_0;  1 drivers
v000001ae72b74f70_0 .net "PC", 31 0, v000001ae72b6a780_0;  1 drivers
v000001ae72b73b70_0 .var "RST", 0 0;
S_000001ae72a2b710 .scope module, "cpu_inst" "cpu" 2 20, 3 17 0, S_000001ae72a2b580;
 .timescale -9 -10;
    .port_info 0 /INPUT 32 "INST_IF";
    .port_info 1 /INPUT 1 "CLK";
    .port_info 2 /INPUT 1 "RST";
    .port_info 3 /INPUT 32 "DMEM_DATA_READ_MA";
    .port_info 4 /INPUT 1 "BUSYWAIT_IN";
    .port_info 5 /OUTPUT 32 "PC_IF";
    .port_info 6 /OUTPUT 32 "DMEM_ADDR_MA";
    .port_info 7 /OUTPUT 32 "DMEM_DATA_WRITE_MA";
    .port_info 8 /OUTPUT 4 "DMEM_READ_MA";
    .port_info 9 /OUTPUT 3 "DMEM_WRITE_MA";
    .port_info 10 /OUTPUT 1 "BUSYWAIT_OUT";
L_000001ae72aeedf0 .functor BUFZ 1, v000001ae72b74e30_0, C4<0>, C4<0>, C4<0>;
L_000001ae72bdbaf0 .functor BUFZ 32, v000001ae72b6ca80_0, C4<00000000000000000000000000000000>, C4<00000000000000000000000000000000>, C4<00000000000000000000000000000000>;
L_000001ae72bdca40 .functor BUFZ 32, v000001ae72b6d2a0_0, C4<00000000000000000000000000000000>, C4<00000000000000000000000000000000>, C4<00000000000000000000000000000000>;
L_000001ae72bdc490 .functor BUFZ 4, v000001ae72b6cda0_0, C4<0000>, C4<0000>, C4<0000>;
L_000001ae72bdc960 .functor BUFZ 3, v000001ae72b6d480_0, C4<000>, C4<000>, C4<000>;
v000001ae72b6ed30_0 .net "ALU_DATA1_EX", 31 0, L_000001ae72bddb20;  1 drivers
v000001ae72b6e650_0 .net "ALU_DATA2_EX", 31 0, L_000001ae72bdf600;  1 drivers
v000001ae72b6ee70_0 .net "ALU_OP_EX", 4 0, v000001ae72b6b860_0;  1 drivers
v000001ae72b6ef10_0 .net "ALU_OP_ID", 4 0, L_000001ae72b758d0;  1 drivers
v000001ae72b6feb0_0 .net "ALU_OUT_EX", 31 0, v000001ae72afd700_0;  1 drivers
v000001ae72b6efb0_0 .net "ALU_OUT_MA", 31 0, v000001ae72b6ca80_0;  1 drivers
v000001ae72b6f050_0 .net "ALU_OUT_WB", 31 0, v000001ae72b6bb80_0;  1 drivers
v000001ae72b6fa50_0 .net "BRANCH_JUMP_EX", 3 0, v000001ae72b6bfe0_0;  1 drivers
v000001ae72b6f0f0_0 .net "BRANCH_JUMP_ID", 3 0, L_000001ae72b769b0;  1 drivers
v000001ae72b6fc30_0 .net "BUSYWAIT", 0 0, L_000001ae72aeedf0;  1 drivers
v000001ae72b6fff0_0 .net "BUSYWAIT_IN", 0 0, v000001ae72b74e30_0;  alias, 1 drivers
o000001ae72b15c68 .functor BUFZ 1, C4<z>; HiZ drive
v000001ae72b6fcd0_0 .net "BUSYWAIT_OUT", 0 0, o000001ae72b15c68;  0 drivers
v000001ae72b6fe10_0 .net "CLK", 0 0, v000001ae72b753d0_0;  1 drivers
v000001ae72b6ff50_0 .net "DATA1_ALU_SEL_EX", 0 0, v000001ae72b6b4a0_0;  1 drivers
v000001ae72b70130_0 .net "DATA1_ALU_SEL_ID", 0 0, L_000001ae72bdc0a0;  1 drivers
v000001ae72b70270_0 .net "DATA1_EX", 31 0, v000001ae72b6c1c0_0;  1 drivers
v000001ae72b70310_0 .net "DATA1_ID", 31 0, L_000001ae72aef250;  1 drivers
v000001ae72b708b0_0 .net "DATA2_ALU_SEL_EX", 0 0, v000001ae72b6a1e0_0;  1 drivers
v000001ae72b718f0_0 .net "DATA2_ALU_SEL_ID", 0 0, L_000001ae72bdbfc0;  1 drivers
v000001ae72b70c70_0 .net "DATA2_EX", 31 0, v000001ae72b6b7c0_0;  1 drivers
v000001ae72b71990_0 .net "DATA2_ID", 31 0, L_000001ae72aee840;  1 drivers
v000001ae72b710d0_0 .net "DATA2_MA", 31 0, v000001ae72b6d2a0_0;  1 drivers
v000001ae72b71b70_0 .net "DMEM_ADDR_MA", 31 0, L_000001ae72bdbaf0;  alias, 1 drivers
v000001ae72b71170_0 .net "DMEM_DATA_READ_MA", 31 0, v000001ae72b74070_0;  alias, 1 drivers
v000001ae72b70ef0_0 .net "DMEM_DATA_READ_WB", 31 0, v000001ae72b6a460_0;  1 drivers
v000001ae72b71350_0 .net "DMEM_DATA_WRITE_MA", 31 0, L_000001ae72bdca40;  alias, 1 drivers
v000001ae72b717b0_0 .net "DMEM_READ_MA", 3 0, L_000001ae72bdc490;  alias, 1 drivers
v000001ae72b71850_0 .net "DMEM_WRITE_MA", 2 0, L_000001ae72bdc960;  alias, 1 drivers
v000001ae72b70810_0 .net "IMM_EX", 31 0, v000001ae72b6a640_0;  1 drivers
v000001ae72b71cb0_0 .net "IMM_ID", 31 0, v000001ae72b6faf0_0;  1 drivers
v000001ae72b71c10_0 .net "IMM_MA", 31 0, v000001ae72b6cbc0_0;  1 drivers
v000001ae72b71a30_0 .net "IMM_SEL_ID", 3 0, L_000001ae72bddbc0;  1 drivers
v000001ae72b71530_0 .net "IMM_WB", 31 0, v000001ae72b6b9a0_0;  1 drivers
v000001ae72b70950_0 .net "INST_ID", 31 0, v000001ae72b6b680_0;  1 drivers
v000001ae72b71ad0_0 .net "INST_IF", 31 0, v000001ae72b73ad0_0;  alias, 1 drivers
v000001ae72b70d10_0 .net "MEM_READ_EX", 3 0, v000001ae72b6bc20_0;  1 drivers
v000001ae72b70f90_0 .net "MEM_READ_ID", 3 0, L_000001ae72b76b90;  1 drivers
v000001ae72b71490_0 .net "MEM_READ_MA", 3 0, v000001ae72b6cda0_0;  1 drivers
v000001ae72b70770_0 .net "MEM_WRITE_EX", 2 0, v000001ae72b6abe0_0;  1 drivers
v000001ae72b71d50_0 .net "MEM_WRITE_ID", 2 0, L_000001ae72b75fb0;  1 drivers
v000001ae72b71df0_0 .net "MEM_WRITE_MA", 2 0, v000001ae72b6d480_0;  1 drivers
o000001ae72b15218 .functor BUFZ 32, C4<zzzzzzzzzzzzzzzzzzzzzzzzzzzzzzzz>; HiZ drive
v000001ae72b715d0_0 .net "NEXT_PC_EX", 31 0, o000001ae72b15218;  0 drivers
v000001ae72b709f0_0 .net "PC_EX", 31 0, v000001ae72b6b040_0;  1 drivers
v000001ae72b713f0_0 .net "PC_ID", 31 0, v000001ae72b6ac80_0;  1 drivers
v000001ae72b70a90_0 .net "PC_IF", 31 0, v000001ae72b6a780_0;  alias, 1 drivers
v000001ae72b70b30_0 .net "PC_INT_IF", 31 0, L_000001ae72b73850;  1 drivers
v000001ae72b71030_0 .net "PC_MA", 31 0, v000001ae72b6ce40_0;  1 drivers
v000001ae72b70db0_0 .net "PC_MUX_SEL_EX", 0 0, v000001ae72b60b50_0;  1 drivers
v000001ae72b70bd0_0 .net "PC_PLUS_4_IF", 31 0, L_000001ae72b74930;  1 drivers
v000001ae72b70e50_0 .net "PC_PLUS_4_MA", 31 0, L_000001ae72be0be0;  1 drivers
v000001ae72b71210_0 .net "PC_WB", 31 0, v000001ae72b6a500_0;  1 drivers
v000001ae72b712b0_0 .net "RST", 0 0, v000001ae72b73b70_0;  1 drivers
v000001ae72b71670_0 .net "WADDR_EX", 4 0, v000001ae72b6ae60_0;  1 drivers
v000001ae72b71710_0 .net "WADDR_MA", 4 0, v000001ae72b6cb20_0;  1 drivers
v000001ae72b73e90_0 .net "WADDR_WB", 4 0, v000001ae72b6a000_0;  1 drivers
v000001ae72b74d90_0 .net "WB_SEL_EX", 1 0, v000001ae72b6aa00_0;  1 drivers
v000001ae72b73c10_0 .net "WB_SEL_ID", 1 0, L_000001ae72bdd8a0;  1 drivers
v000001ae72b735d0_0 .net "WB_SEL_MA", 1 0, v000001ae72b6d7a0_0;  1 drivers
v000001ae72b73a30_0 .net "WB_SEL_WB", 1 0, v000001ae72b6a6e0_0;  1 drivers
v000001ae72b73f30_0 .net "WRITE_DATA_WB", 31 0, L_000001ae72be14a0;  1 drivers
v000001ae72b73cb0_0 .net "WRITE_EN_EX", 0 0, v000001ae72b6bae0_0;  1 drivers
v000001ae72b73d50_0 .net "WRITE_EN_ID", 0 0, L_000001ae72bdd370;  1 drivers
v000001ae72b747f0_0 .net "WRITE_EN_MA", 0 0, v000001ae72b6d3e0_0;  1 drivers
v000001ae72b732b0_0 .net "WRITE_EN_WB", 0 0, v000001ae72b6a5a0_0;  1 drivers
L_000001ae72b750b0 .part v000001ae72b6b680_0, 15, 5;
L_000001ae72b73990 .part v000001ae72b6b680_0, 20, 5;
L_000001ae72bddf80 .part v000001ae72b6b680_0, 0, 7;
L_000001ae72bdfd80 .part v000001ae72b6b680_0, 12, 3;
L_000001ae72bde480 .part v000001ae72b6b680_0, 25, 7;
L_000001ae72bde840 .part v000001ae72b6b680_0, 7, 5;
S_000001ae72a28700 .scope module, "alu_inst" "alu" 3 214, 4 9 0, S_000001ae72a2b710;
 .timescale -9 -10;
    .port_info 0 /INPUT 32 "DATA1";
    .port_info 1 /INPUT 32 "DATA2";
    .port_info 2 /INPUT 5 "SELECT";
    .port_info 3 /OUTPUT 32 "RESULT";
L_000001ae72bdc880 .functor XOR 32, L_000001ae72bddb20, L_000001ae72bdf600, C4<00000000000000000000000000000000>, C4<00000000000000000000000000000000>;
L_000001ae72bdc650 .functor OR 32, L_000001ae72bddb20, L_000001ae72bdf600, C4<00000000000000000000000000000000>, C4<00000000000000000000000000000000>;
L_000001ae72bdba80 .functor AND 32, L_000001ae72bddb20, L_000001ae72bdf600, C4<11111111111111111111111111111111>, C4<11111111111111111111111111111111>;
v000001ae72afd3e0_0 .net "DATA1", 31 0, L_000001ae72bddb20;  alias, 1 drivers
v000001ae72afdca0_0 .net "DATA2", 31 0, L_000001ae72bdf600;  alias, 1 drivers
v000001ae72afd700_0 .var "RESULT", 31 0;
v000001ae72afd0c0_0 .net "SELECT", 4 0, v000001ae72b6b860_0;  alias, 1 drivers
v000001ae72afd840_0 .net *"_ivl_12", 0 0, L_000001ae72bdf6a0;  1 drivers
L_000001ae72b80c80 .functor BUFT 1, C4<00000000000000000000000000000001>, C4<0>, C4<0>, C4<0>;
v000001ae72afc6c0_0 .net/2u *"_ivl_14", 31 0, L_000001ae72b80c80;  1 drivers
L_000001ae72b80cc8 .functor BUFT 1, C4<00000000000000000000000000000000>, C4<0>, C4<0>, C4<0>;
v000001ae72afe060_0 .net/2u *"_ivl_16", 31 0, L_000001ae72b80cc8;  1 drivers
v000001ae72afd480_0 .net *"_ivl_21", 4 0, L_000001ae72bdfa60;  1 drivers
v000001ae72afdac0_0 .net *"_ivl_25", 4 0, L_000001ae72bdfba0;  1 drivers
v000001ae72afe2e0_0 .net *"_ivl_29", 4 0, L_000001ae72bde8e0;  1 drivers
v000001ae72afc9e0_0 .net *"_ivl_4", 0 0, L_000001ae72bdf560;  1 drivers
L_000001ae72b80de8 .functor BUFT 1, C4<00000000000000000000000000000000>, C4<0>, C4<0>, C4<0>;
v000001ae72afd200_0 .net/2u *"_ivl_46", 31 0, L_000001ae72b80de8;  1 drivers
v000001ae72afc760_0 .net *"_ivl_48", 0 0, L_000001ae72bdee80;  1 drivers
L_000001ae72b80e30 .functor BUFT 1, C4<00000000000000000000000000000000>, C4<0>, C4<0>, C4<0>;
v000001ae72afda20_0 .net/2u *"_ivl_50", 31 0, L_000001ae72b80e30;  1 drivers
v000001ae72afc800_0 .net *"_ivl_52", 31 0, L_000001ae72bdef20;  1 drivers
L_000001ae72b80e78 .functor BUFT 1, C4<00000000000000000000000000000000>, C4<0>, C4<0>, C4<0>;
v000001ae72afe1a0_0 .net/2u *"_ivl_56", 31 0, L_000001ae72b80e78;  1 drivers
v000001ae72afdb60_0 .net *"_ivl_58", 0 0, L_000001ae72bdda80;  1 drivers
L_000001ae72b80bf0 .functor BUFT 1, C4<00000000000000000000000000000001>, C4<0>, C4<0>, C4<0>;
v000001ae72afd980_0 .net/2u *"_ivl_6", 31 0, L_000001ae72b80bf0;  1 drivers
L_000001ae72b80ec0 .functor BUFT 1, C4<00000000000000000000000000000000>, C4<0>, C4<0>, C4<0>;
v000001ae72afe420_0 .net/2u *"_ivl_60", 31 0, L_000001ae72b80ec0;  1 drivers
v000001ae72afdd40_0 .net *"_ivl_62", 31 0, L_000001ae72bddd00;  1 drivers
L_000001ae72b80f08 .functor BUFT 1, C4<00000000000000000000000000000000>, C4<0>, C4<0>, C4<0>;
v000001ae72afe240_0 .net/2u *"_ivl_66", 31 0, L_000001ae72b80f08;  1 drivers
v000001ae72afdf20_0 .net *"_ivl_68", 0 0, L_000001ae72bde200;  1 drivers
L_000001ae72b80f50 .functor BUFT 1, C4<00000000000000000000000000000000>, C4<0>, C4<0>, C4<0>;
v000001ae72afcbc0_0 .net/2u *"_ivl_70", 31 0, L_000001ae72b80f50;  1 drivers
v000001ae72afcda0_0 .net *"_ivl_72", 31 0, L_000001ae72be0dc0;  1 drivers
L_000001ae72b80f98 .functor BUFT 1, C4<00000000000000000000000000000000>, C4<0>, C4<0>, C4<0>;
v000001ae72afd520_0 .net/2u *"_ivl_76", 31 0, L_000001ae72b80f98;  1 drivers
v000001ae72afd5c0_0 .net *"_ivl_78", 0 0, L_000001ae72be08c0;  1 drivers
L_000001ae72b80c38 .functor BUFT 1, C4<00000000000000000000000000000000>, C4<0>, C4<0>, C4<0>;
v000001ae72afd660_0 .net/2u *"_ivl_8", 31 0, L_000001ae72b80c38;  1 drivers
L_000001ae72b80fe0 .functor BUFT 1, C4<00000000000000000000000000000000>, C4<0>, C4<0>, C4<0>;
v000001ae72afd7a0_0 .net/2u *"_ivl_80", 31 0, L_000001ae72b80fe0;  1 drivers
v000001ae72afe100_0 .net *"_ivl_82", 31 0, L_000001ae72be0a00;  1 drivers
v000001ae72afe380_0 .net "addData", 31 0, L_000001ae72bdf4c0;  1 drivers
v000001ae72afdde0_0 .net "andData", 31 0, L_000001ae72bdba80;  1 drivers
v000001ae72afc8a0_0 .net "divData", 31 0, L_000001ae72bdefc0;  1 drivers
v000001ae72afd8e0_0 .net "divuData", 31 0, L_000001ae72bdea20;  1 drivers
v000001ae72afc940_0 .net "mulData", 31 0, L_000001ae72bde020;  1 drivers
L_000001ae72b80d10 .functor BUFT 1, C4<00000000000000000000000000000000>, C4<0>, C4<0>, C4<0>;
v000001ae72afca80_0 .net "mulhData", 31 0, L_000001ae72b80d10;  1 drivers
L_000001ae72b80d58 .functor BUFT 1, C4<00000000000000000000000000000000>, C4<0>, C4<0>, C4<0>;
v000001ae72afde80_0 .net "mulhsuData", 31 0, L_000001ae72b80d58;  1 drivers
L_000001ae72b80da0 .functor BUFT 1, C4<00000000000000000000000000000000>, C4<0>, C4<0>, C4<0>;
v000001ae72afcb20_0 .net "mulhuData", 31 0, L_000001ae72b80da0;  1 drivers
v000001ae72afcc60_0 .net "orData", 31 0, L_000001ae72bdc650;  1 drivers
v000001ae72afe4c0_0 .net "remData", 31 0, L_000001ae72be1540;  1 drivers
v000001ae72afce40_0 .net "remuData", 31 0, L_000001ae72be06e0;  1 drivers
v000001ae72afcee0_0 .net "sllData", 31 0, L_000001ae72bdfb00;  1 drivers
v000001ae72afcf80_0 .net "sltData", 31 0, L_000001ae72bded40;  1 drivers
v000001ae72afd020_0 .net "sltuData", 31 0, L_000001ae72bdf920;  1 drivers
v000001ae72ad2e80_0 .net "sraData", 31 0, L_000001ae72bdd9e0;  1 drivers
v000001ae72ad3100_0 .net "srlData", 31 0, L_000001ae72bdd940;  1 drivers
v000001ae72ae53e0_0 .net "subData", 31 0, L_000001ae72bde980;  1 drivers
v000001ae72ae52a0_0 .net "xorData", 31 0, L_000001ae72bdc880;  1 drivers
E_000001ae72b05090/0 .event anyedge, v000001ae72afd0c0_0, v000001ae72afe380_0, v000001ae72ae53e0_0, v000001ae72afcee0_0;
E_000001ae72b05090/1 .event anyedge, v000001ae72afcf80_0, v000001ae72afd020_0, v000001ae72ae52a0_0, v000001ae72ad3100_0;
E_000001ae72b05090/2 .event anyedge, v000001ae72ad2e80_0, v000001ae72afcc60_0, v000001ae72afdde0_0, v000001ae72afc940_0;
E_000001ae72b05090/3 .event anyedge, v000001ae72afca80_0, v000001ae72afde80_0, v000001ae72afcb20_0, v000001ae72afc8a0_0;
E_000001ae72b05090/4 .event anyedge, v000001ae72afd8e0_0, v000001ae72afe4c0_0, v000001ae72afce40_0;
E_000001ae72b05090 .event/or E_000001ae72b05090/0, E_000001ae72b05090/1, E_000001ae72b05090/2, E_000001ae72b05090/3, E_000001ae72b05090/4;
L_000001ae72bdf4c0 .arith/sum 32, L_000001ae72bddb20, L_000001ae72bdf600;
L_000001ae72bde980 .arith/sub 32, L_000001ae72bddb20, L_000001ae72bdf600;
L_000001ae72bdf560 .cmp/gt.s 32, L_000001ae72bdf600, L_000001ae72bddb20;
L_000001ae72bded40 .functor MUXZ 32, L_000001ae72b80c38, L_000001ae72b80bf0, L_000001ae72bdf560, C4<>;
L_000001ae72bdf6a0 .cmp/gt 32, L_000001ae72bdf600, L_000001ae72bddb20;
L_000001ae72bdf920 .functor MUXZ 32, L_000001ae72b80cc8, L_000001ae72b80c80, L_000001ae72bdf6a0, C4<>;
L_000001ae72bdfa60 .part L_000001ae72bdf600, 0, 5;
L_000001ae72bdfb00 .shift/l 32, L_000001ae72bddb20, L_000001ae72bdfa60;
L_000001ae72bdfba0 .part L_000001ae72bdf600, 0, 5;
L_000001ae72bdd940 .shift/r 32, L_000001ae72bddb20, L_000001ae72bdfba0;
L_000001ae72bde8e0 .part L_000001ae72bdf600, 0, 5;
L_000001ae72bdd9e0 .shift/rs 32, L_000001ae72bddb20, L_000001ae72bde8e0;
L_000001ae72bde020 .arith/mult 32, L_000001ae72bddb20, L_000001ae72bdf600;
L_000001ae72bdee80 .cmp/eq 32, L_000001ae72bdf600, L_000001ae72b80de8;
L_000001ae72bdef20 .arith/div 32, L_000001ae72bddb20, L_000001ae72bdf600;
L_000001ae72bdefc0 .functor MUXZ 32, L_000001ae72bdef20, L_000001ae72b80e30, L_000001ae72bdee80, C4<>;
L_000001ae72bdda80 .cmp/eq 32, L_000001ae72bdf600, L_000001ae72b80e78;
L_000001ae72bddd00 .arith/div 32, L_000001ae72bddb20, L_000001ae72bdf600;
L_000001ae72bdea20 .functor MUXZ 32, L_000001ae72bddd00, L_000001ae72b80ec0, L_000001ae72bdda80, C4<>;
L_000001ae72bde200 .cmp/eq 32, L_000001ae72bdf600, L_000001ae72b80f08;
L_000001ae72be0dc0 .arith/mod 32, L_000001ae72bddb20, L_000001ae72bdf600;
L_000001ae72be1540 .functor MUXZ 32, L_000001ae72be0dc0, L_000001ae72b80f50, L_000001ae72bde200, C4<>;
L_000001ae72be08c0 .cmp/eq 32, L_000001ae72bdf600, L_000001ae72b80f98;
L_000001ae72be0a00 .arith/mod 32, L_000001ae72bddb20, L_000001ae72bdf600;
L_000001ae72be06e0 .functor MUXZ 32, L_000001ae72be0a00, L_000001ae72b80fe0, L_000001ae72be08c0, C4<>;
S_000001ae72a60cd0 .scope module, "alu_mux_1" "mux_32b_2to1" 3 198, 5 3 0, S_000001ae72a2b710;
 .timescale -9 -10;
    .port_info 0 /INPUT 32 "data1";
    .port_info 1 /INPUT 32 "data2";
    .port_info 2 /INPUT 1 "sel";
    .port_info 3 /OUTPUT 32 "out";
L_000001ae72b80b60 .functor BUFT 1, C4<1>, C4<0>, C4<0>, C4<0>;
L_000001ae72bdcea0 .functor XNOR 1, v000001ae72b6b4a0_0, L_000001ae72b80b60, C4<0>, C4<0>;
v000001ae72b608d0_0 .net/2u *"_ivl_0", 0 0, L_000001ae72b80b60;  1 drivers
v000001ae72b60970_0 .net *"_ivl_2", 0 0, L_000001ae72bdcea0;  1 drivers
v000001ae72b61730_0 .net "data1", 31 0, v000001ae72b6c1c0_0;  alias, 1 drivers
v000001ae72b61230_0 .net "data2", 31 0, v000001ae72b6b040_0;  alias, 1 drivers
v000001ae72b61370_0 .net "out", 31 0, L_000001ae72bddb20;  alias, 1 drivers
v000001ae72b62450_0 .net "sel", 0 0, v000001ae72b6b4a0_0;  alias, 1 drivers
L_000001ae72bddb20 .functor MUXZ 32, v000001ae72b6c1c0_0, v000001ae72b6b040_0, L_000001ae72bdcea0, C4<>;
S_000001ae72a60e60 .scope module, "alu_mux_2" "mux_32b_2to1" 3 206, 5 3 0, S_000001ae72a2b710;
 .timescale -9 -10;
    .port_info 0 /INPUT 32 "data1";
    .port_info 1 /INPUT 32 "data2";
    .port_info 2 /INPUT 1 "sel";
    .port_info 3 /OUTPUT 32 "out";
L_000001ae72b80ba8 .functor BUFT 1, C4<1>, C4<0>, C4<0>, C4<0>;
L_000001ae72bdba10 .functor XNOR 1, v000001ae72b6a1e0_0, L_000001ae72b80ba8, C4<0>, C4<0>;
v000001ae72b623b0_0 .net/2u *"_ivl_0", 0 0, L_000001ae72b80ba8;  1 drivers
v000001ae72b61e10_0 .net *"_ivl_2", 0 0, L_000001ae72bdba10;  1 drivers
v000001ae72b617d0_0 .net "data1", 31 0, v000001ae72b6b7c0_0;  alias, 1 drivers
v000001ae72b60e70_0 .net "data2", 31 0, v000001ae72b6a640_0;  alias, 1 drivers
v000001ae72b60a10_0 .net "out", 31 0, L_000001ae72bdf600;  alias, 1 drivers
v000001ae72b61a50_0 .net "sel", 0 0, v000001ae72b6a1e0_0;  alias, 1 drivers
L_000001ae72bdf600 .functor MUXZ 32, v000001ae72b6b7c0_0, v000001ae72b6a640_0, L_000001ae72bdba10, C4<>;
S_000001ae72a21620 .scope module, "branch_logic_inst" "branch_logic" 3 222, 6 9 0, S_000001ae72a2b710;
 .timescale -9 -10;
    .port_info 0 /INPUT 32 "data1";
    .port_info 1 /INPUT 32 "data2";
    .port_info 2 /INPUT 4 "op";
    .port_info 3 /OUTPUT 1 "out";
v000001ae72b612d0_0 .net "BEQ", 0 0, L_000001ae72be0640;  1 drivers
v000001ae72b61410_0 .net "BGE", 0 0, L_000001ae72be0e60;  1 drivers
v000001ae72b60dd0_0 .net "BGEU", 0 0, L_000001ae72be0820;  1 drivers
v000001ae72b61550_0 .net "BLT", 0 0, L_000001ae72be0780;  1 drivers
v000001ae72b62590_0 .net "BLTU", 0 0, L_000001ae72be0140;  1 drivers
v000001ae72b624f0_0 .net "BNE", 0 0, L_000001ae72be0960;  1 drivers
v000001ae72b61190_0 .net "data1", 31 0, v000001ae72b6c1c0_0;  alias, 1 drivers
v000001ae72b614b0_0 .net "data2", 31 0, v000001ae72b6b7c0_0;  alias, 1 drivers
v000001ae72b60fb0_0 .net "op", 3 0, v000001ae72b6bfe0_0;  alias, 1 drivers
v000001ae72b60b50_0 .var "out", 0 0;
E_000001ae72b053d0/0 .event anyedge, v000001ae72b60fb0_0, v000001ae72b612d0_0, v000001ae72b624f0_0, v000001ae72b61550_0;
E_000001ae72b053d0/1 .event anyedge, v000001ae72b61410_0, v000001ae72b62590_0, v000001ae72b60dd0_0;
E_000001ae72b053d0 .event/or E_000001ae72b053d0/0, E_000001ae72b053d0/1;
L_000001ae72be0640 .cmp/eq 32, v000001ae72b6c1c0_0, v000001ae72b6b7c0_0;
L_000001ae72be0960 .cmp/ne 32, v000001ae72b6c1c0_0, v000001ae72b6b7c0_0;
L_000001ae72be0780 .cmp/gt.s 32, v000001ae72b6b7c0_0, v000001ae72b6c1c0_0;
L_000001ae72be0e60 .cmp/ge.s 32, v000001ae72b6c1c0_0, v000001ae72b6b7c0_0;
L_000001ae72be0140 .cmp/gt 32, v000001ae72b6b7c0_0, v000001ae72b6c1c0_0;
L_000001ae72be0820 .cmp/ge 32, v000001ae72b6c1c0_0, v000001ae72b6b7c0_0;
S_000001ae72a217b0 .scope module, "control_unit_inst" "control_unit" 3 140, 7 11 0, S_000001ae72a2b710;
 .timescale -9 -10;
    .port_info 0 /INPUT 7 "opcode";
    .port_info 1 /INPUT 3 "funct3";
    .port_info 2 /INPUT 7 "funct7";
    .port_info 3 /OUTPUT 5 "alu_op";
    .port_info 4 /OUTPUT 1 "reg_write_en";
    .port_info 5 /OUTPUT 3 "mem_write";
    .port_info 6 /OUTPUT 4 "mem_read";
    .port_info 7 /OUTPUT 4 "branch_jump";
    .port_info 8 /OUTPUT 4 "imm_sel";
    .port_info 9 /OUTPUT 1 "data1_alu_sel";
    .port_info 10 /OUTPUT 1 "data2_alu_sel";
    .port_info 11 /OUTPUT 2 "wb_sel";
    .port_info 12 /INPUT 1 "reset";
L_000001ae72aef330 .functor OR 1, L_000001ae72b74610, L_000001ae72b74750, C4<0>, C4<0>;
L_000001ae72aef410 .functor OR 1, L_000001ae72aef330, L_000001ae72b74a70, C4<0>, C4<0>;
L_000001ae72aeeae0 .functor OR 1, L_000001ae72aef410, L_000001ae72b72f90, C4<0>, C4<0>;
L_000001ae72aef480 .functor OR 1, L_000001ae72aeeae0, L_000001ae72b74cf0, C4<0>, C4<0>;
L_000001ae72aee680 .functor OR 1, L_000001ae72b733f0, L_000001ae72b75c90, C4<0>, C4<0>;
L_000001ae72aee7d0 .functor OR 1, L_000001ae72aee680, L_000001ae72b765f0, C4<0>, C4<0>;
L_000001ae72a316a0 .functor OR 1, L_000001ae72aee7d0, L_000001ae72b76cd0, C4<0>, C4<0>;
L_000001ae72abb430 .functor OR 1, L_000001ae72b762d0, L_000001ae72b76e10, C4<0>, C4<0>;
L_000001ae72aeea00 .functor OR 1, L_000001ae72b75d30, L_000001ae72b76910, C4<0>, C4<0>;
L_000001ae72a81fe0 .functor OR 1, L_000001ae72aeea00, L_000001ae72b75790, C4<0>, C4<0>;
L_000001ae72bdcb20 .functor OR 1, L_000001ae72a81fe0, v000001ae72b73b70_0, C4<0>, C4<0>;
L_000001ae72bdd370 .functor NOT 1, L_000001ae72bdcb20, C4<0>, C4<0>, C4<0>;
L_000001ae72bdcab0 .functor BUFZ 3, L_000001ae72bdfd80, C4<000>, C4<000>, C4<000>;
L_000001ae72bdc3b0 .functor OR 1, L_000001ae72b76af0, L_000001ae72b764b0, C4<0>, C4<0>;
L_000001ae72bdbd90 .functor OR 1, L_000001ae72bdc3b0, L_000001ae72b76730, C4<0>, C4<0>;
L_000001ae72bdc260 .functor OR 1, L_000001ae72b75f10, L_000001ae72b767d0, C4<0>, C4<0>;
L_000001ae72bdc030 .functor OR 1, L_000001ae72b76550, L_000001ae72b76870, C4<0>, C4<0>;
L_000001ae72bdc810 .functor OR 1, L_000001ae72bdc030, L_000001ae72b75ab0, C4<0>, C4<0>;
L_000001ae72bdbf50 .functor OR 1, L_000001ae72bdc810, L_000001ae72b75970, C4<0>, C4<0>;
L_000001ae72bdb9a0 .functor OR 1, L_000001ae72bdbf50, L_000001ae72b75b50, C4<0>, C4<0>;
L_000001ae72bdc340 .functor OR 1, L_000001ae72bdb9a0, L_000001ae72b75bf0, C4<0>, C4<0>;
L_000001ae72bdd1b0 .functor OR 1, L_000001ae72bdc340, L_000001ae72b76230, C4<0>, C4<0>;
L_000001ae72bdd290 .functor OR 1, L_000001ae72bdfe20, L_000001ae72bdff60, C4<0>, C4<0>;
L_000001ae72bdcc70 .functor OR 1, L_000001ae72bdd290, L_000001ae72bde520, C4<0>, C4<0>;
L_000001ae72bdc0a0 .functor OR 1, L_000001ae72bdcc70, L_000001ae72bdf9c0, C4<0>, C4<0>;
L_000001ae72bdbcb0 .functor OR 1, L_000001ae72bde0c0, L_000001ae72bdd800, C4<0>, C4<0>;
L_000001ae72bdb850 .functor OR 1, L_000001ae72bdbcb0, L_000001ae72bddda0, C4<0>, C4<0>;
L_000001ae72bdd300 .functor OR 1, L_000001ae72bdb850, L_000001ae72bdf7e0, C4<0>, C4<0>;
L_000001ae72bdc110 .functor OR 1, L_000001ae72bdd300, L_000001ae72bdf420, C4<0>, C4<0>;
L_000001ae72bdcb90 .functor OR 1, L_000001ae72bdc110, L_000001ae72bdf240, C4<0>, C4<0>;
L_000001ae72bdc5e0 .functor OR 1, L_000001ae72bdcb90, L_000001ae72bde3e0, C4<0>, C4<0>;
L_000001ae72bdbfc0 .functor OR 1, L_000001ae72bdc5e0, L_000001ae72bde5c0, C4<0>, C4<0>;
L_000001ae72bdb7e0 .functor OR 1, L_000001ae72bdf880, L_000001ae72bde7a0, C4<0>, C4<0>;
L_000001ae72bdbe00 .functor NOT 1, L_000001ae72bdb7e0, C4<0>, C4<0>, C4<0>;
L_000001ae72bdd0d0 .functor OR 1, L_000001ae72bdeac0, L_000001ae72bdede0, C4<0>, C4<0>;
L_000001ae72bdc420 .functor OR 1, L_000001ae72bdd0d0, L_000001ae72bdde40, C4<0>, C4<0>;
L_000001ae72b7f888 .functor BUFT 1, C4<0010111>, C4<0>, C4<0>, C4<0>;
v000001ae72b615f0_0 .net/2u *"_ivl_0", 6 0, L_000001ae72b7f888;  1 drivers
L_000001ae72b7f918 .functor BUFT 1, C4<0100011>, C4<0>, C4<0>, C4<0>;
v000001ae72b61690_0 .net/2u *"_ivl_10", 6 0, L_000001ae72b7f918;  1 drivers
v000001ae72b60ab0_0 .net *"_ivl_101", 0 0, L_000001ae72b760f0;  1 drivers
v000001ae72b61870_0 .net *"_ivl_107", 1 0, L_000001ae72b75830;  1 drivers
L_000001ae72b7fd50 .functor BUFT 1, C4<0000011>, C4<0>, C4<0>, C4<0>;
v000001ae72b60bf0_0 .net/2u *"_ivl_110", 6 0, L_000001ae72b7fd50;  1 drivers
v000001ae72b60c90_0 .net *"_ivl_112", 0 0, L_000001ae72b75dd0;  1 drivers
v000001ae72b60f10_0 .net *"_ivl_118", 2 0, L_000001ae72bdcab0;  1 drivers
v000001ae72b619b0_0 .net *"_ivl_12", 0 0, L_000001ae72b74a70;  1 drivers
L_000001ae72b7fd98 .functor BUFT 1, C4<1100111>, C4<0>, C4<0>, C4<0>;
v000001ae72b61910_0 .net/2u *"_ivl_121", 6 0, L_000001ae72b7fd98;  1 drivers
v000001ae72b60d30_0 .net *"_ivl_123", 0 0, L_000001ae72b76af0;  1 drivers
L_000001ae72b7fde0 .functor BUFT 1, C4<1101111>, C4<0>, C4<0>, C4<0>;
v000001ae72b61d70_0 .net/2u *"_ivl_125", 6 0, L_000001ae72b7fde0;  1 drivers
v000001ae72b61050_0 .net *"_ivl_127", 0 0, L_000001ae72b764b0;  1 drivers
v000001ae72b610f0_0 .net *"_ivl_129", 0 0, L_000001ae72bdc3b0;  1 drivers
L_000001ae72b7fe28 .functor BUFT 1, C4<1100011>, C4<0>, C4<0>, C4<0>;
v000001ae72b61af0_0 .net/2u *"_ivl_131", 6 0, L_000001ae72b7fe28;  1 drivers
v000001ae72b61b90_0 .net *"_ivl_133", 0 0, L_000001ae72b76730;  1 drivers
v000001ae72b61c30_0 .net *"_ivl_135", 0 0, L_000001ae72bdbd90;  1 drivers
v000001ae72b61cd0_0 .net *"_ivl_14", 0 0, L_000001ae72aef410;  1 drivers
L_000001ae72b7fe70 .functor BUFT 1, C4<1100111>, C4<0>, C4<0>, C4<0>;
v000001ae72b61eb0_0 .net/2u *"_ivl_140", 6 0, L_000001ae72b7fe70;  1 drivers
v000001ae72b61f50_0 .net *"_ivl_142", 0 0, L_000001ae72b75f10;  1 drivers
L_000001ae72b7feb8 .functor BUFT 1, C4<1101111>, C4<0>, C4<0>, C4<0>;
v000001ae72b61ff0_0 .net/2u *"_ivl_144", 6 0, L_000001ae72b7feb8;  1 drivers
v000001ae72b62090_0 .net *"_ivl_146", 0 0, L_000001ae72b767d0;  1 drivers
v000001ae72b62130_0 .net *"_ivl_149", 0 0, L_000001ae72bdc260;  1 drivers
L_000001ae72b7ff00 .functor BUFT 1, C4<010>, C4<0>, C4<0>, C4<0>;
v000001ae72b63f60_0 .net/2u *"_ivl_150", 2 0, L_000001ae72b7ff00;  1 drivers
v000001ae72b63ec0_0 .net *"_ivl_152", 2 0, L_000001ae72b76190;  1 drivers
v000001ae72b63600_0 .net *"_ivl_156", 9 0, L_000001ae72b76410;  1 drivers
L_000001ae72b7ff48 .functor BUFT 1, C4<0000011100>, C4<0>, C4<0>, C4<0>;
v000001ae72b62d40_0 .net/2u *"_ivl_158", 9 0, L_000001ae72b7ff48;  1 drivers
L_000001ae72b7f960 .functor BUFT 1, C4<0000011>, C4<0>, C4<0>, C4<0>;
v000001ae72b63560_0 .net/2u *"_ivl_16", 6 0, L_000001ae72b7f960;  1 drivers
v000001ae72b62980_0 .net *"_ivl_160", 0 0, L_000001ae72b76550;  1 drivers
v000001ae72b632e0_0 .net *"_ivl_162", 9 0, L_000001ae72b76d70;  1 drivers
L_000001ae72b7ff90 .functor BUFT 1, C4<0000011101>, C4<0>, C4<0>, C4<0>;
v000001ae72b63380_0 .net/2u *"_ivl_164", 9 0, L_000001ae72b7ff90;  1 drivers
v000001ae72b643c0_0 .net *"_ivl_166", 0 0, L_000001ae72b76870;  1 drivers
v000001ae72b64280_0 .net *"_ivl_168", 0 0, L_000001ae72bdc030;  1 drivers
v000001ae72b63880_0 .net *"_ivl_170", 9 0, L_000001ae72b76a50;  1 drivers
L_000001ae72b7ffd8 .functor BUFT 1, C4<0010011011>, C4<0>, C4<0>, C4<0>;
v000001ae72b640a0_0 .net/2u *"_ivl_172", 9 0, L_000001ae72b7ffd8;  1 drivers
v000001ae72b63d80_0 .net *"_ivl_174", 0 0, L_000001ae72b75ab0;  1 drivers
v000001ae72b62a20_0 .net *"_ivl_176", 0 0, L_000001ae72bdc810;  1 drivers
v000001ae72b62b60_0 .net *"_ivl_178", 16 0, L_000001ae72b76370;  1 drivers
v000001ae72b62f20_0 .net *"_ivl_18", 0 0, L_000001ae72b72f90;  1 drivers
L_000001ae72b80020 .functor BUFT 1, C4<01100110110000000>, C4<0>, C4<0>, C4<0>;
v000001ae72b64460_0 .net/2u *"_ivl_180", 16 0, L_000001ae72b80020;  1 drivers
v000001ae72b63420_0 .net *"_ivl_182", 0 0, L_000001ae72b75970;  1 drivers
v000001ae72b64000_0 .net *"_ivl_184", 0 0, L_000001ae72bdbf50;  1 drivers
v000001ae72b639c0_0 .net *"_ivl_186", 16 0, L_000001ae72b76c30;  1 drivers
L_000001ae72b80068 .functor BUFT 1, C4<01100110100000001>, C4<0>, C4<0>, C4<0>;
v000001ae72b63c40_0 .net/2u *"_ivl_188", 16 0, L_000001ae72b80068;  1 drivers
v000001ae72b62fc0_0 .net *"_ivl_190", 0 0, L_000001ae72b75b50;  1 drivers
v000001ae72b62ac0_0 .net *"_ivl_192", 0 0, L_000001ae72bdb9a0;  1 drivers
v000001ae72b63740_0 .net *"_ivl_194", 16 0, L_000001ae72b75a10;  1 drivers
L_000001ae72b800b0 .functor BUFT 1, C4<01100110110000001>, C4<0>, C4<0>, C4<0>;
v000001ae72b63e20_0 .net/2u *"_ivl_196", 16 0, L_000001ae72b800b0;  1 drivers
v000001ae72b628e0_0 .net *"_ivl_198", 0 0, L_000001ae72b75bf0;  1 drivers
v000001ae72b63ce0_0 .net *"_ivl_2", 0 0, L_000001ae72b74610;  1 drivers
v000001ae72b63920_0 .net *"_ivl_20", 0 0, L_000001ae72aeeae0;  1 drivers
v000001ae72b634c0_0 .net *"_ivl_200", 0 0, L_000001ae72bdc340;  1 drivers
v000001ae72b62c00_0 .net *"_ivl_202", 16 0, L_000001ae72b75e70;  1 drivers
L_000001ae72b800f8 .functor BUFT 1, C4<01100111110000001>, C4<0>, C4<0>, C4<0>;
v000001ae72b637e0_0 .net/2u *"_ivl_204", 16 0, L_000001ae72b800f8;  1 drivers
v000001ae72b64500_0 .net *"_ivl_206", 0 0, L_000001ae72b76230;  1 drivers
v000001ae72b63060_0 .net *"_ivl_208", 0 0, L_000001ae72bdd1b0;  1 drivers
L_000001ae72b80140 .functor BUFT 1, C4<0000011>, C4<0>, C4<0>, C4<0>;
v000001ae72b64140_0 .net/2u *"_ivl_213", 6 0, L_000001ae72b80140;  1 drivers
v000001ae72b62ca0_0 .net *"_ivl_215", 0 0, L_000001ae72bddee0;  1 drivers
L_000001ae72b80188 .functor BUFT 1, C4<010>, C4<0>, C4<0>, C4<0>;
v000001ae72b636a0_0 .net/2u *"_ivl_217", 2 0, L_000001ae72b80188;  1 drivers
L_000001ae72b801d0 .functor BUFT 1, C4<0010111>, C4<0>, C4<0>, C4<0>;
v000001ae72b641e0_0 .net/2u *"_ivl_219", 6 0, L_000001ae72b801d0;  1 drivers
L_000001ae72b7f9a8 .functor BUFT 1, C4<1100011>, C4<0>, C4<0>, C4<0>;
v000001ae72b63a60_0 .net/2u *"_ivl_22", 6 0, L_000001ae72b7f9a8;  1 drivers
v000001ae72b63b00_0 .net *"_ivl_221", 0 0, L_000001ae72bde2a0;  1 drivers
L_000001ae72b80218 .functor BUFT 1, C4<000>, C4<0>, C4<0>, C4<0>;
v000001ae72b63ba0_0 .net/2u *"_ivl_223", 2 0, L_000001ae72b80218;  1 drivers
L_000001ae72b80260 .functor BUFT 1, C4<0100011>, C4<0>, C4<0>, C4<0>;
v000001ae72b645a0_0 .net/2u *"_ivl_225", 6 0, L_000001ae72b80260;  1 drivers
v000001ae72b62de0_0 .net *"_ivl_227", 0 0, L_000001ae72bdeb60;  1 drivers
L_000001ae72b802a8 .functor BUFT 1, C4<100>, C4<0>, C4<0>, C4<0>;
v000001ae72b62e80_0 .net/2u *"_ivl_229", 2 0, L_000001ae72b802a8;  1 drivers
L_000001ae72b802f0 .functor BUFT 1, C4<0110111>, C4<0>, C4<0>, C4<0>;
v000001ae72b63100_0 .net/2u *"_ivl_231", 6 0, L_000001ae72b802f0;  1 drivers
v000001ae72b64320_0 .net *"_ivl_233", 0 0, L_000001ae72bdfc40;  1 drivers
L_000001ae72b80338 .functor BUFT 1, C4<000>, C4<0>, C4<0>, C4<0>;
v000001ae72b631a0_0 .net/2u *"_ivl_235", 2 0, L_000001ae72b80338;  1 drivers
L_000001ae72b80380 .functor BUFT 1, C4<1101111>, C4<0>, C4<0>, C4<0>;
v000001ae72b62700_0 .net/2u *"_ivl_237", 6 0, L_000001ae72b80380;  1 drivers
v000001ae72b627a0_0 .net *"_ivl_239", 0 0, L_000001ae72bde660;  1 drivers
v000001ae72b62840_0 .net *"_ivl_24", 0 0, L_000001ae72b74cf0;  1 drivers
L_000001ae72b803c8 .functor BUFT 1, C4<001>, C4<0>, C4<0>, C4<0>;
v000001ae72b63240_0 .net/2u *"_ivl_241", 2 0, L_000001ae72b803c8;  1 drivers
L_000001ae72b80410 .functor BUFT 1, C4<1100111>, C4<0>, C4<0>, C4<0>;
v000001ae72b65f70_0 .net/2u *"_ivl_243", 6 0, L_000001ae72b80410;  1 drivers
v000001ae72b64b70_0 .net *"_ivl_245", 0 0, L_000001ae72bdfce0;  1 drivers
L_000001ae72b80458 .functor BUFT 1, C4<010>, C4<0>, C4<0>, C4<0>;
v000001ae72b65250_0 .net/2u *"_ivl_247", 2 0, L_000001ae72b80458;  1 drivers
L_000001ae72b804a0 .functor BUFT 1, C4<1100011>, C4<0>, C4<0>, C4<0>;
v000001ae72b66510_0 .net/2u *"_ivl_249", 6 0, L_000001ae72b804a0;  1 drivers
v000001ae72b64cb0_0 .net *"_ivl_251", 0 0, L_000001ae72bdf380;  1 drivers
L_000001ae72b804e8 .functor BUFT 1, C4<011>, C4<0>, C4<0>, C4<0>;
v000001ae72b656b0_0 .net/2u *"_ivl_253", 2 0, L_000001ae72b804e8;  1 drivers
v000001ae72b647b0_0 .net *"_ivl_255", 9 0, L_000001ae72bdf060;  1 drivers
L_000001ae72b80530 .functor BUFT 1, C4<0010011x01>, C4<0>, C4<0>, C4<0>;
v000001ae72b65890_0 .net *"_ivl_257", 9 0, L_000001ae72b80530;  1 drivers
v000001ae72b64fd0_0 .net *"_ivl_259", 0 0, L_000001ae72bddc60;  1 drivers
L_000001ae72b80578 .functor BUFT 1, C4<101>, C4<0>, C4<0>, C4<0>;
v000001ae72b65a70_0 .net/2u *"_ivl_261", 2 0, L_000001ae72b80578;  1 drivers
L_000001ae72b805c0 .functor BUFT 1, C4<0010011>, C4<0>, C4<0>, C4<0>;
v000001ae72b65390_0 .net/2u *"_ivl_263", 6 0, L_000001ae72b805c0;  1 drivers
v000001ae72b648f0_0 .net *"_ivl_265", 0 0, L_000001ae72bde340;  1 drivers
L_000001ae72b80608 .functor BUFT 1, C4<010>, C4<0>, C4<0>, C4<0>;
v000001ae72b660b0_0 .net/2u *"_ivl_267", 2 0, L_000001ae72b80608;  1 drivers
L_000001ae72b80650 .functor BUFT 1, C4<xxx>, C4<0>, C4<0>, C4<0>;
v000001ae72b663d0_0 .net *"_ivl_269", 2 0, L_000001ae72b80650;  1 drivers
v000001ae72b66290_0 .net *"_ivl_271", 2 0, L_000001ae72bdec00;  1 drivers
v000001ae72b665b0_0 .net *"_ivl_273", 2 0, L_000001ae72bdf100;  1 drivers
v000001ae72b652f0_0 .net *"_ivl_275", 2 0, L_000001ae72bde160;  1 drivers
v000001ae72b64990_0 .net *"_ivl_277", 2 0, L_000001ae72bdf1a0;  1 drivers
v000001ae72b651b0_0 .net *"_ivl_279", 2 0, L_000001ae72bdeca0;  1 drivers
v000001ae72b65e30_0 .net *"_ivl_281", 2 0, L_000001ae72bde700;  1 drivers
v000001ae72b657f0_0 .net *"_ivl_283", 2 0, L_000001ae72bdf2e0;  1 drivers
v000001ae72b65610_0 .net *"_ivl_285", 2 0, L_000001ae72bdfec0;  1 drivers
v000001ae72b64d50_0 .net *"_ivl_287", 2 0, L_000001ae72bdf740;  1 drivers
L_000001ae72b80698 .functor BUFT 1, C4<0010111>, C4<0>, C4<0>, C4<0>;
v000001ae72b64710_0 .net/2u *"_ivl_289", 6 0, L_000001ae72b80698;  1 drivers
v000001ae72b66470_0 .net *"_ivl_291", 0 0, L_000001ae72bdfe20;  1 drivers
L_000001ae72b806e0 .functor BUFT 1, C4<1101111>, C4<0>, C4<0>, C4<0>;
v000001ae72b66010_0 .net/2u *"_ivl_293", 6 0, L_000001ae72b806e0;  1 drivers
v000001ae72b66150_0 .net *"_ivl_295", 0 0, L_000001ae72bdff60;  1 drivers
v000001ae72b65ed0_0 .net *"_ivl_297", 0 0, L_000001ae72bdd290;  1 drivers
L_000001ae72b80728 .functor BUFT 1, C4<1100111>, C4<0>, C4<0>, C4<0>;
v000001ae72b64a30_0 .net/2u *"_ivl_299", 6 0, L_000001ae72b80728;  1 drivers
v000001ae72b65750_0 .net *"_ivl_301", 0 0, L_000001ae72bde520;  1 drivers
v000001ae72b66330_0 .net *"_ivl_303", 0 0, L_000001ae72bdcc70;  1 drivers
L_000001ae72b80770 .functor BUFT 1, C4<1100011>, C4<0>, C4<0>, C4<0>;
v000001ae72b661f0_0 .net/2u *"_ivl_305", 6 0, L_000001ae72b80770;  1 drivers
v000001ae72b65b10_0 .net *"_ivl_307", 0 0, L_000001ae72bdf9c0;  1 drivers
L_000001ae72b807b8 .functor BUFT 1, C4<0000011>, C4<0>, C4<0>, C4<0>;
v000001ae72b65bb0_0 .net/2u *"_ivl_311", 6 0, L_000001ae72b807b8;  1 drivers
v000001ae72b65d90_0 .net *"_ivl_313", 0 0, L_000001ae72bde0c0;  1 drivers
L_000001ae72b80800 .functor BUFT 1, C4<0010011>, C4<0>, C4<0>, C4<0>;
v000001ae72b64df0_0 .net/2u *"_ivl_315", 6 0, L_000001ae72b80800;  1 drivers
v000001ae72b65c50_0 .net *"_ivl_317", 0 0, L_000001ae72bdd800;  1 drivers
v000001ae72b65430_0 .net *"_ivl_319", 0 0, L_000001ae72bdbcb0;  1 drivers
L_000001ae72b80848 .functor BUFT 1, C4<0010111>, C4<0>, C4<0>, C4<0>;
v000001ae72b659d0_0 .net/2u *"_ivl_321", 6 0, L_000001ae72b80848;  1 drivers
v000001ae72b64850_0 .net *"_ivl_323", 0 0, L_000001ae72bddda0;  1 drivers
v000001ae72b65570_0 .net *"_ivl_325", 0 0, L_000001ae72bdb850;  1 drivers
L_000001ae72b80890 .functor BUFT 1, C4<0100011>, C4<0>, C4<0>, C4<0>;
v000001ae72b654d0_0 .net/2u *"_ivl_327", 6 0, L_000001ae72b80890;  1 drivers
v000001ae72b65930_0 .net *"_ivl_329", 0 0, L_000001ae72bdf7e0;  1 drivers
v000001ae72b64ad0_0 .net *"_ivl_331", 0 0, L_000001ae72bdd300;  1 drivers
L_000001ae72b808d8 .functor BUFT 1, C4<0110111>, C4<0>, C4<0>, C4<0>;
v000001ae72b64c10_0 .net/2u *"_ivl_333", 6 0, L_000001ae72b808d8;  1 drivers
v000001ae72b65110_0 .net *"_ivl_335", 0 0, L_000001ae72bdf420;  1 drivers
v000001ae72b65cf0_0 .net *"_ivl_337", 0 0, L_000001ae72bdc110;  1 drivers
L_000001ae72b80920 .functor BUFT 1, C4<1100111>, C4<0>, C4<0>, C4<0>;
v000001ae72b64e90_0 .net/2u *"_ivl_339", 6 0, L_000001ae72b80920;  1 drivers
v000001ae72b64f30_0 .net *"_ivl_34", 16 0, L_000001ae72b75330;  1 drivers
v000001ae72b65070_0 .net *"_ivl_341", 0 0, L_000001ae72bdf240;  1 drivers
v000001ae72b66e00_0 .net *"_ivl_343", 0 0, L_000001ae72bdcb90;  1 drivers
L_000001ae72b80968 .functor BUFT 1, C4<1101111>, C4<0>, C4<0>, C4<0>;
v000001ae72b67580_0 .net/2u *"_ivl_345", 6 0, L_000001ae72b80968;  1 drivers
v000001ae72b68340_0 .net *"_ivl_347", 0 0, L_000001ae72bde3e0;  1 drivers
v000001ae72b683e0_0 .net *"_ivl_349", 0 0, L_000001ae72bdc5e0;  1 drivers
L_000001ae72b809b0 .functor BUFT 1, C4<1100011>, C4<0>, C4<0>, C4<0>;
v000001ae72b67300_0 .net/2u *"_ivl_351", 6 0, L_000001ae72b809b0;  1 drivers
v000001ae72b68480_0 .net *"_ivl_353", 0 0, L_000001ae72bde5c0;  1 drivers
L_000001ae72b809f8 .functor BUFT 1, C4<0000011>, C4<0>, C4<0>, C4<0>;
v000001ae72b680c0_0 .net/2u *"_ivl_359", 6 0, L_000001ae72b809f8;  1 drivers
L_000001ae72b7fa80 .functor BUFT 1, C4<00100111010100000>, C4<0>, C4<0>, C4<0>;
v000001ae72b67da0_0 .net/2u *"_ivl_36", 16 0, L_000001ae72b7fa80;  1 drivers
v000001ae72b67f80_0 .net *"_ivl_361", 0 0, L_000001ae72bdf880;  1 drivers
L_000001ae72b80a40 .functor BUFT 1, C4<0110111>, C4<0>, C4<0>, C4<0>;
v000001ae72b667c0_0 .net/2u *"_ivl_363", 6 0, L_000001ae72b80a40;  1 drivers
v000001ae72b67120_0 .net *"_ivl_365", 0 0, L_000001ae72bde7a0;  1 drivers
v000001ae72b673a0_0 .net *"_ivl_367", 0 0, L_000001ae72bdb7e0;  1 drivers
v000001ae72b671c0_0 .net *"_ivl_369", 0 0, L_000001ae72bdbe00;  1 drivers
L_000001ae72b80a88 .functor BUFT 1, C4<0110111>, C4<0>, C4<0>, C4<0>;
v000001ae72b66a40_0 .net/2u *"_ivl_374", 6 0, L_000001ae72b80a88;  1 drivers
v000001ae72b66900_0 .net *"_ivl_376", 0 0, L_000001ae72bdeac0;  1 drivers
L_000001ae72b80ad0 .functor BUFT 1, C4<1101111>, C4<0>, C4<0>, C4<0>;
v000001ae72b669a0_0 .net/2u *"_ivl_378", 6 0, L_000001ae72b80ad0;  1 drivers
v000001ae72b67260_0 .net *"_ivl_38", 0 0, L_000001ae72b733f0;  1 drivers
v000001ae72b66ae0_0 .net *"_ivl_380", 0 0, L_000001ae72bdede0;  1 drivers
v000001ae72b67760_0 .net *"_ivl_382", 0 0, L_000001ae72bdd0d0;  1 drivers
L_000001ae72b80b18 .functor BUFT 1, C4<1100111>, C4<0>, C4<0>, C4<0>;
v000001ae72b67e40_0 .net/2u *"_ivl_384", 6 0, L_000001ae72b80b18;  1 drivers
v000001ae72b66b80_0 .net *"_ivl_386", 0 0, L_000001ae72bdde40;  1 drivers
v000001ae72b67c60_0 .net *"_ivl_388", 0 0, L_000001ae72bdc420;  1 drivers
L_000001ae72b7f8d0 .functor BUFT 1, C4<1101111>, C4<0>, C4<0>, C4<0>;
v000001ae72b68520_0 .net/2u *"_ivl_4", 6 0, L_000001ae72b7f8d0;  1 drivers
v000001ae72b682a0_0 .net *"_ivl_40", 16 0, L_000001ae72b73170;  1 drivers
L_000001ae72b7fac8 .functor BUFT 1, C4<01100110000100000>, C4<0>, C4<0>, C4<0>;
v000001ae72b67a80_0 .net/2u *"_ivl_42", 16 0, L_000001ae72b7fac8;  1 drivers
v000001ae72b67d00_0 .net *"_ivl_44", 0 0, L_000001ae72b75c90;  1 drivers
v000001ae72b685c0_0 .net *"_ivl_46", 0 0, L_000001ae72aee680;  1 drivers
v000001ae72b67440_0 .net *"_ivl_48", 16 0, L_000001ae72b76050;  1 drivers
L_000001ae72b7fb10 .functor BUFT 1, C4<01100111010100000>, C4<0>, C4<0>, C4<0>;
v000001ae72b67ee0_0 .net/2u *"_ivl_50", 16 0, L_000001ae72b7fb10;  1 drivers
v000001ae72b67620_0 .net *"_ivl_52", 0 0, L_000001ae72b765f0;  1 drivers
v000001ae72b66ea0_0 .net *"_ivl_54", 0 0, L_000001ae72aee7d0;  1 drivers
L_000001ae72b7fb58 .functor BUFT 1, C4<0110111>, C4<0>, C4<0>, C4<0>;
v000001ae72b66c20_0 .net/2u *"_ivl_56", 6 0, L_000001ae72b7fb58;  1 drivers
v000001ae72b676c0_0 .net *"_ivl_58", 0 0, L_000001ae72b76cd0;  1 drivers
v000001ae72b67b20_0 .net *"_ivl_6", 0 0, L_000001ae72b74750;  1 drivers
v000001ae72b67800_0 .net *"_ivl_60", 0 0, L_000001ae72a316a0;  1 drivers
v000001ae72b66720_0 .net *"_ivl_65", 13 0, L_000001ae72b76690;  1 drivers
L_000001ae72b7fba0 .functor BUFT 1, C4<01100110000001>, C4<0>, C4<0>, C4<0>;
v000001ae72b66d60_0 .net/2u *"_ivl_67", 13 0, L_000001ae72b7fba0;  1 drivers
v000001ae72b66860_0 .net *"_ivl_69", 0 0, L_000001ae72b762d0;  1 drivers
L_000001ae72b7fbe8 .functor BUFT 1, C4<0110111>, C4<0>, C4<0>, C4<0>;
v000001ae72b674e0_0 .net/2u *"_ivl_71", 6 0, L_000001ae72b7fbe8;  1 drivers
v000001ae72b68020_0 .net *"_ivl_73", 0 0, L_000001ae72b76e10;  1 drivers
v000001ae72b678a0_0 .net *"_ivl_75", 0 0, L_000001ae72abb430;  1 drivers
L_000001ae72b7fc30 .functor BUFT 1, C4<0100011>, C4<0>, C4<0>, C4<0>;
v000001ae72b67bc0_0 .net/2u *"_ivl_77", 6 0, L_000001ae72b7fc30;  1 drivers
v000001ae72b68160_0 .net *"_ivl_79", 0 0, L_000001ae72b75d30;  1 drivers
v000001ae72b66cc0_0 .net *"_ivl_8", 0 0, L_000001ae72aef330;  1 drivers
L_000001ae72b7fc78 .functor BUFT 1, C4<1100011>, C4<0>, C4<0>, C4<0>;
v000001ae72b66f40_0 .net/2u *"_ivl_81", 6 0, L_000001ae72b7fc78;  1 drivers
v000001ae72b66fe0_0 .net *"_ivl_83", 0 0, L_000001ae72b76910;  1 drivers
v000001ae72b68200_0 .net *"_ivl_85", 0 0, L_000001ae72aeea00;  1 drivers
L_000001ae72b7fcc0 .functor BUFT 1, C4<0000000>, C4<0>, C4<0>, C4<0>;
v000001ae72b67080_0 .net/2u *"_ivl_87", 6 0, L_000001ae72b7fcc0;  1 drivers
v000001ae72b67940_0 .net *"_ivl_89", 0 0, L_000001ae72b75790;  1 drivers
v000001ae72b679e0_0 .net *"_ivl_91", 0 0, L_000001ae72a81fe0;  1 drivers
v000001ae72b6d8e0_0 .net *"_ivl_93", 0 0, L_000001ae72bdcb20;  1 drivers
L_000001ae72b7fd08 .functor BUFT 1, C4<0100011>, C4<0>, C4<0>, C4<0>;
v000001ae72b6db60_0 .net/2u *"_ivl_99", 6 0, L_000001ae72b7fd08;  1 drivers
v000001ae72b6d980_0 .net "alu_op", 4 0, L_000001ae72b758d0;  alias, 1 drivers
v000001ae72b6cc60_0 .net "branch_jump", 3 0, L_000001ae72b769b0;  alias, 1 drivers
v000001ae72b6c760_0 .net "data1_alu_sel", 0 0, L_000001ae72bdc0a0;  alias, 1 drivers
v000001ae72b6dde0_0 .net "data2_alu_sel", 0 0, L_000001ae72bdbfc0;  alias, 1 drivers
v000001ae72b6c940_0 .net "funct3", 2 0, L_000001ae72bdfd80;  1 drivers
v000001ae72b6dac0_0 .net "funct3_mux_select", 0 0, L_000001ae72aef480;  1 drivers
v000001ae72b6dd40_0 .net "funct7", 6 0, L_000001ae72bde480;  1 drivers
v000001ae72b6dc00_0 .net "imm_sel", 3 0, L_000001ae72bddbc0;  alias, 1 drivers
v000001ae72b6c800_0 .net "mem_read", 3 0, L_000001ae72b76b90;  alias, 1 drivers
v000001ae72b6d0c0_0 .net "mem_write", 2 0, L_000001ae72b75fb0;  alias, 1 drivers
v000001ae72b6c9e0_0 .net "opcode", 6 0, L_000001ae72bddf80;  1 drivers
v000001ae72b6d020_0 .net "reg_write_en", 0 0, L_000001ae72bdd370;  alias, 1 drivers
v000001ae72b6d160_0 .net "reset", 0 0, v000001ae72b73b70_0;  alias, 1 drivers
v000001ae72b6da20_0 .net "wb_sel", 1 0, L_000001ae72bdd8a0;  alias, 1 drivers
L_000001ae72b74610 .cmp/eq 7, L_000001ae72bddf80, L_000001ae72b7f888;
L_000001ae72b74750 .cmp/eq 7, L_000001ae72bddf80, L_000001ae72b7f8d0;
L_000001ae72b74a70 .cmp/eq 7, L_000001ae72bddf80, L_000001ae72b7f918;
L_000001ae72b72f90 .cmp/eq 7, L_000001ae72bddf80, L_000001ae72b7f960;
L_000001ae72b74cf0 .cmp/eq 7, L_000001ae72bddf80, L_000001ae72b7f9a8;
L_000001ae72b75330 .concat [ 7 3 7 0], L_000001ae72bde480, L_000001ae72bdfd80, L_000001ae72bddf80;
L_000001ae72b733f0 .cmp/eq 17, L_000001ae72b75330, L_000001ae72b7fa80;
L_000001ae72b73170 .concat [ 7 3 7 0], L_000001ae72bde480, L_000001ae72bdfd80, L_000001ae72bddf80;
L_000001ae72b75c90 .cmp/eq 17, L_000001ae72b73170, L_000001ae72b7fac8;
L_000001ae72b76050 .concat [ 7 3 7 0], L_000001ae72bde480, L_000001ae72bdfd80, L_000001ae72bddf80;
L_000001ae72b765f0 .cmp/eq 17, L_000001ae72b76050, L_000001ae72b7fb10;
L_000001ae72b76cd0 .cmp/eq 7, L_000001ae72bddf80, L_000001ae72b7fb58;
L_000001ae72b758d0 .concat8 [ 3 1 1 0], L_000001ae72b75290, L_000001ae72abb430, L_000001ae72a316a0;
L_000001ae72b76690 .concat [ 7 7 0 0], L_000001ae72bde480, L_000001ae72bddf80;
L_000001ae72b762d0 .cmp/eq 14, L_000001ae72b76690, L_000001ae72b7fba0;
L_000001ae72b76e10 .cmp/eq 7, L_000001ae72bddf80, L_000001ae72b7fbe8;
L_000001ae72b75d30 .cmp/eq 7, L_000001ae72bddf80, L_000001ae72b7fc30;
L_000001ae72b76910 .cmp/eq 7, L_000001ae72bddf80, L_000001ae72b7fc78;
L_000001ae72b75790 .cmp/eq 7, L_000001ae72bddf80, L_000001ae72b7fcc0;
L_000001ae72b760f0 .cmp/eq 7, L_000001ae72bddf80, L_000001ae72b7fd08;
L_000001ae72b75fb0 .concat8 [ 2 1 0 0], L_000001ae72b75830, L_000001ae72b760f0;
L_000001ae72b75830 .part L_000001ae72bdfd80, 0, 2;
L_000001ae72b75dd0 .cmp/eq 7, L_000001ae72bddf80, L_000001ae72b7fd50;
L_000001ae72b76b90 .concat8 [ 3 1 0 0], L_000001ae72bdcab0, L_000001ae72b75dd0;
L_000001ae72b76af0 .cmp/eq 7, L_000001ae72bddf80, L_000001ae72b7fd98;
L_000001ae72b764b0 .cmp/eq 7, L_000001ae72bddf80, L_000001ae72b7fde0;
L_000001ae72b76730 .cmp/eq 7, L_000001ae72bddf80, L_000001ae72b7fe28;
L_000001ae72b769b0 .concat8 [ 3 1 0 0], L_000001ae72b76190, L_000001ae72bdbd90;
L_000001ae72b75f10 .cmp/eq 7, L_000001ae72bddf80, L_000001ae72b7fe70;
L_000001ae72b767d0 .cmp/eq 7, L_000001ae72bddf80, L_000001ae72b7feb8;
L_000001ae72b76190 .functor MUXZ 3, L_000001ae72bdfd80, L_000001ae72b7ff00, L_000001ae72bdc260, C4<>;
L_000001ae72b76410 .concat [ 3 7 0 0], L_000001ae72bdfd80, L_000001ae72bddf80;
L_000001ae72b76550 .cmp/eq 10, L_000001ae72b76410, L_000001ae72b7ff48;
L_000001ae72b76d70 .concat [ 3 7 0 0], L_000001ae72bdfd80, L_000001ae72bddf80;
L_000001ae72b76870 .cmp/eq 10, L_000001ae72b76d70, L_000001ae72b7ff90;
L_000001ae72b76a50 .concat [ 3 7 0 0], L_000001ae72bdfd80, L_000001ae72bddf80;
L_000001ae72b75ab0 .cmp/eq 10, L_000001ae72b76a50, L_000001ae72b7ffd8;
L_000001ae72b76370 .concat [ 7 3 7 0], L_000001ae72bde480, L_000001ae72bdfd80, L_000001ae72bddf80;
L_000001ae72b75970 .cmp/eq 17, L_000001ae72b76370, L_000001ae72b80020;
L_000001ae72b76c30 .concat [ 7 3 7 0], L_000001ae72bde480, L_000001ae72bdfd80, L_000001ae72bddf80;
L_000001ae72b75b50 .cmp/eq 17, L_000001ae72b76c30, L_000001ae72b80068;
L_000001ae72b75a10 .concat [ 7 3 7 0], L_000001ae72bde480, L_000001ae72bdfd80, L_000001ae72bddf80;
L_000001ae72b75bf0 .cmp/eq 17, L_000001ae72b75a10, L_000001ae72b800b0;
L_000001ae72b75e70 .concat [ 7 3 7 0], L_000001ae72bde480, L_000001ae72bdfd80, L_000001ae72bddf80;
L_000001ae72b76230 .cmp/eq 17, L_000001ae72b75e70, L_000001ae72b800f8;
L_000001ae72bddbc0 .concat8 [ 3 1 0 0], L_000001ae72bdf740, L_000001ae72bdd1b0;
L_000001ae72bddee0 .cmp/eq 7, L_000001ae72bddf80, L_000001ae72b80140;
L_000001ae72bde2a0 .cmp/eq 7, L_000001ae72bddf80, L_000001ae72b801d0;
L_000001ae72bdeb60 .cmp/eq 7, L_000001ae72bddf80, L_000001ae72b80260;
L_000001ae72bdfc40 .cmp/eq 7, L_000001ae72bddf80, L_000001ae72b802f0;
L_000001ae72bde660 .cmp/eq 7, L_000001ae72bddf80, L_000001ae72b80380;
L_000001ae72bdfce0 .cmp/eq 7, L_000001ae72bddf80, L_000001ae72b80410;
L_000001ae72bdf380 .cmp/eq 7, L_000001ae72bddf80, L_000001ae72b804a0;
L_000001ae72bdf060 .concat [ 3 7 0 0], L_000001ae72bdfd80, L_000001ae72bddf80;
L_000001ae72bddc60 .cmp/eq 10, L_000001ae72bdf060, L_000001ae72b80530;
L_000001ae72bde340 .cmp/eq 7, L_000001ae72bddf80, L_000001ae72b805c0;
L_000001ae72bdec00 .functor MUXZ 3, L_000001ae72b80650, L_000001ae72b80608, L_000001ae72bde340, C4<>;
L_000001ae72bdf100 .functor MUXZ 3, L_000001ae72bdec00, L_000001ae72b80578, L_000001ae72bddc60, C4<>;
L_000001ae72bde160 .functor MUXZ 3, L_000001ae72bdf100, L_000001ae72b804e8, L_000001ae72bdf380, C4<>;
L_000001ae72bdf1a0 .functor MUXZ 3, L_000001ae72bde160, L_000001ae72b80458, L_000001ae72bdfce0, C4<>;
L_000001ae72bdeca0 .functor MUXZ 3, L_000001ae72bdf1a0, L_000001ae72b803c8, L_000001ae72bde660, C4<>;
L_000001ae72bde700 .functor MUXZ 3, L_000001ae72bdeca0, L_000001ae72b80338, L_000001ae72bdfc40, C4<>;
L_000001ae72bdf2e0 .functor MUXZ 3, L_000001ae72bde700, L_000001ae72b802a8, L_000001ae72bdeb60, C4<>;
L_000001ae72bdfec0 .functor MUXZ 3, L_000001ae72bdf2e0, L_000001ae72b80218, L_000001ae72bde2a0, C4<>;
L_000001ae72bdf740 .functor MUXZ 3, L_000001ae72bdfec0, L_000001ae72b80188, L_000001ae72bddee0, C4<>;
L_000001ae72bdfe20 .cmp/eq 7, L_000001ae72bddf80, L_000001ae72b80698;
L_000001ae72bdff60 .cmp/eq 7, L_000001ae72bddf80, L_000001ae72b806e0;
L_000001ae72bde520 .cmp/eq 7, L_000001ae72bddf80, L_000001ae72b80728;
L_000001ae72bdf9c0 .cmp/eq 7, L_000001ae72bddf80, L_000001ae72b80770;
L_000001ae72bde0c0 .cmp/eq 7, L_000001ae72bddf80, L_000001ae72b807b8;
L_000001ae72bdd800 .cmp/eq 7, L_000001ae72bddf80, L_000001ae72b80800;
L_000001ae72bddda0 .cmp/eq 7, L_000001ae72bddf80, L_000001ae72b80848;
L_000001ae72bdf7e0 .cmp/eq 7, L_000001ae72bddf80, L_000001ae72b80890;
L_000001ae72bdf420 .cmp/eq 7, L_000001ae72bddf80, L_000001ae72b808d8;
L_000001ae72bdf240 .cmp/eq 7, L_000001ae72bddf80, L_000001ae72b80920;
L_000001ae72bde3e0 .cmp/eq 7, L_000001ae72bddf80, L_000001ae72b80968;
L_000001ae72bde5c0 .cmp/eq 7, L_000001ae72bddf80, L_000001ae72b809b0;
L_000001ae72bdf880 .cmp/eq 7, L_000001ae72bddf80, L_000001ae72b809f8;
L_000001ae72bde7a0 .cmp/eq 7, L_000001ae72bddf80, L_000001ae72b80a40;
L_000001ae72bdd8a0 .concat8 [ 1 1 0 0], L_000001ae72bdbe00, L_000001ae72bdc420;
L_000001ae72bdeac0 .cmp/eq 7, L_000001ae72bddf80, L_000001ae72b80a88;
L_000001ae72bdede0 .cmp/eq 7, L_000001ae72bddf80, L_000001ae72b80ad0;
L_000001ae72bdde40 .cmp/eq 7, L_000001ae72bddf80, L_000001ae72b80b18;
S_000001ae72a790d0 .scope module, "funct3_mux" "mux_3b_2to1" 7 32, 8 3 0, S_000001ae72a217b0;
 .timescale -9 -10;
    .port_info 0 /INPUT 3 "data1";
    .port_info 1 /INPUT 3 "data2";
    .port_info 2 /OUTPUT 3 "out";
    .port_info 3 /INPUT 1 "sel";
L_000001ae72b7f9f0 .functor BUFT 1, C4<1>, C4<0>, C4<0>, C4<0>;
L_000001ae72aee5a0 .functor XNOR 1, L_000001ae72aef480, L_000001ae72b7f9f0, C4<0>, C4<0>;
v000001ae72b621d0_0 .net/2u *"_ivl_0", 0 0, L_000001ae72b7f9f0;  1 drivers
v000001ae72b606f0_0 .net *"_ivl_2", 0 0, L_000001ae72aee5a0;  1 drivers
v000001ae72b60790_0 .net "data1", 2 0, L_000001ae72bdfd80;  alias, 1 drivers
L_000001ae72b7fa38 .functor BUFT 1, C4<000>, C4<0>, C4<0>, C4<0>;
v000001ae72b62270_0 .net "data2", 2 0, L_000001ae72b7fa38;  1 drivers
v000001ae72b60830_0 .net "out", 2 0, L_000001ae72b75290;  1 drivers
v000001ae72b62310_0 .net "sel", 0 0, L_000001ae72aef480;  alias, 1 drivers
L_000001ae72b75290 .functor MUXZ 3, L_000001ae72bdfd80, L_000001ae72b7fa38, L_000001ae72aee5a0, C4<>;
S_000001ae72a79260 .scope module, "ex_mem_pipeline_reg_inst" "ex_mem_pipeline_reg" 3 230, 9 3 0, S_000001ae72a2b710;
 .timescale -9 -10;
    .port_info 0 /INPUT 1 "clk";
    .port_info 1 /INPUT 1 "rst";
    .port_info 2 /INPUT 1 "reg_write_in";
    .port_info 3 /INPUT 32 "pc_in";
    .port_info 4 /INPUT 32 "alu_result_in";
    .port_info 5 /INPUT 32 "read_data2_in";
    .port_info 6 /INPUT 32 "imm_in";
    .port_info 7 /INPUT 5 "dest_addr_in";
    .port_info 8 /INPUT 3 "mem_write_in";
    .port_info 9 /INPUT 4 "mem_read_in";
    .port_info 10 /INPUT 2 "wb_sel_in";
    .port_info 11 /INPUT 1 "busywait";
    .port_info 12 /OUTPUT 1 "reg_write_out";
    .port_info 13 /OUTPUT 32 "pc_out";
    .port_info 14 /OUTPUT 32 "alu_result_out";
    .port_info 15 /OUTPUT 32 "read_data2_out";
    .port_info 16 /OUTPUT 32 "imm_out";
    .port_info 17 /OUTPUT 5 "dest_addr_out";
    .port_info 18 /OUTPUT 3 "mem_write_out";
    .port_info 19 /OUTPUT 4 "mem_read_out";
    .port_info 20 /OUTPUT 2 "wb_sel_out";
v000001ae72b6c8a0_0 .net "alu_result_in", 31 0, v000001ae72afd700_0;  alias, 1 drivers
v000001ae72b6ca80_0 .var "alu_result_out", 31 0;
v000001ae72b6d840_0 .net "busywait", 0 0, L_000001ae72aeedf0;  alias, 1 drivers
v000001ae72b6cf80_0 .net "clk", 0 0, v000001ae72b753d0_0;  alias, 1 drivers
v000001ae72b6dca0_0 .net "dest_addr_in", 4 0, v000001ae72b6ae60_0;  alias, 1 drivers
v000001ae72b6cb20_0 .var "dest_addr_out", 4 0;
v000001ae72b6cee0_0 .net "imm_in", 31 0, v000001ae72b6a640_0;  alias, 1 drivers
v000001ae72b6cbc0_0 .var "imm_out", 31 0;
v000001ae72b6cd00_0 .net "mem_read_in", 3 0, v000001ae72b6bc20_0;  alias, 1 drivers
v000001ae72b6cda0_0 .var "mem_read_out", 3 0;
v000001ae72b6d5c0_0 .net "mem_write_in", 2 0, v000001ae72b6abe0_0;  alias, 1 drivers
v000001ae72b6d480_0 .var "mem_write_out", 2 0;
v000001ae72b6d520_0 .net "pc_in", 31 0, v000001ae72b6b040_0;  alias, 1 drivers
v000001ae72b6ce40_0 .var "pc_out", 31 0;
v000001ae72b6d200_0 .net "read_data2_in", 31 0, v000001ae72b6b7c0_0;  alias, 1 drivers
v000001ae72b6d2a0_0 .var "read_data2_out", 31 0;
v000001ae72b6d340_0 .net "reg_write_in", 0 0, v000001ae72b6bae0_0;  alias, 1 drivers
v000001ae72b6d3e0_0 .var "reg_write_out", 0 0;
v000001ae72b6d660_0 .net "rst", 0 0, v000001ae72b73b70_0;  alias, 1 drivers
v000001ae72b6d700_0 .net "wb_sel_in", 1 0, v000001ae72b6aa00_0;  alias, 1 drivers
v000001ae72b6d7a0_0 .var "wb_sel_out", 1 0;
E_000001ae72b05350 .event posedge, v000001ae72b6d160_0, v000001ae72b6cf80_0;
S_000001ae72a073c0 .scope module, "id_ex_pipeline_reg_inst" "id_ex_pipeline_reg" 3 161, 10 3 0, S_000001ae72a2b710;
 .timescale -9 -10;
    .port_info 0 /INPUT 1 "clk";
    .port_info 1 /INPUT 1 "rst";
    .port_info 2 /INPUT 1 "reg_write_en_in";
    .port_info 3 /INPUT 1 "data1_alu_sel_in";
    .port_info 4 /INPUT 1 "data2_alu_sel_in";
    .port_info 5 /INPUT 32 "pc_in";
    .port_info 6 /INPUT 32 "read_data1_in";
    .port_info 7 /INPUT 32 "read_data2_in";
    .port_info 8 /INPUT 32 "imm_in";
    .port_info 9 /INPUT 5 "dest_addr_in";
    .port_info 10 /INPUT 5 "aluop_in";
    .port_info 11 /INPUT 4 "branch_jump_in";
    .port_info 12 /INPUT 3 "mem_write_in";
    .port_info 13 /INPUT 4 "mem_read_in";
    .port_info 14 /INPUT 2 "wb_sel_in";
    .port_info 15 /INPUT 1 "busywait";
    .port_info 16 /OUTPUT 1 "reg_write_en_out";
    .port_info 17 /OUTPUT 1 "data1_alu_sel_out";
    .port_info 18 /OUTPUT 1 "data2_alu_sel_out";
    .port_info 19 /OUTPUT 32 "pc_out";
    .port_info 20 /OUTPUT 32 "read_data1_out";
    .port_info 21 /OUTPUT 32 "read_data2_out";
    .port_info 22 /OUTPUT 32 "imm_out";
    .port_info 23 /OUTPUT 5 "dest_addr_out";
    .port_info 24 /OUTPUT 5 "aluop_out";
    .port_info 25 /OUTPUT 4 "branch_jump_out";
    .port_info 26 /OUTPUT 3 "mem_write_out";
    .port_info 27 /OUTPUT 4 "mem_read_out";
    .port_info 28 /OUTPUT 2 "wb_sel_out";
v000001ae72b6bf40_0 .net "aluop_in", 4 0, L_000001ae72b758d0;  alias, 1 drivers
v000001ae72b6b860_0 .var "aluop_out", 4 0;
v000001ae72b6c580_0 .net "branch_jump_in", 3 0, L_000001ae72b769b0;  alias, 1 drivers
v000001ae72b6bfe0_0 .var "branch_jump_out", 3 0;
v000001ae72b6c4e0_0 .net "busywait", 0 0, L_000001ae72aeedf0;  alias, 1 drivers
v000001ae72b6c260_0 .net "clk", 0 0, v000001ae72b753d0_0;  alias, 1 drivers
v000001ae72b6c3a0_0 .net "data1_alu_sel_in", 0 0, L_000001ae72bdc0a0;  alias, 1 drivers
v000001ae72b6b4a0_0 .var "data1_alu_sel_out", 0 0;
v000001ae72b6adc0_0 .net "data2_alu_sel_in", 0 0, L_000001ae72bdbfc0;  alias, 1 drivers
v000001ae72b6a1e0_0 .var "data2_alu_sel_out", 0 0;
v000001ae72b6be00_0 .net "dest_addr_in", 4 0, L_000001ae72bde840;  1 drivers
v000001ae72b6ae60_0 .var "dest_addr_out", 4 0;
v000001ae72b6c6c0_0 .net "imm_in", 31 0, v000001ae72b6faf0_0;  alias, 1 drivers
v000001ae72b6a640_0 .var "imm_out", 31 0;
v000001ae72b6c080_0 .net "mem_read_in", 3 0, L_000001ae72b76b90;  alias, 1 drivers
v000001ae72b6bc20_0 .var "mem_read_out", 3 0;
v000001ae72b6bd60_0 .net "mem_write_in", 2 0, L_000001ae72b75fb0;  alias, 1 drivers
v000001ae72b6abe0_0 .var "mem_write_out", 2 0;
v000001ae72b6b360_0 .net "pc_in", 31 0, v000001ae72b6ac80_0;  alias, 1 drivers
v000001ae72b6b040_0 .var "pc_out", 31 0;
v000001ae72b6c440_0 .net "read_data1_in", 31 0, L_000001ae72aef250;  alias, 1 drivers
v000001ae72b6c1c0_0 .var "read_data1_out", 31 0;
v000001ae72b6bea0_0 .net "read_data2_in", 31 0, L_000001ae72aee840;  alias, 1 drivers
v000001ae72b6b7c0_0 .var "read_data2_out", 31 0;
v000001ae72b6b900_0 .net "reg_write_en_in", 0 0, L_000001ae72bdd370;  alias, 1 drivers
v000001ae72b6bae0_0 .var "reg_write_en_out", 0 0;
v000001ae72b6c300_0 .net "rst", 0 0, v000001ae72b73b70_0;  alias, 1 drivers
v000001ae72b6b400_0 .net "wb_sel_in", 1 0, L_000001ae72bdd8a0;  alias, 1 drivers
v000001ae72b6aa00_0 .var "wb_sel_out", 1 0;
S_000001ae72a0c5a0 .scope module, "if_id_pipeline_reg_inst" "if_id_pipeline_reg" 3 101, 11 3 0, S_000001ae72a2b710;
 .timescale -9 -10;
    .port_info 0 /INPUT 1 "clk";
    .port_info 1 /INPUT 1 "rst";
    .port_info 2 /INPUT 32 "pc_in";
    .port_info 3 /OUTPUT 32 "pc_out";
    .port_info 4 /INPUT 32 "instr_in";
    .port_info 5 /OUTPUT 32 "instr_out";
    .port_info 6 /INPUT 1 "busywait";
v000001ae72b6b220_0 .net "busywait", 0 0, L_000001ae72aeedf0;  alias, 1 drivers
v000001ae72b6c620_0 .net "clk", 0 0, v000001ae72b753d0_0;  alias, 1 drivers
v000001ae72b6a140_0 .net "instr_in", 31 0, v000001ae72b73ad0_0;  alias, 1 drivers
v000001ae72b6b680_0 .var "instr_out", 31 0;
v000001ae72b6b2c0_0 .net "pc_in", 31 0, v000001ae72b6a780_0;  alias, 1 drivers
v000001ae72b6ac80_0 .var "pc_out", 31 0;
v000001ae72b6c120_0 .net "rst", 0 0, v000001ae72b73b70_0;  alias, 1 drivers
E_000001ae72b04a90 .event posedge, v000001ae72b6cf80_0;
S_000001ae72a0c730 .scope module, "mem_wb_pipeline_reg_inst" "mem_wb_pipeline_reg" 3 272, 12 3 0, S_000001ae72a2b710;
 .timescale -9 -10;
    .port_info 0 /INPUT 1 "clk";
    .port_info 1 /INPUT 1 "rst";
    .port_info 2 /INPUT 1 "reg_write_in";
    .port_info 3 /INPUT 32 "pc_in";
    .port_info 4 /INPUT 32 "mem_data_in";
    .port_info 5 /INPUT 32 "alu_result_in";
    .port_info 6 /INPUT 32 "imm_in";
    .port_info 7 /INPUT 5 "dest_addr_in";
    .port_info 8 /INPUT 2 "wb_sel_in";
    .port_info 9 /INPUT 1 "busywait";
    .port_info 10 /OUTPUT 1 "reg_write_out";
    .port_info 11 /OUTPUT 32 "pc_out";
    .port_info 12 /OUTPUT 32 "mem_data_out";
    .port_info 13 /OUTPUT 32 "alu_result_out";
    .port_info 14 /OUTPUT 32 "imm_out";
    .port_info 15 /OUTPUT 5 "dest_addr_out";
    .port_info 16 /OUTPUT 2 "wb_sel_out";
v000001ae72b6a3c0_0 .net "alu_result_in", 31 0, v000001ae72b6ca80_0;  alias, 1 drivers
v000001ae72b6bb80_0 .var "alu_result_out", 31 0;
v000001ae72b6af00_0 .net "busywait", 0 0, L_000001ae72aeedf0;  alias, 1 drivers
v000001ae72b6a280_0 .net "clk", 0 0, v000001ae72b753d0_0;  alias, 1 drivers
v000001ae72b69f60_0 .net "dest_addr_in", 4 0, v000001ae72b6cb20_0;  alias, 1 drivers
v000001ae72b6a000_0 .var "dest_addr_out", 4 0;
v000001ae72b6a320_0 .net "imm_in", 31 0, v000001ae72b6cbc0_0;  alias, 1 drivers
v000001ae72b6b9a0_0 .var "imm_out", 31 0;
v000001ae72b6a0a0_0 .net "mem_data_in", 31 0, v000001ae72b74070_0;  alias, 1 drivers
v000001ae72b6a460_0 .var "mem_data_out", 31 0;
v000001ae72b6b540_0 .net "pc_in", 31 0, v000001ae72b6ce40_0;  alias, 1 drivers
v000001ae72b6a500_0 .var "pc_out", 31 0;
v000001ae72b6afa0_0 .net "reg_write_in", 0 0, v000001ae72b6d3e0_0;  alias, 1 drivers
v000001ae72b6a5a0_0 .var "reg_write_out", 0 0;
v000001ae72b6b5e0_0 .net "rst", 0 0, v000001ae72b73b70_0;  alias, 1 drivers
v000001ae72b6b720_0 .net "wb_sel_in", 1 0, v000001ae72b6d7a0_0;  alias, 1 drivers
v000001ae72b6a6e0_0 .var "wb_sel_out", 1 0;
S_000001ae72a17000 .scope module, "pc_inst" "pc" 3 86, 13 3 0, S_000001ae72a2b710;
 .timescale -9 -10;
    .port_info 0 /INPUT 1 "clk";
    .port_info 1 /INPUT 1 "rst";
    .port_info 2 /INPUT 32 "pc_in";
    .port_info 3 /OUTPUT 32 "pc_out";
    .port_info 4 /INPUT 1 "busywait";
v000001ae72b6b0e0_0 .net "busywait", 0 0, L_000001ae72aeedf0;  alias, 1 drivers
v000001ae72b6ad20_0 .net "clk", 0 0, v000001ae72b753d0_0;  alias, 1 drivers
v000001ae72b6bcc0_0 .net "pc_in", 31 0, L_000001ae72b73850;  alias, 1 drivers
v000001ae72b6a780_0 .var "pc_out", 31 0;
v000001ae72b6a820_0 .net "rst", 0 0, v000001ae72b73b70_0;  alias, 1 drivers
S_000001ae72a17190 .scope module, "pc_mux" "mux_32b_2to1" 3 78, 5 3 0, S_000001ae72a2b710;
 .timescale -9 -10;
    .port_info 0 /INPUT 32 "data1";
    .port_info 1 /INPUT 32 "data2";
    .port_info 2 /INPUT 1 "sel";
    .port_info 3 /OUTPUT 32 "out";
L_000001ae72b7f768 .functor BUFT 1, C4<1>, C4<0>, C4<0>, C4<0>;
L_000001ae72aee8b0 .functor XNOR 1, v000001ae72b60b50_0, L_000001ae72b7f768, C4<0>, C4<0>;
v000001ae72b6a8c0_0 .net/2u *"_ivl_0", 0 0, L_000001ae72b7f768;  1 drivers
v000001ae72b6a960_0 .net *"_ivl_2", 0 0, L_000001ae72aee8b0;  1 drivers
v000001ae72b6aaa0_0 .net "data1", 31 0, L_000001ae72b74930;  alias, 1 drivers
v000001ae72b6ba40_0 .net "data2", 31 0, o000001ae72b15218;  alias, 0 drivers
v000001ae72b6ab40_0 .net "out", 31 0, L_000001ae72b73850;  alias, 1 drivers
v000001ae72b6b180_0 .net "sel", 0 0, v000001ae72b60b50_0;  alias, 1 drivers
L_000001ae72b73850 .functor MUXZ 32, L_000001ae72b74930, o000001ae72b15218, L_000001ae72aee8b0, C4<>;
S_000001ae72a7d5e0 .scope module, "pc_plus_4" "adder_32b_4" 3 95, 14 3 0, S_000001ae72a2b710;
 .timescale -9 -10;
    .port_info 0 /INPUT 32 "data";
    .port_info 1 /OUTPUT 32 "out";
L_000001ae72b7f7b0 .functor BUFT 1, C4<00000000000000000000000000000100>, C4<0>, C4<0>, C4<0>;
v000001ae72b6f190_0 .net/2u *"_ivl_0", 31 0, L_000001ae72b7f7b0;  1 drivers
v000001ae72b6f870_0 .net "data", 31 0, v000001ae72b6a780_0;  alias, 1 drivers
v000001ae72b6f910_0 .net "out", 31 0, L_000001ae72b74930;  alias, 1 drivers
L_000001ae72b74930 .arith/sum 32, v000001ae72b6a780_0, L_000001ae72b7f7b0;
S_000001ae72a7d770 .scope module, "pc_plus_4_ma" "adder_32b_4" 3 259, 14 3 0, S_000001ae72a2b710;
 .timescale -9 -10;
    .port_info 0 /INPUT 32 "data";
    .port_info 1 /OUTPUT 32 "out";
L_000001ae72b81028 .functor BUFT 1, C4<00000000000000000000000000000100>, C4<0>, C4<0>, C4<0>;
v000001ae72b6e1f0_0 .net/2u *"_ivl_0", 31 0, L_000001ae72b81028;  1 drivers
v000001ae72b6e830_0 .net "data", 31 0, v000001ae72b6ce40_0;  alias, 1 drivers
v000001ae72b6f370_0 .net "out", 31 0, L_000001ae72be0be0;  alias, 1 drivers
L_000001ae72be0be0 .arith/sum 32, v000001ae72b6ce40_0, L_000001ae72b81028;
S_000001ae72a62160 .scope module, "reg_files_inst" "reg_files" 3 119, 15 3 0, S_000001ae72a2b710;
 .timescale -9 -10;
    .port_info 0 /INPUT 1 "clk";
    .port_info 1 /INPUT 1 "rst";
    .port_info 2 /INPUT 5 "addr1";
    .port_info 3 /INPUT 5 "addr2";
    .port_info 4 /OUTPUT 32 "data1";
    .port_info 5 /OUTPUT 32 "data2";
    .port_info 6 /INPUT 1 "we";
    .port_info 7 /INPUT 32 "wd";
    .port_info 8 /INPUT 5 "waddr";
L_000001ae72aef250 .functor BUFZ 32, L_000001ae72b74250, C4<00000000000000000000000000000000>, C4<00000000000000000000000000000000>, C4<00000000000000000000000000000000>;
L_000001ae72aee840 .functor BUFZ 32, L_000001ae72b742f0, C4<00000000000000000000000000000000>, C4<00000000000000000000000000000000>, C4<00000000000000000000000000000000>;
v000001ae72b6e510_0 .net *"_ivl_0", 31 0, L_000001ae72b74250;  1 drivers
v000001ae72b6e470_0 .net *"_ivl_10", 6 0, L_000001ae72b738f0;  1 drivers
L_000001ae72b7f840 .functor BUFT 1, C4<00>, C4<0>, C4<0>, C4<0>;
v000001ae72b6e6f0_0 .net *"_ivl_13", 1 0, L_000001ae72b7f840;  1 drivers
v000001ae72b6f410_0 .net *"_ivl_2", 6 0, L_000001ae72b74110;  1 drivers
L_000001ae72b7f7f8 .functor BUFT 1, C4<00>, C4<0>, C4<0>, C4<0>;
v000001ae72b704f0_0 .net *"_ivl_5", 1 0, L_000001ae72b7f7f8;  1 drivers
v000001ae72b6eab0_0 .net *"_ivl_8", 31 0, L_000001ae72b742f0;  1 drivers
v000001ae72b706d0_0 .net "addr1", 4 0, L_000001ae72b750b0;  1 drivers
v000001ae72b70590_0 .net "addr2", 4 0, L_000001ae72b73990;  1 drivers
v000001ae72b6e010_0 .net "clk", 0 0, v000001ae72b753d0_0;  alias, 1 drivers
v000001ae72b70090_0 .net "data1", 31 0, L_000001ae72aef250;  alias, 1 drivers
v000001ae72b6e290_0 .net "data2", 31 0, L_000001ae72aee840;  alias, 1 drivers
v000001ae72b6fd70_0 .var/i "i", 31 0;
v000001ae72b6f4b0 .array "mem", 0 31, 31 0;
v000001ae72b6edd0_0 .net "rst", 0 0, v000001ae72b73b70_0;  alias, 1 drivers
v000001ae72b6f550_0 .net "waddr", 4 0, v000001ae72b6a000_0;  alias, 1 drivers
v000001ae72b6df70_0 .net "wd", 31 0, L_000001ae72be14a0;  alias, 1 drivers
v000001ae72b6e8d0_0 .net "we", 0 0, v000001ae72b6a5a0_0;  alias, 1 drivers
E_000001ae72b05410 .event negedge, v000001ae72b6cf80_0;
L_000001ae72b74250 .array/port v000001ae72b6f4b0, L_000001ae72b74110;
L_000001ae72b74110 .concat [ 5 2 0 0], L_000001ae72b750b0, L_000001ae72b7f7f8;
L_000001ae72b742f0 .array/port v000001ae72b6f4b0, L_000001ae72b738f0;
L_000001ae72b738f0 .concat [ 5 2 0 0], L_000001ae72b73990, L_000001ae72b7f840;
S_000001ae72b728d0 .scope module, "sign_extender_inst" "sign_extender" 3 132, 16 9 0, S_000001ae72a2b710;
 .timescale -9 -10;
    .port_info 0 /INPUT 32 "inst";
    .port_info 1 /INPUT 4 "imm_sel";
    .port_info 2 /OUTPUT 32 "imm_ext";
v000001ae72b6fb90_0 .net "TYPE1", 19 0, L_000001ae72b74390;  1 drivers
v000001ae72b70630_0 .net "TYPE3", 11 0, L_000001ae72b73210;  1 drivers
v000001ae72b70450_0 .net "TYPE5", 11 0, L_000001ae72b75650;  1 drivers
v000001ae72b6f690_0 .net "TYPE6", 4 0, L_000001ae72b74430;  1 drivers
v000001ae72b6e790_0 .net *"_ivl_5", 6 0, L_000001ae72b75150;  1 drivers
v000001ae72b6f7d0_0 .net *"_ivl_7", 4 0, L_000001ae72b73350;  1 drivers
v000001ae72b6faf0_0 .var "imm_ext", 31 0;
v000001ae72b6f5f0_0 .net "imm_sel", 3 0, L_000001ae72bddbc0;  alias, 1 drivers
v000001ae72b6ea10_0 .net "inst", 31 0, v000001ae72b6b680_0;  alias, 1 drivers
E_000001ae72b05050/0 .event anyedge, v000001ae72b6dc00_0, v000001ae72b6fb90_0, v000001ae72b6b680_0, v000001ae72b70630_0;
E_000001ae72b05050/1 .event anyedge, v000001ae72b70450_0, v000001ae72b6f690_0;
E_000001ae72b05050 .event/or E_000001ae72b05050/0, E_000001ae72b05050/1;
L_000001ae72b74390 .part v000001ae72b6b680_0, 12, 20;
L_000001ae72b73210 .part v000001ae72b6b680_0, 20, 12;
L_000001ae72b75150 .part v000001ae72b6b680_0, 25, 7;
L_000001ae72b73350 .part v000001ae72b6b680_0, 7, 5;
L_000001ae72b75650 .concat [ 5 7 0 0], L_000001ae72b73350, L_000001ae72b75150;
L_000001ae72b74430 .part v000001ae72b6b680_0, 20, 5;
S_000001ae72b72740 .scope module, "wb_mux" "mux_32b_4to1" 3 296, 17 3 0, S_000001ae72a2b710;
 .timescale -9 -10;
    .port_info 0 /INPUT 32 "data1";
    .port_info 1 /INPUT 32 "data2";
    .port_info 2 /INPUT 32 "data3";
    .port_info 3 /INPUT 32 "data4";
    .port_info 4 /OUTPUT 32 "out";
    .port_info 5 /INPUT 2 "sel";
L_000001ae72b81070 .functor BUFT 1, C4<00>, C4<0>, C4<0>, C4<0>;
v000001ae72b6eb50_0 .net/2u *"_ivl_0", 1 0, L_000001ae72b81070;  1 drivers
v000001ae72b6f2d0_0 .net *"_ivl_10", 0 0, L_000001ae72be03c0;  1 drivers
v000001ae72b6e0b0_0 .net *"_ivl_12", 31 0, L_000001ae72be0aa0;  1 drivers
v000001ae72b6e330_0 .net *"_ivl_14", 31 0, L_000001ae72be1680;  1 drivers
v000001ae72b701d0_0 .net *"_ivl_2", 0 0, L_000001ae72be15e0;  1 drivers
L_000001ae72b810b8 .functor BUFT 1, C4<01>, C4<0>, C4<0>, C4<0>;
v000001ae72b6e970_0 .net/2u *"_ivl_4", 1 0, L_000001ae72b810b8;  1 drivers
v000001ae72b6f730_0 .net *"_ivl_6", 0 0, L_000001ae72be0500;  1 drivers
L_000001ae72b81100 .functor BUFT 1, C4<10>, C4<0>, C4<0>, C4<0>;
v000001ae72b6ebf0_0 .net/2u *"_ivl_8", 1 0, L_000001ae72b81100;  1 drivers
v000001ae72b6ec90_0 .net "data1", 31 0, v000001ae72b6a460_0;  alias, 1 drivers
v000001ae72b703b0_0 .net "data2", 31 0, v000001ae72b6bb80_0;  alias, 1 drivers
v000001ae72b6e150_0 .net "data3", 31 0, v000001ae72b6b9a0_0;  alias, 1 drivers
v000001ae72b6f9b0_0 .net "data4", 31 0, v000001ae72b6a500_0;  alias, 1 drivers
v000001ae72b6e5b0_0 .net "out", 31 0, L_000001ae72be14a0;  alias, 1 drivers
v000001ae72b6e3d0_0 .net "sel", 1 0, v000001ae72b6a6e0_0;  alias, 1 drivers
L_000001ae72be15e0 .cmp/eq 2, v000001ae72b6a6e0_0, L_000001ae72b81070;
L_000001ae72be0500 .cmp/eq 2, v000001ae72b6a6e0_0, L_000001ae72b810b8;
L_000001ae72be03c0 .cmp/eq 2, v000001ae72b6a6e0_0, L_000001ae72b81100;
L_000001ae72be0aa0 .functor MUXZ 32, v000001ae72b6a500_0, v000001ae72b6b9a0_0, L_000001ae72be03c0, C4<>;
L_000001ae72be1680 .functor MUXZ 32, L_000001ae72be0aa0, v000001ae72b6bb80_0, L_000001ae72be0500, C4<>;
L_000001ae72be14a0 .functor MUXZ 32, L_000001ae72be1680, v000001ae72b6a460_0, L_000001ae72be15e0, C4<>;
S_000001ae72b71f70 .scope module, "dmem_inst" "dmem" 2 43, 18 3 0, S_000001ae72a2b580;
 .timescale -9 -10;
    .port_info 0 /INPUT 1 "clock";
    .port_info 1 /INPUT 1 "reset";
    .port_info 2 /INPUT 4 "read";
    .port_info 3 /INPUT 3 "write";
    .port_info 4 /INPUT 32 "address";
    .port_info 5 /INPUT 32 "writedata";
    .port_info 6 /OUTPUT 32 "readdata";
    .port_info 7 /OUTPUT 1 "busywait";
    .port_info 8 /OUTPUT 32 "DEBUG_DATA";
    .port_info 9 /OUTPUT 1 "DEBUG_READ_ACC";
    .port_info 10 /OUTPUT 1 "DEBUG_WRITE_ACC";
L_000001ae72bdcdc0 .functor BUFZ 1, v000001ae72b74c50_0, C4<0>, C4<0>, C4<0>;
L_000001ae72bdc8f0 .functor BUFZ 1, v000001ae72b73df0_0, C4<0>, C4<0>, C4<0>;
v000001ae72b749d0_0 .net "DEBUG_DATA", 31 0, L_000001ae72be0b40;  1 drivers
v000001ae72b741b0_0 .net "DEBUG_READ_ACC", 0 0, L_000001ae72bdcdc0;  1 drivers
v000001ae72b73490_0 .net "DEBUG_WRITE_ACC", 0 0, L_000001ae72bdc8f0;  1 drivers
L_000001ae72b81148 .functor BUFT 1, C4<000000000000000000000000>, C4<0>, C4<0>, C4<0>;
v000001ae72b744d0_0 .net *"_ivl_4", 23 0, L_000001ae72b81148;  1 drivers
v000001ae72b75470_0 .net "address", 31 0, L_000001ae72bdbaf0;  alias, 1 drivers
v000001ae72b74e30_0 .var "busywait", 0 0;
v000001ae72b74ed0_0 .net "clock", 0 0, v000001ae72b753d0_0;  alias, 1 drivers
v000001ae72b74570_0 .var/i "i", 31 0;
v000001ae72b73fd0 .array "memory_array", 0 255, 7 0;
v000001ae72b74bb0_0 .net "read", 3 0, L_000001ae72bdc490;  alias, 1 drivers
v000001ae72b74c50_0 .var "readaccess", 0 0;
v000001ae72b74070_0 .var "readdata", 31 0;
v000001ae72b75510_0 .net "reset", 0 0, v000001ae72b73b70_0;  alias, 1 drivers
v000001ae72b74b10_0 .net "write", 2 0, L_000001ae72bdc960;  alias, 1 drivers
v000001ae72b73df0_0 .var "writeaccess", 0 0;
v000001ae72b737b0_0 .net "writedata", 31 0, L_000001ae72bdca40;  alias, 1 drivers
v000001ae72b73fd0_0 .array/port v000001ae72b73fd0, 0;
L_000001ae72be0b40 .concat [ 8 24 0 0], v000001ae72b73fd0_0, L_000001ae72b81148;
S_000001ae72b72a60 .scope module, "imem_inst" "imem" 2 35, 19 10 0, S_000001ae72a2b580;
 .timescale -9 -10;
    .port_info 0 /INPUT 1 "clk";
    .port_info 1 /INPUT 1 "rst";
    .port_info 2 /INPUT 32 "pc";
    .port_info 3 /OUTPUT 32 "instr";
v000001ae72b73030_0 .net "clk", 0 0, v000001ae72b753d0_0;  alias, 1 drivers
v000001ae72b73ad0_0 .var "instr", 31 0;
v000001ae72b755b0 .array "mem", 1023 0, 31 0;
v000001ae72b756f0_0 .net "pc", 31 0, v000001ae72b6a780_0;  alias, 1 drivers
v000001ae72b730d0_0 .net "rst", 0 0, v000001ae72b73b70_0;  alias, 1 drivers
    .scope S_000001ae72a17000;
T_0 ;
    %wait E_000001ae72b04a90;
    %load/vec4 v000001ae72b6a820_0;
    %cmpi/e 1, 0, 1;
    %jmp/0xz  T_0.0, 4;
    %pushi/vec4 0, 0, 32;
    %assign/vec4 v000001ae72b6a780_0, 0;
    %jmp T_0.1;
T_0.0 ;
    %load/vec4 v000001ae72b6b0e0_0;
    %nor/r;
    %flag_set/vec4 8;
    %jmp/0xz  T_0.2, 8;
    %load/vec4 v000001ae72b6bcc0_0;
    %assign/vec4 v000001ae72b6a780_0, 0;
T_0.2 ;
T_0.1 ;
    %jmp T_0;
    .thread T_0;
    .scope S_000001ae72a0c5a0;
T_1 ;
    %wait E_000001ae72b04a90;
    %load/vec4 v000001ae72b6c120_0;
    %cmpi/e 1, 0, 1;
    %jmp/0xz  T_1.0, 4;
    %pushi/vec4 4294967295, 4294967295, 32;
    %assign/vec4 v000001ae72b6ac80_0, 0;
    %pushi/vec4 4294967295, 4294967295, 32;
    %assign/vec4 v000001ae72b6b680_0, 0;
    %jmp T_1.1;
T_1.0 ;
    %load/vec4 v000001ae72b6b220_0;
    %nor/r;
    %flag_set/vec4 8;
    %jmp/0xz  T_1.2, 8;
    %load/vec4 v000001ae72b6b2c0_0;
    %assign/vec4 v000001ae72b6ac80_0, 0;
    %load/vec4 v000001ae72b6a140_0;
    %assign/vec4 v000001ae72b6b680_0, 0;
T_1.2 ;
T_1.1 ;
    %jmp T_1;
    .thread T_1;
    .scope S_000001ae72a62160;
T_2 ;
    %wait E_000001ae72b05410;
    %load/vec4 v000001ae72b6edd0_0;
    %cmpi/e 1, 0, 1;
    %jmp/0xz  T_2.0, 4;
    %pushi/vec4 0, 0, 32;
    %store/vec4 v000001ae72b6fd70_0, 0, 32;
T_2.2 ;
    %load/vec4 v000001ae72b6fd70_0;
    %cmpi/s 32, 0, 32;
    %jmp/0xz T_2.3, 5;
    %pushi/vec4 0, 0, 32;
    %ix/getv/s 3, v000001ae72b6fd70_0;
    %ix/load 4, 0, 0; Constant delay
    %assign/vec4/a/d v000001ae72b6f4b0, 0, 4;
    %load/vec4 v000001ae72b6fd70_0;
    %addi 1, 0, 32;
    %store/vec4 v000001ae72b6fd70_0, 0, 32;
    %jmp T_2.2;
T_2.3 ;
    %jmp T_2.1;
T_2.0 ;
    %load/vec4 v000001ae72b6e8d0_0;
    %cmpi/e 1, 0, 1;
    %jmp/0xz  T_2.4, 4;
    %load/vec4 v000001ae72b6df70_0;
    %load/vec4 v000001ae72b6f550_0;
    %pad/u 7;
    %ix/vec4 3;
    %ix/load 4, 0, 0; Constant delay
    %assign/vec4/a/d v000001ae72b6f4b0, 0, 4;
T_2.4 ;
T_2.1 ;
    %jmp T_2;
    .thread T_2;
    .scope S_000001ae72b728d0;
T_3 ;
    %wait E_000001ae72b05050;
    %load/vec4 v000001ae72b6f5f0_0;
    %parti/s 3, 0, 2;
    %dup/vec4;
    %pushi/vec4 0, 0, 3;
    %cmp/u;
    %jmp/1 T_3.0, 6;
    %dup/vec4;
    %pushi/vec4 1, 0, 3;
    %cmp/u;
    %jmp/1 T_3.1, 6;
    %dup/vec4;
    %pushi/vec4 2, 0, 3;
    %cmp/u;
    %jmp/1 T_3.2, 6;
    %dup/vec4;
    %pushi/vec4 3, 0, 3;
    %cmp/u;
    %jmp/1 T_3.3, 6;
    %dup/vec4;
    %pushi/vec4 4, 0, 3;
    %cmp/u;
    %jmp/1 T_3.4, 6;
    %dup/vec4;
    %pushi/vec4 5, 0, 3;
    %cmp/u;
    %jmp/1 T_3.5, 6;
    %pushi/vec4 0, 0, 32;
    %store/vec4 v000001ae72b6faf0_0, 0, 32;
    %jmp T_3.7;
T_3.0 ;
    %load/vec4 v000001ae72b6fb90_0;
    %concati/vec4 0, 0, 12;
    %store/vec4 v000001ae72b6faf0_0, 0, 32;
    %jmp T_3.7;
T_3.1 ;
    %load/vec4 v000001ae72b6f5f0_0;
    %parti/s 1, 3, 3;
    %flag_set/vec4 8;
    %jmp/0xz  T_3.8, 8;
    %pushi/vec4 0, 0, 11;
    %load/vec4 v000001ae72b6fb90_0;
    %concat/vec4; draw_concat_vec4
    %concati/vec4 0, 0, 1;
    %store/vec4 v000001ae72b6faf0_0, 0, 32;
    %jmp T_3.9;
T_3.8 ;
    %load/vec4 v000001ae72b6ea10_0;
    %parti/s 1, 31, 6;
    %replicate 11;
    %load/vec4 v000001ae72b6ea10_0;
    %parti/s 1, 31, 6;
    %concat/vec4; draw_concat_vec4
    %load/vec4 v000001ae72b6ea10_0;
    %parti/s 8, 12, 5;
    %concat/vec4; draw_concat_vec4
    %load/vec4 v000001ae72b6ea10_0;
    %parti/s 1, 20, 6;
    %concat/vec4; draw_concat_vec4
    %load/vec4 v000001ae72b6ea10_0;
    %parti/s 10, 21, 6;
    %concat/vec4; draw_concat_vec4
    %concati/vec4 0, 0, 1;
    %store/vec4 v000001ae72b6faf0_0, 0, 32;
T_3.9 ;
    %jmp T_3.7;
T_3.2 ;
    %load/vec4 v000001ae72b6f5f0_0;
    %parti/s 1, 3, 3;
    %flag_set/vec4 8;
    %jmp/0xz  T_3.10, 8;
    %pushi/vec4 0, 0, 20;
    %load/vec4 v000001ae72b70630_0;
    %concat/vec4; draw_concat_vec4
    %store/vec4 v000001ae72b6faf0_0, 0, 32;
    %jmp T_3.11;
T_3.10 ;
    %load/vec4 v000001ae72b70630_0;
    %parti/s 1, 11, 5;
    %replicate 20;
    %load/vec4 v000001ae72b70630_0;
    %concat/vec4; draw_concat_vec4
    %store/vec4 v000001ae72b6faf0_0, 0, 32;
T_3.11 ;
    %jmp T_3.7;
T_3.3 ;
    %load/vec4 v000001ae72b6ea10_0;
    %parti/s 1, 31, 6;
    %replicate 20;
    %load/vec4 v000001ae72b6ea10_0;
    %parti/s 1, 31, 6;
    %concat/vec4; draw_concat_vec4
    %load/vec4 v000001ae72b6ea10_0;
    %parti/s 1, 7, 4;
    %concat/vec4; draw_concat_vec4
    %load/vec4 v000001ae72b6ea10_0;
    %parti/s 6, 25, 6;
    %concat/vec4; draw_concat_vec4
    %load/vec4 v000001ae72b6ea10_0;
    %parti/s 4, 8, 5;
    %concat/vec4; draw_concat_vec4
    %store/vec4 v000001ae72b6faf0_0, 0, 32;
    %jmp T_3.7;
T_3.4 ;
    %load/vec4 v000001ae72b6f5f0_0;
    %parti/s 1, 3, 3;
    %flag_set/vec4 8;
    %jmp/0xz  T_3.12, 8;
    %pushi/vec4 0, 0, 20;
    %load/vec4 v000001ae72b70450_0;
    %concat/vec4; draw_concat_vec4
    %store/vec4 v000001ae72b6faf0_0, 0, 32;
    %jmp T_3.13;
T_3.12 ;
    %load/vec4 v000001ae72b6ea10_0;
    %parti/s 1, 31, 6;
    %replicate 20;
    %load/vec4 v000001ae72b70450_0;
    %concat/vec4; draw_concat_vec4
    %store/vec4 v000001ae72b6faf0_0, 0, 32;
T_3.13 ;
    %jmp T_3.7;
T_3.5 ;
    %pushi/vec4 0, 0, 27;
    %load/vec4 v000001ae72b6f690_0;
    %concat/vec4; draw_concat_vec4
    %store/vec4 v000001ae72b6faf0_0, 0, 32;
    %jmp T_3.7;
T_3.7 ;
    %pop/vec4 1;
    %jmp T_3;
    .thread T_3, $push;
    .scope S_000001ae72a073c0;
T_4 ;
    %wait E_000001ae72b05350;
    %load/vec4 v000001ae72b6c300_0;
    %flag_set/vec4 8;
    %jmp/0xz  T_4.0, 8;
    %pushi/vec4 0, 0, 1;
    %assign/vec4 v000001ae72b6bae0_0, 0;
    %pushi/vec4 0, 0, 1;
    %assign/vec4 v000001ae72b6b4a0_0, 0;
    %pushi/vec4 0, 0, 1;
    %assign/vec4 v000001ae72b6a1e0_0, 0;
    %pushi/vec4 0, 0, 32;
    %assign/vec4 v000001ae72b6b040_0, 0;
    %pushi/vec4 0, 0, 32;
    %assign/vec4 v000001ae72b6c1c0_0, 0;
    %pushi/vec4 0, 0, 32;
    %assign/vec4 v000001ae72b6b7c0_0, 0;
    %pushi/vec4 0, 0, 32;
    %assign/vec4 v000001ae72b6a640_0, 0;
    %pushi/vec4 0, 0, 5;
    %assign/vec4 v000001ae72b6ae60_0, 0;
    %pushi/vec4 0, 0, 5;
    %assign/vec4 v000001ae72b6b860_0, 0;
    %pushi/vec4 0, 0, 3;
    %assign/vec4 v000001ae72b6abe0_0, 0;
    %pushi/vec4 0, 0, 4;
    %assign/vec4 v000001ae72b6bfe0_0, 0;
    %pushi/vec4 0, 0, 4;
    %assign/vec4 v000001ae72b6bc20_0, 0;
    %pushi/vec4 0, 0, 2;
    %assign/vec4 v000001ae72b6aa00_0, 0;
    %jmp T_4.1;
T_4.0 ;
    %load/vec4 v000001ae72b6c4e0_0;
    %nor/r;
    %flag_set/vec4 8;
    %jmp/0xz  T_4.2, 8;
    %load/vec4 v000001ae72b6b900_0;
    %assign/vec4 v000001ae72b6bae0_0, 0;
    %load/vec4 v000001ae72b6c3a0_0;
    %assign/vec4 v000001ae72b6b4a0_0, 0;
    %load/vec4 v000001ae72b6adc0_0;
    %assign/vec4 v000001ae72b6a1e0_0, 0;
    %load/vec4 v000001ae72b6b360_0;
    %assign/vec4 v000001ae72b6b040_0, 0;
    %load/vec4 v000001ae72b6c440_0;
    %assign/vec4 v000001ae72b6c1c0_0, 0;
    %load/vec4 v000001ae72b6bea0_0;
    %assign/vec4 v000001ae72b6b7c0_0, 0;
    %load/vec4 v000001ae72b6c6c0_0;
    %assign/vec4 v000001ae72b6a640_0, 0;
    %load/vec4 v000001ae72b6be00_0;
    %assign/vec4 v000001ae72b6ae60_0, 0;
    %load/vec4 v000001ae72b6bf40_0;
    %assign/vec4 v000001ae72b6b860_0, 0;
    %load/vec4 v000001ae72b6bd60_0;
    %assign/vec4 v000001ae72b6abe0_0, 0;
    %load/vec4 v000001ae72b6c580_0;
    %assign/vec4 v000001ae72b6bfe0_0, 0;
    %load/vec4 v000001ae72b6c080_0;
    %assign/vec4 v000001ae72b6bc20_0, 0;
    %load/vec4 v000001ae72b6b400_0;
    %assign/vec4 v000001ae72b6aa00_0, 0;
T_4.2 ;
T_4.1 ;
    %jmp T_4;
    .thread T_4;
    .scope S_000001ae72a28700;
T_5 ;
    %wait E_000001ae72b05090;
    %load/vec4 v000001ae72afd0c0_0;
    %dup/vec4;
    %pushi/vec4 0, 0, 5;
    %cmp/u;
    %jmp/1 T_5.0, 6;
    %dup/vec4;
    %pushi/vec4 16, 0, 5;
    %cmp/u;
    %jmp/1 T_5.1, 6;
    %dup/vec4;
    %pushi/vec4 1, 0, 5;
    %cmp/u;
    %jmp/1 T_5.2, 6;
    %dup/vec4;
    %pushi/vec4 2, 0, 5;
    %cmp/u;
    %jmp/1 T_5.3, 6;
    %dup/vec4;
    %pushi/vec4 3, 0, 5;
    %cmp/u;
    %jmp/1 T_5.4, 6;
    %dup/vec4;
    %pushi/vec4 4, 0, 5;
    %cmp/u;
    %jmp/1 T_5.5, 6;
    %dup/vec4;
    %pushi/vec4 5, 0, 5;
    %cmp/u;
    %jmp/1 T_5.6, 6;
    %dup/vec4;
    %pushi/vec4 17, 0, 5;
    %cmp/u;
    %jmp/1 T_5.7, 6;
    %dup/vec4;
    %pushi/vec4 6, 0, 5;
    %cmp/u;
    %jmp/1 T_5.8, 6;
    %dup/vec4;
    %pushi/vec4 7, 0, 5;
    %cmp/u;
    %jmp/1 T_5.9, 6;
    %dup/vec4;
    %pushi/vec4 8, 0, 5;
    %cmp/u;
    %jmp/1 T_5.10, 6;
    %dup/vec4;
    %pushi/vec4 9, 0, 5;
    %cmp/u;
    %jmp/1 T_5.11, 6;
    %dup/vec4;
    %pushi/vec4 10, 0, 5;
    %cmp/u;
    %jmp/1 T_5.12, 6;
    %dup/vec4;
    %pushi/vec4 11, 0, 5;
    %cmp/u;
    %jmp/1 T_5.13, 6;
    %dup/vec4;
    %pushi/vec4 12, 0, 5;
    %cmp/u;
    %jmp/1 T_5.14, 6;
    %dup/vec4;
    %pushi/vec4 13, 0, 5;
    %cmp/u;
    %jmp/1 T_5.15, 6;
    %dup/vec4;
    %pushi/vec4 14, 0, 5;
    %cmp/u;
    %jmp/1 T_5.16, 6;
    %dup/vec4;
    %pushi/vec4 15, 0, 5;
    %cmp/u;
    %jmp/1 T_5.17, 6;
    %pushi/vec4 0, 0, 32;
    %store/vec4 v000001ae72afd700_0, 0, 32;
    %jmp T_5.19;
T_5.0 ;
    %load/vec4 v000001ae72afe380_0;
    %store/vec4 v000001ae72afd700_0, 0, 32;
    %jmp T_5.19;
T_5.1 ;
    %load/vec4 v000001ae72ae53e0_0;
    %store/vec4 v000001ae72afd700_0, 0, 32;
    %jmp T_5.19;
T_5.2 ;
    %load/vec4 v000001ae72afcee0_0;
    %store/vec4 v000001ae72afd700_0, 0, 32;
    %jmp T_5.19;
T_5.3 ;
    %load/vec4 v000001ae72afcf80_0;
    %store/vec4 v000001ae72afd700_0, 0, 32;
    %jmp T_5.19;
T_5.4 ;
    %load/vec4 v000001ae72afd020_0;
    %store/vec4 v000001ae72afd700_0, 0, 32;
    %jmp T_5.19;
T_5.5 ;
    %load/vec4 v000001ae72ae52a0_0;
    %store/vec4 v000001ae72afd700_0, 0, 32;
    %jmp T_5.19;
T_5.6 ;
    %load/vec4 v000001ae72ad3100_0;
    %store/vec4 v000001ae72afd700_0, 0, 32;
    %jmp T_5.19;
T_5.7 ;
    %load/vec4 v000001ae72ad2e80_0;
    %store/vec4 v000001ae72afd700_0, 0, 32;
    %jmp T_5.19;
T_5.8 ;
    %load/vec4 v000001ae72afcc60_0;
    %store/vec4 v000001ae72afd700_0, 0, 32;
    %jmp T_5.19;
T_5.9 ;
    %load/vec4 v000001ae72afdde0_0;
    %store/vec4 v000001ae72afd700_0, 0, 32;
    %jmp T_5.19;
T_5.10 ;
    %load/vec4 v000001ae72afc940_0;
    %store/vec4 v000001ae72afd700_0, 0, 32;
    %jmp T_5.19;
T_5.11 ;
    %load/vec4 v000001ae72afca80_0;
    %store/vec4 v000001ae72afd700_0, 0, 32;
    %jmp T_5.19;
T_5.12 ;
    %load/vec4 v000001ae72afde80_0;
    %store/vec4 v000001ae72afd700_0, 0, 32;
    %jmp T_5.19;
T_5.13 ;
    %load/vec4 v000001ae72afcb20_0;
    %store/vec4 v000001ae72afd700_0, 0, 32;
    %jmp T_5.19;
T_5.14 ;
    %load/vec4 v000001ae72afc8a0_0;
    %store/vec4 v000001ae72afd700_0, 0, 32;
    %jmp T_5.19;
T_5.15 ;
    %load/vec4 v000001ae72afd8e0_0;
    %store/vec4 v000001ae72afd700_0, 0, 32;
    %jmp T_5.19;
T_5.16 ;
    %load/vec4 v000001ae72afe4c0_0;
    %store/vec4 v000001ae72afd700_0, 0, 32;
    %jmp T_5.19;
T_5.17 ;
    %load/vec4 v000001ae72afce40_0;
    %store/vec4 v000001ae72afd700_0, 0, 32;
    %jmp T_5.19;
T_5.19 ;
    %pop/vec4 1;
    %jmp T_5;
    .thread T_5, $push;
    .scope S_000001ae72a21620;
T_6 ;
    %wait E_000001ae72b053d0;
    %load/vec4 v000001ae72b60fb0_0;
    %parti/s 1, 3, 3;
    %flag_set/vec4 8;
    %jmp/0xz  T_6.0, 8;
    %load/vec4 v000001ae72b60fb0_0;
    %parti/s 3, 0, 2;
    %dup/vec4;
    %pushi/vec4 2, 0, 3;
    %cmp/u;
    %jmp/1 T_6.2, 6;
    %dup/vec4;
    %pushi/vec4 0, 0, 3;
    %cmp/u;
    %jmp/1 T_6.3, 6;
    %dup/vec4;
    %pushi/vec4 1, 0, 3;
    %cmp/u;
    %jmp/1 T_6.4, 6;
    %dup/vec4;
    %pushi/vec4 4, 0, 3;
    %cmp/u;
    %jmp/1 T_6.5, 6;
    %dup/vec4;
    %pushi/vec4 5, 0, 3;
    %cmp/u;
    %jmp/1 T_6.6, 6;
    %dup/vec4;
    %pushi/vec4 6, 0, 3;
    %cmp/u;
    %jmp/1 T_6.7, 6;
    %dup/vec4;
    %pushi/vec4 7, 0, 3;
    %cmp/u;
    %jmp/1 T_6.8, 6;
    %pushi/vec4 0, 0, 1;
    %store/vec4 v000001ae72b60b50_0, 0, 1;
    %jmp T_6.10;
T_6.2 ;
    %pushi/vec4 1, 0, 1;
    %store/vec4 v000001ae72b60b50_0, 0, 1;
    %jmp T_6.10;
T_6.3 ;
    %load/vec4 v000001ae72b612d0_0;
    %store/vec4 v000001ae72b60b50_0, 0, 1;
    %jmp T_6.10;
T_6.4 ;
    %load/vec4 v000001ae72b624f0_0;
    %store/vec4 v000001ae72b60b50_0, 0, 1;
    %jmp T_6.10;
T_6.5 ;
    %load/vec4 v000001ae72b61550_0;
    %store/vec4 v000001ae72b60b50_0, 0, 1;
    %jmp T_6.10;
T_6.6 ;
    %load/vec4 v000001ae72b61410_0;
    %store/vec4 v000001ae72b60b50_0, 0, 1;
    %jmp T_6.10;
T_6.7 ;
    %load/vec4 v000001ae72b62590_0;
    %store/vec4 v000001ae72b60b50_0, 0, 1;
    %jmp T_6.10;
T_6.8 ;
    %load/vec4 v000001ae72b60dd0_0;
    %store/vec4 v000001ae72b60b50_0, 0, 1;
    %jmp T_6.10;
T_6.10 ;
    %pop/vec4 1;
    %jmp T_6.1;
T_6.0 ;
    %pushi/vec4 0, 0, 1;
    %store/vec4 v000001ae72b60b50_0, 0, 1;
T_6.1 ;
    %jmp T_6;
    .thread T_6, $push;
    .scope S_000001ae72a79260;
T_7 ;
    %wait E_000001ae72b05350;
    %load/vec4 v000001ae72b6d660_0;
    %flag_set/vec4 8;
    %jmp/0xz  T_7.0, 8;
    %pushi/vec4 0, 0, 1;
    %assign/vec4 v000001ae72b6d3e0_0, 0;
    %pushi/vec4 0, 0, 5;
    %assign/vec4 v000001ae72b6cb20_0, 0;
    %pushi/vec4 0, 0, 32;
    %assign/vec4 v000001ae72b6ce40_0, 0;
    %pushi/vec4 0, 0, 32;
    %assign/vec4 v000001ae72b6ca80_0, 0;
    %pushi/vec4 0, 0, 32;
    %assign/vec4 v000001ae72b6d2a0_0, 0;
    %pushi/vec4 0, 0, 32;
    %assign/vec4 v000001ae72b6cbc0_0, 0;
    %pushi/vec4 0, 0, 3;
    %assign/vec4 v000001ae72b6d480_0, 0;
    %pushi/vec4 0, 0, 4;
    %assign/vec4 v000001ae72b6cda0_0, 0;
    %pushi/vec4 0, 0, 2;
    %assign/vec4 v000001ae72b6d7a0_0, 0;
    %jmp T_7.1;
T_7.0 ;
    %load/vec4 v000001ae72b6d840_0;
    %nor/r;
    %flag_set/vec4 8;
    %jmp/0xz  T_7.2, 8;
    %load/vec4 v000001ae72b6d340_0;
    %assign/vec4 v000001ae72b6d3e0_0, 0;
    %load/vec4 v000001ae72b6dca0_0;
    %assign/vec4 v000001ae72b6cb20_0, 0;
    %load/vec4 v000001ae72b6d520_0;
    %assign/vec4 v000001ae72b6ce40_0, 0;
    %load/vec4 v000001ae72b6c8a0_0;
    %assign/vec4 v000001ae72b6ca80_0, 0;
    %load/vec4 v000001ae72b6d200_0;
    %assign/vec4 v000001ae72b6d2a0_0, 0;
    %load/vec4 v000001ae72b6cee0_0;
    %assign/vec4 v000001ae72b6cbc0_0, 0;
    %load/vec4 v000001ae72b6cd00_0;
    %assign/vec4 v000001ae72b6cda0_0, 0;
    %load/vec4 v000001ae72b6d5c0_0;
    %assign/vec4 v000001ae72b6d480_0, 0;
    %load/vec4 v000001ae72b6d700_0;
    %assign/vec4 v000001ae72b6d7a0_0, 0;
T_7.2 ;
T_7.1 ;
    %jmp T_7;
    .thread T_7;
    .scope S_000001ae72a0c730;
T_8 ;
    %wait E_000001ae72b05350;
    %load/vec4 v000001ae72b6b5e0_0;
    %flag_set/vec4 8;
    %jmp/0xz  T_8.0, 8;
    %pushi/vec4 0, 0, 1;
    %assign/vec4 v000001ae72b6a5a0_0, 0;
    %pushi/vec4 0, 0, 32;
    %assign/vec4 v000001ae72b6a500_0, 0;
    %pushi/vec4 0, 0, 32;
    %assign/vec4 v000001ae72b6a460_0, 0;
    %pushi/vec4 0, 0, 32;
    %assign/vec4 v000001ae72b6bb80_0, 0;
    %pushi/vec4 0, 0, 32;
    %assign/vec4 v000001ae72b6b9a0_0, 0;
    %pushi/vec4 0, 0, 5;
    %assign/vec4 v000001ae72b6a000_0, 0;
    %pushi/vec4 0, 0, 2;
    %assign/vec4 v000001ae72b6a6e0_0, 0;
    %jmp T_8.1;
T_8.0 ;
    %load/vec4 v000001ae72b6af00_0;
    %nor/r;
    %flag_set/vec4 8;
    %jmp/0xz  T_8.2, 8;
    %load/vec4 v000001ae72b6afa0_0;
    %assign/vec4 v000001ae72b6a5a0_0, 0;
    %load/vec4 v000001ae72b6b540_0;
    %assign/vec4 v000001ae72b6a500_0, 0;
    %load/vec4 v000001ae72b6a0a0_0;
    %assign/vec4 v000001ae72b6a460_0, 0;
    %load/vec4 v000001ae72b6a3c0_0;
    %assign/vec4 v000001ae72b6bb80_0, 0;
    %load/vec4 v000001ae72b6a320_0;
    %assign/vec4 v000001ae72b6b9a0_0, 0;
    %load/vec4 v000001ae72b69f60_0;
    %assign/vec4 v000001ae72b6a000_0, 0;
    %load/vec4 v000001ae72b6b720_0;
    %assign/vec4 v000001ae72b6a6e0_0, 0;
T_8.2 ;
T_8.1 ;
    %jmp T_8;
    .thread T_8;
    .scope S_000001ae72b72a60;
T_9 ;
    %wait E_000001ae72b04a90;
    %load/vec4 v000001ae72b730d0_0;
    %cmpi/e 1, 0, 1;
    %jmp/0xz  T_9.0, 4;
    %pushi/vec4 4294967295, 4294967295, 32;
    %assign/vec4 v000001ae72b73ad0_0, 0;
    %pushi/vec4 5243027, 0, 32;
    %ix/load 4, 0, 0;
    %flag_set/imm 4, 0;
    %store/vec4a v000001ae72b755b0, 4, 0;
    %pushi/vec4 10486035, 0, 32;
    %ix/load 4, 1, 0;
    %flag_set/imm 4, 0;
    %store/vec4a v000001ae72b755b0, 4, 0;
    %pushi/vec4 10486035, 0, 32;
    %ix/load 4, 2, 0;
    %flag_set/imm 4, 0;
    %store/vec4a v000001ae72b755b0, 4, 0;
    %pushi/vec4 10486035, 0, 32;
    %ix/load 4, 3, 0;
    %flag_set/imm 4, 0;
    %store/vec4a v000001ae72b755b0, 4, 0;
    %pushi/vec4 2130355, 0, 32;
    %ix/load 4, 4, 0;
    %flag_set/imm 4, 0;
    %store/vec4a v000001ae72b755b0, 4, 0;
    %pushi/vec4 2130355, 0, 32;
    %ix/load 4, 5, 0;
    %flag_set/imm 4, 0;
    %store/vec4a v000001ae72b755b0, 4, 0;
    %pushi/vec4 2130355, 0, 32;
    %ix/load 4, 6, 0;
    %flag_set/imm 4, 0;
    %store/vec4a v000001ae72b755b0, 4, 0;
    %pushi/vec4 3153955, 0, 32;
    %ix/load 4, 7, 0;
    %flag_set/imm 4, 0;
    %store/vec4a v000001ae72b755b0, 4, 0;
    %pushi/vec4 8707, 0, 32;
    %ix/load 4, 8, 0;
    %flag_set/imm 4, 0;
    %store/vec4a v000001ae72b755b0, 4, 0;
    %jmp T_9.1;
T_9.0 ;
    %load/vec4 v000001ae72b756f0_0;
    %parti/s 30, 2, 3;
    %ix/vec4 4;
    %load/vec4a v000001ae72b755b0, 4;
    %assign/vec4 v000001ae72b73ad0_0, 0;
T_9.1 ;
    %jmp T_9;
    .thread T_9;
    .scope S_000001ae72b71f70;
T_10 ;
    %wait E_000001ae72b05410;
    %load/vec4 v000001ae72b75510_0;
    %flag_set/vec4 8;
    %jmp/0xz  T_10.0, 8;
    %pushi/vec4 0, 0, 32;
    %store/vec4 v000001ae72b74570_0, 0, 32;
T_10.2 ;
    %load/vec4 v000001ae72b74570_0;
    %cmpi/s 256, 0, 32;
    %jmp/0xz T_10.3, 5;
    %pushi/vec4 0, 0, 8;
    %ix/getv/s 4, v000001ae72b74570_0;
    %store/vec4a v000001ae72b73fd0, 4, 0;
    %load/vec4 v000001ae72b74570_0;
    %addi 1, 0, 32;
    %store/vec4 v000001ae72b74570_0, 0, 32;
    %jmp T_10.2;
T_10.3 ;
    %pushi/vec4 0, 0, 1;
    %store/vec4 v000001ae72b74e30_0, 0, 1;
    %pushi/vec4 0, 0, 1;
    %store/vec4 v000001ae72b74c50_0, 0, 1;
    %pushi/vec4 0, 0, 1;
    %store/vec4 v000001ae72b73df0_0, 0, 1;
    %jmp T_10.1;
T_10.0 ;
    %load/vec4 v000001ae72b74bb0_0;
    %parti/s 1, 3, 3;
    %flag_set/vec4 9;
    %flag_get/vec4 9;
    %jmp/0 T_10.6, 9;
    %load/vec4 v000001ae72b74b10_0;
    %parti/s 1, 2, 3;
    %nor/r;
    %and;
T_10.6;
    %flag_set/vec4 8;
    %jmp/0 T_10.4, 8;
    %pushi/vec4 1, 0, 1;
    %jmp/1 T_10.5, 8;
T_10.4 ; End of true expr.
    %pushi/vec4 0, 0, 1;
    %jmp/0 T_10.5, 8;
 ; End of false expr.
    %blend;
T_10.5;
    %store/vec4 v000001ae72b74c50_0, 0, 1;
    %load/vec4 v000001ae72b74bb0_0;
    %parti/s 1, 3, 3;
    %nor/r;
    %flag_set/vec4 9;
    %flag_get/vec4 9;
    %jmp/0 T_10.9, 9;
    %load/vec4 v000001ae72b74b10_0;
    %parti/s 1, 2, 3;
    %and;
T_10.9;
    %flag_set/vec4 8;
    %jmp/0 T_10.7, 8;
    %pushi/vec4 1, 0, 1;
    %jmp/1 T_10.8, 8;
T_10.7 ; End of true expr.
    %pushi/vec4 0, 0, 1;
    %jmp/0 T_10.8, 8;
 ; End of false expr.
    %blend;
T_10.8;
    %store/vec4 v000001ae72b73df0_0, 0, 1;
    %load/vec4 v000001ae72b74c50_0;
    %flag_set/vec4 8;
    %jmp/0xz  T_10.10, 8;
    %load/vec4 v000001ae72b75470_0;
    %parti/s 30, 2, 3;
    %concati/vec4 0, 0, 2;
    %ix/vec4 4;
    %load/vec4a v000001ae72b73fd0, 4;
    %ix/load 4, 0, 0;
    %flag_set/imm 4, 0;
    %store/vec4 v000001ae72b74070_0, 4, 8;
    %load/vec4 v000001ae72b75470_0;
    %parti/s 30, 2, 3;
    %concati/vec4 1, 0, 2;
    %ix/vec4 4;
    %load/vec4a v000001ae72b73fd0, 4;
    %ix/load 4, 8, 0;
    %flag_set/imm 4, 0;
    %store/vec4 v000001ae72b74070_0, 4, 8;
    %load/vec4 v000001ae72b75470_0;
    %parti/s 30, 2, 3;
    %concati/vec4 2, 0, 2;
    %ix/vec4 4;
    %load/vec4a v000001ae72b73fd0, 4;
    %ix/load 4, 16, 0;
    %flag_set/imm 4, 0;
    %store/vec4 v000001ae72b74070_0, 4, 8;
    %load/vec4 v000001ae72b75470_0;
    %parti/s 30, 2, 3;
    %concati/vec4 3, 0, 2;
    %ix/vec4 4;
    %load/vec4a v000001ae72b73fd0, 4;
    %ix/load 4, 24, 0;
    %flag_set/imm 4, 0;
    %store/vec4 v000001ae72b74070_0, 4, 8;
T_10.10 ;
    %load/vec4 v000001ae72b73df0_0;
    %flag_set/vec4 8;
    %jmp/0xz  T_10.12, 8;
    %load/vec4 v000001ae72b737b0_0;
    %parti/s 8, 0, 2;
    %load/vec4 v000001ae72b75470_0;
    %parti/s 30, 2, 3;
    %concati/vec4 0, 0, 2;
    %ix/vec4 4;
    %store/vec4a v000001ae72b73fd0, 4, 0;
    %load/vec4 v000001ae72b737b0_0;
    %parti/s 8, 8, 5;
    %load/vec4 v000001ae72b75470_0;
    %parti/s 30, 2, 3;
    %concati/vec4 1, 0, 2;
    %ix/vec4 4;
    %store/vec4a v000001ae72b73fd0, 4, 0;
    %load/vec4 v000001ae72b737b0_0;
    %parti/s 8, 16, 6;
    %load/vec4 v000001ae72b75470_0;
    %parti/s 30, 2, 3;
    %concati/vec4 2, 0, 2;
    %ix/vec4 4;
    %store/vec4a v000001ae72b73fd0, 4, 0;
    %load/vec4 v000001ae72b737b0_0;
    %parti/s 8, 24, 6;
    %load/vec4 v000001ae72b75470_0;
    %parti/s 30, 2, 3;
    %concati/vec4 3, 0, 2;
    %ix/vec4 4;
    %store/vec4a v000001ae72b73fd0, 4, 0;
T_10.12 ;
T_10.1 ;
    %jmp T_10;
    .thread T_10;
    .scope S_000001ae72a2b580;
T_11 ;
    %delay 50, 0;
    %load/vec4 v000001ae72b753d0_0;
    %inv;
    %store/vec4 v000001ae72b753d0_0, 0, 1;
    %jmp T_11;
    .thread T_11;
    .scope S_000001ae72a2b580;
T_12 ;
    %vpi_call 2 60 "$dumpfile", "cpu_tb.vcd" {0 0 0};
    %vpi_call 2 61 "$dumpvars", 32'sb00000000000000000000000000000000, S_000001ae72a2b580 {0 0 0};
    %pushi/vec4 0, 0, 1;
    %store/vec4 v000001ae72b753d0_0, 0, 1;
    %pushi/vec4 1, 0, 1;
    %store/vec4 v000001ae72b73b70_0, 0, 1;
    %delay 100, 0;
    %pushi/vec4 0, 0, 1;
    %store/vec4 v000001ae72b73b70_0, 0, 1;
    %delay 5000, 0;
    %vpi_call 2 75 "$finish" {0 0 0};
    %end;
    .thread T_12;
# The file index is used to find the file name in the following table.
:file_names 20;
    "N/A";
    "<interactive>";
    ".\cpu_tb.v";
    "./cpu.v";
    "./EX_stage/alu/alu.v";
    "./utils/muxes/mux_32b_2to1.v";
    "./EX_stage/branch/branch_logic.v";
    "./ID_stage/control_unit/control_unit.v";
    "././utils/muxes/mux_3b_2to1.v";
    "./pipeline_regs/ex_mem_pipeline_reg.v";
    "./pipeline_regs/id_ex_pipeline_reg.v";
    "./pipeline_regs/if_id_pipeline_reg.v";
    "./pipeline_regs/mem_wb_pipeline_reg.v";
    "./IF_stage/pc/pc.v";
    "./utils/adders/adder_32b_4.v";
    "./ID_stage/reg_files/reg_files.v";
    "./ID_stage/sign_extender/sign_extender.v";
    "./utils/muxes/mux_32b_4to1.v";
    "././MA_stage/dmem/dmem.v";
    "././IF_stage/imem/imem.v";
