


                               RTL Architect (TM)

               Version V-2023.12-SP5-3 for linux64 - Dec 17, 2024
                           Base build date 11/18/2024

                    Copyright (c) 1988 - 2024 Synopsys, Inc.
   This software and the associated documentation are proprietary to Synopsys,
 Inc. This software may only be used in accordance with the terms and conditions
 of a written license agreement with Synopsys, Inc. All other use, reproduction,
   or distribution of this software is strictly prohibited.  Licensed Products
     communicate with Synopsys servers for the purpose of providing software
    updates, detecting software piracy and verifying that customers are using
    Licensed Products in conformity with the applicable License Key for such
  Licensed Products. Synopsys will use information gathered in connection with
    this process to deliver software updates and pursue software pirates and
                                   infringers.

 Inclusivity & Diversity - Visit SolvNetPlus to read the "Synopsys Statement on
            Inclusivity and Diversity" (Refer to article 000036315 at
                        https://solvnetplus.synopsys.com)
 
#!/bin/tcsh -f
# =============================================================================
# RISC-V CPU RTL Analysis and Synthesis Script for SKY130
# =============================================================================
# Description: This script performs RTL analysis, synthesis, and power 
#              analysis for the RISC-V CPU using SKY130 technology
# Author: CO502 Group 1
# Technology: SKY130 130nm Process
# =============================================================================
# Load shared configuration
source config.tcl
Loading shared configuration...
Error: can't read "TEMP_RESULTS_DIR": no such variable
      	Use error_info for more info. (CMD-013)
Information: script '/storage/e19129/projects/e19-co502-RV32IM-Pipeline-Implementation-Group1/synopsys/cpu_sky130_fd_sc_hd/config.tcl'
            	stopped at line 81 due to error. (CMD-081)
Extended error info:
can't read "TEMP_RESULTS_DIR": no such variable
    while executing
"puts "Using default TEMP_RESULTS_DIR: $TEMP_RESULTS_DIR""
    (file "/storage/e19129/projects/e19-co502-RV32IM-Pipeline-Implementation-Group1/synopsys/cpu_sky130_fd_sc_hd/config.tcl" line 81)
 -- End Extended Error Info
Information: script '/storage/e19129/projects/e19-co502-RV32IM-Pipeline-Implementation-Group1/synopsys/cpu_sky130_fd_sc_hd/rtla.tcl'
            	stopped at line 12 due to error. (CMD-081)
Extended error info:
can't read "TEMP_RESULTS_DIR": no such variable
    while executing
"puts "Using default TEMP_RESULTS_DIR: $TEMP_RESULTS_DIR""
    (file "/storage/e19129/projects/e19-co502-RV32IM-Pipeline-Implementation-Group1/synopsys/cpu_sky130_fd_sc_hd/config.tcl" line 81)
    invoked from within
"source config.tcl"
    (file "/storage/e19129/projects/e19-co502-RV32IM-Pipeline-Implementation-Group1/synopsys/cpu_sky130_fd_sc_hd/rtla.tcl" line 12)
 -- End Extended Error Info
rtl_shell> 