
                                  PrimePower 

               Version W-2024.09-SP2 for linux64 - Nov 27, 2024 

                    Copyright (c) 1988 - 2024 Synopsys, Inc.
   This software and the associated documentation are proprietary to Synopsys,
 Inc. This software may only be used in accordance with the terms and conditions
 of a written license agreement with Synopsys, Inc. All other use, reproduction,
   or distribution of this software is strictly prohibited.  Licensed Products
     communicate with Synopsys servers for the purpose of providing software
    updates, detecting software piracy and verifying that customers are using
    Licensed Products in conformity with the applicable License Key for such
  Licensed Products. Synopsys will use information gathered in connection with
    this process to deliver software updates and pursue software pirates and
                                   infringers.

 Inclusivity & Diversity - Visit SolvNetPlus to read the "Synopsys Statement on
            Inclusivity and Diversity" (Refer to article 000036315 at
                        https://solvnetplus.synopsys.com)
#!/bin/tcsh -f
# =============================================================================
# Power Analysis and Metrics Reporting Script for SKY130
# =============================================================================
# Description: This script performs detailed power analysis and generates
#              comprehensive power and RTL metrics reports for the RISC-V CPU
# Author: CO502 Group 1  
# Technology: SKY130 130nm Process
# Prerequisites: Run after rtla.tcl synthesis completion
# =============================================================================
# Load shared configuration
source config.tcl
Loading shared configuration...
Using environment TEMP_RESULTS_DIR: temp_results_20251028_220417
Configuration loaded successfully
  Design: cpu
  Technology: SKY130 130nm
  Cores: 8
  Results directory: temp_results_20251028_220417
# -----------------------------------------------------------------------------
# Power Analysis Configuration
# -----------------------------------------------------------------------------
puts "========== Starting Power Analysis and Metrics =========="
========== Starting Power Analysis and Metrics ==========
puts "Technology: SKY130 130nm"
Technology: SKY130 130nm
puts "Design: RISC-V CPU Pipeline"
Design: RISC-V CPU Pipeline
# Enable power analysis features
set_app_var power_enable_rtl_analysis true
Information: Checked out license 'PrimePower-RTL' (PT-019)
true
set_app_var power_enable_analysis true
true
set_app_var power_enable_multi_rtl_to_gate_mapping true
true
set_app_var power_enable_advanced_fsdb_reader true
true
# Configure parallel processing
set_host_options -max_cores $CORES
Information: The max_cores limit for the local (current) process has been modified by 4 to 8. (CMCR-103)
1
puts "Using $CORES cores for power analysis"
Using 8 cores for power analysis
# Set search paths for SKY130 libraries
set search_path $SEARCH_PATHS
* ./ ../../cpu/ /tech/sky130/libs/sky130_library/ndm
# Enable clock gating logic clustering for registers
set_app_var power_rtl_report_register_use_cg_logic_clustering true
true
# -----------------------------------------------------------------------------
# Load Analysis Data
# -----------------------------------------------------------------------------
puts "========== Loading Analysis Data =========="
========== Loading Analysis Data ==========
# Create temp results directory if it doesn't exist
file mkdir $TEMP_RESULTS_DIR
# Compute metrics from previous synthesis run
compute_metrics -reuse $OUTPUT_DIR
1

Information : PT Additional Black-Box Check set to true

setConf REF_LIBS [list   sky130_fd_sc_hd.ndm ]
lappend ::search_path .
lappend ::search_path /tech/sky130/libs/sky130_library/ndm
set ::link_library *
lappend ::link_library *
lappend ::link_library sky130_fd_sc_hd__ff_100C_1v65
# process_label : (none)
# process : 1
# voltage : 1.6500
# temperature : 100.0000
setConf MODE "func"
setConf CORNER "nominal"
1
Reading CLIB file /tech/sky130/libs/sky130_library/ndm/sky130_fd_sc_hd.ndm
Information: read_ndm /storage/e19129/projects/e19-co502-RV32IM-Pipeline-Implementation-Group1/synopsys/cpu_sky130_fd_sc_hd/cpu_LIB:cpu.design
Information: current_design won't return any data before link (DES-071)
Information: Loading NDM design 'cpu'. (PTNDM-003)
Linking design cpu...
Information: Removing 183 unneeded designs..... (LNK-034)
Information: Module 'DW_div_uns_a_width32_b_width32_J2_D2' in file '/storage/e19129/projects/e19-co502-RV32IM-Pipeline-Implementation-Group1/synopsys/cpu_sky130_fd_sc_hd/cpu_LIB' is not used in the current design.  (LNK-039)
Information: Module 'DW_div_a_width32_b_width32_tc_mode0_rem_mode1_J2_D3_D2' in file '/storage/e19129/projects/e19-co502-RV32IM-Pipeline-Implementation-Group1/synopsys/cpu_sky130_fd_sc_hd/cpu_LIB' is not used in the current design.  (LNK-039)
Information: Module 'DW01_add_J2_D3_D3_D1' in file '/storage/e19129/projects/e19-co502-RV32IM-Pipeline-Implementation-Group1/synopsys/cpu_sky130_fd_sc_hd/cpu_LIB' is not used in the current design.  (LNK-039)
Information: Module 'DW01_add_J2_D3_D4_D1' in file '/storage/e19129/projects/e19-co502-RV32IM-Pipeline-Implementation-Group1/synopsys/cpu_sky130_fd_sc_hd/cpu_LIB' is not used in the current design.  (LNK-039)
Information: Module 'DW01_add_J2_D3_D5_D1' in file '/storage/e19129/projects/e19-co502-RV32IM-Pipeline-Implementation-Group1/synopsys/cpu_sky130_fd_sc_hd/cpu_LIB' is not used in the current design.  (LNK-039)
Information: Module 'DW01_add_J2_D3_D6_D1' in file '/storage/e19129/projects/e19-co502-RV32IM-Pipeline-Implementation-Group1/synopsys/cpu_sky130_fd_sc_hd/cpu_LIB' is not used in the current design.  (LNK-039)
Information: Module 'DW01_add_J2_D3_D7_D1' in file '/storage/e19129/projects/e19-co502-RV32IM-Pipeline-Implementation-Group1/synopsys/cpu_sky130_fd_sc_hd/cpu_LIB' is not used in the current design.  (LNK-039)
Information: Module 'DW01_add_J2_D3_D8_D1' in file '/storage/e19129/projects/e19-co502-RV32IM-Pipeline-Implementation-Group1/synopsys/cpu_sky130_fd_sc_hd/cpu_LIB' is not used in the current design.  (LNK-039)
Information: Module 'DW01_add_J2_D3_D9_D1' in file '/storage/e19129/projects/e19-co502-RV32IM-Pipeline-Implementation-Group1/synopsys/cpu_sky130_fd_sc_hd/cpu_LIB' is not used in the current design.  (LNK-039)
Information: Module 'DW01_add_J2_D3_D10_D1' in file '/storage/e19129/projects/e19-co502-RV32IM-Pipeline-Implementation-Group1/synopsys/cpu_sky130_fd_sc_hd/cpu_LIB' is not used in the current design.  (LNK-039)
Information: Module 'DW01_add_J2_D3_D11_D1' in file '/storage/e19129/projects/e19-co502-RV32IM-Pipeline-Implementation-Group1/synopsys/cpu_sky130_fd_sc_hd/cpu_LIB' is not used in the current design.  (LNK-039)
Information: Module 'DW01_add_J2_D3_D12_D1' in file '/storage/e19129/projects/e19-co502-RV32IM-Pipeline-Implementation-Group1/synopsys/cpu_sky130_fd_sc_hd/cpu_LIB' is not used in the current design.  (LNK-039)
Information: Module 'DW01_add_J2_D3_D13_D1' in file '/storage/e19129/projects/e19-co502-RV32IM-Pipeline-Implementation-Group1/synopsys/cpu_sky130_fd_sc_hd/cpu_LIB' is not used in the current design.  (LNK-039)
Information: Module 'DW01_add_J2_D3_D14_D1' in file '/storage/e19129/projects/e19-co502-RV32IM-Pipeline-Implementation-Group1/synopsys/cpu_sky130_fd_sc_hd/cpu_LIB' is not used in the current design.  (LNK-039)
Information: Module 'DW01_add_J2_D3_D15_D1' in file '/storage/e19129/projects/e19-co502-RV32IM-Pipeline-Implementation-Group1/synopsys/cpu_sky130_fd_sc_hd/cpu_LIB' is not used in the current design.  (LNK-039)
Information: Module 'DW01_add_J2_D3_D16_D1' in file '/storage/e19129/projects/e19-co502-RV32IM-Pipeline-Implementation-Group1/synopsys/cpu_sky130_fd_sc_hd/cpu_LIB' is not used in the current design.  (LNK-039)
Information: Module 'DW01_add_J2_D3_D17_D1' in file '/storage/e19129/projects/e19-co502-RV32IM-Pipeline-Implementation-Group1/synopsys/cpu_sky130_fd_sc_hd/cpu_LIB' is not used in the current design.  (LNK-039)
Information: Module 'DW01_add_J2_D3_D18_D1' in file '/storage/e19129/projects/e19-co502-RV32IM-Pipeline-Implementation-Group1/synopsys/cpu_sky130_fd_sc_hd/cpu_LIB' is not used in the current design.  (LNK-039)
Information: Module 'DW01_add_J2_D3_D19_D1' in file '/storage/e19129/projects/e19-co502-RV32IM-Pipeline-Implementation-Group1/synopsys/cpu_sky130_fd_sc_hd/cpu_LIB' is not used in the current design.  (LNK-039)
Information: Module 'DW01_add_J2_D3_D20_D1' in file '/storage/e19129/projects/e19-co502-RV32IM-Pipeline-Implementation-Group1/synopsys/cpu_sky130_fd_sc_hd/cpu_LIB' is not used in the current design.  (LNK-039)
Information: Module 'DW01_add_J2_D3_D21_D1' in file '/storage/e19129/projects/e19-co502-RV32IM-Pipeline-Implementation-Group1/synopsys/cpu_sky130_fd_sc_hd/cpu_LIB' is not used in the current design.  (LNK-039)
Information: Module 'DW01_add_J2_D3_D22_D1' in file '/storage/e19129/projects/e19-co502-RV32IM-Pipeline-Implementation-Group1/synopsys/cpu_sky130_fd_sc_hd/cpu_LIB' is not used in the current design.  (LNK-039)
Information: Module 'DW01_add_J2_D3_D23_D1' in file '/storage/e19129/projects/e19-co502-RV32IM-Pipeline-Implementation-Group1/synopsys/cpu_sky130_fd_sc_hd/cpu_LIB' is not used in the current design.  (LNK-039)
Information: Module 'DW01_add_J2_D3_D24_D1' in file '/storage/e19129/projects/e19-co502-RV32IM-Pipeline-Implementation-Group1/synopsys/cpu_sky130_fd_sc_hd/cpu_LIB' is not used in the current design.  (LNK-039)
Information: Module 'DW01_add_J2_D3_D25_D1' in file '/storage/e19129/projects/e19-co502-RV32IM-Pipeline-Implementation-Group1/synopsys/cpu_sky130_fd_sc_hd/cpu_LIB' is not used in the current design.  (LNK-039)
Information: Module 'DW01_add_J2_D3_D26_D1' in file '/storage/e19129/projects/e19-co502-RV32IM-Pipeline-Implementation-Group1/synopsys/cpu_sky130_fd_sc_hd/cpu_LIB' is not used in the current design.  (LNK-039)
Information: Module 'DW01_add_J2_D3_D27_D1' in file '/storage/e19129/projects/e19-co502-RV32IM-Pipeline-Implementation-Group1/synopsys/cpu_sky130_fd_sc_hd/cpu_LIB' is not used in the current design.  (LNK-039)
Information: Module 'DW01_add_J2_D3_D28_D1' in file '/storage/e19129/projects/e19-co502-RV32IM-Pipeline-Implementation-Group1/synopsys/cpu_sky130_fd_sc_hd/cpu_LIB' is not used in the current design.  (LNK-039)
Information: Module 'DW01_add_J2_D3_D29_D1' in file '/storage/e19129/projects/e19-co502-RV32IM-Pipeline-Implementation-Group1/synopsys/cpu_sky130_fd_sc_hd/cpu_LIB' is not used in the current design.  (LNK-039)
Information: Module 'DW01_add_J2_D3_D30_D1' in file '/storage/e19129/projects/e19-co502-RV32IM-Pipeline-Implementation-Group1/synopsys/cpu_sky130_fd_sc_hd/cpu_LIB' is not used in the current design.  (LNK-039)
Information: Module 'DW01_add_J2_D3_D31_D1' in file '/storage/e19129/projects/e19-co502-RV32IM-Pipeline-Implementation-Group1/synopsys/cpu_sky130_fd_sc_hd/cpu_LIB' is not used in the current design.  (LNK-039)
Information: Module 'DW01_add_J2_D3_D32_D1' in file '/storage/e19129/projects/e19-co502-RV32IM-Pipeline-Implementation-Group1/synopsys/cpu_sky130_fd_sc_hd/cpu_LIB' is not used in the current design.  (LNK-039)
Information: Module 'DW01_add_J2_D3_D33_D1' in file '/storage/e19129/projects/e19-co502-RV32IM-Pipeline-Implementation-Group1/synopsys/cpu_sky130_fd_sc_hd/cpu_LIB' is not used in the current design.  (LNK-039)
Information: Module 'DW_div_uns_a_width32_b_width32_J14_D2' in file '/storage/e19129/projects/e19-co502-RV32IM-Pipeline-Implementation-Group1/synopsys/cpu_sky130_fd_sc_hd/cpu_LIB' is not used in the current design.  (LNK-039)
Information: Module 'DW_div_a_width32_b_width32_tc_mode0_rem_mode1_J14_D3_D2' in file '/storage/e19129/projects/e19-co502-RV32IM-Pipeline-Implementation-Group1/synopsys/cpu_sky130_fd_sc_hd/cpu_LIB' is not used in the current design.  (LNK-039)
Information: Module 'DW01_add_J14_D3_D3_D1' in file '/storage/e19129/projects/e19-co502-RV32IM-Pipeline-Implementation-Group1/synopsys/cpu_sky130_fd_sc_hd/cpu_LIB' is not used in the current design.  (LNK-039)
Information: Module 'DW01_add_J14_D3_D4_D1' in file '/storage/e19129/projects/e19-co502-RV32IM-Pipeline-Implementation-Group1/synopsys/cpu_sky130_fd_sc_hd/cpu_LIB' is not used in the current design.  (LNK-039)
Information: Module 'DW01_add_J14_D3_D5_D1' in file '/storage/e19129/projects/e19-co502-RV32IM-Pipeline-Implementation-Group1/synopsys/cpu_sky130_fd_sc_hd/cpu_LIB' is not used in the current design.  (LNK-039)
Information: Module 'DW01_add_J14_D3_D6_D1' in file '/storage/e19129/projects/e19-co502-RV32IM-Pipeline-Implementation-Group1/synopsys/cpu_sky130_fd_sc_hd/cpu_LIB' is not used in the current design.  (LNK-039)
Information: Module 'DW01_add_J14_D3_D7_D1' in file '/storage/e19129/projects/e19-co502-RV32IM-Pipeline-Implementation-Group1/synopsys/cpu_sky130_fd_sc_hd/cpu_LIB' is not used in the current design.  (LNK-039)
Information: Module 'DW01_add_J14_D3_D8_D1' in file '/storage/e19129/projects/e19-co502-RV32IM-Pipeline-Implementation-Group1/synopsys/cpu_sky130_fd_sc_hd/cpu_LIB' is not used in the current design.  (LNK-039)
Information: Module 'DW01_add_J14_D3_D9_D1' in file '/storage/e19129/projects/e19-co502-RV32IM-Pipeline-Implementation-Group1/synopsys/cpu_sky130_fd_sc_hd/cpu_LIB' is not used in the current design.  (LNK-039)
Information: Module 'DW01_add_J14_D3_D10_D1' in file '/storage/e19129/projects/e19-co502-RV32IM-Pipeline-Implementation-Group1/synopsys/cpu_sky130_fd_sc_hd/cpu_LIB' is not used in the current design.  (LNK-039)
Information: Module 'DW01_add_J14_D3_D11_D1' in file '/storage/e19129/projects/e19-co502-RV32IM-Pipeline-Implementation-Group1/synopsys/cpu_sky130_fd_sc_hd/cpu_LIB' is not used in the current design.  (LNK-039)
Information: Module 'DW01_add_J14_D3_D12_D1' in file '/storage/e19129/projects/e19-co502-RV32IM-Pipeline-Implementation-Group1/synopsys/cpu_sky130_fd_sc_hd/cpu_LIB' is not used in the current design.  (LNK-039)
Information: Module 'DW01_add_J14_D3_D13_D1' in file '/storage/e19129/projects/e19-co502-RV32IM-Pipeline-Implementation-Group1/synopsys/cpu_sky130_fd_sc_hd/cpu_LIB' is not used in the current design.  (LNK-039)
Information: Module 'DW01_add_J14_D3_D14_D1' in file '/storage/e19129/projects/e19-co502-RV32IM-Pipeline-Implementation-Group1/synopsys/cpu_sky130_fd_sc_hd/cpu_LIB' is not used in the current design.  (LNK-039)
Information: Module 'DW01_add_J14_D3_D15_D1' in file '/storage/e19129/projects/e19-co502-RV32IM-Pipeline-Implementation-Group1/synopsys/cpu_sky130_fd_sc_hd/cpu_LIB' is not used in the current design.  (LNK-039)
Information: Module 'DW01_add_J14_D3_D16_D1' in file '/storage/e19129/projects/e19-co502-RV32IM-Pipeline-Implementation-Group1/synopsys/cpu_sky130_fd_sc_hd/cpu_LIB' is not used in the current design.  (LNK-039)
Information: Module 'DW01_add_J14_D3_D17_D1' in file '/storage/e19129/projects/e19-co502-RV32IM-Pipeline-Implementation-Group1/synopsys/cpu_sky130_fd_sc_hd/cpu_LIB' is not used in the current design.  (LNK-039)
Information: Module 'DW01_add_J14_D3_D18_D1' in file '/storage/e19129/projects/e19-co502-RV32IM-Pipeline-Implementation-Group1/synopsys/cpu_sky130_fd_sc_hd/cpu_LIB' is not used in the current design.  (LNK-039)
Information: Module 'DW01_add_J14_D3_D19_D1' in file '/storage/e19129/projects/e19-co502-RV32IM-Pipeline-Implementation-Group1/synopsys/cpu_sky130_fd_sc_hd/cpu_LIB' is not used in the current design.  (LNK-039)
Information: Module 'DW01_add_J14_D3_D20_D1' in file '/storage/e19129/projects/e19-co502-RV32IM-Pipeline-Implementation-Group1/synopsys/cpu_sky130_fd_sc_hd/cpu_LIB' is not used in the current design.  (LNK-039)
Information: Module 'DW01_add_J14_D3_D21_D1' in file '/storage/e19129/projects/e19-co502-RV32IM-Pipeline-Implementation-Group1/synopsys/cpu_sky130_fd_sc_hd/cpu_LIB' is not used in the current design.  (LNK-039)
Information: Module 'DW01_add_J14_D3_D22_D1' in file '/storage/e19129/projects/e19-co502-RV32IM-Pipeline-Implementation-Group1/synopsys/cpu_sky130_fd_sc_hd/cpu_LIB' is not used in the current design.  (LNK-039)
Information: Module 'DW01_add_J14_D3_D23_D1' in file '/storage/e19129/projects/e19-co502-RV32IM-Pipeline-Implementation-Group1/synopsys/cpu_sky130_fd_sc_hd/cpu_LIB' is not used in the current design.  (LNK-039)
Information: Module 'DW01_add_J14_D3_D24_D1' in file '/storage/e19129/projects/e19-co502-RV32IM-Pipeline-Implementation-Group1/synopsys/cpu_sky130_fd_sc_hd/cpu_LIB' is not used in the current design.  (LNK-039)
Information: Module 'DW01_add_J14_D3_D25_D1' in file '/storage/e19129/projects/e19-co502-RV32IM-Pipeline-Implementation-Group1/synopsys/cpu_sky130_fd_sc_hd/cpu_LIB' is not used in the current design.  (LNK-039)
Information: Module 'DW01_add_J14_D3_D26_D1' in file '/storage/e19129/projects/e19-co502-RV32IM-Pipeline-Implementation-Group1/synopsys/cpu_sky130_fd_sc_hd/cpu_LIB' is not used in the current design.  (LNK-039)
Information: Module 'DW01_add_J14_D3_D27_D1' in file '/storage/e19129/projects/e19-co502-RV32IM-Pipeline-Implementation-Group1/synopsys/cpu_sky130_fd_sc_hd/cpu_LIB' is not used in the current design.  (LNK-039)
Information: Module 'DW01_add_J14_D3_D28_D1' in file '/storage/e19129/projects/e19-co502-RV32IM-Pipeline-Implementation-Group1/synopsys/cpu_sky130_fd_sc_hd/cpu_LIB' is not used in the current design.  (LNK-039)
Information: Module 'DW01_add_J14_D3_D29_D1' in file '/storage/e19129/projects/e19-co502-RV32IM-Pipeline-Implementation-Group1/synopsys/cpu_sky130_fd_sc_hd/cpu_LIB' is not used in the current design.  (LNK-039)
Information: Module 'DW01_add_J14_D3_D30_D1' in file '/storage/e19129/projects/e19-co502-RV32IM-Pipeline-Implementation-Group1/synopsys/cpu_sky130_fd_sc_hd/cpu_LIB' is not used in the current design.  (LNK-039)
Information: Module 'DW01_add_J14_D3_D31_D1' in file '/storage/e19129/projects/e19-co502-RV32IM-Pipeline-Implementation-Group1/synopsys/cpu_sky130_fd_sc_hd/cpu_LIB' is not used in the current design.  (LNK-039)
Information: Module 'DW01_add_J14_D3_D32_D1' in file '/storage/e19129/projects/e19-co502-RV32IM-Pipeline-Implementation-Group1/synopsys/cpu_sky130_fd_sc_hd/cpu_LIB' is not used in the current design.  (LNK-039)
Information: Module 'DW01_add_J14_D3_D33_D1' in file '/storage/e19129/projects/e19-co502-RV32IM-Pipeline-Implementation-Group1/synopsys/cpu_sky130_fd_sc_hd/cpu_LIB' is not used in the current design.  (LNK-039)
Information: Module 'DW_div_uns_a_width32_b_width32_J19_H7_D2' in file '/storage/e19129/projects/e19-co502-RV32IM-Pipeline-Implementation-Group1/synopsys/cpu_sky130_fd_sc_hd/cpu_LIB' is not used in the current design.  (LNK-039)
Information: Module 'DW01_add_J19_H7_D3_D3_D1' in file '/storage/e19129/projects/e19-co502-RV32IM-Pipeline-Implementation-Group1/synopsys/cpu_sky130_fd_sc_hd/cpu_LIB' is not used in the current design.  (LNK-039)
Information: Module 'DW01_add_J19_H7_D3_D4_D1' in file '/storage/e19129/projects/e19-co502-RV32IM-Pipeline-Implementation-Group1/synopsys/cpu_sky130_fd_sc_hd/cpu_LIB' is not used in the current design.  (LNK-039)
Information: Module 'DW01_add_J19_H7_D3_D5_D1' in file '/storage/e19129/projects/e19-co502-RV32IM-Pipeline-Implementation-Group1/synopsys/cpu_sky130_fd_sc_hd/cpu_LIB' is not used in the current design.  (LNK-039)
Information: Module 'DW01_add_J19_H7_D3_D6_D1' in file '/storage/e19129/projects/e19-co502-RV32IM-Pipeline-Implementation-Group1/synopsys/cpu_sky130_fd_sc_hd/cpu_LIB' is not used in the current design.  (LNK-039)
Information: Module 'DW01_add_J19_H7_D3_D7_D1' in file '/storage/e19129/projects/e19-co502-RV32IM-Pipeline-Implementation-Group1/synopsys/cpu_sky130_fd_sc_hd/cpu_LIB' is not used in the current design.  (LNK-039)
Information: Module 'DW01_add_J19_H7_D3_D8_D1' in file '/storage/e19129/projects/e19-co502-RV32IM-Pipeline-Implementation-Group1/synopsys/cpu_sky130_fd_sc_hd/cpu_LIB' is not used in the current design.  (LNK-039)
Information: Module 'DW01_add_J19_H7_D3_D9_D1' in file '/storage/e19129/projects/e19-co502-RV32IM-Pipeline-Implementation-Group1/synopsys/cpu_sky130_fd_sc_hd/cpu_LIB' is not used in the current design.  (LNK-039)
Information: Module 'DW01_add_J19_H7_D3_D10_D1' in file '/storage/e19129/projects/e19-co502-RV32IM-Pipeline-Implementation-Group1/synopsys/cpu_sky130_fd_sc_hd/cpu_LIB' is not used in the current design.  (LNK-039)
Information: Module 'DW01_add_J19_H7_D3_D11_D1' in file '/storage/e19129/projects/e19-co502-RV32IM-Pipeline-Implementation-Group1/synopsys/cpu_sky130_fd_sc_hd/cpu_LIB' is not used in the current design.  (LNK-039)
Information: Module 'DW01_add_J19_H7_D3_D12_D1' in file '/storage/e19129/projects/e19-co502-RV32IM-Pipeline-Implementation-Group1/synopsys/cpu_sky130_fd_sc_hd/cpu_LIB' is not used in the current design.  (LNK-039)
Information: Module 'DW01_add_J19_H7_D3_D13_D1' in file '/storage/e19129/projects/e19-co502-RV32IM-Pipeline-Implementation-Group1/synopsys/cpu_sky130_fd_sc_hd/cpu_LIB' is not used in the current design.  (LNK-039)
Information: Module 'DW01_add_J19_H7_D3_D14_D1' in file '/storage/e19129/projects/e19-co502-RV32IM-Pipeline-Implementation-Group1/synopsys/cpu_sky130_fd_sc_hd/cpu_LIB' is not used in the current design.  (LNK-039)
Information: Module 'DW01_add_J19_H7_D3_D15_D1' in file '/storage/e19129/projects/e19-co502-RV32IM-Pipeline-Implementation-Group1/synopsys/cpu_sky130_fd_sc_hd/cpu_LIB' is not used in the current design.  (LNK-039)
Information: Module 'DW01_add_J19_H7_D3_D16_D1' in file '/storage/e19129/projects/e19-co502-RV32IM-Pipeline-Implementation-Group1/synopsys/cpu_sky130_fd_sc_hd/cpu_LIB' is not used in the current design.  (LNK-039)
Information: Module 'DW01_add_J19_H7_D3_D17_D1' in file '/storage/e19129/projects/e19-co502-RV32IM-Pipeline-Implementation-Group1/synopsys/cpu_sky130_fd_sc_hd/cpu_LIB' is not used in the current design.  (LNK-039)
Information: Module 'DW01_add_J19_H7_D3_D18_D1' in file '/storage/e19129/projects/e19-co502-RV32IM-Pipeline-Implementation-Group1/synopsys/cpu_sky130_fd_sc_hd/cpu_LIB' is not used in the current design.  (LNK-039)
Information: Module 'DW01_add_J19_H7_D3_D19_D1' in file '/storage/e19129/projects/e19-co502-RV32IM-Pipeline-Implementation-Group1/synopsys/cpu_sky130_fd_sc_hd/cpu_LIB' is not used in the current design.  (LNK-039)
Information: Module 'DW01_add_J19_H7_D3_D20_D1' in file '/storage/e19129/projects/e19-co502-RV32IM-Pipeline-Implementation-Group1/synopsys/cpu_sky130_fd_sc_hd/cpu_LIB' is not used in the current design.  (LNK-039)
Information: Module 'DW01_add_J19_H7_D3_D21_D1' in file '/storage/e19129/projects/e19-co502-RV32IM-Pipeline-Implementation-Group1/synopsys/cpu_sky130_fd_sc_hd/cpu_LIB' is not used in the current design.  (LNK-039)
Information: Module 'DW01_add_J19_H7_D3_D22_D1' in file '/storage/e19129/projects/e19-co502-RV32IM-Pipeline-Implementation-Group1/synopsys/cpu_sky130_fd_sc_hd/cpu_LIB' is not used in the current design.  (LNK-039)
Information: Module 'DW01_add_J19_H7_D3_D23_D1' in file '/storage/e19129/projects/e19-co502-RV32IM-Pipeline-Implementation-Group1/synopsys/cpu_sky130_fd_sc_hd/cpu_LIB' is not used in the current design.  (LNK-039)
Information: Module 'DW01_add_J19_H7_D3_D24_D1' in file '/storage/e19129/projects/e19-co502-RV32IM-Pipeline-Implementation-Group1/synopsys/cpu_sky130_fd_sc_hd/cpu_LIB' is not used in the current design.  (LNK-039)
Information: Module 'DW01_add_J19_H7_D3_D25_D1' in file '/storage/e19129/projects/e19-co502-RV32IM-Pipeline-Implementation-Group1/synopsys/cpu_sky130_fd_sc_hd/cpu_LIB' is not used in the current design.  (LNK-039)
Information: Module 'DW01_add_J19_H7_D3_D26_D1' in file '/storage/e19129/projects/e19-co502-RV32IM-Pipeline-Implementation-Group1/synopsys/cpu_sky130_fd_sc_hd/cpu_LIB' is not used in the current design.  (LNK-039)
Information: Module 'DW01_add_J19_H7_D3_D27_D1' in file '/storage/e19129/projects/e19-co502-RV32IM-Pipeline-Implementation-Group1/synopsys/cpu_sky130_fd_sc_hd/cpu_LIB' is not used in the current design.  (LNK-039)
Information: Module 'DW01_add_J19_H7_D3_D28_D1' in file '/storage/e19129/projects/e19-co502-RV32IM-Pipeline-Implementation-Group1/synopsys/cpu_sky130_fd_sc_hd/cpu_LIB' is not used in the current design.  (LNK-039)
Information: Module 'DW01_add_J19_H7_D3_D29_D1' in file '/storage/e19129/projects/e19-co502-RV32IM-Pipeline-Implementation-Group1/synopsys/cpu_sky130_fd_sc_hd/cpu_LIB' is not used in the current design.  (LNK-039)
Information: Module 'DW01_add_J19_H7_D3_D30_D1' in file '/storage/e19129/projects/e19-co502-RV32IM-Pipeline-Implementation-Group1/synopsys/cpu_sky130_fd_sc_hd/cpu_LIB' is not used in the current design.  (LNK-039)
Information: Module 'DW01_add_J19_H7_D3_D31_D1' in file '/storage/e19129/projects/e19-co502-RV32IM-Pipeline-Implementation-Group1/synopsys/cpu_sky130_fd_sc_hd/cpu_LIB' is not used in the current design.  (LNK-039)
Information: Module 'DW01_add_J19_H7_D3_D32_D1' in file '/storage/e19129/projects/e19-co502-RV32IM-Pipeline-Implementation-Group1/synopsys/cpu_sky130_fd_sc_hd/cpu_LIB' is not used in the current design.  (LNK-039)
Information: Module 'DW01_add_J19_H7_D3_D33_D1' in file '/storage/e19129/projects/e19-co502-RV32IM-Pipeline-Implementation-Group1/synopsys/cpu_sky130_fd_sc_hd/cpu_LIB' is not used in the current design.  (LNK-039)
Information: 244 (57.01%) library cells are unused in library sky130_fd_sc_hd__ff_100C_1v65..... (LNK-045)
Information: 428 (100.00%) library cells are unused in library sky130_fd_sc_hd__ff_100C_1v95..... (LNK-045)
Information: 428 (100.00%) library cells are unused in library sky130_fd_sc_hd__ff_n40C_1v56..... (LNK-045)
Information: 428 (100.00%) library cells are unused in library sky130_fd_sc_hd__ff_n40C_1v65..... (LNK-045)
Information: 428 (100.00%) library cells are unused in library sky130_fd_sc_hd__ff_n40C_1v76..... (LNK-045)
Information: 428 (100.00%) library cells are unused in library sky130_fd_sc_hd__ss_100C_1v40..... (LNK-045)
Information: 428 (100.00%) library cells are unused in library sky130_fd_sc_hd__ss_100C_1v60..... (LNK-045)
Information: 428 (100.00%) library cells are unused in library sky130_fd_sc_hd__ss_n40C_1v28..... (LNK-045)
Information: 428 (100.00%) library cells are unused in library sky130_fd_sc_hd__ss_n40C_1v35..... (LNK-045)
Information: 428 (100.00%) library cells are unused in library sky130_fd_sc_hd__ss_n40C_1v40..... (LNK-045)
Information: 428 (100.00%) library cells are unused in library sky130_fd_sc_hd__ss_n40C_1v44..... (LNK-045)
Information: 428 (100.00%) library cells are unused in library sky130_fd_sc_hd__ss_n40C_1v76..... (LNK-045)
Information: 428 (100.00%) library cells are unused in library sky130_fd_sc_hd__tt_025C_1v80..... (LNK-045)
Information: 428 (100.00%) library cells are unused in library sky130_fd_sc_hd__tt_100C_1v80..... (LNK-045)
Information: total 5808 library cells are unused (LNK-046)
Design 'cpu' was successfully linked.
Information: There are 27164 leaf cells, ports, hiers and 38141 nets in the design (LNK-047)
Information: read upf TZ_OUTDIR/cpu.upf
Information: read constraints
Warning: Negative clock latency specified: -0.139885 (UITE-150)
Warning: Negative clock latency specified: -0.150032 (UITE-150)
Warning: Negative clock latency specified: -0.152855 (UITE-150)
Warning: Negative clock latency specified: -0.150146 (UITE-150)
Warning: Negative clock latency specified: -0.153275 (UITE-150)
Warning: Negative clock latency specified: -0.144024 (UITE-150)
Warning: Negative clock latency specified: -0.146351 (UITE-150)
Warning: Negative clock latency specified: -0.151749 (UITE-150)
Warning: Negative clock latency specified: -0.148716 (UITE-150)
Warning: Negative clock latency specified: -0.146885 (UITE-150)
Warning: Negative clock latency specified: -0.148735 (UITE-150)
Warning: Negative clock latency specified: -0.14761 (UITE-150)
Warning: Negative clock latency specified: -0.143032 (UITE-150)
Warning: Negative clock latency specified: -0.146179 (UITE-150)
Warning: Negative clock latency specified: -0.154133 (UITE-150)
Warning: Negative clock latency specified: -0.150623 (UITE-150)
Warning: Negative clock latency specified: -0.146866 (UITE-150)
Warning: Negative clock latency specified: -0.14677 (UITE-150)
Warning: Negative clock latency specified: -0.146637 (UITE-150)
Warning: Negative clock latency specified: -0.14204 (UITE-150)
Warning: Negative clock latency specified: -0.151615 (UITE-150)
Warning: Negative clock latency specified: -0.146942 (UITE-150)
Warning: Negative clock latency specified: -0.153255 (UITE-150)
Warning: Negative clock latency specified: -0.144253 (UITE-150)
Warning: Negative clock latency specified: -0.144253 (UITE-150)
Warning: Negative clock latency specified: -0.150127 (UITE-150)
Warning: Negative clock latency specified: -0.143108 (UITE-150)
Warning: Negative clock latency specified: -0.144615 (UITE-150)
Warning: Negative clock latency specified: -0.152874 (UITE-150)
Warning: Negative clock latency specified: -0.146523 (UITE-150)
Warning: Negative clock latency specified: -0.15398 (UITE-150)
Warning: Negative clock latency specified: -0.145607 (UITE-150)
Warning: Negative clock latency specified: -0.2 (UITE-150)
Warning: Negative clock latency specified: -0.1 (UITE-150)
Warning: Negative clock latency specified: -0.2 (UITE-150)
Warning: Negative clock latency specified: -0.02 (UITE-150)
Warning: Negative clock latency specified: -0.02 (UITE-150)
Warning: Negative clock latency specified: -0.02 (UITE-150)
Warning: Negative clock latency specified: -0.02 (UITE-150)
Warning: Negative clock latency specified: -0.02 (UITE-150)
Warning: Negative clock latency specified: -0.02 (UITE-150)
Warning: Negative clock latency specified: -0.02 (UITE-150)
Warning: Negative clock latency specified: -0.02 (UITE-150)
Warning: Negative clock latency specified: -0.06 (UITE-150)
Warning: Negative clock latency specified: -0.06 (UITE-150)
Warning: Negative clock latency specified: -0.06 (UITE-150)
Warning: Negative clock latency specified: -0.06 (UITE-150)
Warning: Negative clock latency specified: -0.08 (UITE-150)
Warning: Negative clock latency specified: -0.08 (UITE-150)
Warning: Negative clock latency specified: -0.08 (UITE-150)
Warning: Negative clock latency specified: -0.08 (UITE-150)
Warning: Negative clock latency specified: -0.06 (UITE-150)
Warning: Negative clock latency specified: -0.08 (UITE-150)
Warning: Negative clock latency specified: -0.08 (UITE-150)
Warning: Negative clock latency specified: -0.08 (UITE-150)
Warning: Negative clock latency specified: -0.08 (UITE-150)
Warning: Negative clock latency specified: -0.08 (UITE-150)
Warning: Negative clock latency specified: -0.2 (UITE-150)
Warning: Negative clock latency specified: -0.2 (UITE-150)
Warning: Negative clock latency specified: -0.2 (UITE-150)
Warning: Negative clock latency specified: -0.2 (UITE-150)
Warning: Negative clock latency specified: -0.2 (UITE-150)
Warning: Negative clock latency specified: -0.2 (UITE-150)
Warning: Negative clock latency specified: -0.2 (UITE-150)
Warning: Negative clock latency specified: -0.2 (UITE-150)
Warning: Negative clock latency specified: -0.2 (UITE-150)
Warning: Negative clock latency specified: -0.2 (UITE-150)
Warning: Negative clock latency specified: -0.2 (UITE-150)
Warning: Negative clock latency specified: -0.2 (UITE-150)
Warning: Negative clock latency specified: -0.1 (UITE-150)
Warning: Negative clock latency specified: -0.1 (UITE-150)
Warning: Negative clock latency specified: -0.1 (UITE-150)
Warning: Negative clock latency specified: -0.1 (UITE-150)
Warning: Negative clock latency specified: -0.1 (UITE-150)
Warning: Negative clock latency specified: -0.1 (UITE-150)
Warning: Negative clock latency specified: -0.1 (UITE-150)
Warning: Negative clock latency specified: -0.1 (UITE-150)
Warning: Negative clock latency specified: -0.1 (UITE-150)
Warning: Negative clock latency specified: -0.1 (UITE-150)
Warning: Negative clock latency specified: -0.1 (UITE-150)
Warning: Negative clock latency specified: -0.1 (UITE-150)
Warning: Negative clock latency specified: -0.1 (UITE-150)
Warning: Negative clock latency specified: -0.1 (UITE-150)
Warning: Negative clock latency specified: -0.1 (UITE-150)
Warning: Negative clock latency specified: -0.02 (UITE-150)
Warning: Negative clock latency specified: -0.02 (UITE-150)
Warning: Negative clock latency specified: -0.02 (UITE-150)
Warning: Negative clock latency specified: -0.02 (UITE-150)
Warning: Negative clock latency specified: -0.02 (UITE-150)
Warning: Negative clock latency specified: -0.02 (UITE-150)
Warning: Negative clock latency specified: -0.02 (UITE-150)
Warning: Negative clock latency specified: -0.2 (UITE-150)
Warning: Negative clock latency specified: -0.02 (UITE-150)
Warning: Negative clock latency specified: -0.138817 (UITE-150)
Warning: Negative clock latency specified: -0.32856 (UITE-150)
Warning: Negative clock latency specified: -0.2 (UITE-150)
Warning: Negative clock latency specified: -0.08 (UITE-150)
Warning: Negative clock latency specified: -0.08 (UITE-150)
Warning: Negative clock latency specified: -0.08 (UITE-150)
Warning: Negative clock latency specified: -0.08 (UITE-150)
Warning: Negative clock latency specified: -0.08 (UITE-150)
Warning: Negative clock latency specified: -0.06 (UITE-150)
Warning: Negative clock latency specified: -0.06 (UITE-150)
Warning: Negative clock latency specified: -0.08 (UITE-150)
Warning: Negative clock latency specified: -0.06 (UITE-150)
Warning: Negative clock latency specified: -0.08 (UITE-150)
Warning: Negative clock latency specified: -0.08 (UITE-150)
Warning: Negative clock latency specified: -0.06 (UITE-150)
Warning: Negative clock latency specified: -0.06 (UITE-150)
Warning: Negative clock latency specified: -0.06 (UITE-150)
Warning: Negative clock latency specified: -0.06 (UITE-150)
Warning: Negative clock latency specified: -0.06 (UITE-150)
Warning: Negative clock latency specified: -0.08 (UITE-150)
Warning: Negative clock latency specified: -0.13607 (UITE-150)
Warning: Negative clock latency specified: -0.142822 (UITE-150)
Warning: Negative clock latency specified: -0.150204 (UITE-150)
Warning: Negative clock latency specified: -0.144901 (UITE-150)
Warning: Negative clock latency specified: -0.157299 (UITE-150)
Warning: Negative clock latency specified: -0.150261 (UITE-150)
Warning: Negative clock latency specified: -0.146503 (UITE-150)
Warning: Negative clock latency specified: -0.150909 (UITE-150)
Warning: Negative clock latency specified: -0.141983 (UITE-150)
Warning: Negative clock latency specified: -0.156021 (UITE-150)
Warning: Negative clock latency specified: -0.142136 (UITE-150)
Warning: Negative clock latency specified: -0.143394 (UITE-150)
Warning: Negative clock latency specified: -0.145302 (UITE-150)
Warning: Negative clock latency specified: -0.145073 (UITE-150)
Warning: Negative clock latency specified: -0.144272 (UITE-150)
Warning: Negative clock latency specified: -0.08 (UITE-150)
Warning: Negative clock latency specified: -0.08 (UITE-150)
Warning: Negative clock latency specified: -0.08 (UITE-150)
Warning: Negative clock latency specified: -0.08 (UITE-150)
Warning: Negative clock latency specified: -0.08 (UITE-150)
Warning: Negative clock latency specified: -0.08 (UITE-150)
Warning: Negative clock latency specified: -0.08 (UITE-150)
Warning: Negative clock latency specified: -0.08 (UITE-150)
Warning: Negative clock latency specified: -0.08 (UITE-150)
Warning: Negative clock latency specified: -0.08 (UITE-150)
Warning: Negative clock latency specified: -0.08 (UITE-150)
Warning: Negative clock latency specified: -0.08 (UITE-150)
Warning: Negative clock latency specified: -0.08 (UITE-150)
Warning: Negative clock latency specified: -0.150433 (UITE-150)
Warning: Negative clock latency specified: -0.151196 (UITE-150)
Warning: Negative clock latency specified: -0.142517 (UITE-150)
Warning: Negative clock latency specified: -0.06 (UITE-150)
Warning: Negative clock latency specified: -0.06 (UITE-150)
Warning: Negative clock latency specified: -0.06 (UITE-150)
Warning: Negative clock latency specified: -0.24 (UITE-150)
Warning: Negative clock latency specified: -0.22 (UITE-150)
Warning: Negative clock latency specified: -0.22 (UITE-150)
Warning: Negative clock latency specified: -0.22 (UITE-150)
Warning: Negative clock latency specified: -0.22 (UITE-150)
Warning: Negative clock latency specified: -0.22 (UITE-150)
Warning: Negative clock latency specified: -0.24 (UITE-150)
Warning: Negative clock latency specified: -0.22 (UITE-150)
Warning: Negative clock latency specified: -0.24 (UITE-150)
Warning: Negative clock latency specified: -0.08 (UITE-150)
Warning: Negative clock latency specified: -0.08 (UITE-150)
Warning: Negative clock latency specified: -0.08 (UITE-150)
Warning: Negative clock latency specified: -0.08 (UITE-150)
Warning: Negative clock latency specified: -0.08 (UITE-150)
Warning: Negative clock latency specified: -0.08 (UITE-150)
Warning: Negative clock latency specified: -0.08 (UITE-150)
Warning: Negative clock latency specified: -0.08 (UITE-150)
Warning: Negative clock latency specified: -0.08 (UITE-150)
Warning: Negative clock latency specified: -0.04 (UITE-150)
Warning: Negative clock latency specified: -0.04 (UITE-150)
Warning: Negative clock latency specified: -0.08 (UITE-150)
Warning: Negative clock latency specified: -0.1 (UITE-150)
Warning: Negative clock latency specified: -0.149612 (UITE-150)
Warning: Negative clock latency specified: -0.08 (UITE-150)
Warning: Negative clock latency specified: -0.04 (UITE-150)
Warning: Negative clock latency specified: -0.08 (UITE-150)
Warning: Negative clock latency specified: -0.08 (UITE-150)
Warning: Negative clock latency specified: -0.1 (UITE-150)
Warning: Negative clock latency specified: -0.08 (UITE-150)
Warning: Negative clock latency specified: -0.1 (UITE-150)
Warning: Negative clock latency specified: -0.1 (UITE-150)
Warning: Negative clock latency specified: -0.1 (UITE-150)
Warning: Negative clock latency specified: -0.1 (UITE-150)
Warning: Negative clock latency specified: -0.12 (UITE-150)
Warning: Negative clock latency specified: -0.12 (UITE-150)
Warning: Negative clock latency specified: -0.24 (UITE-150)
Warning: Negative clock latency specified: -0.24 (UITE-150)
Warning: Negative clock latency specified: -0.12 (UITE-150)
Warning: Negative clock latency specified: -0.12 (UITE-150)
Warning: Negative clock latency specified: -0.02 (UITE-150)
Warning: Negative clock latency specified: -0.12 (UITE-150)
Warning: Negative clock latency specified: -0.24 (UITE-150)
Warning: Negative clock latency specified: -0.24 (UITE-150)
Warning: Negative clock latency specified: -0.04 (UITE-150)
Warning: Negative clock latency specified: -0.02 (UITE-150)
Warning: Negative clock latency specified: -0.02 (UITE-150)
Warning: Negative clock latency specified: -0.04 (UITE-150)
Warning: Negative clock latency specified: -0.04 (UITE-150)
Warning: Negative clock latency specified: -0.04 (UITE-150)
Warning: Negative clock latency specified: -0.02 (UITE-150)
Warning: Negative clock latency specified: -0.1 (UITE-150)
Warning: Negative clock latency specified: -0.04 (UITE-150)
Warning: Negative clock latency specified: -0.02 (UITE-150)
Warning: Negative clock latency specified: -0.04 (UITE-150)
Warning: Negative clock latency specified: -0.1 (UITE-150)
Warning: Negative clock latency specified: -0.1 (UITE-150)
Warning: Negative clock latency specified: -0.02 (UITE-150)
Warning: Negative clock latency specified: -0.1 (UITE-150)
Warning: Negative clock latency specified: -0.1 (UITE-150)
Warning: Negative clock latency specified: -0.02 (UITE-150)
Warning: Negative clock latency specified: -0.1 (UITE-150)
Warning: Negative clock latency specified: -0.1 (UITE-150)
Warning: Negative clock latency specified: -0.12 (UITE-150)
Warning: Negative clock latency specified: -0.24 (UITE-150)
Warning: Negative clock latency specified: -0.12 (UITE-150)
Warning: Negative clock latency specified: -0.12 (UITE-150)
Warning: Negative clock latency specified: -0.12 (UITE-150)
Warning: Negative clock latency specified: -0.22 (UITE-150)
Warning: Negative clock latency specified: -0.22 (UITE-150)
Warning: Negative clock latency specified: -0.22 (UITE-150)
Warning: Negative clock latency specified: -0.22 (UITE-150)
Warning: Negative clock latency specified: -0.22 (UITE-150)
Warning: Negative clock latency specified: -0.22 (UITE-150)
Warning: Negative clock latency specified: -0.212517 (UITE-150)
Warning: Negative clock latency specified: -0.22 (UITE-150)
Warning: Negative clock latency specified: -0.24 (UITE-150)
Warning: Negative clock latency specified: -0.22 (UITE-150)
Warning: Negative clock latency specified: -0.22 (UITE-150)
Warning: Negative clock latency specified: -0.24 (UITE-150)
Warning: Negative clock latency specified: -0.12 (UITE-150)
Warning: Negative clock latency specified: -0.24 (UITE-150)
Warning: Negative clock latency specified: -0.24 (UITE-150)
Warning: Negative clock latency specified: -0.04 (UITE-150)
Warning: Negative clock latency specified: -0.04 (UITE-150)
Warning: Negative clock latency specified: -0.02 (UITE-150)
Warning: Negative clock latency specified: -0.04 (UITE-150)
Warning: Negative clock latency specified: -0.04 (UITE-150)
Warning: Negative clock latency specified: -0.04 (UITE-150)
Warning: Negative clock latency specified: -0.02 (UITE-150)
Warning: Negative clock latency specified: -0.04 (UITE-150)
Warning: Negative clock latency specified: -0.02 (UITE-150)
Warning: Negative clock latency specified: -0.02 (UITE-150)
Warning: Negative clock latency specified: -0.02 (UITE-150)
Warning: Negative clock latency specified: -0.1 (UITE-150)
Warning: Negative clock latency specified: -0.02 (UITE-150)
Warning: Negative clock latency specified: -0.02 (UITE-150)
Warning: Negative clock latency specified: -0.12 (UITE-150)
Warning: Negative clock latency specified: -0.1 (UITE-150)
Warning: Negative clock latency specified: -0.02 (UITE-150)
Warning: Negative clock latency specified: -0.12 (UITE-150)
Warning: Negative clock latency specified: -0.24 (UITE-150)
Warning: Negative clock latency specified: -0.12 (UITE-150)
Warning: Negative clock latency specified: -0.24 (UITE-150)
Warning: Negative clock latency specified: -0.24 (UITE-150)
Warning: Negative clock latency specified: -0.12 (UITE-150)
Warning: Negative clock latency specified: -0.12 (UITE-150)
Warning: Negative clock latency specified: -0.148373 (UITE-150)
Warning: Negative clock latency specified: -0.151882 (UITE-150)
Warning: Negative clock latency specified: -0.174503 (UITE-150)
Warning: Negative clock latency specified: -0.154018 (UITE-150)
Warning: Negative clock latency specified: -0.141869 (UITE-150)
Warning: Negative clock latency specified: -0.151463 (UITE-150)
Warning: Negative clock latency specified: -0.151291 (UITE-150)
Warning: Negative clock latency specified: -0.144939 (UITE-150)
Warning: Negative clock latency specified: -0.147667 (UITE-150)
Warning: Negative clock latency specified: -0.151691 (UITE-150)
Warning: Negative clock latency specified: -0.149574 (UITE-150)
Warning: Negative clock latency specified: -0.152454 (UITE-150)
Warning: Negative clock latency specified: -0.150127 (UITE-150)
Warning: Negative clock latency specified: -0.143833 (UITE-150)
Warning: Negative clock latency specified: -0.152359 (UITE-150)
Warning: Negative clock latency specified: -0.138645 (UITE-150)
Warning: Negative clock latency specified: -0.142155 (UITE-150)
Warning: Negative clock latency specified: -0.13876 (UITE-150)
Warning: Negative clock latency specified: -0.162849 (UITE-150)
Warning: Negative clock latency specified: -0.229282 (UITE-150)
Warning: Negative clock latency specified: -0.145931 (UITE-150)
Warning: Negative clock latency specified: -0.135841 (UITE-150)
Warning: Negative clock latency specified: -0.136528 (UITE-150)
Warning: Negative clock latency specified: -0.130634 (UITE-150)
Warning: Negative clock latency specified: -0.219898 (UITE-150)
Warning: Negative clock latency specified: -0.15501 (UITE-150)
Warning: Negative clock latency specified: -0.148582 (UITE-150)
Warning: Negative clock latency specified: -0.120983 (UITE-150)
Warning: Negative clock latency specified: -0.138626 (UITE-150)
Warning: Negative clock latency specified: -0.198631 (UITE-150)
Warning: Negative clock latency specified: -0.210991 (UITE-150)
Warning: Negative clock latency specified: -0.343819 (UITE-150)
Warning: Negative clock latency specified: -0.36375 (UITE-150)
Warning: Negative clock latency specified: -0.246773 (UITE-150)
Warning: Negative clock latency specified: -0.157433 (UITE-150)
Warning: Negative clock latency specified: -0.231876 (UITE-150)
Information: read parasitics
Information: Log for 'read_parasitics command' will be generated in 'parasitics_command.log'. (PARA-107)
Information: read_parasitics command is executed in background
Information : Reading Essential Name Map File (TZ_OUTDIR/cpu.essential_saifmap)
1
Information: Running: read_fsdb -rtl -strip_path cpu_tb/cpu_inst ../../cpu/novas.fsdb
Information: Reading file novas.fsdb to annotate toggle rates on the design...
logDir = /tmp/
Information: Enabling native fsdb reader. 
Information: Reading fsdb file '/storage/e19129/projects/e19-co502-RV32IM-Pipeline-Implementation-Group1/cpu/novas.fsdb'
Information: Simulation Start Time : 0.000000 ns, Simulation End Time : 3010.000000 ns, Total Simulation Time : 3010.000000 ns

======================================================================
Summary:
Total number of nets = 30684
Number of annotated nets = 1529 (4.98%)
Total number of leaf cells = 26832
Number of fully annotated leaf cells = 1 (0.00%)
======================================================================

Information: Total number of synthesis invariant points = 1620 , annotated synthesis invariant points = 1528, annotation_ratio = 94.32%
Warning: Some timing arcs have been disabled for breaking timing loops or because of constant propagation. Use the 'report_disable_timing' command to get the list of these disabled timing arcs. (PTE-003)
Information: Building multi voltage information for entire design. (MV-022)
Information: Running switching activity propagation with 8 threads!
Information: Running averaged power analysis... (PWR-601)
Information: Running power calculation with 8 threads. (PWR-602)
1
read_name_mapping
Information : Reading Essential Name Map File (TZ_OUTDIR/cpu.essential_saifmap)
1
1
update_power
1
update_metrics
1
puts "Analysis data loaded and updated"
Analysis data loaded and updated
# -----------------------------------------------------------------------------
# Power Analysis by Component Groups
# -----------------------------------------------------------------------------
puts "========== Generating Power Reports by Component Groups =========="
========== Generating Power Reports by Component Groups ==========
# Generate power reports grouped by component type
report_power -group register > "$TEMP_RESULTS_DIR/power_register.txt"
report_power -group sequential > "$TEMP_RESULTS_DIR/power_sequential.txt"
report_power -group combinational > "$TEMP_RESULTS_DIR/power_combinational.txt"
report_power -group black_box > "$TEMP_RESULTS_DIR/power_black_box.txt"
report_power -group io_pad > "$TEMP_RESULTS_DIR/power_io_pad.txt"
puts "Component group power reports generated"
Component group power reports generated
# -----------------------------------------------------------------------------
# Hierarchical Power Analysis
# -----------------------------------------------------------------------------
puts "========== Generating Hierarchical Power Reports =========="
========== Generating Hierarchical Power Reports ==========
# Generate hierarchical power reports at different levels of detail
foreach level $HIERARCHY_LEVELS {
    report_power -hierarchy -levels $level -verbose > "$TEMP_RESULTS_DIR/power_by_module_${level}.txt"
    puts "Generated hierarchical power report for $level levels"
}
Generated hierarchical power report for 2 levels
Generated hierarchical power report for 3 levels
Generated hierarchical power report for 5 levels
Generated hierarchical power report for 10 levels
Generated hierarchical power report for 20 levels
Generated hierarchical power report for 100 levels
# Generate comprehensive hierarchical report
report_power -hierarchy -levels 100 -verbose > "$TEMP_RESULTS_DIR/power_by_module_complete.txt"
puts "Hierarchical power reports generated"
Hierarchical power reports generated
# -----------------------------------------------------------------------------
# RTL Metrics Analysis
# -----------------------------------------------------------------------------
puts "========== Generating RTL Metrics Reports =========="
========== Generating RTL Metrics Reports ==========
# List available RTL metrics
report_rtl_metrics -list > "$TEMP_RESULTS_DIR/rtl_metrics_list.txt"
# Generate hierarchical RTL metrics
report_rtl_metrics -view hier     -hier_attributes {gated_registers icg_cells latch_cells reg_cells sequential_cells combinational_cells total_power}     > "$TEMP_RESULTS_DIR/rtl_metrics_hier.txt"
# Generate register-level RTL metrics  
report_rtl_metrics -view register     -reg_attributes {dynamic_power switching_power leakage_power total_power register_gated root_clk_name}     > "$TEMP_RESULTS_DIR/rtl_metrics_register.txt"
puts "RTL metrics reports generated"
RTL metrics reports generated
# -----------------------------------------------------------------------------
# Power Analysis Validation
# -----------------------------------------------------------------------------
puts "========== Validating Power Analysis =========="
========== Validating Power Analysis ==========
# Check RTL power analysis for issues
check_rtl_power > "$TEMP_RESULTS_DIR/check_rtl_power.txt"

# Generate summary report
report_power -verbose > "$TEMP_RESULTS_DIR/power_summary_detailed.txt"
puts "Power analysis validation completed"
Power analysis validation completed
# -----------------------------------------------------------------------------
# Generate Summary Statistics
# -----------------------------------------------------------------------------
puts "========== Generating Summary Statistics =========="
========== Generating Summary Statistics ==========
# Create a summary file with key metrics
set summary_file [open "$TEMP_RESULTS_DIR/power_analysis_summary.txt" w]
file56
puts $summary_file "# Power Analysis Summary for RISC-V CPU"
puts $summary_file "# Technology: SKY130 130nm"
puts $summary_file "# Generated: [clock format [clock seconds]]"
puts $summary_file ""
# Get basic power information
set total_power [get_attribute [current_design] total_power]
0.003721750214272877
set dynamic_power [get_attribute [current_design] dynamic_power]  
0.003583015042645219
set leakage_power [get_attribute [current_design] leakage_power]
0.0001387352217260161
if {$total_power != ""} {
    puts $summary_file "Total Power: $total_power"
}
if {$dynamic_power != ""} {
    puts $summary_file "Dynamic Power: $dynamic_power"
}
if {$leakage_power != ""} {
    puts $summary_file "Leakage Power: $leakage_power"
}
close $summary_file
puts "Summary statistics generated"
Summary statistics generated
# -----------------------------------------------------------------------------
# Completion Message
# -----------------------------------------------------------------------------
puts "========== Power Analysis Complete =========="
========== Power Analysis Complete ==========
puts "All reports generated in $TEMP_RESULTS_DIR/ directory:"
All reports generated in temp_results_20251028_220417/ directory:
puts "  - Component group power reports"
  - Component group power reports
puts "  - Hierarchical power reports (multiple levels)"
  - Hierarchical power reports (multiple levels)
puts "  - RTL metrics reports"
  - RTL metrics reports
puts "  - Power validation reports"
  - Power validation reports
puts "  - Summary statistics"
  - Summary statistics
puts "========== Analysis Session Complete =========="
========== Analysis Session Complete ==========
exit
Information: Defining new variable 'FILELIST'. (CMD-041)
Information: Defining new variable 'CORNER_NAME'. (CMD-041)
Information: Defining new variable 'SEARCH_PATHS'. (CMD-041)
Information: Defining new variable 'CORES'. (CMD-041)
Information: Defining new variable 'OUTPUT_DIR'. (CMD-041)
Information: Defining new variable 'STRIP_PATH'. (CMD-041)
Information: Defining new variable 'SCENARIO_NAME'. (CMD-041)
Information: Defining new variable 'leakage_power'. (CMD-041)
Information: Defining new variable 'CG_MAX_FANOUT'. (CMD-041)
Information: Defining new variable 'TOP_MODULE'. (CMD-041)
Information: Defining new variable 'CG_TEST_POINT'. (CMD-041)
Information: Defining new variable 'SDC_FILE'. (CMD-041)
Information: Defining new variable 'CG_TARGET'. (CMD-041)
Information: Defining new variable 'RESULT_DIR'. (CMD-041)
Information: Defining new variable 'CG_MAX_LEVELS'. (CMD-041)
Information: Defining new variable 'level'. (CMD-041)
Information: Defining new variable 'MODE_NAME'. (CMD-041)
Information: Defining new variable 'HIERARCHY_LEVELS'. (CMD-041)
Information: Defining new variable 'TLU_NOMINAL'. (CMD-041)
Information: Defining new variable 'summary_file'. (CMD-041)
Information: Defining new variable 'TECH_TF'. (CMD-041)
Information: Defining new variable 'DESIGN_NAME'. (CMD-041)
Information: Defining new variable 'FSDB_FILE'. (CMD-041)
Information: Defining new variable 'REF_LIBS'. (CMD-041)
Information: Defining new variable 'TEMP_RESULTS_DIR'. (CMD-041)
Information: Defining new variable 'total_power'. (CMD-041)
Information: Defining new variable 'TLU_NAME'. (CMD-041)
Information: Defining new variable 'dynamic_power'. (CMD-041)
Information: Defining new variable 'LIB_NAME'. (CMD-041)
Suppressed Messages Summary:
Id          Severity      Occurrences   Suppressed
-------------------------------------------------------------------------------
PWR-019     Warning              2470         2470
Total 1 type of message is suppressed

Timing updates: 1 (1 implicit, 0 explicit) (0 incremental, 1 full, 0 logical)
Noise updates: 0 (0 implicit, 0 explicit) (0 incremental, 0 full)
Maximum memory usage for this session: 3478.28 MB
CPU usage for this session: 80 seconds 
Elapsed time for this session: 25 seconds
Diagnostics summary: 290 warnings, 151 informationals

Thank you for using pwr_shell!
