#! /c/Source/iverilog-install/bin/vvp
:ivl_version "12.0 (devel)" "(s20150603-1539-g2693dd32b)";
:ivl_delay_selection "TYPICAL";
:vpi_time_precision - 10;
:vpi_module "F:\iverilog\lib\ivl\system.vpi";
:vpi_module "F:\iverilog\lib\ivl\vhdl_sys.vpi";
:vpi_module "F:\iverilog\lib\ivl\vhdl_textio.vpi";
:vpi_module "F:\iverilog\lib\ivl\v2005_math.vpi";
:vpi_module "F:\iverilog\lib\ivl\va_math.vpi";
S_0000016bb32c9070 .scope module, "sign_extender_tb" "sign_extender_tb" 2 6;
 .timescale -9 -10;
v0000016bb333bf90_0 .net "imm_ext", 31 0, v0000016bb32db1b0_0;  1 drivers
v0000016bb333b090_0 .var "imm_sel", 3 0;
v0000016bb333b450_0 .var "inst", 31 0;
S_0000016bb32daf80 .scope module, "uut" "sign_extender" 2 16, 3 9 0, S_0000016bb32c9070;
 .timescale -9 -10;
    .port_info 0 /INPUT 32 "inst";
    .port_info 1 /INPUT 4 "imm_sel";
    .port_info 2 /OUTPUT 32 "imm_ext";
v0000016bb328b880_0 .net "TYPE1", 19 0, L_0000016bb333b630;  1 drivers
v0000016bb32c9200_0 .net "TYPE2", 19 0, L_0000016bb333bd10;  1 drivers
v0000016bb328a000_0 .net "TYPE3", 11 0, L_0000016bb333bef0;  1 drivers
v0000016bb3289e40_0 .net "TYPE5", 11 0, L_0000016bb333b310;  1 drivers
v0000016bb3289780_0 .net "TYPE6", 4 0, L_0000016bb333b4f0;  1 drivers
v0000016bb32cc770_0 .net *"_ivl_7", 6 0, L_0000016bb333b130;  1 drivers
v0000016bb32db110_0 .net *"_ivl_9", 4 0, L_0000016bb333be50;  1 drivers
v0000016bb32db1b0_0 .var "imm_ext", 31 0;
v0000016bb32db250_0 .net "imm_sel", 3 0, v0000016bb333b090_0;  1 drivers
v0000016bb32db2f0_0 .net "inst", 31 0, v0000016bb333b450_0;  1 drivers
E_0000016bb32cb8a0/0 .event anyedge, v0000016bb32db250_0, v0000016bb328b880_0, v0000016bb32c9200_0, v0000016bb32db2f0_0;
E_0000016bb32cb8a0/1 .event anyedge, v0000016bb328a000_0, v0000016bb3289e40_0, v0000016bb3289780_0;
E_0000016bb32cb8a0 .event/or E_0000016bb32cb8a0/0, E_0000016bb32cb8a0/1;
L_0000016bb333b630 .part v0000016bb333b450_0, 12, 20;
L_0000016bb333bd10 .part v0000016bb333b450_0, 12, 20;
L_0000016bb333bef0 .part v0000016bb333b450_0, 20, 12;
L_0000016bb333b130 .part v0000016bb333b450_0, 25, 7;
L_0000016bb333be50 .part v0000016bb333b450_0, 7, 5;
L_0000016bb333b310 .concat [ 5 7 0 0], L_0000016bb333be50, L_0000016bb333b130;
L_0000016bb333b4f0 .part v0000016bb333b450_0, 25, 5;
    .scope S_0000016bb32daf80;
T_0 ;
    %wait E_0000016bb32cb8a0;
    %delay 20, 0;
    %load/vec4 v0000016bb32db250_0;
    %parti/s 3, 0, 2;
    %dup/vec4;
    %pushi/vec4 0, 0, 3;
    %cmp/u;
    %jmp/1 T_0.0, 6;
    %dup/vec4;
    %pushi/vec4 1, 0, 3;
    %cmp/u;
    %jmp/1 T_0.1, 6;
    %dup/vec4;
    %pushi/vec4 2, 0, 3;
    %cmp/u;
    %jmp/1 T_0.2, 6;
    %dup/vec4;
    %pushi/vec4 3, 0, 3;
    %cmp/u;
    %jmp/1 T_0.3, 6;
    %dup/vec4;
    %pushi/vec4 4, 0, 3;
    %cmp/u;
    %jmp/1 T_0.4, 6;
    %dup/vec4;
    %pushi/vec4 5, 0, 3;
    %cmp/u;
    %jmp/1 T_0.5, 6;
    %jmp T_0.6;
T_0.0 ;
    %load/vec4 v0000016bb328b880_0;
    %concati/vec4 0, 0, 12;
    %store/vec4 v0000016bb32db1b0_0, 0, 32;
    %jmp T_0.6;
T_0.1 ;
    %load/vec4 v0000016bb32db250_0;
    %parti/s 1, 3, 3;
    %cmpi/e 1, 0, 1;
    %jmp/0xz  T_0.7, 4;
    %pushi/vec4 0, 0, 11;
    %load/vec4 v0000016bb32c9200_0;
    %concat/vec4; draw_concat_vec4
    %concati/vec4 0, 0, 1;
    %store/vec4 v0000016bb32db1b0_0, 0, 32;
    %jmp T_0.8;
T_0.7 ;
    %load/vec4 v0000016bb32db2f0_0;
    %parti/s 1, 31, 6;
    %replicate 11;
    %load/vec4 v0000016bb32db2f0_0;
    %parti/s 1, 31, 6;
    %concat/vec4; draw_concat_vec4
    %load/vec4 v0000016bb32db2f0_0;
    %parti/s 8, 12, 5;
    %concat/vec4; draw_concat_vec4
    %load/vec4 v0000016bb32db2f0_0;
    %parti/s 1, 20, 6;
    %concat/vec4; draw_concat_vec4
    %load/vec4 v0000016bb32db2f0_0;
    %parti/s 10, 21, 6;
    %concat/vec4; draw_concat_vec4
    %concati/vec4 0, 0, 1;
    %store/vec4 v0000016bb32db1b0_0, 0, 32;
T_0.8 ;
    %jmp T_0.6;
T_0.2 ;
    %load/vec4 v0000016bb32db250_0;
    %parti/s 1, 3, 3;
    %cmpi/e 1, 0, 1;
    %jmp/0xz  T_0.9, 4;
    %pushi/vec4 0, 0, 20;
    %load/vec4 v0000016bb328a000_0;
    %concat/vec4; draw_concat_vec4
    %store/vec4 v0000016bb32db1b0_0, 0, 32;
    %jmp T_0.10;
T_0.9 ;
    %load/vec4 v0000016bb328a000_0;
    %parti/s 1, 11, 5;
    %replicate 20;
    %load/vec4 v0000016bb328a000_0;
    %concat/vec4; draw_concat_vec4
    %store/vec4 v0000016bb32db1b0_0, 0, 32;
T_0.10 ;
    %jmp T_0.6;
T_0.3 ;
    %load/vec4 v0000016bb32db250_0;
    %parti/s 1, 3, 3;
    %cmpi/e 1, 0, 1;
    %jmp/0xz  T_0.11, 4;
    %pushi/vec4 0, 0, 20;
    %load/vec4 v0000016bb32db2f0_0;
    %parti/s 1, 31, 6;
    %concat/vec4; draw_concat_vec4
    %load/vec4 v0000016bb32db2f0_0;
    %parti/s 1, 7, 4;
    %concat/vec4; draw_concat_vec4
    %load/vec4 v0000016bb32db2f0_0;
    %parti/s 6, 25, 6;
    %concat/vec4; draw_concat_vec4
    %load/vec4 v0000016bb32db2f0_0;
    %parti/s 4, 8, 5;
    %concat/vec4; draw_concat_vec4
    %concati/vec4 0, 0, 1;
    %pad/u 32;
    %store/vec4 v0000016bb32db1b0_0, 0, 32;
    %jmp T_0.12;
T_0.11 ;
    %load/vec4 v0000016bb32db2f0_0;
    %parti/s 1, 31, 6;
    %replicate 20;
    %load/vec4 v0000016bb32db2f0_0;
    %parti/s 1, 31, 6;
    %concat/vec4; draw_concat_vec4
    %load/vec4 v0000016bb32db2f0_0;
    %parti/s 1, 7, 4;
    %concat/vec4; draw_concat_vec4
    %load/vec4 v0000016bb32db2f0_0;
    %parti/s 6, 25, 6;
    %concat/vec4; draw_concat_vec4
    %load/vec4 v0000016bb32db2f0_0;
    %parti/s 4, 8, 5;
    %concat/vec4; draw_concat_vec4
    %concati/vec4 0, 0, 1;
    %pad/u 32;
    %store/vec4 v0000016bb32db1b0_0, 0, 32;
T_0.12 ;
    %jmp T_0.6;
T_0.4 ;
    %load/vec4 v0000016bb32db250_0;
    %parti/s 1, 3, 3;
    %cmpi/e 1, 0, 1;
    %jmp/0xz  T_0.13, 4;
    %pushi/vec4 0, 0, 20;
    %load/vec4 v0000016bb3289e40_0;
    %concat/vec4; draw_concat_vec4
    %store/vec4 v0000016bb32db1b0_0, 0, 32;
    %jmp T_0.14;
T_0.13 ;
    %load/vec4 v0000016bb3289e40_0;
    %parti/s 1, 11, 5;
    %replicate 20;
    %load/vec4 v0000016bb3289e40_0;
    %concat/vec4; draw_concat_vec4
    %store/vec4 v0000016bb32db1b0_0, 0, 32;
T_0.14 ;
    %jmp T_0.6;
T_0.5 ;
    %pushi/vec4 0, 0, 27;
    %load/vec4 v0000016bb3289780_0;
    %concat/vec4; draw_concat_vec4
    %store/vec4 v0000016bb32db1b0_0, 0, 32;
    %jmp T_0.6;
T_0.6 ;
    %pop/vec4 1;
    %jmp T_0;
    .thread T_0, $push;
    .scope S_0000016bb32c9070;
T_1 ;
    %vpi_call 2 25 "$dumpfile", "tb_sign_extender.vcd" {0 0 0};
    %vpi_call 2 26 "$dumpvars", 32'sb00000000000000000000000000000000, S_0000016bb32c9070 {0 0 0};
    %vpi_call 2 28 "$monitor", "Time: %d | IMM_SEL: %b | IMM_EXT: %h", $time, v0000016bb333b090_0, v0000016bb333bf90_0 {0 0 0};
    %pushi/vec4 4294963491, 0, 32;
    %store/vec4 v0000016bb333b450_0, 0, 32;
    %pushi/vec4 0, 0, 4;
    %store/vec4 v0000016bb333b090_0, 0, 4;
    %delay 100, 0;
    %vpi_call 2 34 "$display", $time, "IMM_TYPE1: inst = %h, imm_ext = %h", v0000016bb333b450_0, v0000016bb333bf90_0 {0 0 0};
    %pushi/vec4 4045620583, 0, 32;
    %store/vec4 v0000016bb333b450_0, 0, 32;
    %pushi/vec4 1, 0, 4;
    %store/vec4 v0000016bb333b090_0, 0, 4;
    %delay 100, 0;
    %vpi_call 2 40 "$display", $time, "IMM_TYPE2 (signed): inst = %h, imm_ext = %h", v0000016bb333b450_0, v0000016bb333bf90_0 {0 0 0};
    %pushi/vec4 4045620583, 0, 32;
    %store/vec4 v0000016bb333b450_0, 0, 32;
    %pushi/vec4 9, 0, 4;
    %store/vec4 v0000016bb333b090_0, 0, 4;
    %delay 100, 0;
    %vpi_call 2 46 "$display", $time, "IMM_TYPE2 (unsigned): inst = %h, imm_ext = %h", v0000016bb333b450_0, v0000016bb333bf90_0 {0 0 0};
    %pushi/vec4 4045620583, 0, 32;
    %store/vec4 v0000016bb333b450_0, 0, 32;
    %pushi/vec4 2, 0, 4;
    %store/vec4 v0000016bb333b090_0, 0, 4;
    %delay 100, 0;
    %vpi_call 2 52 "$display", $time, "IMM_TYPE3 (signed): inst = %h, imm_ext = %h", v0000016bb333b450_0, v0000016bb333bf90_0 {0 0 0};
    %pushi/vec4 4045620583, 0, 32;
    %store/vec4 v0000016bb333b450_0, 0, 32;
    %pushi/vec4 10, 0, 4;
    %store/vec4 v0000016bb333b090_0, 0, 4;
    %delay 100, 0;
    %vpi_call 2 58 "$display", $time, "IMM_TYPE3 (unsigned): inst = %h, imm_ext = %h", v0000016bb333b450_0, v0000016bb333bf90_0 {0 0 0};
    %pushi/vec4 4045620583, 0, 32;
    %store/vec4 v0000016bb333b450_0, 0, 32;
    %pushi/vec4 3, 0, 4;
    %store/vec4 v0000016bb333b090_0, 0, 4;
    %delay 100, 0;
    %vpi_call 2 64 "$display", $time, "IMM_TYPE4 (signed): inst = %h, imm_ext = %h", v0000016bb333b450_0, v0000016bb333bf90_0 {0 0 0};
    %pushi/vec4 4045620583, 0, 32;
    %store/vec4 v0000016bb333b450_0, 0, 32;
    %pushi/vec4 11, 0, 4;
    %store/vec4 v0000016bb333b090_0, 0, 4;
    %delay 100, 0;
    %vpi_call 2 70 "$display", $time, "IMM_TYPE4 (unsigned): inst = %h, imm_ext = %h", v0000016bb333b450_0, v0000016bb333bf90_0 {0 0 0};
    %pushi/vec4 4045620583, 0, 32;
    %store/vec4 v0000016bb333b450_0, 0, 32;
    %pushi/vec4 4, 0, 4;
    %store/vec4 v0000016bb333b090_0, 0, 4;
    %delay 100, 0;
    %vpi_call 2 76 "$display", $time, "IMM_TYPE5 (signed): inst = %h, imm_ext = %h", v0000016bb333b450_0, v0000016bb333bf90_0 {0 0 0};
    %pushi/vec4 4045620583, 0, 32;
    %store/vec4 v0000016bb333b450_0, 0, 32;
    %pushi/vec4 12, 0, 4;
    %store/vec4 v0000016bb333b090_0, 0, 4;
    %delay 100, 0;
    %vpi_call 2 82 "$display", $time, "IMM_TYPE5 (unsigned): inst = %h, imm_ext = %h", v0000016bb333b450_0, v0000016bb333bf90_0 {0 0 0};
    %pushi/vec4 4045620583, 0, 32;
    %store/vec4 v0000016bb333b450_0, 0, 32;
    %pushi/vec4 5, 0, 4;
    %store/vec4 v0000016bb333b090_0, 0, 4;
    %delay 100, 0;
    %vpi_call 2 88 "$display", $time, "IMM_TYPE6: inst = %h, imm_ext = %h", v0000016bb333b450_0, v0000016bb333bf90_0 {0 0 0};
    %vpi_call 2 91 "$finish" {0 0 0};
    %end;
    .thread T_1;
# The file index is used to find the file name in the following table.
:file_names 4;
    "N/A";
    "<interactive>";
    "sign_extender_tb.v";
    "./sign_extender.v";
