
                                  PrimePower 

               Version W-2024.09-SP2 for linux64 - Nov 27, 2024 

                    Copyright (c) 1988 - 2024 Synopsys, Inc.
   This software and the associated documentation are proprietary to Synopsys,
 Inc. This software may only be used in accordance with the terms and conditions
 of a written license agreement with Synopsys, Inc. All other use, reproduction,
   or distribution of this software is strictly prohibited.  Licensed Products
     communicate with Synopsys servers for the purpose of providing software
    updates, detecting software piracy and verifying that customers are using
    Licensed Products in conformity with the applicable License Key for such
  Licensed Products. Synopsys will use information gathered in connection with
    this process to deliver software updates and pursue software pirates and
                                   infringers.

 Inclusivity & Diversity - Visit SolvNetPlus to read the "Synopsys Statement on
            Inclusivity and Diversity" (Refer to article 000036315 at
                        https://solvnetplus.synopsys.com)
#!/bin/tcsh -f
# =============================================================================
# Power Analysis and Metrics Reporting Script for SKY130
# =============================================================================
# Description: This script performs detailed power analysis and generates
#              comprehensive power and RTL metrics reports for the RISC-V CPU
# Author: CO502 Group 1  
# Technology: SKY130 130nm Process
# Prerequisites: Run after rtla.tcl synthesis completion
# =============================================================================
# -----------------------------------------------------------------------------
# Power Analysis Configuration
# -----------------------------------------------------------------------------
puts "========== Starting Power Analysis and Metrics =========="
========== Starting Power Analysis and Metrics ==========
puts "Technology: SKY130 130nm"
Technology: SKY130 130nm
puts "Design: RISC-V CPU Pipeline"
Design: RISC-V CPU Pipeline
# Enable power analysis features
set_app_var power_enable_rtl_analysis true
Information: Checked out license 'PrimePower-RTL' (PT-019)
true
set_app_var power_enable_analysis true
true
set_app_var power_enable_multi_rtl_to_gate_mapping true
true
set_app_var power_enable_advanced_fsdb_reader true
true
# Configure parallel processing
set_host_options -max_cores 8
Information: The max_cores limit for the local (current) process has been modified by 4 to 8. (CMCR-103)
1
puts "Using 8 cores for power analysis"
Using 8 cores for power analysis
# Set search paths for SKY130 libraries
set search_path "* ./ ./INPUT//ndm ../../cpu/ ../libs/sky130_library/ndm"
* ./ ./INPUT//ndm ../../cpu/ ../libs/sky130_library/ndm
# Enable clock gating logic clustering for registers
set_app_var power_rtl_report_register_use_cg_logic_clustering true
true
# -----------------------------------------------------------------------------
# Load Analysis Data
# -----------------------------------------------------------------------------
puts "========== Loading Analysis Data =========="
========== Loading Analysis Data ==========
# Create results directory if it doesn't exist
file mkdir results
# Compute metrics from previous synthesis run
compute_metrics -reuse TZ_OUTDIR
Error: Cannot find workspace dir "TZ_OUTDIR"
	Use error_info for more info. (CMD-013)
Information: script 'restore_new.tcl'
	stopped at line 44 due to error. (CMD-081)
Extended error info:
Cannot find workspace dir "TZ_OUTDIR"
    invoked from within
"::pprtl_common::_return "Cannot find workspace dir \"$odir\"" -msg_type hard_error"
    (procedure "compute_metrics" line 63)
    invoked from within
"compute_metrics -reuse TZ_OUTDIR"
    (file "restore_new.tcl" line 44)
 -- End Extended Error Info
pwr_shell> 