#! /c/Source/iverilog-install/bin/vvp
:ivl_version "12.0 (devel)" "(s20150603-1539-g2693dd32b)";
:ivl_delay_selection "TYPICAL";
:vpi_time_precision - 10;
:vpi_module "F:\iverilog\lib\ivl\system.vpi";
:vpi_module "F:\iverilog\lib\ivl\vhdl_sys.vpi";
:vpi_module "F:\iverilog\lib\ivl\vhdl_textio.vpi";
:vpi_module "F:\iverilog\lib\ivl\v2005_math.vpi";
:vpi_module "F:\iverilog\lib\ivl\va_math.vpi";
S_000001706e164540 .scope module, "alu_tb" "alu_tb" 2 8;
 .timescale -9 -10;
v000001706e1e2620_0 .var "DATA1", 31 0;
v000001706e1e2800_0 .var "DATA2", 31 0;
v000001706e1e29e0_0 .net "RESULT", 31 0, v000001706e173a80_0;  1 drivers
v000001706e1e2a80_0 .var "SELECT", 4 0;
v000001706e1e2c60_0 .var "clk", 0 0;
S_000001706e1646d0 .scope module, "uut" "alu" 2 18, 3 9 0, S_000001706e164540;
 .timescale -9 -10;
    .port_info 0 /INPUT 32 "DATA1";
    .port_info 1 /INPUT 32 "DATA2";
    .port_info 2 /INPUT 5 "SELECT";
    .port_info 3 /OUTPUT 32 "RESULT";
v000001706e133550_0 .net/s "DATA1", 31 0, v000001706e1e2620_0;  1 drivers
v000001706e179d20_0 .net "DATA2", 31 0, v000001706e1e2800_0;  1 drivers
v000001706e173a80_0 .var "RESULT", 31 0;
v000001706e16d840_0 .net "SELECT", 4 0, v000001706e1e2a80_0;  1 drivers
v000001706e16d8e0_0 .var *"_ivl_0", 31 0; Local signal
v000001706e16d980_0 .var *"_ivl_1", 31 0; Local signal
v000001706e16da20_0 .var *"_ivl_10", 31 0; Local signal
v000001706e16dac0_0 .var *"_ivl_11", 31 0; Local signal
v000001706e16db60_0 .var *"_ivl_12", 31 0; Local signal
v000001706e16dc00_0 .var *"_ivl_13", 31 0; Local signal
v000001706e132da0_0 .var *"_ivl_14", 31 0; Local signal
v000001706e132e40_0 .var *"_ivl_15", 31 0; Local signal
v000001706e132ee0_0 .var *"_ivl_16", 31 0; Local signal
v000001706e132f80_0 .var *"_ivl_17", 31 0; Local signal
v000001706e133020_0 .var *"_ivl_18", 31 0; Local signal
v000001706e1330c0_0 .var *"_ivl_2", 31 0; Local signal
v000001706e1e21c0_0 .var *"_ivl_3", 31 0; Local signal
v000001706e1e28a0_0 .var *"_ivl_4", 31 0; Local signal
v000001706e1e2b20_0 .var *"_ivl_5", 31 0; Local signal
v000001706e1e2940_0 .var *"_ivl_6", 31 0; Local signal
v000001706e1e2080_0 .var *"_ivl_7", 31 0; Local signal
v000001706e1e23a0_0 .var *"_ivl_8", 31 0; Local signal
v000001706e1e2260_0 .var *"_ivl_9", 31 0; Local signal
v000001706e1e2bc0_0 .var "operation_result", 31 0;
E_000001706e162500 .event anyedge, v000001706e16d840_0, v000001706e133550_0, v000001706e179d20_0, v000001706e1e2bc0_0;
    .scope S_000001706e1646d0;
T_0 ;
    %wait E_000001706e162500;
    %pushi/vec4 0, 0, 32;
    %store/vec4 v000001706e1e2bc0_0, 0, 32;
    %load/vec4 v000001706e16d840_0;
    %dup/vec4;
    %pushi/vec4 0, 0, 5;
    %cmp/u;
    %jmp/1 T_0.0, 6;
    %dup/vec4;
    %pushi/vec4 16, 0, 5;
    %cmp/u;
    %jmp/1 T_0.1, 6;
    %dup/vec4;
    %pushi/vec4 1, 0, 5;
    %cmp/u;
    %jmp/1 T_0.2, 6;
    %dup/vec4;
    %pushi/vec4 5, 0, 5;
    %cmp/u;
    %jmp/1 T_0.3, 6;
    %dup/vec4;
    %pushi/vec4 17, 0, 5;
    %cmp/u;
    %jmp/1 T_0.4, 6;
    %dup/vec4;
    %pushi/vec4 2, 0, 5;
    %cmp/u;
    %jmp/1 T_0.5, 6;
    %dup/vec4;
    %pushi/vec4 3, 0, 5;
    %cmp/u;
    %jmp/1 T_0.6, 6;
    %dup/vec4;
    %pushi/vec4 4, 0, 5;
    %cmp/u;
    %jmp/1 T_0.7, 6;
    %dup/vec4;
    %pushi/vec4 6, 0, 5;
    %cmp/u;
    %jmp/1 T_0.8, 6;
    %dup/vec4;
    %pushi/vec4 7, 0, 5;
    %cmp/u;
    %jmp/1 T_0.9, 6;
    %dup/vec4;
    %pushi/vec4 8, 0, 5;
    %cmp/u;
    %jmp/1 T_0.10, 6;
    %dup/vec4;
    %pushi/vec4 9, 0, 5;
    %cmp/u;
    %jmp/1 T_0.11, 6;
    %dup/vec4;
    %pushi/vec4 10, 0, 5;
    %cmp/u;
    %jmp/1 T_0.12, 6;
    %dup/vec4;
    %pushi/vec4 11, 0, 5;
    %cmp/u;
    %jmp/1 T_0.13, 6;
    %dup/vec4;
    %pushi/vec4 12, 0, 5;
    %cmp/u;
    %jmp/1 T_0.14, 6;
    %dup/vec4;
    %pushi/vec4 13, 0, 5;
    %cmp/u;
    %jmp/1 T_0.15, 6;
    %dup/vec4;
    %pushi/vec4 14, 0, 5;
    %cmp/u;
    %jmp/1 T_0.16, 6;
    %dup/vec4;
    %pushi/vec4 15, 0, 5;
    %cmp/u;
    %jmp/1 T_0.17, 6;
    %load/vec4 v000001706e16d840_0;
    %parti/s 2, 3, 3;
    %cmpi/e 3, 0, 2;
    %jmp/0xz  T_0.20, 4;
    %load/vec4 v000001706e179d20_0;
    %store/vec4 v000001706e133020_0, 0, 32;
    %pushi/vec4 10, 0, 64;
    %ix/vec4 4;
    %delayx 4;
    %load/vec4 v000001706e133020_0;
    %store/vec4 v000001706e1e2bc0_0, 0, 32;
    %jmp T_0.21;
T_0.20 ;
    %pushi/vec4 0, 0, 32;
    %store/vec4 v000001706e1e2bc0_0, 0, 32;
T_0.21 ;
    %jmp T_0.19;
T_0.0 ;
    %load/vec4 v000001706e133550_0;
    %load/vec4 v000001706e179d20_0;
    %add;
    %store/vec4 v000001706e16d8e0_0, 0, 32;
    %pushi/vec4 20, 0, 64;
    %ix/vec4 4;
    %delayx 4;
    %load/vec4 v000001706e16d8e0_0;
    %store/vec4 v000001706e1e2bc0_0, 0, 32;
    %jmp T_0.19;
T_0.1 ;
    %load/vec4 v000001706e133550_0;
    %load/vec4 v000001706e179d20_0;
    %sub;
    %store/vec4 v000001706e16d980_0, 0, 32;
    %pushi/vec4 20, 0, 64;
    %ix/vec4 4;
    %delayx 4;
    %load/vec4 v000001706e16d980_0;
    %store/vec4 v000001706e1e2bc0_0, 0, 32;
    %jmp T_0.19;
T_0.2 ;
    %load/vec4 v000001706e133550_0;
    %load/vec4 v000001706e179d20_0;
    %parti/s 5, 0, 2;
    %ix/vec4 4;
    %shiftl 4;
    %store/vec4 v000001706e1330c0_0, 0, 32;
    %pushi/vec4 10, 0, 64;
    %ix/vec4 4;
    %delayx 4;
    %load/vec4 v000001706e1330c0_0;
    %store/vec4 v000001706e1e2bc0_0, 0, 32;
    %jmp T_0.19;
T_0.3 ;
    %load/vec4 v000001706e133550_0;
    %load/vec4 v000001706e179d20_0;
    %parti/s 5, 0, 2;
    %ix/vec4 4;
    %shiftr 4;
    %store/vec4 v000001706e1e21c0_0, 0, 32;
    %pushi/vec4 10, 0, 64;
    %ix/vec4 4;
    %delayx 4;
    %load/vec4 v000001706e1e21c0_0;
    %store/vec4 v000001706e1e2bc0_0, 0, 32;
    %jmp T_0.19;
T_0.4 ;
    %load/vec4 v000001706e133550_0;
    %load/vec4 v000001706e179d20_0;
    %parti/s 5, 0, 2;
    %ix/vec4 4;
    %shiftr/s 4;
    %store/vec4 v000001706e1e28a0_0, 0, 32;
    %pushi/vec4 10, 0, 64;
    %ix/vec4 4;
    %delayx 4;
    %load/vec4 v000001706e1e28a0_0;
    %store/vec4 v000001706e1e2bc0_0, 0, 32;
    %jmp T_0.19;
T_0.5 ;
    %load/vec4 v000001706e133550_0;
    %load/vec4 v000001706e179d20_0;
    %cmp/s;
    %flag_mov 8, 5;
    %jmp/0 T_0.22, 8;
    %pushi/vec4 1, 0, 32;
    %jmp/1 T_0.23, 8;
T_0.22 ; End of true expr.
    %pushi/vec4 0, 0, 32;
    %jmp/0 T_0.23, 8;
 ; End of false expr.
    %blend;
T_0.23;
    %store/vec4 v000001706e1e2b20_0, 0, 32;
    %pushi/vec4 10, 0, 64;
    %ix/vec4 4;
    %delayx 4;
    %load/vec4 v000001706e1e2b20_0;
    %store/vec4 v000001706e1e2bc0_0, 0, 32;
    %jmp T_0.19;
T_0.6 ;
    %load/vec4 v000001706e133550_0;
    %load/vec4 v000001706e179d20_0;
    %cmp/u;
    %flag_mov 8, 5;
    %jmp/0 T_0.24, 8;
    %pushi/vec4 1, 0, 32;
    %jmp/1 T_0.25, 8;
T_0.24 ; End of true expr.
    %pushi/vec4 0, 0, 32;
    %jmp/0 T_0.25, 8;
 ; End of false expr.
    %blend;
T_0.25;
    %store/vec4 v000001706e1e2940_0, 0, 32;
    %pushi/vec4 10, 0, 64;
    %ix/vec4 4;
    %delayx 4;
    %load/vec4 v000001706e1e2940_0;
    %store/vec4 v000001706e1e2bc0_0, 0, 32;
    %jmp T_0.19;
T_0.7 ;
    %load/vec4 v000001706e133550_0;
    %load/vec4 v000001706e179d20_0;
    %xor;
    %store/vec4 v000001706e1e2080_0, 0, 32;
    %pushi/vec4 10, 0, 64;
    %ix/vec4 4;
    %delayx 4;
    %load/vec4 v000001706e1e2080_0;
    %store/vec4 v000001706e1e2bc0_0, 0, 32;
    %jmp T_0.19;
T_0.8 ;
    %load/vec4 v000001706e133550_0;
    %load/vec4 v000001706e179d20_0;
    %or;
    %store/vec4 v000001706e1e23a0_0, 0, 32;
    %pushi/vec4 10, 0, 64;
    %ix/vec4 4;
    %delayx 4;
    %load/vec4 v000001706e1e23a0_0;
    %store/vec4 v000001706e1e2bc0_0, 0, 32;
    %jmp T_0.19;
T_0.9 ;
    %load/vec4 v000001706e133550_0;
    %load/vec4 v000001706e179d20_0;
    %and;
    %store/vec4 v000001706e1e2260_0, 0, 32;
    %pushi/vec4 10, 0, 64;
    %ix/vec4 4;
    %delayx 4;
    %load/vec4 v000001706e1e2260_0;
    %store/vec4 v000001706e1e2bc0_0, 0, 32;
    %jmp T_0.19;
T_0.10 ;
    %load/vec4 v000001706e133550_0;
    %load/vec4 v000001706e179d20_0;
    %mul;
    %store/vec4 v000001706e16da20_0, 0, 32;
    %pushi/vec4 30, 0, 64;
    %ix/vec4 4;
    %delayx 4;
    %load/vec4 v000001706e16da20_0;
    %store/vec4 v000001706e1e2bc0_0, 0, 32;
    %jmp T_0.19;
T_0.11 ;
    %load/vec4 v000001706e133550_0;
    %parti/s 1, 31, 6;
    %replicate 32;
    %load/vec4 v000001706e133550_0;
    %concat/vec4; draw_concat_vec4
    %load/vec4 v000001706e179d20_0;
    %parti/s 1, 31, 6;
    %replicate 32;
    %load/vec4 v000001706e179d20_0;
    %concat/vec4; draw_concat_vec4
    %mul;
    %ix/load 4, 32, 0;
    %flag_set/imm 4, 0;
    %shiftr 4;
    %pad/s 32;
    %store/vec4 v000001706e16dac0_0, 0, 32;
    %pushi/vec4 30, 0, 64;
    %ix/vec4 4;
    %delayx 4;
    %load/vec4 v000001706e16dac0_0;
    %store/vec4 v000001706e1e2bc0_0, 0, 32;
    %jmp T_0.19;
T_0.12 ;
    %load/vec4 v000001706e133550_0;
    %parti/s 1, 31, 6;
    %replicate 32;
    %load/vec4 v000001706e133550_0;
    %concat/vec4; draw_concat_vec4
    %pushi/vec4 0, 0, 32;
    %load/vec4 v000001706e179d20_0;
    %concat/vec4; draw_concat_vec4
    %mul;
    %ix/load 4, 32, 0;
    %flag_set/imm 4, 0;
    %shiftr 4;
    %pad/u 32;
    %store/vec4 v000001706e16db60_0, 0, 32;
    %pushi/vec4 30, 0, 64;
    %ix/vec4 4;
    %delayx 4;
    %load/vec4 v000001706e16db60_0;
    %store/vec4 v000001706e1e2bc0_0, 0, 32;
    %jmp T_0.19;
T_0.13 ;
    %pushi/vec4 0, 0, 32;
    %load/vec4 v000001706e133550_0;
    %concat/vec4; draw_concat_vec4
    %pushi/vec4 0, 0, 32;
    %load/vec4 v000001706e179d20_0;
    %concat/vec4; draw_concat_vec4
    %mul;
    %ix/load 4, 32, 0;
    %flag_set/imm 4, 0;
    %shiftr 4;
    %pad/u 32;
    %store/vec4 v000001706e16dc00_0, 0, 32;
    %pushi/vec4 30, 0, 64;
    %ix/vec4 4;
    %delayx 4;
    %load/vec4 v000001706e16dc00_0;
    %store/vec4 v000001706e1e2bc0_0, 0, 32;
    %jmp T_0.19;
T_0.14 ;
    %load/vec4 v000001706e179d20_0;
    %cmpi/e 0, 0, 32;
    %flag_mov 8, 4;
    %jmp/0 T_0.26, 8;
    %pushi/vec4 0, 0, 32;
    %jmp/1 T_0.27, 8;
T_0.26 ; End of true expr.
    %load/vec4 v000001706e133550_0;
    %load/vec4 v000001706e179d20_0;
    %div;
    %jmp/0 T_0.27, 8;
 ; End of false expr.
    %blend;
T_0.27;
    %store/vec4 v000001706e132da0_0, 0, 32;
    %pushi/vec4 30, 0, 64;
    %ix/vec4 4;
    %delayx 4;
    %load/vec4 v000001706e132da0_0;
    %store/vec4 v000001706e1e2bc0_0, 0, 32;
    %jmp T_0.19;
T_0.15 ;
    %load/vec4 v000001706e179d20_0;
    %cmpi/e 0, 0, 32;
    %flag_mov 8, 4;
    %jmp/0 T_0.28, 8;
    %pushi/vec4 0, 0, 32;
    %jmp/1 T_0.29, 8;
T_0.28 ; End of true expr.
    %load/vec4 v000001706e133550_0;
    %load/vec4 v000001706e179d20_0;
    %div;
    %jmp/0 T_0.29, 8;
 ; End of false expr.
    %blend;
T_0.29;
    %store/vec4 v000001706e132e40_0, 0, 32;
    %pushi/vec4 30, 0, 64;
    %ix/vec4 4;
    %delayx 4;
    %load/vec4 v000001706e132e40_0;
    %store/vec4 v000001706e1e2bc0_0, 0, 32;
    %jmp T_0.19;
T_0.16 ;
    %load/vec4 v000001706e179d20_0;
    %cmpi/e 0, 0, 32;
    %flag_mov 8, 4;
    %jmp/0 T_0.30, 8;
    %pushi/vec4 0, 0, 32;
    %jmp/1 T_0.31, 8;
T_0.30 ; End of true expr.
    %load/vec4 v000001706e133550_0;
    %load/vec4 v000001706e179d20_0;
    %mod;
    %jmp/0 T_0.31, 8;
 ; End of false expr.
    %blend;
T_0.31;
    %store/vec4 v000001706e132ee0_0, 0, 32;
    %pushi/vec4 30, 0, 64;
    %ix/vec4 4;
    %delayx 4;
    %load/vec4 v000001706e132ee0_0;
    %store/vec4 v000001706e1e2bc0_0, 0, 32;
    %jmp T_0.19;
T_0.17 ;
    %load/vec4 v000001706e179d20_0;
    %cmpi/e 0, 0, 32;
    %flag_mov 8, 4;
    %jmp/0 T_0.32, 8;
    %pushi/vec4 0, 0, 32;
    %jmp/1 T_0.33, 8;
T_0.32 ; End of true expr.
    %load/vec4 v000001706e133550_0;
    %load/vec4 v000001706e179d20_0;
    %mod;
    %jmp/0 T_0.33, 8;
 ; End of false expr.
    %blend;
T_0.33;
    %store/vec4 v000001706e132f80_0, 0, 32;
    %pushi/vec4 30, 0, 64;
    %ix/vec4 4;
    %delayx 4;
    %load/vec4 v000001706e132f80_0;
    %store/vec4 v000001706e1e2bc0_0, 0, 32;
    %jmp T_0.19;
T_0.19 ;
    %pop/vec4 1;
    %load/vec4 v000001706e1e2bc0_0;
    %store/vec4 v000001706e173a80_0, 0, 32;
    %jmp T_0;
    .thread T_0, $push;
    .scope S_000001706e164540;
T_1 ;
    %delay 50, 0;
    %load/vec4 v000001706e1e2c60_0;
    %inv;
    %store/vec4 v000001706e1e2c60_0, 0, 1;
    %jmp T_1;
    .thread T_1;
    .scope S_000001706e164540;
T_2 ;
    %pushi/vec4 0, 0, 1;
    %store/vec4 v000001706e1e2c60_0, 0, 1;
    %pushi/vec4 0, 0, 32;
    %store/vec4 v000001706e1e2620_0, 0, 32;
    %pushi/vec4 0, 0, 32;
    %store/vec4 v000001706e1e2800_0, 0, 32;
    %pushi/vec4 0, 0, 5;
    %store/vec4 v000001706e1e2a80_0, 0, 5;
    %delay 100, 0;
    %pushi/vec4 305419896, 0, 32;
    %store/vec4 v000001706e1e2620_0, 0, 32;
    %pushi/vec4 0, 0, 32;
    %store/vec4 v000001706e1e2800_0, 0, 32;
    %pushi/vec4 31, 7, 5;
    %store/vec4 v000001706e1e2a80_0, 0, 5;
    %delay 100, 0;
    %vpi_call 2 45 "$display", "FORWARD: DATA1 = %h, RESULT = %h", v000001706e1e2620_0, v000001706e1e29e0_0 {0 0 0};
    %pushi/vec4 10, 0, 32;
    %store/vec4 v000001706e1e2620_0, 0, 32;
    %pushi/vec4 11, 0, 32;
    %store/vec4 v000001706e1e2800_0, 0, 32;
    %pushi/vec4 0, 0, 5;
    %store/vec4 v000001706e1e2a80_0, 0, 5;
    %delay 100, 0;
    %vpi_call 2 52 "$display", "ADD: DATA1 = %h, DATA2 = %h, RESULT = %h", v000001706e1e2620_0, v000001706e1e2800_0, v000001706e1e29e0_0 {0 0 0};
    %pushi/vec4 15, 0, 32;
    %store/vec4 v000001706e1e2620_0, 0, 32;
    %pushi/vec4 10, 0, 32;
    %store/vec4 v000001706e1e2800_0, 0, 32;
    %pushi/vec4 16, 0, 5;
    %store/vec4 v000001706e1e2a80_0, 0, 5;
    %delay 100, 0;
    %vpi_call 2 59 "$display", "SUB: DATA1 = %h, DATA2 = %h, RESULT = %h", v000001706e1e2620_0, v000001706e1e2800_0, v000001706e1e29e0_0 {0 0 0};
    %pushi/vec4 1, 0, 32;
    %store/vec4 v000001706e1e2620_0, 0, 32;
    %pushi/vec4 4, 0, 32;
    %store/vec4 v000001706e1e2800_0, 0, 32;
    %pushi/vec4 1, 0, 5;
    %store/vec4 v000001706e1e2a80_0, 0, 5;
    %delay 100, 0;
    %vpi_call 2 66 "$display", "SLL: DATA1 = %h, DATA2 = %h, RESULT = %h", v000001706e1e2620_0, v000001706e1e2800_0, v000001706e1e29e0_0 {0 0 0};
    %pushi/vec4 10, 0, 32;
    %store/vec4 v000001706e1e2620_0, 0, 32;
    %pushi/vec4 11, 0, 32;
    %store/vec4 v000001706e1e2800_0, 0, 32;
    %pushi/vec4 2, 0, 5;
    %store/vec4 v000001706e1e2a80_0, 0, 5;
    %delay 100, 0;
    %vpi_call 2 73 "$display", "SLT: DATA1 = %h, DATA2 = %h, RESULT = %h", v000001706e1e2620_0, v000001706e1e2800_0, v000001706e1e29e0_0 {0 0 0};
    %pushi/vec4 10, 0, 32;
    %store/vec4 v000001706e1e2620_0, 0, 32;
    %pushi/vec4 11, 0, 32;
    %store/vec4 v000001706e1e2800_0, 0, 32;
    %pushi/vec4 3, 0, 5;
    %store/vec4 v000001706e1e2a80_0, 0, 5;
    %delay 100, 0;
    %vpi_call 2 80 "$display", "SLTU: DATA1 = %h, DATA2 = %h, RESULT = %h", v000001706e1e2620_0, v000001706e1e2800_0, v000001706e1e29e0_0 {0 0 0};
    %pushi/vec4 65535, 0, 32;
    %store/vec4 v000001706e1e2620_0, 0, 32;
    %pushi/vec4 4294901760, 0, 32;
    %store/vec4 v000001706e1e2800_0, 0, 32;
    %pushi/vec4 4, 0, 5;
    %store/vec4 v000001706e1e2a80_0, 0, 5;
    %delay 100, 0;
    %vpi_call 2 87 "$display", "XOR: DATA1 = %h, DATA2 = %h, RESULT = %h", v000001706e1e2620_0, v000001706e1e2800_0, v000001706e1e29e0_0 {0 0 0};
    %pushi/vec4 2, 0, 32;
    %store/vec4 v000001706e1e2620_0, 0, 32;
    %pushi/vec4 3, 0, 32;
    %store/vec4 v000001706e1e2800_0, 0, 32;
    %pushi/vec4 8, 0, 5;
    %store/vec4 v000001706e1e2a80_0, 0, 5;
    %delay 100, 0;
    %vpi_call 2 94 "$display", "MUL: DATA1 = %h, DATA2 = %h, RESULT = %h", v000001706e1e2620_0, v000001706e1e2800_0, v000001706e1e29e0_0 {0 0 0};
    %pushi/vec4 10, 0, 32;
    %store/vec4 v000001706e1e2620_0, 0, 32;
    %pushi/vec4 2, 0, 32;
    %store/vec4 v000001706e1e2800_0, 0, 32;
    %pushi/vec4 12, 0, 5;
    %store/vec4 v000001706e1e2a80_0, 0, 5;
    %delay 100, 0;
    %vpi_call 2 101 "$display", "DIV: DATA1 = %h, DATA2 = %h, RESULT = %h", v000001706e1e2620_0, v000001706e1e2800_0, v000001706e1e29e0_0 {0 0 0};
    %pushi/vec4 11, 0, 32;
    %store/vec4 v000001706e1e2620_0, 0, 32;
    %pushi/vec4 3, 0, 32;
    %store/vec4 v000001706e1e2800_0, 0, 32;
    %pushi/vec4 14, 0, 5;
    %store/vec4 v000001706e1e2a80_0, 0, 5;
    %delay 100, 0;
    %vpi_call 2 108 "$display", "REM: DATA1 = %h, DATA2 = %h, RESULT = %h", v000001706e1e2620_0, v000001706e1e2800_0, v000001706e1e29e0_0 {0 0 0};
    %pushi/vec4 65535, 0, 32;
    %store/vec4 v000001706e1e2620_0, 0, 32;
    %pushi/vec4 4294901760, 0, 32;
    %store/vec4 v000001706e1e2800_0, 0, 32;
    %pushi/vec4 7, 0, 5;
    %store/vec4 v000001706e1e2a80_0, 0, 5;
    %delay 100, 0;
    %vpi_call 2 115 "$display", "AND: DATA1 = %h, DATA2 = %h, RESULT = %h", v000001706e1e2620_0, v000001706e1e2800_0, v000001706e1e29e0_0 {0 0 0};
    %pushi/vec4 65535, 0, 32;
    %store/vec4 v000001706e1e2620_0, 0, 32;
    %pushi/vec4 4294901760, 0, 32;
    %store/vec4 v000001706e1e2800_0, 0, 32;
    %pushi/vec4 6, 0, 5;
    %store/vec4 v000001706e1e2a80_0, 0, 5;
    %delay 100, 0;
    %vpi_call 2 122 "$display", "OR: DATA1 = %h, DATA2 = %h, RESULT = %h", v000001706e1e2620_0, v000001706e1e2800_0, v000001706e1e29e0_0 {0 0 0};
    %pushi/vec4 15, 0, 32;
    %store/vec4 v000001706e1e2620_0, 0, 32;
    %pushi/vec4 2, 0, 32;
    %store/vec4 v000001706e1e2800_0, 0, 32;
    %pushi/vec4 5, 0, 5;
    %store/vec4 v000001706e1e2a80_0, 0, 5;
    %delay 100, 0;
    %vpi_call 2 129 "$display", "SRL: DATA1 = %h, DATA2 = %h, RESULT = %h", v000001706e1e2620_0, v000001706e1e2800_0, v000001706e1e29e0_0 {0 0 0};
    %pushi/vec4 2147483648, 0, 32;
    %store/vec4 v000001706e1e2620_0, 0, 32;
    %pushi/vec4 1, 0, 32;
    %store/vec4 v000001706e1e2800_0, 0, 32;
    %pushi/vec4 17, 0, 5;
    %store/vec4 v000001706e1e2a80_0, 0, 5;
    %delay 100, 0;
    %vpi_call 2 136 "$display", "SRA: DATA1 = %h, DATA2 = %h, RESULT = %h", v000001706e1e2620_0, v000001706e1e2800_0, v000001706e1e29e0_0 {0 0 0};
    %pushi/vec4 2684354562, 0, 32;
    %store/vec4 v000001706e1e2620_0, 0, 32;
    %pushi/vec4 2952790019, 0, 32;
    %store/vec4 v000001706e1e2800_0, 0, 32;
    %pushi/vec4 9, 0, 5;
    %store/vec4 v000001706e1e2a80_0, 0, 5;
    %delay 100, 0;
    %vpi_call 2 143 "$display", "MULH: DATA1 = %h, DATA2 = %h, RESULT = %h", v000001706e1e2620_0, v000001706e1e2800_0, v000001706e1e29e0_0 {0 0 0};
    %pushi/vec4 2147483650, 0, 32;
    %store/vec4 v000001706e1e2620_0, 0, 32;
    %pushi/vec4 3, 0, 32;
    %store/vec4 v000001706e1e2800_0, 0, 32;
    %pushi/vec4 10, 0, 5;
    %store/vec4 v000001706e1e2a80_0, 0, 5;
    %delay 100, 0;
    %vpi_call 2 150 "$display", "MULHSU: DATA1 = %h, DATA2 = %h, RESULT = %h", v000001706e1e2620_0, v000001706e1e2800_0, v000001706e1e29e0_0 {0 0 0};
    %pushi/vec4 2147483650, 0, 32;
    %store/vec4 v000001706e1e2620_0, 0, 32;
    %pushi/vec4 3, 0, 32;
    %store/vec4 v000001706e1e2800_0, 0, 32;
    %pushi/vec4 11, 0, 5;
    %store/vec4 v000001706e1e2a80_0, 0, 5;
    %delay 100, 0;
    %vpi_call 2 157 "$display", "MULHU: DATA1 = %h, DATA2 = %h, RESULT = %h", v000001706e1e2620_0, v000001706e1e2800_0, v000001706e1e29e0_0 {0 0 0};
    %pushi/vec4 10, 0, 32;
    %store/vec4 v000001706e1e2620_0, 0, 32;
    %pushi/vec4 2, 0, 32;
    %store/vec4 v000001706e1e2800_0, 0, 32;
    %pushi/vec4 13, 0, 5;
    %store/vec4 v000001706e1e2a80_0, 0, 5;
    %delay 100, 0;
    %vpi_call 2 164 "$display", "DIVU: DATA1 = %h, DATA2 = %h, RESULT = %h", v000001706e1e2620_0, v000001706e1e2800_0, v000001706e1e29e0_0 {0 0 0};
    %pushi/vec4 11, 0, 32;
    %store/vec4 v000001706e1e2620_0, 0, 32;
    %pushi/vec4 3, 0, 32;
    %store/vec4 v000001706e1e2800_0, 0, 32;
    %pushi/vec4 15, 0, 5;
    %store/vec4 v000001706e1e2a80_0, 0, 5;
    %delay 100, 0;
    %vpi_call 2 171 "$display", "REMU: DATA1 = %h, DATA2 = %h, RESULT = %h", v000001706e1e2620_0, v000001706e1e2800_0, v000001706e1e29e0_0 {0 0 0};
    %vpi_call 2 174 "$finish" {0 0 0};
    %end;
    .thread T_2;
# The file index is used to find the file name in the following table.
:file_names 4;
    "N/A";
    "<interactive>";
    "alu_tb.v";
    "./alu.v";
