
                                 PrimeTime (R)

               Version W-2024.09-SP2 for linux64 - Nov 27, 2024 

                    Copyright (c) 1988 - 2024 Synopsys, Inc.
   This software and the associated documentation are proprietary to Synopsys,
 Inc. This software may only be used in accordance with the terms and conditions
 of a written license agreement with Synopsys, Inc. All other use, reproduction,
   or distribution of this software is strictly prohibited.  Licensed Products
     communicate with Synopsys servers for the purpose of providing software
    updates, detecting software piracy and verifying that customers are using
    Licensed Products in conformity with the applicable License Key for such
  Licensed Products. Synopsys will use information gathered in connection with
    this process to deliver software updates and pursue software pirates and
                                   infringers.

 Inclusivity & Diversity - Visit SolvNetPlus to read the "Synopsys Statement on
            Inclusivity and Diversity" (Refer to article 000036315 at
                        https://solvnetplus.synopsys.com)
#!/usr/bin/env tclsh
# Run with: pt_shell -f rtla.tcl > results/rtla.log 2>&1
# =============================================================================
# Blackbox RTL Analysis and Synthesis Script for SKY130
# =============================================================================
# Description: This script performs RTL analysis, synthesis, and power 
#              analysis for the blackbox design using SKY130 technology
# Author: CO502 Group 1
# Technology: SKY130 130nm Process (sky130_fd_sc_hd)
# Tool Versions: PrimeTime 2021.06-SP4, VCS 2021.09
# Library: SKY130 PDK v1.0.1
# =============================================================================
# Define paths as variables
set LIBS_SKY130_PATH "../libs/sky130_library/ndm"
../libs/sky130_library/ndm
set LIBS_SKY130_FD_SC_HD_PATH "../libs/sky130_fd_sc_hd"
../libs/sky130_fd_sc_hd
set RTL_BLACKBOX_PATH "../../../../rtl/blackbox"
../../../../rtl/blackbox
set FSDB_PATH "../../../../rtl/blackbox/novas.fsdb"
../../../../rtl/blackbox/novas.fsdb
# Logging setup
set LOG_DIR "results"
results
set TIMESTAMP [clock format [clock seconds] -format "%Y%m%d_%H%M%S"]
20251011_083643
set LOG_FILE "$LOG_DIR/rtla_$TIMESTAMP.log"
results/rtla_20251011_083643.log
# -----------------------------------------------------------------------------
# Critical File Existence Guards
# -----------------------------------------------------------------------------
# Ensure results directory exists
if {![file exists "results"]} {
    file mkdir "results"
}
# Check FSDB exists
if {![file exists $FSDB_PATH]} {
    puts "ERROR: FSDB not found at $FSDB_PATH"
    error "Missing FSDB file: $FSDB_PATH - regenerate with representative workload"
}
# Check source file list exists
if {![file exists "src.f"]} {
    puts "ERROR: Source file list 'src.f' not found"
    error "Missing source file list"
}
# -----------------------------------------------------------------------------
# Configuration and Setup
# -----------------------------------------------------------------------------
puts "========== Starting Blackbox RTL Analysis and Synthesis =========="
========== Starting Blackbox RTL Analysis and Synthesis ==========
puts "Technology: SKY130 130nm (sky130_fd_sc_hd)"
Technology: SKY130 130nm (sky130_fd_sc_hd)
puts "Design: Neuromorphic Accelerator Blackbox"
Design: Neuromorphic Accelerator Blackbox
puts "Timestamp: [clock format [clock seconds]]"
Timestamp: Sat Oct 11 08:36:43 +0530 2025
puts "FSDB: $FSDB_PATH"
FSDB: ../../../../rtl/blackbox/novas.fsdb
# Configure mismatch handling
set_current_mismatch_config auto_fix 
Error: unknown command 'set_current_mismatch_config' (CMD-005)
Information: script 'rtla.tcl'
	stopped at line 55 due to error. (CMD-081)
Extended error info:

    while executing
"set_current_mismatch_config auto_fix "
    (file "rtla.tcl" line 55)
 -- End Extended Error Info
Information: Defining new variable 'RTL_BLACKBOX_PATH'. (CMD-041)
Information: Defining new variable 'LIBS_SKY130_FD_SC_HD_PATH'. (CMD-041)
Information: Defining new variable 'LOG_FILE'. (CMD-041)
Information: Defining new variable 'FSDB_PATH'. (CMD-041)
Information: Defining new variable 'LOG_DIR'. (CMD-041)
Information: Defining new variable 'LIBS_SKY130_PATH'. (CMD-041)
Information: Defining new variable 'TIMESTAMP'. (CMD-041)
pt_shell> 
Information: Interrupting current command. (INT-2)
Information: One more interrupt will exit process. (INT-3)
Information: Process terminated by interrupt. (INT-4)

Timing updates: 0 (0 implicit, 0 explicit) (0 incremental, 0 full, 0 logical)
Noise updates: 0 (0 implicit, 0 explicit) (0 incremental, 0 full)
Maximum memory usage for this session: 2838.48 MB
CPU usage for this session: 4 seconds 
Elapsed time for this session: 259 seconds
