#! /c/Source/iverilog-install/bin/vvp
:ivl_version "12.0 (devel)" "(s20150603-1539-g2693dd32b)";
:ivl_delay_selection "TYPICAL";
:vpi_time_precision - 10;
:vpi_module "F:\iverilog\lib\ivl\system.vpi";
:vpi_module "F:\iverilog\lib\ivl\vhdl_sys.vpi";
:vpi_module "F:\iverilog\lib\ivl\vhdl_textio.vpi";
:vpi_module "F:\iverilog\lib\ivl\v2005_math.vpi";
:vpi_module "F:\iverilog\lib\ivl\va_math.vpi";
S_0000021faa6bcd70 .scope module, "cpu" "cpu" 2 17;
 .timescale -9 -10;
    .port_info 0 /INPUT 32 "INST_IF";
    .port_info 1 /INPUT 1 "CLK";
    .port_info 2 /INPUT 1 "RST";
    .port_info 3 /INPUT 32 "DMEM_DATA_READ_MA";
    .port_info 4 /INPUT 1 "BUSYWAIT_IN";
    .port_info 5 /OUTPUT 32 "PC_IF";
    .port_info 6 /OUTPUT 32 "DMEM_ADDR_MA";
    .port_info 7 /OUTPUT 32 "DMEM_DATA_WRITE_MA";
    .port_info 8 /OUTPUT 4 "DMEM_READ_MA";
    .port_info 9 /OUTPUT 3 "DMEM_WRITE_MA";
    .port_info 10 /OUTPUT 1 "BUSYWAIT_OUT";
o0000021faa787d68 .functor BUFZ 1, C4<z>; HiZ drive
L_0000021faa778170 .functor BUFZ 1, o0000021faa787d68, C4<0>, C4<0>, C4<0>;
L_0000021faa84fd80 .functor BUFZ 32, v0000021faa7e6580_0, C4<00000000000000000000000000000000>, C4<00000000000000000000000000000000>, C4<00000000000000000000000000000000>;
L_0000021faa84f760 .functor BUFZ 32, v0000021faa7e5040_0, C4<00000000000000000000000000000000>, C4<00000000000000000000000000000000>, C4<00000000000000000000000000000000>;
L_0000021faa84ece0 .functor BUFZ 4, v0000021faa7e5360_0, C4<0000>, C4<0000>, C4<0000>;
L_0000021faa84ff40 .functor BUFZ 3, v0000021faa7e5fe0_0, C4<000>, C4<000>, C4<000>;
v0000021faa7e9f50_0 .net "ALU_DATA1_EX", 31 0, L_0000021faa84e3f0;  1 drivers
v0000021faa7e9910_0 .net "ALU_DATA2_EX", 31 0, L_0000021faa84e490;  1 drivers
v0000021faa7e9050_0 .net "ALU_OP_EX", 4 0, v0000021faa7e4960_0;  1 drivers
v0000021faa7e99b0_0 .net "ALU_OP_ID", 4 0, L_0000021faa84cd70;  1 drivers
v0000021faa7e8c90_0 .net "ALU_OUT_EX", 31 0, v0000021faa768b30_0;  1 drivers
v0000021faa7ea270_0 .net "ALU_OUT_MA", 31 0, v0000021faa7e6580_0;  1 drivers
v0000021faa7eb0d0_0 .net "ALU_OUT_WB", 31 0, v0000021faa7e6760_0;  1 drivers
v0000021faa7e9a50_0 .net "BRANCH_JUMP_EX", 3 0, v0000021faa7e4b40_0;  1 drivers
v0000021faa7eae50_0 .net "BRANCH_JUMP_ID", 3 0, L_0000021faa84cff0;  1 drivers
v0000021faa7e8dd0_0 .net "BUSYWAIT", 0 0, L_0000021faa778170;  1 drivers
v0000021faa7e9af0_0 .net "BUSYWAIT_IN", 0 0, o0000021faa787d68;  0 drivers
o0000021faa787d98 .functor BUFZ 1, C4<z>; HiZ drive
v0000021faa7ea3b0_0 .net "BUSYWAIT_OUT", 0 0, o0000021faa787d98;  0 drivers
o0000021faa785de8 .functor BUFZ 1, C4<z>; HiZ drive
v0000021faa7e8f10_0 .net "CLK", 0 0, o0000021faa785de8;  0 drivers
v0000021faa7eadb0_0 .net "DATA1_ALU_SEL_EX", 0 0, v0000021faa7e4a00_0;  1 drivers
v0000021faa7e8a10_0 .net "DATA1_ALU_SEL_ID", 0 0, L_0000021faa850170;  1 drivers
v0000021faa7e8d30_0 .net "DATA1_EX", 31 0, v0000021faa7e5a40_0;  1 drivers
v0000021faa7ea590_0 .net "DATA1_ID", 31 0, L_0000021faa778aa0;  1 drivers
v0000021faa7ea630_0 .net "DATA2_ALU_SEL_EX", 0 0, v0000021faa7e69e0_0;  1 drivers
v0000021faa7ea6d0_0 .net "DATA2_ALU_SEL_ID", 0 0, L_0000021faa84fa00;  1 drivers
v0000021faa7eaf90_0 .net "DATA2_EX", 31 0, v0000021faa7e5680_0;  1 drivers
v0000021faa7e9c30_0 .net "DATA2_ID", 31 0, L_0000021faa7788e0;  1 drivers
v0000021faa7ea810_0 .net "DATA2_MA", 31 0, v0000021faa7e5040_0;  1 drivers
v0000021faa7ea8b0_0 .net "DMEM_ADDR_MA", 31 0, L_0000021faa84fd80;  1 drivers
o0000021faa786d48 .functor BUFZ 32, C4<zzzzzzzzzzzzzzzzzzzzzzzzzzzzzzzz>; HiZ drive
v0000021faa7eaa90_0 .net "DMEM_DATA_READ_MA", 31 0, o0000021faa786d48;  0 drivers
v0000021faa7eb030_0 .net "DMEM_DATA_READ_WB", 31 0, v0000021faa7e7840_0;  1 drivers
v0000021faa7e8ab0_0 .net "DMEM_DATA_WRITE_MA", 31 0, L_0000021faa84f760;  1 drivers
v0000021faa7e8b50_0 .net "DMEM_READ_MA", 3 0, L_0000021faa84ece0;  1 drivers
v0000021faa7e8fb0_0 .net "DMEM_WRITE_MA", 2 0, L_0000021faa84ff40;  1 drivers
v0000021faa7e90f0_0 .net "IMM_EX", 31 0, v0000021faa7e5ea0_0;  1 drivers
v0000021faa7e9190_0 .net "IMM_ID", 31 0, v0000021faa7e9370_0;  1 drivers
v0000021faa7e9230_0 .net "IMM_MA", 31 0, v0000021faa7e5720_0;  1 drivers
v0000021faa7ebc10_0 .net "IMM_SEL_ID", 3 0, L_0000021faa84ca50;  1 drivers
v0000021faa7ebcb0_0 .net "IMM_WB", 31 0, v0000021faa7e7340_0;  1 drivers
v0000021faa7ebe90_0 .net "INST_ID", 31 0, v0000021faa7e5c20_0;  1 drivers
o0000021faa786ad8 .functor BUFZ 32, C4<zzzzzzzzzzzzzzzzzzzzzzzzzzzzzzzz>; HiZ drive
v0000021faa7ebd50_0 .net "INST_IF", 31 0, o0000021faa786ad8;  0 drivers
v0000021faa7ec070_0 .net "MEM_READ_EX", 3 0, v0000021faa7e6a80_0;  1 drivers
v0000021faa7eb2b0_0 .net "MEM_READ_ID", 3 0, L_0000021faa84b330;  1 drivers
v0000021faa7ebdf0_0 .net "MEM_READ_MA", 3 0, v0000021faa7e5360_0;  1 drivers
v0000021faa7eb170_0 .net "MEM_WRITE_EX", 2 0, v0000021faa7e4dc0_0;  1 drivers
v0000021faa7eb490_0 .net "MEM_WRITE_ID", 2 0, L_0000021faa84abb0;  1 drivers
v0000021faa7ec4d0_0 .net "MEM_WRITE_MA", 2 0, v0000021faa7e5fe0_0;  1 drivers
o0000021faa787318 .functor BUFZ 32, C4<zzzzzzzzzzzzzzzzzzzzzzzzzzzzzzzz>; HiZ drive
v0000021faa7ec610_0 .net "NEXT_PC_EX", 31 0, o0000021faa787318;  0 drivers
v0000021faa7eb5d0_0 .net "PC_EX", 31 0, v0000021faa7e4be0_0;  1 drivers
v0000021faa7eb7b0_0 .net "PC_ID", 31 0, v0000021faa7e5220_0;  1 drivers
v0000021faa7eb530_0 .net "PC_IF", 31 0, v0000021faa7e7de0_0;  1 drivers
v0000021faa7ec6b0_0 .net "PC_INT_IF", 31 0, L_0000021faa7eb990;  1 drivers
v0000021faa7eb850_0 .net "PC_MA", 31 0, v0000021faa7e6e40_0;  1 drivers
v0000021faa7eb210_0 .net "PC_MUX_SEL_EX", 0 0, v0000021faa7d4a40_0;  1 drivers
v0000021faa7eb8f0_0 .net "PC_PLUS_4_IF", 31 0, L_0000021faa7eba30;  1 drivers
v0000021faa7ec110_0 .net "PC_PLUS_4_MA", 31 0, L_0000021faa8568a0;  1 drivers
v0000021faa7ebf30_0 .net "PC_WB", 31 0, v0000021faa7e8740_0;  1 drivers
o0000021faa785ab8 .functor BUFZ 1, C4<z>; HiZ drive
v0000021faa7ec1b0_0 .net "RST", 0 0, o0000021faa785ab8;  0 drivers
v0000021faa7ebfd0_0 .net "WADDR_EX", 4 0, v0000021faa7e64e0_0;  1 drivers
v0000021faa7ec390_0 .net "WADDR_MA", 4 0, v0000021faa7e5d60_0;  1 drivers
v0000021faa7ec250_0 .net "WADDR_WB", 4 0, v0000021faa7e6f80_0;  1 drivers
v0000021faa7ec750_0 .net "WB_SEL_EX", 1 0, v0000021faa7e4fa0_0;  1 drivers
v0000021faa7ec430_0 .net "WB_SEL_ID", 1 0, L_0000021faa84e170;  1 drivers
v0000021faa7ec2f0_0 .net "WB_SEL_MA", 1 0, v0000021faa7e52c0_0;  1 drivers
v0000021faa7eb670_0 .net "WB_SEL_WB", 1 0, v0000021faa7e75c0_0;  1 drivers
v0000021faa7ec570_0 .net "WRITE_DATA_WB", 31 0, L_0000021faa855540;  1 drivers
v0000021faa7ec7f0_0 .net "WRITE_EN_EX", 0 0, v0000021faa7e4e60_0;  1 drivers
v0000021faa7eb350_0 .net "WRITE_EN_ID", 0 0, L_0000021faa778a30;  1 drivers
v0000021faa7eb3f0_0 .net "WRITE_EN_MA", 0 0, v0000021faa7e7020_0;  1 drivers
v0000021faa7eb710_0 .net "WRITE_EN_WB", 0 0, v0000021faa7e7480_0;  1 drivers
L_0000021faa84bd30 .part v0000021faa7e5c20_0, 15, 5;
L_0000021faa84b3d0 .part v0000021faa7e5c20_0, 20, 5;
L_0000021faa84d9f0 .part v0000021faa7e5c20_0, 0, 7;
L_0000021faa84e2b0 .part v0000021faa7e5c20_0, 12, 3;
L_0000021faa84db30 .part v0000021faa7e5c20_0, 25, 7;
L_0000021faa84e350 .part v0000021faa7e5c20_0, 7, 5;
S_0000021faa6bcf00 .scope module, "alu_inst" "alu" 2 194, 3 9 0, S_0000021faa6bcd70;
 .timescale -9 -10;
    .port_info 0 /INPUT 32 "DATA1";
    .port_info 1 /INPUT 32 "DATA2";
    .port_info 2 /INPUT 5 "SELECT";
    .port_info 3 /OUTPUT 32 "RESULT";
L_0000021faa8501e0/d .functor BUFZ 32, L_0000021faa84e3f0, C4<00000000000000000000000000000000>, C4<00000000000000000000000000000000>, C4<00000000000000000000000000000000>;
L_0000021faa8501e0 .delay 32 (10,10,10) L_0000021faa8501e0/d;
L_0000021faa850330/d .functor XOR 32, L_0000021faa84e3f0, L_0000021faa84e490, C4<00000000000000000000000000000000>, C4<00000000000000000000000000000000>;
L_0000021faa850330 .delay 32 (10,10,10) L_0000021faa850330/d;
L_0000021faa84ed50/d .functor OR 32, L_0000021faa84e3f0, L_0000021faa84e490, C4<00000000000000000000000000000000>, C4<00000000000000000000000000000000>;
L_0000021faa84ed50 .delay 32 (10,10,10) L_0000021faa84ed50/d;
L_0000021faa84ec00/d .functor AND 32, L_0000021faa84e3f0, L_0000021faa84e490, C4<11111111111111111111111111111111>, C4<11111111111111111111111111111111>;
L_0000021faa84ec00 .delay 32 (10,10,10) L_0000021faa84ec00/d;
v0000021faa769e90_0 .net "DATA1", 31 0, L_0000021faa84e3f0;  alias, 1 drivers
v0000021faa7686d0_0 .net "DATA2", 31 0, L_0000021faa84e490;  alias, 1 drivers
v0000021faa768b30_0 .var "RESULT", 31 0;
v0000021faa768db0_0 .net "SELECT", 4 0, v0000021faa7e4960_0;  alias, 1 drivers
L_0000021faa7f3e28 .functor BUFT 1, C4<00000000000000000000000000000000>, C4<0>, C4<0>, C4<0>;
v0000021faa768e50_0 .net/2u *"_ivl_10", 31 0, L_0000021faa7f3e28;  1 drivers
v0000021faa74c640_0 .net *"_ivl_14", 0 0, L_0000021faa856c60;  1 drivers
L_0000021faa7f3e70 .functor BUFT 1, C4<00000000000000000000000000000001>, C4<0>, C4<0>, C4<0>;
v0000021faa74c960_0 .net/2u *"_ivl_16", 31 0, L_0000021faa7f3e70;  1 drivers
L_0000021faa7f3eb8 .functor BUFT 1, C4<00000000000000000000000000000000>, C4<0>, C4<0>, C4<0>;
v0000021faa7d2cb0_0 .net/2u *"_ivl_18", 31 0, L_0000021faa7f3eb8;  1 drivers
v0000021faa7d3070_0 .net/s *"_ivl_36", 63 0, L_0000021faa855ea0;  1 drivers
v0000021faa7d32f0_0 .net/s *"_ivl_38", 63 0, L_0000021faa855220;  1 drivers
v0000021faa7d3b10_0 .net *"_ivl_42", 63 0, L_0000021faa857660;  1 drivers
L_0000021faa7f3f00 .functor BUFT 1, C4<00000000000000000000000000000000>, C4<0>, C4<0>, C4<0>;
v0000021faa7d3570_0 .net *"_ivl_45", 31 0, L_0000021faa7f3f00;  1 drivers
v0000021faa7d3f70_0 .net *"_ivl_46", 63 0, L_0000021faa857700;  1 drivers
L_0000021faa7f3f48 .functor BUFT 1, C4<00000000000000000000000000000000>, C4<0>, C4<0>, C4<0>;
v0000021faa7d2df0_0 .net *"_ivl_49", 31 0, L_0000021faa7f3f48;  1 drivers
v0000021faa7d4330_0 .net *"_ivl_52", 63 0, L_0000021faa856580;  1 drivers
L_0000021faa7f3f90 .functor BUFT 1, C4<00000000000000000000000000000000>, C4<0>, C4<0>, C4<0>;
v0000021faa7d3cf0_0 .net *"_ivl_55", 31 0, L_0000021faa7f3f90;  1 drivers
v0000021faa7d4790_0 .net *"_ivl_56", 63 0, L_0000021faa857480;  1 drivers
L_0000021faa7f3fd8 .functor BUFT 1, C4<00000000000000000000000000000000>, C4<0>, C4<0>, C4<0>;
v0000021faa7d2c10_0 .net *"_ivl_59", 31 0, L_0000021faa7f3fd8;  1 drivers
v0000021faa7d2d50_0 .net *"_ivl_6", 0 0, L_0000021faa8575c0;  1 drivers
L_0000021faa7f3de0 .functor BUFT 1, C4<00000000000000000000000000000001>, C4<0>, C4<0>, C4<0>;
v0000021faa7d3110_0 .net/2u *"_ivl_8", 31 0, L_0000021faa7f3de0;  1 drivers
v0000021faa7d45b0_0 .net "addData", 31 0, L_0000021faa856800;  1 drivers
v0000021faa7d3c50_0 .net "andData", 31 0, L_0000021faa84ec00;  1 drivers
v0000021faa7d4150_0 .net "divData", 31 0, L_0000021faa855900;  1 drivers
v0000021faa7d2e90_0 .net "divuData", 31 0, L_0000021faa8554a0;  1 drivers
v0000021faa7d28f0_0 .net "forwardData", 31 0, L_0000021faa8501e0;  1 drivers
v0000021faa7d3750_0 .net "mulData", 31 0, L_0000021faa855860;  1 drivers
v0000021faa7d3930_0 .net "mulhData", 31 0, L_0000021faa8566c0;  1 drivers
v0000021faa7d3610_0 .net "mulh_temp", 63 0, L_0000021faa855c20;  1 drivers
v0000021faa7d3bb0_0 .net "mulhsuData", 31 0, L_0000021faa855b80;  1 drivers
v0000021faa7d3d90_0 .net "mulhsu_temp", 63 0, L_0000021faa8552c0;  1 drivers
v0000021faa7d3a70_0 .net "mulhuData", 31 0, L_0000021faa856b20;  1 drivers
v0000021faa7d36b0_0 .net "mulhu_temp", 63 0, L_0000021faa855cc0;  1 drivers
v0000021faa7d37f0_0 .net "orData", 31 0, L_0000021faa84ed50;  1 drivers
v0000021faa7d3890_0 .net "remData", 31 0, L_0000021faa8570c0;  1 drivers
v0000021faa7d4510_0 .net "remuData", 31 0, L_0000021faa8577a0;  1 drivers
v0000021faa7d41f0_0 .net "sllData", 31 0, L_0000021faa855400;  1 drivers
v0000021faa7d3430_0 .net "sltData", 31 0, L_0000021faa856260;  1 drivers
v0000021faa7d31b0_0 .net "sltuData", 31 0, L_0000021faa856f80;  1 drivers
v0000021faa7d3390_0 .net "sraData", 31 0, L_0000021faa8557c0;  1 drivers
v0000021faa7d3ed0_0 .net "srlData", 31 0, L_0000021faa855a40;  1 drivers
v0000021faa7d39d0_0 .net "subData", 31 0, L_0000021faa856ee0;  1 drivers
v0000021faa7d3e30_0 .net "xorData", 31 0, L_0000021faa850330;  1 drivers
E_0000021faa759ff0/0 .event anyedge, v0000021faa768db0_0, v0000021faa7d45b0_0, v0000021faa7d39d0_0, v0000021faa7d41f0_0;
E_0000021faa759ff0/1 .event anyedge, v0000021faa7d3430_0, v0000021faa7d31b0_0, v0000021faa7d3e30_0, v0000021faa7d3ed0_0;
E_0000021faa759ff0/2 .event anyedge, v0000021faa7d3390_0, v0000021faa7d37f0_0, v0000021faa7d3c50_0, v0000021faa7d3750_0;
E_0000021faa759ff0/3 .event anyedge, v0000021faa7d3930_0, v0000021faa7d3bb0_0, v0000021faa7d3a70_0, v0000021faa7d4150_0;
E_0000021faa759ff0/4 .event anyedge, v0000021faa7d2e90_0, v0000021faa7d3890_0, v0000021faa7d4510_0, v0000021faa7d28f0_0;
E_0000021faa759ff0 .event/or E_0000021faa759ff0/0, E_0000021faa759ff0/1, E_0000021faa759ff0/2, E_0000021faa759ff0/3, E_0000021faa759ff0/4;
L_0000021faa856800 .delay 32 (20,20,20) L_0000021faa856800/d;
L_0000021faa856800/d .arith/sum 32, L_0000021faa84e3f0, L_0000021faa84e490;
L_0000021faa856ee0 .delay 32 (20,20,20) L_0000021faa856ee0/d;
L_0000021faa856ee0/d .arith/sub 32, L_0000021faa84e3f0, L_0000021faa84e490;
L_0000021faa8575c0 .cmp/gt.s 32, L_0000021faa84e490, L_0000021faa84e3f0;
L_0000021faa856260 .delay 32 (10,10,10) L_0000021faa856260/d;
L_0000021faa856260/d .functor MUXZ 32, L_0000021faa7f3e28, L_0000021faa7f3de0, L_0000021faa8575c0, C4<>;
L_0000021faa856c60 .cmp/gt 32, L_0000021faa84e490, L_0000021faa84e3f0;
L_0000021faa856f80 .delay 32 (10,10,10) L_0000021faa856f80/d;
L_0000021faa856f80/d .functor MUXZ 32, L_0000021faa7f3eb8, L_0000021faa7f3e70, L_0000021faa856c60, C4<>;
L_0000021faa855400 .delay 32 (10,10,10) L_0000021faa855400/d;
L_0000021faa855400/d .shift/l 32, L_0000021faa84e3f0, L_0000021faa84e490;
L_0000021faa855a40 .delay 32 (10,10,10) L_0000021faa855a40/d;
L_0000021faa855a40/d .shift/r 32, L_0000021faa84e3f0, L_0000021faa84e490;
L_0000021faa8557c0 .delay 32 (10,10,10) L_0000021faa8557c0/d;
L_0000021faa8557c0/d .shift/rs 32, L_0000021faa84e3f0, L_0000021faa84e490;
L_0000021faa855860 .delay 32 (30,30,30) L_0000021faa855860/d;
L_0000021faa855860/d .arith/mult 32, L_0000021faa84e3f0, L_0000021faa84e490;
L_0000021faa855ea0 .extend/s 64, L_0000021faa84e3f0;
L_0000021faa855220 .extend/s 64, L_0000021faa84e490;
L_0000021faa855c20 .arith/mult 64, L_0000021faa855ea0, L_0000021faa855220;
L_0000021faa857660 .concat [ 32 32 0 0], L_0000021faa84e3f0, L_0000021faa7f3f00;
L_0000021faa857700 .concat [ 32 32 0 0], L_0000021faa84e490, L_0000021faa7f3f48;
L_0000021faa8552c0 .arith/mult 64, L_0000021faa857660, L_0000021faa857700;
L_0000021faa856580 .concat [ 32 32 0 0], L_0000021faa84e3f0, L_0000021faa7f3f90;
L_0000021faa857480 .concat [ 32 32 0 0], L_0000021faa84e490, L_0000021faa7f3fd8;
L_0000021faa855cc0 .arith/mult 64, L_0000021faa856580, L_0000021faa857480;
L_0000021faa8566c0 .delay 32 (30,30,30) L_0000021faa8566c0/d;
L_0000021faa8566c0/d .part L_0000021faa855c20, 32, 32;
L_0000021faa855b80 .delay 32 (30,30,30) L_0000021faa855b80/d;
L_0000021faa855b80/d .part L_0000021faa8552c0, 32, 32;
L_0000021faa856b20 .delay 32 (30,30,30) L_0000021faa856b20/d;
L_0000021faa856b20/d .part L_0000021faa855cc0, 32, 32;
L_0000021faa855900 .delay 32 (30,30,30) L_0000021faa855900/d;
L_0000021faa855900/d .arith/div 32, L_0000021faa84e3f0, L_0000021faa84e490;
L_0000021faa8554a0 .delay 32 (30,30,30) L_0000021faa8554a0/d;
L_0000021faa8554a0/d .arith/div 32, L_0000021faa84e3f0, L_0000021faa84e490;
L_0000021faa8570c0 .delay 32 (30,30,30) L_0000021faa8570c0/d;
L_0000021faa8570c0/d .arith/mod 32, L_0000021faa84e3f0, L_0000021faa84e490;
L_0000021faa8577a0 .delay 32 (30,30,30) L_0000021faa8577a0/d;
L_0000021faa8577a0/d .arith/mod 32, L_0000021faa84e3f0, L_0000021faa84e490;
S_0000021faa6b88e0 .scope module, "alu_mux_1" "mux_32b_2to1" 2 178, 4 3 0, S_0000021faa6bcd70;
 .timescale -9 -10;
    .port_info 0 /INPUT 32 "data1";
    .port_info 1 /INPUT 32 "data2";
    .port_info 2 /INPUT 1 "sel";
    .port_info 3 /OUTPUT 32 "out";
L_0000021faa7f3d50 .functor BUFT 1, C4<1>, C4<0>, C4<0>, C4<0>;
L_0000021faa84fd10 .functor XNOR 1, v0000021faa7e4a00_0, L_0000021faa7f3d50, C4<0>, C4<0>;
v0000021faa7d2ad0_0 .net/2u *"_ivl_0", 0 0, L_0000021faa7f3d50;  1 drivers
v0000021faa7d2990_0 .net *"_ivl_2", 0 0, L_0000021faa84fd10;  1 drivers
v0000021faa7d3250_0 .net "data1", 31 0, v0000021faa7e5a40_0;  alias, 1 drivers
v0000021faa7d34d0_0 .net "data2", 31 0, v0000021faa7e4be0_0;  alias, 1 drivers
v0000021faa7d2b70_0 .net "out", 31 0, L_0000021faa84e3f0;  alias, 1 drivers
v0000021faa7d2f30_0 .net "sel", 0 0, v0000021faa7e4a00_0;  alias, 1 drivers
L_0000021faa84e3f0 .delay 32 (10,10,10) L_0000021faa84e3f0/d;
L_0000021faa84e3f0/d .functor MUXZ 32, v0000021faa7e5a40_0, v0000021faa7e4be0_0, L_0000021faa84fd10, C4<>;
S_0000021faa6c4660 .scope module, "alu_mux_2" "mux_32b_2to1" 2 186, 4 3 0, S_0000021faa6bcd70;
 .timescale -9 -10;
    .port_info 0 /INPUT 32 "data1";
    .port_info 1 /INPUT 32 "data2";
    .port_info 2 /INPUT 1 "sel";
    .port_info 3 /OUTPUT 32 "out";
L_0000021faa7f3d98 .functor BUFT 1, C4<1>, C4<0>, C4<0>, C4<0>;
L_0000021faa84fae0 .functor XNOR 1, v0000021faa7e69e0_0, L_0000021faa7f3d98, C4<0>, C4<0>;
v0000021faa7d2fd0_0 .net/2u *"_ivl_0", 0 0, L_0000021faa7f3d98;  1 drivers
v0000021faa7d4010_0 .net *"_ivl_2", 0 0, L_0000021faa84fae0;  1 drivers
v0000021faa7d40b0_0 .net "data1", 31 0, v0000021faa7e5680_0;  alias, 1 drivers
v0000021faa7d4290_0 .net "data2", 31 0, v0000021faa7e5ea0_0;  alias, 1 drivers
v0000021faa7d43d0_0 .net "out", 31 0, L_0000021faa84e490;  alias, 1 drivers
v0000021faa7d4470_0 .net "sel", 0 0, v0000021faa7e69e0_0;  alias, 1 drivers
L_0000021faa84e490 .delay 32 (10,10,10) L_0000021faa84e490/d;
L_0000021faa84e490/d .functor MUXZ 32, v0000021faa7e5680_0, v0000021faa7e5ea0_0, L_0000021faa84fae0, C4<>;
S_0000021faa6c47f0 .scope module, "branch_logic_inst" "branch_logic" 2 202, 5 9 0, S_0000021faa6bcd70;
 .timescale -9 -10;
    .port_info 0 /INPUT 32 "data1";
    .port_info 1 /INPUT 32 "data2";
    .port_info 2 /INPUT 4 "op";
    .port_info 3 /OUTPUT 1 "out";
v0000021faa7d4650_0 .net "BEQ", 0 0, L_0000021faa857020;  1 drivers
v0000021faa7d46f0_0 .net "BGE", 0 0, L_0000021faa857160;  1 drivers
v0000021faa7d2a30_0 .net "BGEU", 0 0, L_0000021faa856440;  1 drivers
v0000021faa7d6660_0 .net "BLT", 0 0, L_0000021faa856620;  1 drivers
v0000021faa7d5d00_0 .net "BLTU", 0 0, L_0000021faa856760;  1 drivers
v0000021faa7d4c20_0 .net "BNE", 0 0, L_0000021faa857840;  1 drivers
v0000021faa7d4cc0_0 .net "data1", 31 0, v0000021faa7e5a40_0;  alias, 1 drivers
v0000021faa7d58a0_0 .net "data2", 31 0, v0000021faa7e5680_0;  alias, 1 drivers
v0000021faa7d5c60_0 .net "op", 3 0, v0000021faa7e4b40_0;  alias, 1 drivers
v0000021faa7d4a40_0 .var "out", 0 0;
E_0000021faa759870/0 .event anyedge, v0000021faa7d5c60_0, v0000021faa7d4650_0, v0000021faa7d4c20_0, v0000021faa7d6660_0;
E_0000021faa759870/1 .event anyedge, v0000021faa7d46f0_0, v0000021faa7d5d00_0, v0000021faa7d2a30_0;
E_0000021faa759870 .event/or E_0000021faa759870/0, E_0000021faa759870/1;
L_0000021faa857020 .cmp/eq 32, v0000021faa7e5a40_0, v0000021faa7e5680_0;
L_0000021faa857840 .cmp/ne 32, v0000021faa7e5a40_0, v0000021faa7e5680_0;
L_0000021faa856620 .cmp/gt.s 32, v0000021faa7e5680_0, v0000021faa7e5a40_0;
L_0000021faa857160 .cmp/ge.s 32, v0000021faa7e5a40_0, v0000021faa7e5680_0;
L_0000021faa856760 .cmp/gt 32, v0000021faa7e5680_0, v0000021faa7e5a40_0;
L_0000021faa856440 .cmp/ge 32, v0000021faa7e5a40_0, v0000021faa7e5680_0;
S_0000021faa64bfe0 .scope module, "control_unit_inst" "control_unit" 2 111, 6 11 0, S_0000021faa6bcd70;
 .timescale -9 -10;
    .port_info 0 /INPUT 7 "opcode";
    .port_info 1 /INPUT 3 "funct3";
    .port_info 2 /INPUT 7 "funct7";
    .port_info 3 /OUTPUT 5 "alu_op";
    .port_info 4 /OUTPUT 1 "reg_write_en";
    .port_info 5 /OUTPUT 3 "mem_write";
    .port_info 6 /OUTPUT 4 "mem_read";
    .port_info 7 /OUTPUT 4 "branch_jump";
    .port_info 8 /OUTPUT 4 "imm_sel";
    .port_info 9 /OUTPUT 1 "data1_alu_sel";
    .port_info 10 /OUTPUT 1 "data2_alu_sel";
    .port_info 11 /OUTPUT 2 "wb_sel";
    .port_info 12 /INPUT 1 "reset";
L_0000021faa7781e0 .functor OR 1, L_0000021faa84cb90, L_0000021faa84bc90, C4<0>, C4<0>;
L_0000021faa778b10 .functor OR 1, L_0000021faa7781e0, L_0000021faa84d130, C4<0>, C4<0>;
L_0000021faa778bf0 .functor OR 1, L_0000021faa778b10, L_0000021faa84bdd0, C4<0>, C4<0>;
L_0000021faa778640/d .functor OR 1, L_0000021faa778bf0, L_0000021faa84ad90, C4<0>, C4<0>;
L_0000021faa778640 .delay 1 (30,30,30) L_0000021faa778640/d;
L_0000021faa778790 .functor OR 1, L_0000021faa84be70, L_0000021faa84ab10, C4<0>, C4<0>;
L_0000021faa778250 .functor OR 1, L_0000021faa778790, L_0000021faa84c050, C4<0>, C4<0>;
L_0000021faa778cd0/d .functor OR 1, L_0000021faa778250, L_0000021faa84ccd0, C4<0>, C4<0>;
L_0000021faa778cd0 .delay 1 (30,30,30) L_0000021faa778cd0/d;
L_0000021faa7782c0/d .functor OR 1, L_0000021faa84b830, L_0000021faa84c870, C4<0>, C4<0>;
L_0000021faa7782c0 .delay 1 (30,30,30) L_0000021faa7782c0/d;
L_0000021faa778410 .functor OR 1, L_0000021faa84ceb0, L_0000021faa84b6f0, C4<0>, C4<0>;
L_0000021faa778480 .functor OR 1, L_0000021faa778410, L_0000021faa84c190, C4<0>, C4<0>;
L_0000021faa778950 .functor OR 1, L_0000021faa778480, o0000021faa785ab8, C4<0>, C4<0>;
L_0000021faa778a30/d .functor NOT 1, L_0000021faa778950, C4<0>, C4<0>, C4<0>;
L_0000021faa778a30 .delay 1 (30,30,30) L_0000021faa778a30/d;
L_0000021faa7784f0/d .functor BUFZ 3, L_0000021faa84e2b0, C4<000>, C4<000>, C4<000>;
L_0000021faa7784f0 .delay 3 (30,30,30) L_0000021faa7784f0/d;
L_0000021faa7785d0 .functor OR 1, L_0000021faa84cf50, L_0000021faa84ae30, C4<0>, C4<0>;
L_0000021faa7786b0/d .functor OR 1, L_0000021faa7785d0, L_0000021faa84b8d0, C4<0>, C4<0>;
L_0000021faa7786b0 .delay 1 (30,30,30) L_0000021faa7786b0/d;
L_0000021faa778b80 .functor OR 1, L_0000021faa84c730, L_0000021faa84c4b0, C4<0>, C4<0>;
L_0000021faa778db0 .functor OR 1, L_0000021faa84aed0, L_0000021faa84c5f0, C4<0>, C4<0>;
L_0000021faa727c00 .functor OR 1, L_0000021faa778db0, L_0000021faa84bab0, C4<0>, C4<0>;
L_0000021faa727a40 .functor OR 1, L_0000021faa727c00, L_0000021faa84ac50, C4<0>, C4<0>;
L_0000021faa6c1020 .functor OR 1, L_0000021faa727a40, L_0000021faa84b650, C4<0>, C4<0>;
L_0000021faa748950 .functor OR 1, L_0000021faa6c1020, L_0000021faa84c7d0, C4<0>, C4<0>;
L_0000021faa850090/d .functor OR 1, L_0000021faa748950, L_0000021faa84c9b0, C4<0>, C4<0>;
L_0000021faa850090 .delay 1 (30,30,30) L_0000021faa850090/d;
L_0000021faa84eb20 .functor OR 1, L_0000021faa84dd10, L_0000021faa84de50, C4<0>, C4<0>;
L_0000021faa84eff0 .functor OR 1, L_0000021faa84eb20, L_0000021faa84d450, C4<0>, C4<0>;
L_0000021faa850170/d .functor OR 1, L_0000021faa84eff0, L_0000021faa84d590, C4<0>, C4<0>;
L_0000021faa850170 .delay 1 (30,30,30) L_0000021faa850170/d;
L_0000021faa84eb90 .functor OR 1, L_0000021faa84d630, L_0000021faa84df90, C4<0>, C4<0>;
L_0000021faa84f6f0 .functor OR 1, L_0000021faa84eb90, L_0000021faa84e710, C4<0>, C4<0>;
L_0000021faa84f840 .functor OR 1, L_0000021faa84f6f0, L_0000021faa84e7b0, C4<0>, C4<0>;
L_0000021faa84f8b0 .functor OR 1, L_0000021faa84f840, L_0000021faa84d1d0, C4<0>, C4<0>;
L_0000021faa84f370 .functor OR 1, L_0000021faa84f8b0, L_0000021faa84d6d0, C4<0>, C4<0>;
L_0000021faa850100 .functor OR 1, L_0000021faa84f370, L_0000021faa84e0d0, C4<0>, C4<0>;
L_0000021faa84fa00/d .functor OR 1, L_0000021faa850100, L_0000021faa84d810, C4<0>, C4<0>;
L_0000021faa84fa00 .delay 1 (30,30,30) L_0000021faa84fa00/d;
L_0000021faa84f920 .functor OR 1, L_0000021faa84da90, L_0000021faa84e030, C4<0>, C4<0>;
L_0000021faa84f3e0/d .functor NOT 1, L_0000021faa84f920, C4<0>, C4<0>, C4<0>;
L_0000021faa84f3e0 .delay 1 (30,30,30) L_0000021faa84f3e0/d;
L_0000021faa8503a0 .functor OR 1, L_0000021faa84d8b0, L_0000021faa84d950, C4<0>, C4<0>;
L_0000021faa84fca0/d .functor OR 1, L_0000021faa8503a0, L_0000021faa84ddb0, C4<0>, C4<0>;
L_0000021faa84fca0 .delay 1 (30,30,30) L_0000021faa84fca0/d;
L_0000021faa7f2a78 .functor BUFT 1, C4<0010111>, C4<0>, C4<0>, C4<0>;
v0000021faa7d4e00_0 .net/2u *"_ivl_0", 6 0, L_0000021faa7f2a78;  1 drivers
L_0000021faa7f2b08 .functor BUFT 1, C4<0100011>, C4<0>, C4<0>, C4<0>;
v0000021faa7d5bc0_0 .net/2u *"_ivl_10", 6 0, L_0000021faa7f2b08;  1 drivers
v0000021faa7d6340_0 .net *"_ivl_101", 0 0, L_0000021faa84c2d0;  1 drivers
v0000021faa7d5940_0 .net *"_ivl_107", 1 0, L_0000021faa84c410;  1 drivers
L_0000021faa7f2f40 .functor BUFT 1, C4<0000011>, C4<0>, C4<0>, C4<0>;
v0000021faa7d4900_0 .net/2u *"_ivl_110", 6 0, L_0000021faa7f2f40;  1 drivers
v0000021faa7d4fe0_0 .net *"_ivl_112", 0 0, L_0000021faa84ce10;  1 drivers
v0000021faa7d59e0_0 .net *"_ivl_118", 2 0, L_0000021faa7784f0;  1 drivers
v0000021faa7d6480_0 .net *"_ivl_12", 0 0, L_0000021faa84d130;  1 drivers
L_0000021faa7f2f88 .functor BUFT 1, C4<1100111>, C4<0>, C4<0>, C4<0>;
v0000021faa7d5a80_0 .net/2u *"_ivl_121", 6 0, L_0000021faa7f2f88;  1 drivers
v0000021faa7d5b20_0 .net *"_ivl_123", 0 0, L_0000021faa84cf50;  1 drivers
L_0000021faa7f2fd0 .functor BUFT 1, C4<1101111>, C4<0>, C4<0>, C4<0>;
v0000021faa7d5da0_0 .net/2u *"_ivl_125", 6 0, L_0000021faa7f2fd0;  1 drivers
v0000021faa7d5120_0 .net *"_ivl_127", 0 0, L_0000021faa84ae30;  1 drivers
v0000021faa7d51c0_0 .net *"_ivl_129", 0 0, L_0000021faa7785d0;  1 drivers
L_0000021faa7f3018 .functor BUFT 1, C4<1100011>, C4<0>, C4<0>, C4<0>;
v0000021faa7d4ea0_0 .net/2u *"_ivl_131", 6 0, L_0000021faa7f3018;  1 drivers
v0000021faa7d4f40_0 .net *"_ivl_133", 0 0, L_0000021faa84b8d0;  1 drivers
v0000021faa7d6200_0 .net *"_ivl_135", 0 0, L_0000021faa7786b0;  1 drivers
v0000021faa7d5260_0 .net *"_ivl_14", 0 0, L_0000021faa778b10;  1 drivers
L_0000021faa7f3060 .functor BUFT 1, C4<1100111>, C4<0>, C4<0>, C4<0>;
v0000021faa7d5440_0 .net/2u *"_ivl_140", 6 0, L_0000021faa7f3060;  1 drivers
v0000021faa7d5e40_0 .net *"_ivl_142", 0 0, L_0000021faa84c730;  1 drivers
L_0000021faa7f30a8 .functor BUFT 1, C4<1101111>, C4<0>, C4<0>, C4<0>;
v0000021faa7d5ee0_0 .net/2u *"_ivl_144", 6 0, L_0000021faa7f30a8;  1 drivers
v0000021faa7d5580_0 .net *"_ivl_146", 0 0, L_0000021faa84c4b0;  1 drivers
v0000021faa7d5620_0 .net *"_ivl_149", 0 0, L_0000021faa778b80;  1 drivers
L_0000021faa7f30f0 .functor BUFT 1, C4<010>, C4<0>, C4<0>, C4<0>;
v0000021faa7d6700_0 .net/2u *"_ivl_150", 2 0, L_0000021faa7f30f0;  1 drivers
v0000021faa7d56c0_0 .net *"_ivl_152", 2 0, L_0000021faa84b970;  1 drivers
v0000021faa7d5760_0 .net *"_ivl_156", 9 0, L_0000021faa84b5b0;  1 drivers
L_0000021faa7f3138 .functor BUFT 1, C4<0000011100>, C4<0>, C4<0>, C4<0>;
v0000021faa7d5f80_0 .net/2u *"_ivl_158", 9 0, L_0000021faa7f3138;  1 drivers
L_0000021faa7f2b50 .functor BUFT 1, C4<0000011>, C4<0>, C4<0>, C4<0>;
v0000021faa7d5300_0 .net/2u *"_ivl_16", 6 0, L_0000021faa7f2b50;  1 drivers
v0000021faa7d65c0_0 .net *"_ivl_160", 0 0, L_0000021faa84aed0;  1 drivers
v0000021faa7d5800_0 .net *"_ivl_162", 9 0, L_0000021faa84c550;  1 drivers
L_0000021faa7f3180 .functor BUFT 1, C4<0000011101>, C4<0>, C4<0>, C4<0>;
v0000021faa7d6020_0 .net/2u *"_ivl_164", 9 0, L_0000021faa7f3180;  1 drivers
v0000021faa7d60c0_0 .net *"_ivl_166", 0 0, L_0000021faa84c5f0;  1 drivers
v0000021faa7d53a0_0 .net *"_ivl_168", 0 0, L_0000021faa778db0;  1 drivers
v0000021faa7d6160_0 .net *"_ivl_170", 9 0, L_0000021faa84c690;  1 drivers
L_0000021faa7f31c8 .functor BUFT 1, C4<0010011011>, C4<0>, C4<0>, C4<0>;
v0000021faa7d62a0_0 .net/2u *"_ivl_172", 9 0, L_0000021faa7f31c8;  1 drivers
v0000021faa7d63e0_0 .net *"_ivl_174", 0 0, L_0000021faa84bab0;  1 drivers
v0000021faa7d67a0_0 .net *"_ivl_176", 0 0, L_0000021faa727c00;  1 drivers
v0000021faa7d49a0_0 .net *"_ivl_178", 16 0, L_0000021faa84ba10;  1 drivers
v0000021faa7df8c0_0 .net *"_ivl_18", 0 0, L_0000021faa84bdd0;  1 drivers
L_0000021faa7f3210 .functor BUFT 1, C4<01100110110000000>, C4<0>, C4<0>, C4<0>;
v0000021faa7e0540_0 .net/2u *"_ivl_180", 16 0, L_0000021faa7f3210;  1 drivers
v0000021faa7dfdc0_0 .net *"_ivl_182", 0 0, L_0000021faa84ac50;  1 drivers
v0000021faa7e04a0_0 .net *"_ivl_184", 0 0, L_0000021faa727a40;  1 drivers
v0000021faa7de920_0 .net *"_ivl_186", 16 0, L_0000021faa84af70;  1 drivers
L_0000021faa7f3258 .functor BUFT 1, C4<01100110100000001>, C4<0>, C4<0>, C4<0>;
v0000021faa7df1e0_0 .net/2u *"_ivl_188", 16 0, L_0000021faa7f3258;  1 drivers
v0000021faa7df640_0 .net *"_ivl_190", 0 0, L_0000021faa84b650;  1 drivers
v0000021faa7e0360_0 .net *"_ivl_192", 0 0, L_0000021faa6c1020;  1 drivers
v0000021faa7e05e0_0 .net *"_ivl_194", 16 0, L_0000021faa84bb50;  1 drivers
L_0000021faa7f32a0 .functor BUFT 1, C4<01100110110000001>, C4<0>, C4<0>, C4<0>;
v0000021faa7deec0_0 .net/2u *"_ivl_196", 16 0, L_0000021faa7f32a0;  1 drivers
v0000021faa7dea60_0 .net *"_ivl_198", 0 0, L_0000021faa84c7d0;  1 drivers
v0000021faa7df6e0_0 .net *"_ivl_2", 0 0, L_0000021faa84cb90;  1 drivers
v0000021faa7dfb40_0 .net *"_ivl_20", 0 0, L_0000021faa778bf0;  1 drivers
v0000021faa7dfe60_0 .net *"_ivl_200", 0 0, L_0000021faa748950;  1 drivers
v0000021faa7e07c0_0 .net *"_ivl_202", 16 0, L_0000021faa84c910;  1 drivers
L_0000021faa7f32e8 .functor BUFT 1, C4<01100111110000001>, C4<0>, C4<0>, C4<0>;
v0000021faa7dfd20_0 .net/2u *"_ivl_204", 16 0, L_0000021faa7f32e8;  1 drivers
v0000021faa7df460_0 .net *"_ivl_206", 0 0, L_0000021faa84c9b0;  1 drivers
v0000021faa7dfbe0_0 .net *"_ivl_208", 0 0, L_0000021faa850090;  1 drivers
L_0000021faa7f3330 .functor BUFT 1, C4<0000011>, C4<0>, C4<0>, C4<0>;
v0000021faa7df780_0 .net/2u *"_ivl_213", 6 0, L_0000021faa7f3330;  1 drivers
v0000021faa7e0040_0 .net *"_ivl_215", 0 0, L_0000021faa84caf0;  1 drivers
L_0000021faa7f3378 .functor BUFT 1, C4<010>, C4<0>, C4<0>, C4<0>;
v0000021faa7dee20_0 .net/2u *"_ivl_217", 2 0, L_0000021faa7f3378;  1 drivers
L_0000021faa7f33c0 .functor BUFT 1, C4<0010111>, C4<0>, C4<0>, C4<0>;
v0000021faa7dec40_0 .net/2u *"_ivl_219", 6 0, L_0000021faa7f33c0;  1 drivers
L_0000021faa7f2b98 .functor BUFT 1, C4<1100011>, C4<0>, C4<0>, C4<0>;
v0000021faa7deba0_0 .net/2u *"_ivl_22", 6 0, L_0000021faa7f2b98;  1 drivers
v0000021faa7de9c0_0 .net *"_ivl_221", 0 0, L_0000021faa84b010;  1 drivers
L_0000021faa7f3408 .functor BUFT 1, C4<000>, C4<0>, C4<0>, C4<0>;
v0000021faa7dff00_0 .net/2u *"_ivl_223", 2 0, L_0000021faa7f3408;  1 drivers
L_0000021faa7f3450 .functor BUFT 1, C4<0100011>, C4<0>, C4<0>, C4<0>;
v0000021faa7dffa0_0 .net/2u *"_ivl_225", 6 0, L_0000021faa7f3450;  1 drivers
v0000021faa7df500_0 .net *"_ivl_227", 0 0, L_0000021faa84b0b0;  1 drivers
L_0000021faa7f3498 .functor BUFT 1, C4<100>, C4<0>, C4<0>, C4<0>;
v0000021faa7dfaa0_0 .net/2u *"_ivl_229", 2 0, L_0000021faa7f3498;  1 drivers
L_0000021faa7f34e0 .functor BUFT 1, C4<0110111>, C4<0>, C4<0>, C4<0>;
v0000021faa7deb00_0 .net/2u *"_ivl_231", 6 0, L_0000021faa7f34e0;  1 drivers
v0000021faa7e00e0_0 .net *"_ivl_233", 0 0, L_0000021faa84b150;  1 drivers
L_0000021faa7f3528 .functor BUFT 1, C4<000>, C4<0>, C4<0>, C4<0>;
v0000021faa7e0180_0 .net/2u *"_ivl_235", 2 0, L_0000021faa7f3528;  1 drivers
L_0000021faa7f3570 .functor BUFT 1, C4<1101111>, C4<0>, C4<0>, C4<0>;
v0000021faa7df0a0_0 .net/2u *"_ivl_237", 6 0, L_0000021faa7f3570;  1 drivers
v0000021faa7dfc80_0 .net *"_ivl_239", 0 0, L_0000021faa84b1f0;  1 drivers
v0000021faa7def60_0 .net *"_ivl_24", 0 0, L_0000021faa84ad90;  1 drivers
L_0000021faa7f35b8 .functor BUFT 1, C4<001>, C4<0>, C4<0>, C4<0>;
v0000021faa7e0220_0 .net/2u *"_ivl_241", 2 0, L_0000021faa7f35b8;  1 drivers
L_0000021faa7f3600 .functor BUFT 1, C4<1100111>, C4<0>, C4<0>, C4<0>;
v0000021faa7df000_0 .net/2u *"_ivl_243", 6 0, L_0000021faa7f3600;  1 drivers
v0000021faa7dece0_0 .net *"_ivl_245", 0 0, L_0000021faa84d090;  1 drivers
L_0000021faa7f3648 .functor BUFT 1, C4<010>, C4<0>, C4<0>, C4<0>;
v0000021faa7df140_0 .net/2u *"_ivl_247", 2 0, L_0000021faa7f3648;  1 drivers
L_0000021faa7f3690 .functor BUFT 1, C4<1100011>, C4<0>, C4<0>, C4<0>;
v0000021faa7e02c0_0 .net/2u *"_ivl_249", 6 0, L_0000021faa7f3690;  1 drivers
v0000021faa7ded80_0 .net *"_ivl_251", 0 0, L_0000021faa84d270;  1 drivers
L_0000021faa7f36d8 .functor BUFT 1, C4<011>, C4<0>, C4<0>, C4<0>;
v0000021faa7df820_0 .net/2u *"_ivl_253", 2 0, L_0000021faa7f36d8;  1 drivers
v0000021faa7df280_0 .net *"_ivl_255", 9 0, L_0000021faa84e670;  1 drivers
L_0000021faa7f3720 .functor BUFT 1, C4<0010011x01>, C4<0>, C4<0>, C4<0>;
v0000021faa7df320_0 .net *"_ivl_257", 9 0, L_0000021faa7f3720;  1 drivers
v0000021faa7e0400_0 .net *"_ivl_259", 0 0, L_0000021faa84dbd0;  1 drivers
L_0000021faa7f3768 .functor BUFT 1, C4<101>, C4<0>, C4<0>, C4<0>;
v0000021faa7df3c0_0 .net/2u *"_ivl_261", 2 0, L_0000021faa7f3768;  1 drivers
L_0000021faa7f37b0 .functor BUFT 1, C4<0010011>, C4<0>, C4<0>, C4<0>;
v0000021faa7df5a0_0 .net/2u *"_ivl_263", 6 0, L_0000021faa7f37b0;  1 drivers
v0000021faa7df960_0 .net *"_ivl_265", 0 0, L_0000021faa84d770;  1 drivers
L_0000021faa7f37f8 .functor BUFT 1, C4<010>, C4<0>, C4<0>, C4<0>;
v0000021faa7e0680_0 .net/2u *"_ivl_267", 2 0, L_0000021faa7f37f8;  1 drivers
L_0000021faa7f3840 .functor BUFT 1, C4<xxx>, C4<0>, C4<0>, C4<0>;
v0000021faa7e0720_0 .net *"_ivl_269", 2 0, L_0000021faa7f3840;  1 drivers
v0000021faa7dfa00_0 .net *"_ivl_271", 2 0, L_0000021faa84d310;  1 drivers
v0000021faa7e1790_0 .net *"_ivl_273", 2 0, L_0000021faa84d4f0;  1 drivers
v0000021faa7e2230_0 .net *"_ivl_275", 2 0, L_0000021faa84d3b0;  1 drivers
v0000021faa7e2370_0 .net *"_ivl_277", 2 0, L_0000021faa84def0;  1 drivers
v0000021faa7e1970_0 .net *"_ivl_279", 2 0, L_0000021faa84e210;  1 drivers
v0000021faa7e0930_0 .net *"_ivl_281", 2 0, L_0000021faa84e530;  1 drivers
v0000021faa7e2550_0 .net *"_ivl_283", 2 0, L_0000021faa84e5d0;  1 drivers
v0000021faa7e1a10_0 .net *"_ivl_285", 2 0, L_0000021faa84dc70;  1 drivers
v0000021faa7e24b0_0 .net *"_ivl_287", 2 0, L_0000021faa84e850;  1 drivers
L_0000021faa7f3888 .functor BUFT 1, C4<0010111>, C4<0>, C4<0>, C4<0>;
v0000021faa7e1010_0 .net/2u *"_ivl_289", 6 0, L_0000021faa7f3888;  1 drivers
v0000021faa7e1b50_0 .net *"_ivl_291", 0 0, L_0000021faa84dd10;  1 drivers
L_0000021faa7f38d0 .functor BUFT 1, C4<1101111>, C4<0>, C4<0>, C4<0>;
v0000021faa7e18d0_0 .net/2u *"_ivl_293", 6 0, L_0000021faa7f38d0;  1 drivers
v0000021faa7e1bf0_0 .net *"_ivl_295", 0 0, L_0000021faa84de50;  1 drivers
v0000021faa7e2410_0 .net *"_ivl_297", 0 0, L_0000021faa84eb20;  1 drivers
L_0000021faa7f3918 .functor BUFT 1, C4<1100111>, C4<0>, C4<0>, C4<0>;
v0000021faa7e1dd0_0 .net/2u *"_ivl_299", 6 0, L_0000021faa7f3918;  1 drivers
v0000021faa7e09d0_0 .net *"_ivl_301", 0 0, L_0000021faa84d450;  1 drivers
v0000021faa7e1ab0_0 .net *"_ivl_303", 0 0, L_0000021faa84eff0;  1 drivers
L_0000021faa7f3960 .functor BUFT 1, C4<1100011>, C4<0>, C4<0>, C4<0>;
v0000021faa7e0a70_0 .net/2u *"_ivl_305", 6 0, L_0000021faa7f3960;  1 drivers
v0000021faa7e25f0_0 .net *"_ivl_307", 0 0, L_0000021faa84d590;  1 drivers
L_0000021faa7f39a8 .functor BUFT 1, C4<0000011>, C4<0>, C4<0>, C4<0>;
v0000021faa7e1470_0 .net/2u *"_ivl_311", 6 0, L_0000021faa7f39a8;  1 drivers
v0000021faa7e22d0_0 .net *"_ivl_313", 0 0, L_0000021faa84d630;  1 drivers
L_0000021faa7f39f0 .functor BUFT 1, C4<0010011>, C4<0>, C4<0>, C4<0>;
v0000021faa7e0b10_0 .net/2u *"_ivl_315", 6 0, L_0000021faa7f39f0;  1 drivers
v0000021faa7e1fb0_0 .net *"_ivl_317", 0 0, L_0000021faa84df90;  1 drivers
v0000021faa7e1c90_0 .net *"_ivl_319", 0 0, L_0000021faa84eb90;  1 drivers
L_0000021faa7f3a38 .functor BUFT 1, C4<0010111>, C4<0>, C4<0>, C4<0>;
v0000021faa7e0f70_0 .net/2u *"_ivl_321", 6 0, L_0000021faa7f3a38;  1 drivers
v0000021faa7e1d30_0 .net *"_ivl_323", 0 0, L_0000021faa84e710;  1 drivers
v0000021faa7e0e30_0 .net *"_ivl_325", 0 0, L_0000021faa84f6f0;  1 drivers
L_0000021faa7f3a80 .functor BUFT 1, C4<0100011>, C4<0>, C4<0>, C4<0>;
v0000021faa7e2050_0 .net/2u *"_ivl_327", 6 0, L_0000021faa7f3a80;  1 drivers
v0000021faa7e1830_0 .net *"_ivl_329", 0 0, L_0000021faa84e7b0;  1 drivers
v0000021faa7e27d0_0 .net *"_ivl_331", 0 0, L_0000021faa84f840;  1 drivers
L_0000021faa7f3ac8 .functor BUFT 1, C4<0110111>, C4<0>, C4<0>, C4<0>;
v0000021faa7e0d90_0 .net/2u *"_ivl_333", 6 0, L_0000021faa7f3ac8;  1 drivers
v0000021faa7e1290_0 .net *"_ivl_335", 0 0, L_0000021faa84d1d0;  1 drivers
v0000021faa7e0bb0_0 .net *"_ivl_337", 0 0, L_0000021faa84f8b0;  1 drivers
L_0000021faa7f3b10 .functor BUFT 1, C4<1100111>, C4<0>, C4<0>, C4<0>;
v0000021faa7e0ed0_0 .net/2u *"_ivl_339", 6 0, L_0000021faa7f3b10;  1 drivers
v0000021faa7e2690_0 .net *"_ivl_34", 16 0, L_0000021faa84cc30;  1 drivers
v0000021faa7e1e70_0 .net *"_ivl_341", 0 0, L_0000021faa84d6d0;  1 drivers
v0000021faa7e1f10_0 .net *"_ivl_343", 0 0, L_0000021faa84f370;  1 drivers
L_0000021faa7f3b58 .functor BUFT 1, C4<1101111>, C4<0>, C4<0>, C4<0>;
v0000021faa7e1330_0 .net/2u *"_ivl_345", 6 0, L_0000021faa7f3b58;  1 drivers
v0000021faa7e10b0_0 .net *"_ivl_347", 0 0, L_0000021faa84e0d0;  1 drivers
v0000021faa7e20f0_0 .net *"_ivl_349", 0 0, L_0000021faa850100;  1 drivers
L_0000021faa7f3ba0 .functor BUFT 1, C4<1100011>, C4<0>, C4<0>, C4<0>;
v0000021faa7e1150_0 .net/2u *"_ivl_351", 6 0, L_0000021faa7f3ba0;  1 drivers
v0000021faa7e2730_0 .net *"_ivl_353", 0 0, L_0000021faa84d810;  1 drivers
L_0000021faa7f3be8 .functor BUFT 1, C4<0000011>, C4<0>, C4<0>, C4<0>;
v0000021faa7e11f0_0 .net/2u *"_ivl_359", 6 0, L_0000021faa7f3be8;  1 drivers
L_0000021faa7f2c70 .functor BUFT 1, C4<00100111010100000>, C4<0>, C4<0>, C4<0>;
v0000021faa7e2190_0 .net/2u *"_ivl_36", 16 0, L_0000021faa7f2c70;  1 drivers
v0000021faa7e0c50_0 .net *"_ivl_361", 0 0, L_0000021faa84da90;  1 drivers
L_0000021faa7f3c30 .functor BUFT 1, C4<0110111>, C4<0>, C4<0>, C4<0>;
v0000021faa7e1650_0 .net/2u *"_ivl_363", 6 0, L_0000021faa7f3c30;  1 drivers
v0000021faa7e0cf0_0 .net *"_ivl_365", 0 0, L_0000021faa84e030;  1 drivers
v0000021faa7e13d0_0 .net *"_ivl_367", 0 0, L_0000021faa84f920;  1 drivers
v0000021faa7e1510_0 .net *"_ivl_369", 0 0, L_0000021faa84f3e0;  1 drivers
L_0000021faa7f3c78 .functor BUFT 1, C4<0110111>, C4<0>, C4<0>, C4<0>;
v0000021faa7e15b0_0 .net/2u *"_ivl_374", 6 0, L_0000021faa7f3c78;  1 drivers
v0000021faa7e16f0_0 .net *"_ivl_376", 0 0, L_0000021faa84d8b0;  1 drivers
L_0000021faa7f3cc0 .functor BUFT 1, C4<1101111>, C4<0>, C4<0>, C4<0>;
v0000021faa7e47e0_0 .net/2u *"_ivl_378", 6 0, L_0000021faa7f3cc0;  1 drivers
v0000021faa7e2940_0 .net *"_ivl_38", 0 0, L_0000021faa84be70;  1 drivers
v0000021faa7e3ca0_0 .net *"_ivl_380", 0 0, L_0000021faa84d950;  1 drivers
v0000021faa7e3ac0_0 .net *"_ivl_382", 0 0, L_0000021faa8503a0;  1 drivers
L_0000021faa7f3d08 .functor BUFT 1, C4<1100111>, C4<0>, C4<0>, C4<0>;
v0000021faa7e2ee0_0 .net/2u *"_ivl_384", 6 0, L_0000021faa7f3d08;  1 drivers
v0000021faa7e4420_0 .net *"_ivl_386", 0 0, L_0000021faa84ddb0;  1 drivers
v0000021faa7e42e0_0 .net *"_ivl_388", 0 0, L_0000021faa84fca0;  1 drivers
L_0000021faa7f2ac0 .functor BUFT 1, C4<1101111>, C4<0>, C4<0>, C4<0>;
v0000021faa7e35c0_0 .net/2u *"_ivl_4", 6 0, L_0000021faa7f2ac0;  1 drivers
v0000021faa7e3980_0 .net *"_ivl_40", 16 0, L_0000021faa84b510;  1 drivers
L_0000021faa7f2cb8 .functor BUFT 1, C4<01100110000100000>, C4<0>, C4<0>, C4<0>;
v0000021faa7e3c00_0 .net/2u *"_ivl_42", 16 0, L_0000021faa7f2cb8;  1 drivers
v0000021faa7e30c0_0 .net *"_ivl_44", 0 0, L_0000021faa84ab10;  1 drivers
v0000021faa7e3200_0 .net *"_ivl_46", 0 0, L_0000021faa778790;  1 drivers
v0000021faa7e2c60_0 .net *"_ivl_48", 16 0, L_0000021faa84bfb0;  1 drivers
L_0000021faa7f2d00 .functor BUFT 1, C4<01100111010100000>, C4<0>, C4<0>, C4<0>;
v0000021faa7e2d00_0 .net/2u *"_ivl_50", 16 0, L_0000021faa7f2d00;  1 drivers
v0000021faa7e3a20_0 .net *"_ivl_52", 0 0, L_0000021faa84c050;  1 drivers
v0000021faa7e2e40_0 .net *"_ivl_54", 0 0, L_0000021faa778250;  1 drivers
L_0000021faa7f2d48 .functor BUFT 1, C4<0110111>, C4<0>, C4<0>, C4<0>;
v0000021faa7e29e0_0 .net/2u *"_ivl_56", 6 0, L_0000021faa7f2d48;  1 drivers
v0000021faa7e3840_0 .net *"_ivl_58", 0 0, L_0000021faa84ccd0;  1 drivers
v0000021faa7e3b60_0 .net *"_ivl_6", 0 0, L_0000021faa84bc90;  1 drivers
v0000021faa7e3d40_0 .net *"_ivl_60", 0 0, L_0000021faa778cd0;  1 drivers
v0000021faa7e2f80_0 .net *"_ivl_65", 13 0, L_0000021faa84c0f0;  1 drivers
L_0000021faa7f2d90 .functor BUFT 1, C4<01100110000001>, C4<0>, C4<0>, C4<0>;
v0000021faa7e4740_0 .net/2u *"_ivl_67", 13 0, L_0000021faa7f2d90;  1 drivers
v0000021faa7e3700_0 .net *"_ivl_69", 0 0, L_0000021faa84b830;  1 drivers
L_0000021faa7f2dd8 .functor BUFT 1, C4<0110111>, C4<0>, C4<0>, C4<0>;
v0000021faa7e3de0_0 .net/2u *"_ivl_71", 6 0, L_0000021faa7f2dd8;  1 drivers
v0000021faa7e3e80_0 .net *"_ivl_73", 0 0, L_0000021faa84c870;  1 drivers
v0000021faa7e3f20_0 .net *"_ivl_75", 0 0, L_0000021faa7782c0;  1 drivers
L_0000021faa7f2e20 .functor BUFT 1, C4<0100011>, C4<0>, C4<0>, C4<0>;
v0000021faa7e3020_0 .net/2u *"_ivl_77", 6 0, L_0000021faa7f2e20;  1 drivers
v0000021faa7e46a0_0 .net *"_ivl_79", 0 0, L_0000021faa84ceb0;  1 drivers
v0000021faa7e38e0_0 .net *"_ivl_8", 0 0, L_0000021faa7781e0;  1 drivers
L_0000021faa7f2e68 .functor BUFT 1, C4<1100011>, C4<0>, C4<0>, C4<0>;
v0000021faa7e3fc0_0 .net/2u *"_ivl_81", 6 0, L_0000021faa7f2e68;  1 drivers
v0000021faa7e41a0_0 .net *"_ivl_83", 0 0, L_0000021faa84b6f0;  1 drivers
v0000021faa7e32a0_0 .net *"_ivl_85", 0 0, L_0000021faa778410;  1 drivers
L_0000021faa7f2eb0 .functor BUFT 1, C4<0000000>, C4<0>, C4<0>, C4<0>;
v0000021faa7e3480_0 .net/2u *"_ivl_87", 6 0, L_0000021faa7f2eb0;  1 drivers
v0000021faa7e4060_0 .net *"_ivl_89", 0 0, L_0000021faa84c190;  1 drivers
v0000021faa7e4100_0 .net *"_ivl_91", 0 0, L_0000021faa778480;  1 drivers
v0000021faa7e4240_0 .net *"_ivl_93", 0 0, L_0000021faa778950;  1 drivers
L_0000021faa7f2ef8 .functor BUFT 1, C4<0100011>, C4<0>, C4<0>, C4<0>;
v0000021faa7e3160_0 .net/2u *"_ivl_99", 6 0, L_0000021faa7f2ef8;  1 drivers
v0000021faa7e2da0_0 .net "alu_op", 4 0, L_0000021faa84cd70;  alias, 1 drivers
v0000021faa7e2a80_0 .net "branch_jump", 3 0, L_0000021faa84cff0;  alias, 1 drivers
v0000021faa7e4380_0 .net "data1_alu_sel", 0 0, L_0000021faa850170;  alias, 1 drivers
v0000021faa7e2b20_0 .net "data2_alu_sel", 0 0, L_0000021faa84fa00;  alias, 1 drivers
v0000021faa7e44c0_0 .net "funct3", 2 0, L_0000021faa84e2b0;  1 drivers
v0000021faa7e2bc0_0 .net "funct3_mux_select", 0 0, L_0000021faa778640;  1 drivers
v0000021faa7e3340_0 .net "funct7", 6 0, L_0000021faa84db30;  1 drivers
v0000021faa7e4560_0 .net "imm_sel", 3 0, L_0000021faa84ca50;  alias, 1 drivers
v0000021faa7e3520_0 .net "mem_read", 3 0, L_0000021faa84b330;  alias, 1 drivers
v0000021faa7e4600_0 .net "mem_write", 2 0, L_0000021faa84abb0;  alias, 1 drivers
v0000021faa7e33e0_0 .net "opcode", 6 0, L_0000021faa84d9f0;  1 drivers
v0000021faa7e3660_0 .net "reg_write_en", 0 0, L_0000021faa778a30;  alias, 1 drivers
v0000021faa7e37a0_0 .net "reset", 0 0, o0000021faa785ab8;  alias, 0 drivers
v0000021faa7e5400_0 .net "wb_sel", 1 0, L_0000021faa84e170;  alias, 1 drivers
L_0000021faa84cb90 .cmp/eq 7, L_0000021faa84d9f0, L_0000021faa7f2a78;
L_0000021faa84bc90 .cmp/eq 7, L_0000021faa84d9f0, L_0000021faa7f2ac0;
L_0000021faa84d130 .cmp/eq 7, L_0000021faa84d9f0, L_0000021faa7f2b08;
L_0000021faa84bdd0 .cmp/eq 7, L_0000021faa84d9f0, L_0000021faa7f2b50;
L_0000021faa84ad90 .cmp/eq 7, L_0000021faa84d9f0, L_0000021faa7f2b98;
L_0000021faa84cc30 .concat [ 7 3 7 0], L_0000021faa84db30, L_0000021faa84e2b0, L_0000021faa84d9f0;
L_0000021faa84be70 .cmp/eq 17, L_0000021faa84cc30, L_0000021faa7f2c70;
L_0000021faa84b510 .concat [ 7 3 7 0], L_0000021faa84db30, L_0000021faa84e2b0, L_0000021faa84d9f0;
L_0000021faa84ab10 .cmp/eq 17, L_0000021faa84b510, L_0000021faa7f2cb8;
L_0000021faa84bfb0 .concat [ 7 3 7 0], L_0000021faa84db30, L_0000021faa84e2b0, L_0000021faa84d9f0;
L_0000021faa84c050 .cmp/eq 17, L_0000021faa84bfb0, L_0000021faa7f2d00;
L_0000021faa84ccd0 .cmp/eq 7, L_0000021faa84d9f0, L_0000021faa7f2d48;
L_0000021faa84cd70 .concat8 [ 3 1 1 0], L_0000021faa84b290, L_0000021faa7782c0, L_0000021faa778cd0;
L_0000021faa84c0f0 .concat [ 7 7 0 0], L_0000021faa84db30, L_0000021faa84d9f0;
L_0000021faa84b830 .cmp/eq 14, L_0000021faa84c0f0, L_0000021faa7f2d90;
L_0000021faa84c870 .cmp/eq 7, L_0000021faa84d9f0, L_0000021faa7f2dd8;
L_0000021faa84ceb0 .cmp/eq 7, L_0000021faa84d9f0, L_0000021faa7f2e20;
L_0000021faa84b6f0 .cmp/eq 7, L_0000021faa84d9f0, L_0000021faa7f2e68;
L_0000021faa84c190 .cmp/eq 7, L_0000021faa84d9f0, L_0000021faa7f2eb0;
L_0000021faa84c2d0 .delay 1 (30,30,30) L_0000021faa84c2d0/d;
L_0000021faa84c2d0/d .cmp/eq 7, L_0000021faa84d9f0, L_0000021faa7f2ef8;
L_0000021faa84abb0 .concat8 [ 2 1 0 0], L_0000021faa84c410, L_0000021faa84c2d0;
L_0000021faa84c410 .delay 2 (30,30,30) L_0000021faa84c410/d;
L_0000021faa84c410/d .part L_0000021faa84e2b0, 0, 2;
L_0000021faa84ce10 .delay 1 (30,30,30) L_0000021faa84ce10/d;
L_0000021faa84ce10/d .cmp/eq 7, L_0000021faa84d9f0, L_0000021faa7f2f40;
L_0000021faa84b330 .concat8 [ 3 1 0 0], L_0000021faa7784f0, L_0000021faa84ce10;
L_0000021faa84cf50 .cmp/eq 7, L_0000021faa84d9f0, L_0000021faa7f2f88;
L_0000021faa84ae30 .cmp/eq 7, L_0000021faa84d9f0, L_0000021faa7f2fd0;
L_0000021faa84b8d0 .cmp/eq 7, L_0000021faa84d9f0, L_0000021faa7f3018;
L_0000021faa84cff0 .concat8 [ 3 1 0 0], L_0000021faa84b970, L_0000021faa7786b0;
L_0000021faa84c730 .cmp/eq 7, L_0000021faa84d9f0, L_0000021faa7f3060;
L_0000021faa84c4b0 .cmp/eq 7, L_0000021faa84d9f0, L_0000021faa7f30a8;
L_0000021faa84b970 .delay 3 (30,30,30) L_0000021faa84b970/d;
L_0000021faa84b970/d .functor MUXZ 3, L_0000021faa84e2b0, L_0000021faa7f30f0, L_0000021faa778b80, C4<>;
L_0000021faa84b5b0 .concat [ 3 7 0 0], L_0000021faa84e2b0, L_0000021faa84d9f0;
L_0000021faa84aed0 .cmp/eq 10, L_0000021faa84b5b0, L_0000021faa7f3138;
L_0000021faa84c550 .concat [ 3 7 0 0], L_0000021faa84e2b0, L_0000021faa84d9f0;
L_0000021faa84c5f0 .cmp/eq 10, L_0000021faa84c550, L_0000021faa7f3180;
L_0000021faa84c690 .concat [ 3 7 0 0], L_0000021faa84e2b0, L_0000021faa84d9f0;
L_0000021faa84bab0 .cmp/eq 10, L_0000021faa84c690, L_0000021faa7f31c8;
L_0000021faa84ba10 .concat [ 7 3 7 0], L_0000021faa84db30, L_0000021faa84e2b0, L_0000021faa84d9f0;
L_0000021faa84ac50 .cmp/eq 17, L_0000021faa84ba10, L_0000021faa7f3210;
L_0000021faa84af70 .concat [ 7 3 7 0], L_0000021faa84db30, L_0000021faa84e2b0, L_0000021faa84d9f0;
L_0000021faa84b650 .cmp/eq 17, L_0000021faa84af70, L_0000021faa7f3258;
L_0000021faa84bb50 .concat [ 7 3 7 0], L_0000021faa84db30, L_0000021faa84e2b0, L_0000021faa84d9f0;
L_0000021faa84c7d0 .cmp/eq 17, L_0000021faa84bb50, L_0000021faa7f32a0;
L_0000021faa84c910 .concat [ 7 3 7 0], L_0000021faa84db30, L_0000021faa84e2b0, L_0000021faa84d9f0;
L_0000021faa84c9b0 .cmp/eq 17, L_0000021faa84c910, L_0000021faa7f32e8;
L_0000021faa84ca50 .concat8 [ 3 1 0 0], L_0000021faa84e850, L_0000021faa850090;
L_0000021faa84caf0 .cmp/eq 7, L_0000021faa84d9f0, L_0000021faa7f3330;
L_0000021faa84b010 .cmp/eq 7, L_0000021faa84d9f0, L_0000021faa7f33c0;
L_0000021faa84b0b0 .cmp/eq 7, L_0000021faa84d9f0, L_0000021faa7f3450;
L_0000021faa84b150 .cmp/eq 7, L_0000021faa84d9f0, L_0000021faa7f34e0;
L_0000021faa84b1f0 .cmp/eq 7, L_0000021faa84d9f0, L_0000021faa7f3570;
L_0000021faa84d090 .cmp/eq 7, L_0000021faa84d9f0, L_0000021faa7f3600;
L_0000021faa84d270 .cmp/eq 7, L_0000021faa84d9f0, L_0000021faa7f3690;
L_0000021faa84e670 .concat [ 3 7 0 0], L_0000021faa84e2b0, L_0000021faa84d9f0;
L_0000021faa84dbd0 .cmp/eq 10, L_0000021faa84e670, L_0000021faa7f3720;
L_0000021faa84d770 .cmp/eq 7, L_0000021faa84d9f0, L_0000021faa7f37b0;
L_0000021faa84d310 .functor MUXZ 3, L_0000021faa7f3840, L_0000021faa7f37f8, L_0000021faa84d770, C4<>;
L_0000021faa84d4f0 .functor MUXZ 3, L_0000021faa84d310, L_0000021faa7f3768, L_0000021faa84dbd0, C4<>;
L_0000021faa84d3b0 .functor MUXZ 3, L_0000021faa84d4f0, L_0000021faa7f36d8, L_0000021faa84d270, C4<>;
L_0000021faa84def0 .functor MUXZ 3, L_0000021faa84d3b0, L_0000021faa7f3648, L_0000021faa84d090, C4<>;
L_0000021faa84e210 .functor MUXZ 3, L_0000021faa84def0, L_0000021faa7f35b8, L_0000021faa84b1f0, C4<>;
L_0000021faa84e530 .functor MUXZ 3, L_0000021faa84e210, L_0000021faa7f3528, L_0000021faa84b150, C4<>;
L_0000021faa84e5d0 .functor MUXZ 3, L_0000021faa84e530, L_0000021faa7f3498, L_0000021faa84b0b0, C4<>;
L_0000021faa84dc70 .functor MUXZ 3, L_0000021faa84e5d0, L_0000021faa7f3408, L_0000021faa84b010, C4<>;
L_0000021faa84e850 .delay 3 (30,30,30) L_0000021faa84e850/d;
L_0000021faa84e850/d .functor MUXZ 3, L_0000021faa84dc70, L_0000021faa7f3378, L_0000021faa84caf0, C4<>;
L_0000021faa84dd10 .cmp/eq 7, L_0000021faa84d9f0, L_0000021faa7f3888;
L_0000021faa84de50 .cmp/eq 7, L_0000021faa84d9f0, L_0000021faa7f38d0;
L_0000021faa84d450 .cmp/eq 7, L_0000021faa84d9f0, L_0000021faa7f3918;
L_0000021faa84d590 .cmp/eq 7, L_0000021faa84d9f0, L_0000021faa7f3960;
L_0000021faa84d630 .cmp/eq 7, L_0000021faa84d9f0, L_0000021faa7f39a8;
L_0000021faa84df90 .cmp/eq 7, L_0000021faa84d9f0, L_0000021faa7f39f0;
L_0000021faa84e710 .cmp/eq 7, L_0000021faa84d9f0, L_0000021faa7f3a38;
L_0000021faa84e7b0 .cmp/eq 7, L_0000021faa84d9f0, L_0000021faa7f3a80;
L_0000021faa84d1d0 .cmp/eq 7, L_0000021faa84d9f0, L_0000021faa7f3ac8;
L_0000021faa84d6d0 .cmp/eq 7, L_0000021faa84d9f0, L_0000021faa7f3b10;
L_0000021faa84e0d0 .cmp/eq 7, L_0000021faa84d9f0, L_0000021faa7f3b58;
L_0000021faa84d810 .cmp/eq 7, L_0000021faa84d9f0, L_0000021faa7f3ba0;
L_0000021faa84da90 .cmp/eq 7, L_0000021faa84d9f0, L_0000021faa7f3be8;
L_0000021faa84e030 .cmp/eq 7, L_0000021faa84d9f0, L_0000021faa7f3c30;
L_0000021faa84e170 .concat8 [ 1 1 0 0], L_0000021faa84f3e0, L_0000021faa84fca0;
L_0000021faa84d8b0 .cmp/eq 7, L_0000021faa84d9f0, L_0000021faa7f3c78;
L_0000021faa84d950 .cmp/eq 7, L_0000021faa84d9f0, L_0000021faa7f3cc0;
L_0000021faa84ddb0 .cmp/eq 7, L_0000021faa84d9f0, L_0000021faa7f3d08;
S_0000021faa64c170 .scope module, "funct3_mux" "mux_3b_2to1" 6 32, 7 3 0, S_0000021faa64bfe0;
 .timescale -9 -10;
    .port_info 0 /INPUT 3 "data1";
    .port_info 1 /INPUT 3 "data2";
    .port_info 2 /OUTPUT 3 "out";
    .port_info 3 /INPUT 1 "sel";
L_0000021faa7f2be0 .functor BUFT 1, C4<1>, C4<0>, C4<0>, C4<0>;
L_0000021faa7789c0 .functor XNOR 1, L_0000021faa778640, L_0000021faa7f2be0, C4<0>, C4<0>;
v0000021faa7d4ae0_0 .net/2u *"_ivl_0", 0 0, L_0000021faa7f2be0;  1 drivers
v0000021faa7d6520_0 .net *"_ivl_2", 0 0, L_0000021faa7789c0;  1 drivers
v0000021faa7d54e0_0 .net "data1", 2 0, L_0000021faa84e2b0;  alias, 1 drivers
L_0000021faa7f2c28 .functor BUFT 1, C4<000>, C4<0>, C4<0>, C4<0>;
v0000021faa7d4d60_0 .net "data2", 2 0, L_0000021faa7f2c28;  1 drivers
v0000021faa7d5080_0 .net "out", 2 0, L_0000021faa84b290;  1 drivers
v0000021faa7d4b80_0 .net "sel", 0 0, L_0000021faa778640;  alias, 1 drivers
L_0000021faa84b290 .delay 3 (10,10,10) L_0000021faa84b290/d;
L_0000021faa84b290/d .functor MUXZ 3, L_0000021faa84e2b0, L_0000021faa7f2c28, L_0000021faa7789c0, C4<>;
S_0000021faa6b15f0 .scope module, "ex_mem_pipeline_reg_inst" "ex_mem_pipeline_reg" 2 210, 8 3 0, S_0000021faa6bcd70;
 .timescale -9 -10;
    .port_info 0 /INPUT 1 "clk";
    .port_info 1 /INPUT 1 "rst";
    .port_info 2 /INPUT 1 "reg_write_in";
    .port_info 3 /INPUT 32 "pc_in";
    .port_info 4 /INPUT 32 "alu_result_in";
    .port_info 5 /INPUT 32 "read_data2_in";
    .port_info 6 /INPUT 32 "imm_in";
    .port_info 7 /INPUT 5 "dest_addr_in";
    .port_info 8 /INPUT 3 "mem_write_in";
    .port_info 9 /INPUT 4 "mem_read_in";
    .port_info 10 /INPUT 2 "wb_sel_in";
    .port_info 11 /INPUT 1 "busywait";
    .port_info 12 /OUTPUT 1 "reg_write_out";
    .port_info 13 /OUTPUT 32 "pc_out";
    .port_info 14 /OUTPUT 32 "alu_result_out";
    .port_info 15 /OUTPUT 32 "read_data2_out";
    .port_info 16 /OUTPUT 32 "imm_out";
    .port_info 17 /OUTPUT 5 "dest_addr_out";
    .port_info 18 /OUTPUT 3 "mem_write_out";
    .port_info 19 /OUTPUT 4 "mem_read_out";
    .port_info 20 /OUTPUT 2 "wb_sel_out";
v0000021faa7e4d20_0 .net "alu_result_in", 31 0, v0000021faa768b30_0;  alias, 1 drivers
v0000021faa7e6580_0 .var "alu_result_out", 31 0;
v0000021faa7e6120_0 .net "busywait", 0 0, L_0000021faa778170;  alias, 1 drivers
v0000021faa7e4c80_0 .net "clk", 0 0, o0000021faa785de8;  alias, 0 drivers
v0000021faa7e6260_0 .net "dest_addr_in", 4 0, v0000021faa7e64e0_0;  alias, 1 drivers
v0000021faa7e5d60_0 .var "dest_addr_out", 4 0;
v0000021faa7e6da0_0 .net "imm_in", 31 0, v0000021faa7e5ea0_0;  alias, 1 drivers
v0000021faa7e5720_0 .var "imm_out", 31 0;
v0000021faa7e63a0_0 .net "mem_read_in", 3 0, v0000021faa7e6a80_0;  alias, 1 drivers
v0000021faa7e5360_0 .var "mem_read_out", 3 0;
v0000021faa7e5900_0 .net "mem_write_in", 2 0, v0000021faa7e4dc0_0;  alias, 1 drivers
v0000021faa7e5fe0_0 .var "mem_write_out", 2 0;
v0000021faa7e66c0_0 .net "pc_in", 31 0, v0000021faa7e4be0_0;  alias, 1 drivers
v0000021faa7e6e40_0 .var "pc_out", 31 0;
v0000021faa7e5e00_0 .net "read_data2_in", 31 0, v0000021faa7e5680_0;  alias, 1 drivers
v0000021faa7e5040_0 .var "read_data2_out", 31 0;
v0000021faa7e6ee0_0 .net "reg_write_in", 0 0, v0000021faa7e4e60_0;  alias, 1 drivers
v0000021faa7e7020_0 .var "reg_write_out", 0 0;
v0000021faa7e61c0_0 .net "rst", 0 0, o0000021faa785ab8;  alias, 0 drivers
v0000021faa7e57c0_0 .net "wb_sel_in", 1 0, v0000021faa7e4fa0_0;  alias, 1 drivers
v0000021faa7e52c0_0 .var "wb_sel_out", 1 0;
E_0000021faa759470 .event posedge, v0000021faa7e37a0_0, v0000021faa7e4c80_0;
S_0000021faa6b1780 .scope module, "id_ex_pipeline_reg_inst" "id_ex_pipeline_reg" 2 132, 9 3 0, S_0000021faa6bcd70;
 .timescale -9 -10;
    .port_info 0 /INPUT 1 "clk";
    .port_info 1 /INPUT 1 "rst";
    .port_info 2 /INPUT 1 "reg_write_en_in";
    .port_info 3 /INPUT 1 "data1_alu_sel_in";
    .port_info 4 /INPUT 1 "data2_alu_sel_in";
    .port_info 5 /INPUT 32 "pc_in";
    .port_info 6 /INPUT 32 "read_data1_in";
    .port_info 7 /INPUT 32 "read_data2_in";
    .port_info 8 /INPUT 32 "imm_in";
    .port_info 9 /INPUT 5 "dest_addr_in";
    .port_info 10 /INPUT 5 "aluop_in";
    .port_info 11 /INPUT 4 "branch_jump_in";
    .port_info 12 /INPUT 3 "mem_write_in";
    .port_info 13 /INPUT 4 "mem_read_in";
    .port_info 14 /INPUT 2 "wb_sel_in";
    .port_info 15 /INPUT 1 "busywait";
    .port_info 16 /OUTPUT 1 "reg_write_en_out";
    .port_info 17 /OUTPUT 1 "data1_alu_sel_out";
    .port_info 18 /OUTPUT 1 "data2_alu_sel_out";
    .port_info 19 /OUTPUT 32 "pc_out";
    .port_info 20 /OUTPUT 32 "read_data1_out";
    .port_info 21 /OUTPUT 32 "read_data2_out";
    .port_info 22 /OUTPUT 32 "imm_out";
    .port_info 23 /OUTPUT 5 "dest_addr_out";
    .port_info 24 /OUTPUT 5 "aluop_out";
    .port_info 25 /OUTPUT 4 "branch_jump_out";
    .port_info 26 /OUTPUT 3 "mem_write_out";
    .port_info 27 /OUTPUT 4 "mem_read_out";
    .port_info 28 /OUTPUT 2 "wb_sel_out";
v0000021faa7e54a0_0 .net "aluop_in", 4 0, L_0000021faa84cd70;  alias, 1 drivers
v0000021faa7e4960_0 .var "aluop_out", 4 0;
v0000021faa7e59a0_0 .net "branch_jump_in", 3 0, L_0000021faa84cff0;  alias, 1 drivers
v0000021faa7e4b40_0 .var "branch_jump_out", 3 0;
v0000021faa7e5cc0_0 .net "busywait", 0 0, L_0000021faa778170;  alias, 1 drivers
v0000021faa7e5540_0 .net "clk", 0 0, o0000021faa785de8;  alias, 0 drivers
v0000021faa7e6440_0 .net "data1_alu_sel_in", 0 0, L_0000021faa850170;  alias, 1 drivers
v0000021faa7e4a00_0 .var "data1_alu_sel_out", 0 0;
v0000021faa7e6300_0 .net "data2_alu_sel_in", 0 0, L_0000021faa84fa00;  alias, 1 drivers
v0000021faa7e69e0_0 .var "data2_alu_sel_out", 0 0;
v0000021faa7e70c0_0 .net "dest_addr_in", 4 0, L_0000021faa84e350;  1 drivers
v0000021faa7e64e0_0 .var "dest_addr_out", 4 0;
v0000021faa7e5860_0 .net "imm_in", 31 0, v0000021faa7e9370_0;  alias, 1 drivers
v0000021faa7e5ea0_0 .var "imm_out", 31 0;
v0000021faa7e6620_0 .net "mem_read_in", 3 0, L_0000021faa84b330;  alias, 1 drivers
v0000021faa7e6a80_0 .var "mem_read_out", 3 0;
v0000021faa7e55e0_0 .net "mem_write_in", 2 0, L_0000021faa84abb0;  alias, 1 drivers
v0000021faa7e4dc0_0 .var "mem_write_out", 2 0;
v0000021faa7e4aa0_0 .net "pc_in", 31 0, v0000021faa7e5220_0;  alias, 1 drivers
v0000021faa7e4be0_0 .var "pc_out", 31 0;
v0000021faa7e6bc0_0 .net "read_data1_in", 31 0, L_0000021faa778aa0;  alias, 1 drivers
v0000021faa7e5a40_0 .var "read_data1_out", 31 0;
v0000021faa7e6940_0 .net "read_data2_in", 31 0, L_0000021faa7788e0;  alias, 1 drivers
v0000021faa7e5680_0 .var "read_data2_out", 31 0;
v0000021faa7e6080_0 .net "reg_write_en_in", 0 0, L_0000021faa778a30;  alias, 1 drivers
v0000021faa7e4e60_0 .var "reg_write_en_out", 0 0;
v0000021faa7e4f00_0 .net "rst", 0 0, o0000021faa785ab8;  alias, 0 drivers
v0000021faa7e6d00_0 .net "wb_sel_in", 1 0, L_0000021faa84e170;  alias, 1 drivers
v0000021faa7e4fa0_0 .var "wb_sel_out", 1 0;
S_0000021faa69ca50 .scope module, "if_id_pipeline_reg_inst" "if_id_pipeline_reg" 2 63, 10 3 0, S_0000021faa6bcd70;
 .timescale -9 -10;
    .port_info 0 /INPUT 1 "clk";
    .port_info 1 /INPUT 1 "rst";
    .port_info 2 /INPUT 32 "pc_in";
    .port_info 3 /OUTPUT 32 "pc_out";
    .port_info 4 /INPUT 32 "instr_in";
    .port_info 5 /OUTPUT 32 "instr_out";
    .port_info 6 /INPUT 1 "busywait";
v0000021faa7e50e0_0 .net "busywait", 0 0, L_0000021faa778170;  alias, 1 drivers
v0000021faa7e5ae0_0 .net "clk", 0 0, o0000021faa785de8;  alias, 0 drivers
v0000021faa7e5180_0 .net "instr_in", 31 0, o0000021faa786ad8;  alias, 0 drivers
v0000021faa7e5c20_0 .var "instr_out", 31 0;
v0000021faa7e6b20_0 .net "pc_in", 31 0, v0000021faa7e7de0_0;  alias, 1 drivers
v0000021faa7e5220_0 .var "pc_out", 31 0;
v0000021faa7e5b80_0 .net "rst", 0 0, o0000021faa785ab8;  alias, 0 drivers
E_0000021faa7596b0 .event posedge, v0000021faa7e4c80_0;
S_0000021faa6a6fd0 .scope module, "mem_wb_pipeline_reg_inst" "mem_wb_pipeline_reg" 2 259, 11 3 0, S_0000021faa6bcd70;
 .timescale -9 -10;
    .port_info 0 /INPUT 1 "clk";
    .port_info 1 /INPUT 1 "rst";
    .port_info 2 /INPUT 1 "reg_write_in";
    .port_info 3 /INPUT 32 "pc_in";
    .port_info 4 /INPUT 32 "mem_data_in";
    .port_info 5 /INPUT 32 "alu_result_in";
    .port_info 6 /INPUT 32 "imm_in";
    .port_info 7 /INPUT 5 "dest_addr_in";
    .port_info 8 /INPUT 2 "wb_sel_in";
    .port_info 9 /INPUT 1 "busywait";
    .port_info 10 /OUTPUT 1 "reg_write_out";
    .port_info 11 /OUTPUT 32 "pc_out";
    .port_info 12 /OUTPUT 32 "mem_data_out";
    .port_info 13 /OUTPUT 32 "alu_result_out";
    .port_info 14 /OUTPUT 32 "imm_out";
    .port_info 15 /OUTPUT 5 "dest_addr_out";
    .port_info 16 /OUTPUT 2 "wb_sel_out";
v0000021faa7e5f40_0 .net "alu_result_in", 31 0, v0000021faa7e6580_0;  alias, 1 drivers
v0000021faa7e6760_0 .var "alu_result_out", 31 0;
v0000021faa7e6800_0 .net "busywait", 0 0, L_0000021faa778170;  alias, 1 drivers
v0000021faa7e68a0_0 .net "clk", 0 0, o0000021faa785de8;  alias, 0 drivers
v0000021faa7e6c60_0 .net "dest_addr_in", 4 0, v0000021faa7e5d60_0;  alias, 1 drivers
v0000021faa7e6f80_0 .var "dest_addr_out", 4 0;
v0000021faa7e77a0_0 .net "imm_in", 31 0, v0000021faa7e5720_0;  alias, 1 drivers
v0000021faa7e7340_0 .var "imm_out", 31 0;
v0000021faa7e73e0_0 .net "mem_data_in", 31 0, o0000021faa786d48;  alias, 0 drivers
v0000021faa7e7840_0 .var "mem_data_out", 31 0;
v0000021faa7e82e0_0 .net "pc_in", 31 0, v0000021faa7e6e40_0;  alias, 1 drivers
v0000021faa7e8740_0 .var "pc_out", 31 0;
v0000021faa7e7e80_0 .net "reg_write_in", 0 0, v0000021faa7e7020_0;  alias, 1 drivers
v0000021faa7e7480_0 .var "reg_write_out", 0 0;
v0000021faa7e7520_0 .net "rst", 0 0, o0000021faa785ab8;  alias, 0 drivers
v0000021faa7e8560_0 .net "wb_sel_in", 1 0, v0000021faa7e52c0_0;  alias, 1 drivers
v0000021faa7e75c0_0 .var "wb_sel_out", 1 0;
S_0000021faa6a7160 .scope module, "pc_inst" "pc" 2 48, 12 3 0, S_0000021faa6bcd70;
 .timescale -9 -10;
    .port_info 0 /INPUT 1 "clk";
    .port_info 1 /INPUT 1 "rst";
    .port_info 2 /INPUT 32 "pc_in";
    .port_info 3 /OUTPUT 32 "pc_out";
    .port_info 4 /INPUT 1 "busywait";
v0000021faa7e7ca0_0 .net "busywait", 0 0, L_0000021faa778170;  alias, 1 drivers
v0000021faa7e7b60_0 .net "clk", 0 0, o0000021faa785de8;  alias, 0 drivers
v0000021faa7e7660_0 .net "pc_in", 31 0, L_0000021faa7eb990;  alias, 1 drivers
v0000021faa7e7de0_0 .var "pc_out", 31 0;
v0000021faa7e72a0_0 .net "rst", 0 0, o0000021faa785ab8;  alias, 0 drivers
S_0000021faa6c93c0 .scope module, "pc_mux" "mux_32b_2to1" 2 40, 4 3 0, S_0000021faa6bcd70;
 .timescale -9 -10;
    .port_info 0 /INPUT 32 "data1";
    .port_info 1 /INPUT 32 "data2";
    .port_info 2 /INPUT 1 "sel";
    .port_info 3 /OUTPUT 32 "out";
L_0000021faa7f2958 .functor BUFT 1, C4<1>, C4<0>, C4<0>, C4<0>;
L_0000021faa778330 .functor XNOR 1, v0000021faa7d4a40_0, L_0000021faa7f2958, C4<0>, C4<0>;
v0000021faa7e7d40_0 .net/2u *"_ivl_0", 0 0, L_0000021faa7f2958;  1 drivers
v0000021faa7e84c0_0 .net *"_ivl_2", 0 0, L_0000021faa778330;  1 drivers
v0000021faa7e7f20_0 .net "data1", 31 0, L_0000021faa7eba30;  alias, 1 drivers
v0000021faa7e78e0_0 .net "data2", 31 0, o0000021faa787318;  alias, 0 drivers
v0000021faa7e7700_0 .net "out", 31 0, L_0000021faa7eb990;  alias, 1 drivers
v0000021faa7e8600_0 .net "sel", 0 0, v0000021faa7d4a40_0;  alias, 1 drivers
L_0000021faa7eb990 .delay 32 (10,10,10) L_0000021faa7eb990/d;
L_0000021faa7eb990/d .functor MUXZ 32, L_0000021faa7eba30, o0000021faa787318, L_0000021faa778330, C4<>;
S_0000021faa6c9550 .scope module, "pc_plus_4" "adder_32b_4" 2 57, 13 3 0, S_0000021faa6bcd70;
 .timescale -9 -10;
    .port_info 0 /INPUT 32 "data";
    .port_info 1 /OUTPUT 32 "out";
L_0000021faa7f29a0 .functor BUFT 1, C4<00000000000000000000000000000100>, C4<0>, C4<0>, C4<0>;
v0000021faa7e7fc0_0 .net/2u *"_ivl_0", 31 0, L_0000021faa7f29a0;  1 drivers
v0000021faa7e86a0_0 .net "data", 31 0, v0000021faa7e7de0_0;  alias, 1 drivers
v0000021faa7e7980_0 .net "out", 31 0, L_0000021faa7eba30;  alias, 1 drivers
L_0000021faa7eba30 .delay 32 (10,10,10) L_0000021faa7eba30/d;
L_0000021faa7eba30/d .arith/sum 32, v0000021faa7e7de0_0, L_0000021faa7f29a0;
S_0000021faa6ed3a0 .scope module, "pc_plus_4_ma" "adder_32b_4" 2 246, 13 3 0, S_0000021faa6bcd70;
 .timescale -9 -10;
    .port_info 0 /INPUT 32 "data";
    .port_info 1 /OUTPUT 32 "out";
L_0000021faa7f4020 .functor BUFT 1, C4<00000000000000000000000000000100>, C4<0>, C4<0>, C4<0>;
v0000021faa7e7a20_0 .net/2u *"_ivl_0", 31 0, L_0000021faa7f4020;  1 drivers
v0000021faa7e87e0_0 .net "data", 31 0, v0000021faa7e6e40_0;  alias, 1 drivers
v0000021faa7e7ac0_0 .net "out", 31 0, L_0000021faa8568a0;  alias, 1 drivers
L_0000021faa8568a0 .delay 32 (10,10,10) L_0000021faa8568a0/d;
L_0000021faa8568a0/d .arith/sum 32, v0000021faa7e6e40_0, L_0000021faa7f4020;
S_0000021faa6ed530 .scope module, "reg_files_inst" "reg_files" 2 90, 14 3 0, S_0000021faa6bcd70;
 .timescale -9 -10;
    .port_info 0 /INPUT 1 "clk";
    .port_info 1 /INPUT 1 "rst";
    .port_info 2 /INPUT 5 "addr1";
    .port_info 3 /INPUT 5 "addr2";
    .port_info 4 /OUTPUT 32 "data1";
    .port_info 5 /OUTPUT 32 "data2";
    .port_info 6 /INPUT 1 "we";
    .port_info 7 /INPUT 32 "wd";
    .port_info 8 /INPUT 5 "waddr";
L_0000021faa778aa0/d .functor BUFZ 32, L_0000021faa7ebad0, C4<00000000000000000000000000000000>, C4<00000000000000000000000000000000>, C4<00000000000000000000000000000000>;
L_0000021faa778aa0 .delay 32 (10,10,10) L_0000021faa778aa0/d;
L_0000021faa7788e0/d .functor BUFZ 32, L_0000021faa84c230, C4<00000000000000000000000000000000>, C4<00000000000000000000000000000000>, C4<00000000000000000000000000000000>;
L_0000021faa7788e0 .delay 32 (10,10,10) L_0000021faa7788e0/d;
v0000021faa7e8060_0 .net *"_ivl_0", 31 0, L_0000021faa7ebad0;  1 drivers
v0000021faa7e8100_0 .net *"_ivl_10", 6 0, L_0000021faa84c370;  1 drivers
L_0000021faa7f2a30 .functor BUFT 1, C4<00>, C4<0>, C4<0>, C4<0>;
v0000021faa7e81a0_0 .net *"_ivl_13", 1 0, L_0000021faa7f2a30;  1 drivers
v0000021faa7e8240_0 .net *"_ivl_2", 6 0, L_0000021faa7ebb70;  1 drivers
L_0000021faa7f29e8 .functor BUFT 1, C4<00>, C4<0>, C4<0>, C4<0>;
v0000021faa7e8380_0 .net *"_ivl_5", 1 0, L_0000021faa7f29e8;  1 drivers
v0000021faa7e8420_0 .net *"_ivl_8", 31 0, L_0000021faa84c230;  1 drivers
v0000021faa7e7160_0 .net "addr1", 4 0, L_0000021faa84bd30;  1 drivers
v0000021faa7e7200_0 .net "addr2", 4 0, L_0000021faa84b3d0;  1 drivers
v0000021faa7e9e10_0 .net "clk", 0 0, o0000021faa785de8;  alias, 0 drivers
v0000021faa7e9730_0 .net "data1", 31 0, L_0000021faa778aa0;  alias, 1 drivers
v0000021faa7ea770_0 .net "data2", 31 0, L_0000021faa7788e0;  alias, 1 drivers
v0000021faa7e92d0_0 .var/i "i", 31 0;
v0000021faa7e95f0 .array "mem", 0 31, 31 0;
v0000021faa7ea310_0 .net "rst", 0 0, o0000021faa785ab8;  alias, 0 drivers
v0000021faa7ea4f0_0 .net "waddr", 4 0, v0000021faa7e6f80_0;  alias, 1 drivers
v0000021faa7e9b90_0 .net "wd", 31 0, L_0000021faa855540;  alias, 1 drivers
v0000021faa7e9cd0_0 .net "we", 0 0, v0000021faa7e7480_0;  alias, 1 drivers
L_0000021faa7ebad0 .array/port v0000021faa7e95f0, L_0000021faa7ebb70;
L_0000021faa7ebb70 .concat [ 5 2 0 0], L_0000021faa84bd30, L_0000021faa7f29e8;
L_0000021faa84c230 .array/port v0000021faa7e95f0, L_0000021faa84c370;
L_0000021faa84c370 .concat [ 5 2 0 0], L_0000021faa84b3d0, L_0000021faa7f2a30;
S_0000021faa6db4f0 .scope module, "sign_extender_inst" "sign_extender" 2 103, 15 9 0, S_0000021faa6bcd70;
 .timescale -9 -10;
    .port_info 0 /INPUT 32 "inst";
    .port_info 1 /INPUT 4 "imm_sel";
    .port_info 2 /OUTPUT 32 "imm_ext";
v0000021faa7e9410_0 .net "TYPE1", 19 0, L_0000021faa84aa70;  1 drivers
v0000021faa7e94b0_0 .net "TYPE2", 19 0, L_0000021faa84b470;  1 drivers
v0000021faa7eac70_0 .net "TYPE3", 11 0, L_0000021faa84a9d0;  1 drivers
v0000021faa7e9d70_0 .net "TYPE5", 11 0, L_0000021faa84bf10;  1 drivers
v0000021faa7ea450_0 .net "TYPE6", 4 0, L_0000021faa84bbf0;  1 drivers
v0000021faa7ea130_0 .net *"_ivl_7", 6 0, L_0000021faa84acf0;  1 drivers
v0000021faa7ea9f0_0 .net *"_ivl_9", 4 0, L_0000021faa84b790;  1 drivers
v0000021faa7e9370_0 .var "imm_ext", 31 0;
v0000021faa7e9ff0_0 .net "imm_sel", 3 0, L_0000021faa84ca50;  alias, 1 drivers
v0000021faa7ea090_0 .net "inst", 31 0, v0000021faa7e5c20_0;  alias, 1 drivers
E_0000021faa759330/0 .event anyedge, v0000021faa7e4560_0, v0000021faa7e9410_0, v0000021faa7e94b0_0, v0000021faa7e5c20_0;
E_0000021faa759330/1 .event anyedge, v0000021faa7eac70_0, v0000021faa7e9d70_0, v0000021faa7ea450_0;
E_0000021faa759330 .event/or E_0000021faa759330/0, E_0000021faa759330/1;
L_0000021faa84aa70 .part v0000021faa7e5c20_0, 12, 20;
L_0000021faa84b470 .part v0000021faa7e5c20_0, 12, 20;
L_0000021faa84a9d0 .part v0000021faa7e5c20_0, 20, 12;
L_0000021faa84acf0 .part v0000021faa7e5c20_0, 25, 7;
L_0000021faa84b790 .part v0000021faa7e5c20_0, 7, 5;
L_0000021faa84bf10 .concat [ 5 7 0 0], L_0000021faa84b790, L_0000021faa84acf0;
L_0000021faa84bbf0 .part v0000021faa7e5c20_0, 25, 5;
S_0000021faa7ecb00 .scope module, "wb_mux" "mux_32b_4to1" 2 289, 16 3 0, S_0000021faa6bcd70;
 .timescale -9 -10;
    .port_info 0 /INPUT 32 "data1";
    .port_info 1 /INPUT 32 "data2";
    .port_info 2 /INPUT 32 "data3";
    .port_info 3 /INPUT 32 "data4";
    .port_info 4 /OUTPUT 32 "out";
    .port_info 5 /INPUT 2 "sel";
L_0000021faa7f4068 .functor BUFT 1, C4<00>, C4<0>, C4<0>, C4<0>;
v0000021faa7eab30_0 .net/2u *"_ivl_0", 1 0, L_0000021faa7f4068;  1 drivers
v0000021faa7e9eb0_0 .net *"_ivl_10", 0 0, L_0000021faa8578e0;  1 drivers
v0000021faa7ea1d0_0 .net *"_ivl_12", 31 0, L_0000021faa8564e0;  1 drivers
v0000021faa7eabd0_0 .net *"_ivl_14", 31 0, L_0000021faa855360;  1 drivers
v0000021faa7e8e70_0 .net *"_ivl_2", 0 0, L_0000021faa8559a0;  1 drivers
L_0000021faa7f40b0 .functor BUFT 1, C4<01>, C4<0>, C4<0>, C4<0>;
v0000021faa7e9550_0 .net/2u *"_ivl_4", 1 0, L_0000021faa7f40b0;  1 drivers
v0000021faa7e8bf0_0 .net *"_ivl_6", 0 0, L_0000021faa855720;  1 drivers
L_0000021faa7f40f8 .functor BUFT 1, C4<10>, C4<0>, C4<0>, C4<0>;
v0000021faa7ead10_0 .net/2u *"_ivl_8", 1 0, L_0000021faa7f40f8;  1 drivers
v0000021faa7eaef0_0 .net "data1", 31 0, v0000021faa7e7840_0;  alias, 1 drivers
v0000021faa7ea950_0 .net "data2", 31 0, v0000021faa7e6760_0;  alias, 1 drivers
v0000021faa7e9690_0 .net "data3", 31 0, v0000021faa7e7340_0;  alias, 1 drivers
v0000021faa7e8970_0 .net "data4", 31 0, v0000021faa7e8740_0;  alias, 1 drivers
v0000021faa7e97d0_0 .net "out", 31 0, L_0000021faa855540;  alias, 1 drivers
v0000021faa7e9870_0 .net "sel", 1 0, v0000021faa7e75c0_0;  alias, 1 drivers
L_0000021faa8559a0 .cmp/eq 2, v0000021faa7e75c0_0, L_0000021faa7f4068;
L_0000021faa855720 .cmp/eq 2, v0000021faa7e75c0_0, L_0000021faa7f40b0;
L_0000021faa8578e0 .cmp/eq 2, v0000021faa7e75c0_0, L_0000021faa7f40f8;
L_0000021faa8564e0 .functor MUXZ 32, v0000021faa7e8740_0, v0000021faa7e7340_0, L_0000021faa8578e0, C4<>;
L_0000021faa855360 .functor MUXZ 32, L_0000021faa8564e0, v0000021faa7e6760_0, L_0000021faa855720, C4<>;
L_0000021faa855540 .delay 32 (10,10,10) L_0000021faa855540/d;
L_0000021faa855540/d .functor MUXZ 32, L_0000021faa855360, v0000021faa7e7840_0, L_0000021faa8559a0, C4<>;
    .scope S_0000021faa6a7160;
T_0 ;
    %wait E_0000021faa7596b0;
    %delay 10, 0;
    %load/vec4 v0000021faa7e72a0_0;
    %cmpi/e 1, 0, 1;
    %jmp/0xz  T_0.0, 4;
    %pushi/vec4 0, 0, 32;
    %assign/vec4 v0000021faa7e7de0_0, 0;
    %jmp T_0.1;
T_0.0 ;
    %load/vec4 v0000021faa7e7ca0_0;
    %nor/r;
    %flag_set/vec4 8;
    %jmp/0xz  T_0.2, 8;
    %delay 10, 0;
    %load/vec4 v0000021faa7e7660_0;
    %assign/vec4 v0000021faa7e7de0_0, 0;
T_0.2 ;
T_0.1 ;
    %jmp T_0;
    .thread T_0;
    .scope S_0000021faa69ca50;
T_1 ;
    %wait E_0000021faa7596b0;
    %delay 10, 0;
    %load/vec4 v0000021faa7e5b80_0;
    %cmpi/e 1, 0, 1;
    %jmp/0xz  T_1.0, 4;
    %pushi/vec4 4294967295, 4294967295, 32;
    %assign/vec4 v0000021faa7e5220_0, 0;
    %pushi/vec4 4294967295, 4294967295, 32;
    %assign/vec4 v0000021faa7e5c20_0, 0;
    %jmp T_1.1;
T_1.0 ;
    %load/vec4 v0000021faa7e50e0_0;
    %nor/r;
    %flag_set/vec4 8;
    %jmp/0xz  T_1.2, 8;
    %load/vec4 v0000021faa7e6b20_0;
    %assign/vec4 v0000021faa7e5220_0, 0;
    %load/vec4 v0000021faa7e5180_0;
    %assign/vec4 v0000021faa7e5c20_0, 0;
T_1.2 ;
T_1.1 ;
    %jmp T_1;
    .thread T_1;
    .scope S_0000021faa6ed530;
T_2 ;
    %wait E_0000021faa7596b0;
    %delay 10, 0;
    %load/vec4 v0000021faa7ea310_0;
    %cmpi/e 1, 0, 1;
    %jmp/0xz  T_2.0, 4;
    %delay 10, 0;
    %pushi/vec4 0, 0, 32;
    %store/vec4 v0000021faa7e92d0_0, 0, 32;
T_2.2 ;
    %load/vec4 v0000021faa7e92d0_0;
    %cmpi/s 32, 0, 32;
    %jmp/0xz T_2.3, 5;
    %pushi/vec4 0, 0, 32;
    %ix/getv/s 3, v0000021faa7e92d0_0;
    %ix/load 4, 0, 0; Constant delay
    %assign/vec4/a/d v0000021faa7e95f0, 0, 4;
    %load/vec4 v0000021faa7e92d0_0;
    %addi 1, 0, 32;
    %store/vec4 v0000021faa7e92d0_0, 0, 32;
    %jmp T_2.2;
T_2.3 ;
    %jmp T_2.1;
T_2.0 ;
    %load/vec4 v0000021faa7e9cd0_0;
    %cmpi/e 1, 0, 1;
    %jmp/0xz  T_2.4, 4;
    %delay 20, 0;
    %load/vec4 v0000021faa7e9b90_0;
    %load/vec4 v0000021faa7ea4f0_0;
    %pad/u 7;
    %ix/vec4 3;
    %ix/load 4, 0, 0; Constant delay
    %assign/vec4/a/d v0000021faa7e95f0, 0, 4;
T_2.4 ;
T_2.1 ;
    %vpi_call 14 27 "$display", "Registers: %d %d %d %d %d %d \012", &A<v0000021faa7e95f0, 0>, &A<v0000021faa7e95f0, 1>, &A<v0000021faa7e95f0, 2>, &A<v0000021faa7e95f0, 3>, &A<v0000021faa7e95f0, 4>, &A<v0000021faa7e95f0, 5> {0 0 0};
    %jmp T_2;
    .thread T_2;
    .scope S_0000021faa6db4f0;
T_3 ;
    %wait E_0000021faa759330;
    %delay 20, 0;
    %load/vec4 v0000021faa7e9ff0_0;
    %parti/s 3, 0, 2;
    %dup/vec4;
    %pushi/vec4 0, 0, 3;
    %cmp/u;
    %jmp/1 T_3.0, 6;
    %dup/vec4;
    %pushi/vec4 1, 0, 3;
    %cmp/u;
    %jmp/1 T_3.1, 6;
    %dup/vec4;
    %pushi/vec4 2, 0, 3;
    %cmp/u;
    %jmp/1 T_3.2, 6;
    %dup/vec4;
    %pushi/vec4 3, 0, 3;
    %cmp/u;
    %jmp/1 T_3.3, 6;
    %dup/vec4;
    %pushi/vec4 4, 0, 3;
    %cmp/u;
    %jmp/1 T_3.4, 6;
    %dup/vec4;
    %pushi/vec4 5, 0, 3;
    %cmp/u;
    %jmp/1 T_3.5, 6;
    %jmp T_3.6;
T_3.0 ;
    %load/vec4 v0000021faa7e9410_0;
    %concati/vec4 0, 0, 12;
    %store/vec4 v0000021faa7e9370_0, 0, 32;
    %jmp T_3.6;
T_3.1 ;
    %load/vec4 v0000021faa7e9ff0_0;
    %parti/s 1, 3, 3;
    %cmpi/e 1, 0, 1;
    %jmp/0xz  T_3.7, 4;
    %pushi/vec4 0, 0, 11;
    %load/vec4 v0000021faa7e94b0_0;
    %concat/vec4; draw_concat_vec4
    %concati/vec4 0, 0, 1;
    %store/vec4 v0000021faa7e9370_0, 0, 32;
    %jmp T_3.8;
T_3.7 ;
    %load/vec4 v0000021faa7ea090_0;
    %parti/s 1, 31, 6;
    %replicate 11;
    %load/vec4 v0000021faa7ea090_0;
    %parti/s 1, 31, 6;
    %concat/vec4; draw_concat_vec4
    %load/vec4 v0000021faa7ea090_0;
    %parti/s 8, 12, 5;
    %concat/vec4; draw_concat_vec4
    %load/vec4 v0000021faa7ea090_0;
    %parti/s 1, 20, 6;
    %concat/vec4; draw_concat_vec4
    %load/vec4 v0000021faa7ea090_0;
    %parti/s 10, 21, 6;
    %concat/vec4; draw_concat_vec4
    %concati/vec4 0, 0, 1;
    %store/vec4 v0000021faa7e9370_0, 0, 32;
T_3.8 ;
    %jmp T_3.6;
T_3.2 ;
    %load/vec4 v0000021faa7e9ff0_0;
    %parti/s 1, 3, 3;
    %cmpi/e 1, 0, 1;
    %jmp/0xz  T_3.9, 4;
    %pushi/vec4 0, 0, 20;
    %load/vec4 v0000021faa7eac70_0;
    %concat/vec4; draw_concat_vec4
    %store/vec4 v0000021faa7e9370_0, 0, 32;
    %jmp T_3.10;
T_3.9 ;
    %load/vec4 v0000021faa7eac70_0;
    %parti/s 1, 11, 5;
    %replicate 20;
    %load/vec4 v0000021faa7eac70_0;
    %concat/vec4; draw_concat_vec4
    %store/vec4 v0000021faa7e9370_0, 0, 32;
T_3.10 ;
    %jmp T_3.6;
T_3.3 ;
    %load/vec4 v0000021faa7e9ff0_0;
    %parti/s 1, 3, 3;
    %cmpi/e 1, 0, 1;
    %jmp/0xz  T_3.11, 4;
    %pushi/vec4 0, 0, 20;
    %load/vec4 v0000021faa7ea090_0;
    %parti/s 1, 31, 6;
    %concat/vec4; draw_concat_vec4
    %load/vec4 v0000021faa7ea090_0;
    %parti/s 1, 7, 4;
    %concat/vec4; draw_concat_vec4
    %load/vec4 v0000021faa7ea090_0;
    %parti/s 6, 25, 6;
    %concat/vec4; draw_concat_vec4
    %load/vec4 v0000021faa7ea090_0;
    %parti/s 4, 8, 5;
    %concat/vec4; draw_concat_vec4
    %concati/vec4 0, 0, 1;
    %pad/u 32;
    %store/vec4 v0000021faa7e9370_0, 0, 32;
    %jmp T_3.12;
T_3.11 ;
    %load/vec4 v0000021faa7ea090_0;
    %parti/s 1, 31, 6;
    %replicate 20;
    %load/vec4 v0000021faa7ea090_0;
    %parti/s 1, 31, 6;
    %concat/vec4; draw_concat_vec4
    %load/vec4 v0000021faa7ea090_0;
    %parti/s 1, 7, 4;
    %concat/vec4; draw_concat_vec4
    %load/vec4 v0000021faa7ea090_0;
    %parti/s 6, 25, 6;
    %concat/vec4; draw_concat_vec4
    %load/vec4 v0000021faa7ea090_0;
    %parti/s 4, 8, 5;
    %concat/vec4; draw_concat_vec4
    %concati/vec4 0, 0, 1;
    %pad/u 32;
    %store/vec4 v0000021faa7e9370_0, 0, 32;
T_3.12 ;
    %jmp T_3.6;
T_3.4 ;
    %load/vec4 v0000021faa7e9ff0_0;
    %parti/s 1, 3, 3;
    %cmpi/e 1, 0, 1;
    %jmp/0xz  T_3.13, 4;
    %pushi/vec4 0, 0, 20;
    %load/vec4 v0000021faa7e9d70_0;
    %concat/vec4; draw_concat_vec4
    %store/vec4 v0000021faa7e9370_0, 0, 32;
    %jmp T_3.14;
T_3.13 ;
    %load/vec4 v0000021faa7e9d70_0;
    %parti/s 1, 11, 5;
    %replicate 20;
    %load/vec4 v0000021faa7e9d70_0;
    %concat/vec4; draw_concat_vec4
    %store/vec4 v0000021faa7e9370_0, 0, 32;
T_3.14 ;
    %jmp T_3.6;
T_3.5 ;
    %pushi/vec4 0, 0, 27;
    %load/vec4 v0000021faa7ea450_0;
    %concat/vec4; draw_concat_vec4
    %store/vec4 v0000021faa7e9370_0, 0, 32;
    %jmp T_3.6;
T_3.6 ;
    %pop/vec4 1;
    %jmp T_3;
    .thread T_3, $push;
    .scope S_0000021faa6b1780;
T_4 ;
    %wait E_0000021faa759470;
    %delay 10, 0;
    %load/vec4 v0000021faa7e4f00_0;
    %flag_set/vec4 8;
    %jmp/0xz  T_4.0, 8;
    %pushi/vec4 0, 0, 1;
    %assign/vec4 v0000021faa7e4e60_0, 0;
    %pushi/vec4 0, 0, 1;
    %assign/vec4 v0000021faa7e4a00_0, 0;
    %pushi/vec4 0, 0, 1;
    %assign/vec4 v0000021faa7e69e0_0, 0;
    %pushi/vec4 0, 0, 32;
    %assign/vec4 v0000021faa7e4be0_0, 0;
    %pushi/vec4 0, 0, 32;
    %assign/vec4 v0000021faa7e5a40_0, 0;
    %pushi/vec4 0, 0, 32;
    %assign/vec4 v0000021faa7e5680_0, 0;
    %pushi/vec4 0, 0, 32;
    %assign/vec4 v0000021faa7e5ea0_0, 0;
    %pushi/vec4 0, 0, 5;
    %assign/vec4 v0000021faa7e64e0_0, 0;
    %pushi/vec4 0, 0, 5;
    %assign/vec4 v0000021faa7e4960_0, 0;
    %pushi/vec4 0, 0, 3;
    %assign/vec4 v0000021faa7e4dc0_0, 0;
    %pushi/vec4 0, 0, 4;
    %assign/vec4 v0000021faa7e4b40_0, 0;
    %pushi/vec4 0, 0, 4;
    %assign/vec4 v0000021faa7e6a80_0, 0;
    %pushi/vec4 0, 0, 2;
    %assign/vec4 v0000021faa7e4fa0_0, 0;
    %jmp T_4.1;
T_4.0 ;
    %load/vec4 v0000021faa7e5cc0_0;
    %nor/r;
    %flag_set/vec4 8;
    %jmp/0xz  T_4.2, 8;
    %load/vec4 v0000021faa7e6080_0;
    %assign/vec4 v0000021faa7e4e60_0, 0;
    %load/vec4 v0000021faa7e6440_0;
    %assign/vec4 v0000021faa7e4a00_0, 0;
    %load/vec4 v0000021faa7e6300_0;
    %assign/vec4 v0000021faa7e69e0_0, 0;
    %load/vec4 v0000021faa7e4aa0_0;
    %assign/vec4 v0000021faa7e4be0_0, 0;
    %load/vec4 v0000021faa7e6bc0_0;
    %assign/vec4 v0000021faa7e5a40_0, 0;
    %load/vec4 v0000021faa7e6940_0;
    %assign/vec4 v0000021faa7e5680_0, 0;
    %load/vec4 v0000021faa7e5860_0;
    %assign/vec4 v0000021faa7e5ea0_0, 0;
    %load/vec4 v0000021faa7e70c0_0;
    %assign/vec4 v0000021faa7e64e0_0, 0;
    %load/vec4 v0000021faa7e54a0_0;
    %assign/vec4 v0000021faa7e4960_0, 0;
    %load/vec4 v0000021faa7e55e0_0;
    %assign/vec4 v0000021faa7e4dc0_0, 0;
    %load/vec4 v0000021faa7e59a0_0;
    %assign/vec4 v0000021faa7e4b40_0, 0;
    %load/vec4 v0000021faa7e6620_0;
    %assign/vec4 v0000021faa7e6a80_0, 0;
    %load/vec4 v0000021faa7e6d00_0;
    %assign/vec4 v0000021faa7e4fa0_0, 0;
T_4.2 ;
T_4.1 ;
    %jmp T_4;
    .thread T_4;
    .scope S_0000021faa6bcf00;
T_5 ;
    %wait E_0000021faa759ff0;
    %load/vec4 v0000021faa768db0_0;
    %dup/vec4;
    %pushi/vec4 0, 0, 5;
    %cmp/u;
    %jmp/1 T_5.0, 6;
    %dup/vec4;
    %pushi/vec4 16, 0, 5;
    %cmp/u;
    %jmp/1 T_5.1, 6;
    %dup/vec4;
    %pushi/vec4 1, 0, 5;
    %cmp/u;
    %jmp/1 T_5.2, 6;
    %dup/vec4;
    %pushi/vec4 2, 0, 5;
    %cmp/u;
    %jmp/1 T_5.3, 6;
    %dup/vec4;
    %pushi/vec4 3, 0, 5;
    %cmp/u;
    %jmp/1 T_5.4, 6;
    %dup/vec4;
    %pushi/vec4 4, 0, 5;
    %cmp/u;
    %jmp/1 T_5.5, 6;
    %dup/vec4;
    %pushi/vec4 5, 0, 5;
    %cmp/u;
    %jmp/1 T_5.6, 6;
    %dup/vec4;
    %pushi/vec4 17, 0, 5;
    %cmp/u;
    %jmp/1 T_5.7, 6;
    %dup/vec4;
    %pushi/vec4 6, 0, 5;
    %cmp/u;
    %jmp/1 T_5.8, 6;
    %dup/vec4;
    %pushi/vec4 7, 0, 5;
    %cmp/u;
    %jmp/1 T_5.9, 6;
    %dup/vec4;
    %pushi/vec4 8, 0, 5;
    %cmp/u;
    %jmp/1 T_5.10, 6;
    %dup/vec4;
    %pushi/vec4 9, 0, 5;
    %cmp/u;
    %jmp/1 T_5.11, 6;
    %dup/vec4;
    %pushi/vec4 10, 0, 5;
    %cmp/u;
    %jmp/1 T_5.12, 6;
    %dup/vec4;
    %pushi/vec4 11, 0, 5;
    %cmp/u;
    %jmp/1 T_5.13, 6;
    %dup/vec4;
    %pushi/vec4 12, 0, 5;
    %cmp/u;
    %jmp/1 T_5.14, 6;
    %dup/vec4;
    %pushi/vec4 13, 0, 5;
    %cmp/u;
    %jmp/1 T_5.15, 6;
    %dup/vec4;
    %pushi/vec4 14, 0, 5;
    %cmp/u;
    %jmp/1 T_5.16, 6;
    %dup/vec4;
    %pushi/vec4 15, 0, 5;
    %cmp/u;
    %jmp/1 T_5.17, 6;
    %dup/vec4;
    %pushi/vec4 31, 7, 5;
    %cmp/u;
    %jmp/1 T_5.18, 6;
    %pushi/vec4 0, 0, 32;
    %store/vec4 v0000021faa768b30_0, 0, 32;
    %jmp T_5.20;
T_5.0 ;
    %load/vec4 v0000021faa7d45b0_0;
    %store/vec4 v0000021faa768b30_0, 0, 32;
    %jmp T_5.20;
T_5.1 ;
    %load/vec4 v0000021faa7d39d0_0;
    %store/vec4 v0000021faa768b30_0, 0, 32;
    %jmp T_5.20;
T_5.2 ;
    %load/vec4 v0000021faa7d41f0_0;
    %store/vec4 v0000021faa768b30_0, 0, 32;
    %jmp T_5.20;
T_5.3 ;
    %load/vec4 v0000021faa7d3430_0;
    %store/vec4 v0000021faa768b30_0, 0, 32;
    %jmp T_5.20;
T_5.4 ;
    %load/vec4 v0000021faa7d31b0_0;
    %store/vec4 v0000021faa768b30_0, 0, 32;
    %jmp T_5.20;
T_5.5 ;
    %load/vec4 v0000021faa7d3e30_0;
    %store/vec4 v0000021faa768b30_0, 0, 32;
    %jmp T_5.20;
T_5.6 ;
    %load/vec4 v0000021faa7d3ed0_0;
    %store/vec4 v0000021faa768b30_0, 0, 32;
    %jmp T_5.20;
T_5.7 ;
    %load/vec4 v0000021faa7d3390_0;
    %store/vec4 v0000021faa768b30_0, 0, 32;
    %jmp T_5.20;
T_5.8 ;
    %load/vec4 v0000021faa7d37f0_0;
    %store/vec4 v0000021faa768b30_0, 0, 32;
    %jmp T_5.20;
T_5.9 ;
    %load/vec4 v0000021faa7d3c50_0;
    %store/vec4 v0000021faa768b30_0, 0, 32;
    %jmp T_5.20;
T_5.10 ;
    %load/vec4 v0000021faa7d3750_0;
    %store/vec4 v0000021faa768b30_0, 0, 32;
    %jmp T_5.20;
T_5.11 ;
    %load/vec4 v0000021faa7d3930_0;
    %store/vec4 v0000021faa768b30_0, 0, 32;
    %jmp T_5.20;
T_5.12 ;
    %load/vec4 v0000021faa7d3bb0_0;
    %store/vec4 v0000021faa768b30_0, 0, 32;
    %jmp T_5.20;
T_5.13 ;
    %load/vec4 v0000021faa7d3a70_0;
    %store/vec4 v0000021faa768b30_0, 0, 32;
    %jmp T_5.20;
T_5.14 ;
    %load/vec4 v0000021faa7d4150_0;
    %store/vec4 v0000021faa768b30_0, 0, 32;
    %jmp T_5.20;
T_5.15 ;
    %load/vec4 v0000021faa7d2e90_0;
    %store/vec4 v0000021faa768b30_0, 0, 32;
    %jmp T_5.20;
T_5.16 ;
    %load/vec4 v0000021faa7d3890_0;
    %store/vec4 v0000021faa768b30_0, 0, 32;
    %jmp T_5.20;
T_5.17 ;
    %load/vec4 v0000021faa7d4510_0;
    %store/vec4 v0000021faa768b30_0, 0, 32;
    %jmp T_5.20;
T_5.18 ;
    %load/vec4 v0000021faa7d28f0_0;
    %store/vec4 v0000021faa768b30_0, 0, 32;
    %jmp T_5.20;
T_5.20 ;
    %pop/vec4 1;
    %jmp T_5;
    .thread T_5, $push;
    .scope S_0000021faa6c47f0;
T_6 ;
    %wait E_0000021faa759870;
    %delay 20, 0;
    %load/vec4 v0000021faa7d5c60_0;
    %parti/s 1, 3, 3;
    %flag_set/vec4 8;
    %jmp/0xz  T_6.0, 8;
    %load/vec4 v0000021faa7d5c60_0;
    %parti/s 3, 0, 2;
    %dup/vec4;
    %pushi/vec4 2, 0, 3;
    %cmp/u;
    %jmp/1 T_6.2, 6;
    %dup/vec4;
    %pushi/vec4 0, 0, 3;
    %cmp/u;
    %jmp/1 T_6.3, 6;
    %dup/vec4;
    %pushi/vec4 1, 0, 3;
    %cmp/u;
    %jmp/1 T_6.4, 6;
    %dup/vec4;
    %pushi/vec4 4, 0, 3;
    %cmp/u;
    %jmp/1 T_6.5, 6;
    %dup/vec4;
    %pushi/vec4 5, 0, 3;
    %cmp/u;
    %jmp/1 T_6.6, 6;
    %dup/vec4;
    %pushi/vec4 6, 0, 3;
    %cmp/u;
    %jmp/1 T_6.7, 6;
    %dup/vec4;
    %pushi/vec4 7, 0, 3;
    %cmp/u;
    %jmp/1 T_6.8, 6;
    %pushi/vec4 0, 0, 1;
    %store/vec4 v0000021faa7d4a40_0, 0, 1;
    %jmp T_6.10;
T_6.2 ;
    %pushi/vec4 1, 0, 1;
    %store/vec4 v0000021faa7d4a40_0, 0, 1;
    %jmp T_6.10;
T_6.3 ;
    %load/vec4 v0000021faa7d4650_0;
    %store/vec4 v0000021faa7d4a40_0, 0, 1;
    %jmp T_6.10;
T_6.4 ;
    %load/vec4 v0000021faa7d4c20_0;
    %store/vec4 v0000021faa7d4a40_0, 0, 1;
    %jmp T_6.10;
T_6.5 ;
    %load/vec4 v0000021faa7d6660_0;
    %store/vec4 v0000021faa7d4a40_0, 0, 1;
    %jmp T_6.10;
T_6.6 ;
    %load/vec4 v0000021faa7d46f0_0;
    %store/vec4 v0000021faa7d4a40_0, 0, 1;
    %jmp T_6.10;
T_6.7 ;
    %load/vec4 v0000021faa7d5d00_0;
    %store/vec4 v0000021faa7d4a40_0, 0, 1;
    %jmp T_6.10;
T_6.8 ;
    %load/vec4 v0000021faa7d2a30_0;
    %store/vec4 v0000021faa7d4a40_0, 0, 1;
    %jmp T_6.10;
T_6.10 ;
    %pop/vec4 1;
    %jmp T_6.1;
T_6.0 ;
    %pushi/vec4 0, 0, 1;
    %store/vec4 v0000021faa7d4a40_0, 0, 1;
T_6.1 ;
    %jmp T_6;
    .thread T_6, $push;
    .scope S_0000021faa6b15f0;
T_7 ;
    %wait E_0000021faa759470;
    %delay 10, 0;
    %load/vec4 v0000021faa7e61c0_0;
    %flag_set/vec4 8;
    %jmp/0xz  T_7.0, 8;
    %pushi/vec4 0, 0, 1;
    %assign/vec4 v0000021faa7e7020_0, 0;
    %pushi/vec4 0, 0, 5;
    %assign/vec4 v0000021faa7e5d60_0, 0;
    %pushi/vec4 0, 0, 32;
    %assign/vec4 v0000021faa7e6e40_0, 0;
    %pushi/vec4 0, 0, 32;
    %assign/vec4 v0000021faa7e6580_0, 0;
    %pushi/vec4 0, 0, 32;
    %assign/vec4 v0000021faa7e5040_0, 0;
    %pushi/vec4 0, 0, 32;
    %assign/vec4 v0000021faa7e5720_0, 0;
    %pushi/vec4 0, 0, 3;
    %assign/vec4 v0000021faa7e5fe0_0, 0;
    %pushi/vec4 0, 0, 4;
    %assign/vec4 v0000021faa7e5360_0, 0;
    %pushi/vec4 0, 0, 2;
    %assign/vec4 v0000021faa7e52c0_0, 0;
    %jmp T_7.1;
T_7.0 ;
    %load/vec4 v0000021faa7e6120_0;
    %nor/r;
    %flag_set/vec4 8;
    %jmp/0xz  T_7.2, 8;
    %load/vec4 v0000021faa7e6ee0_0;
    %assign/vec4 v0000021faa7e7020_0, 0;
    %load/vec4 v0000021faa7e6260_0;
    %assign/vec4 v0000021faa7e5d60_0, 0;
    %load/vec4 v0000021faa7e66c0_0;
    %assign/vec4 v0000021faa7e6e40_0, 0;
    %load/vec4 v0000021faa7e4d20_0;
    %assign/vec4 v0000021faa7e6580_0, 0;
    %load/vec4 v0000021faa7e5e00_0;
    %assign/vec4 v0000021faa7e5040_0, 0;
    %load/vec4 v0000021faa7e6da0_0;
    %assign/vec4 v0000021faa7e5720_0, 0;
    %load/vec4 v0000021faa7e63a0_0;
    %assign/vec4 v0000021faa7e5360_0, 0;
    %load/vec4 v0000021faa7e5900_0;
    %assign/vec4 v0000021faa7e5fe0_0, 0;
    %load/vec4 v0000021faa7e57c0_0;
    %assign/vec4 v0000021faa7e52c0_0, 0;
T_7.2 ;
T_7.1 ;
    %jmp T_7;
    .thread T_7;
    .scope S_0000021faa6a6fd0;
T_8 ;
    %wait E_0000021faa759470;
    %delay 10, 0;
    %load/vec4 v0000021faa7e7520_0;
    %flag_set/vec4 8;
    %jmp/0xz  T_8.0, 8;
    %pushi/vec4 0, 0, 1;
    %assign/vec4 v0000021faa7e7480_0, 0;
    %pushi/vec4 0, 0, 32;
    %assign/vec4 v0000021faa7e8740_0, 0;
    %pushi/vec4 0, 0, 32;
    %assign/vec4 v0000021faa7e7840_0, 0;
    %pushi/vec4 0, 0, 32;
    %assign/vec4 v0000021faa7e6760_0, 0;
    %pushi/vec4 0, 0, 32;
    %assign/vec4 v0000021faa7e7340_0, 0;
    %pushi/vec4 0, 0, 5;
    %assign/vec4 v0000021faa7e6f80_0, 0;
    %pushi/vec4 0, 0, 2;
    %assign/vec4 v0000021faa7e75c0_0, 0;
    %jmp T_8.1;
T_8.0 ;
    %load/vec4 v0000021faa7e6800_0;
    %nor/r;
    %flag_set/vec4 8;
    %jmp/0xz  T_8.2, 8;
    %load/vec4 v0000021faa7e7e80_0;
    %assign/vec4 v0000021faa7e7480_0, 0;
    %load/vec4 v0000021faa7e82e0_0;
    %assign/vec4 v0000021faa7e8740_0, 0;
    %load/vec4 v0000021faa7e73e0_0;
    %assign/vec4 v0000021faa7e7840_0, 0;
    %load/vec4 v0000021faa7e5f40_0;
    %assign/vec4 v0000021faa7e6760_0, 0;
    %load/vec4 v0000021faa7e77a0_0;
    %assign/vec4 v0000021faa7e7340_0, 0;
    %load/vec4 v0000021faa7e6c60_0;
    %assign/vec4 v0000021faa7e6f80_0, 0;
    %load/vec4 v0000021faa7e8560_0;
    %assign/vec4 v0000021faa7e75c0_0, 0;
T_8.2 ;
T_8.1 ;
    %jmp T_8;
    .thread T_8;
# The file index is used to find the file name in the following table.
:file_names 17;
    "N/A";
    "<interactive>";
    "cpu.v";
    "./EX_stage/alu/alu.v";
    "./utils/muxs/mux_32b_2to1.v";
    "./EX_stage/branch/branch_logic.v";
    "./ID_stage/control_unit/control_unit.v";
    "././utils/muxs/mux_3b_2to1.v";
    "./pipeline_regs/ex_mem_pipeline_reg.v";
    "./pipeline_regs/id_ex_pipeline_reg.v";
    "./pipeline_regs/if_id_pipeline_reg.v";
    "./pipeline_regs/mem_wb_pipeline_reg.v";
    "./IF_stage/pc/pc.v";
    "./utils/adders/adder_32b_4.v";
    "./ID_stage/reg_files/reg_files.v";
    "./ID_stage/sign_extender/sign_extender.v";
    "./utils/muxs/mux_32b_4to1.v";
